FAILED: ./habit world_0_0 -seed 1 -pi 100 -k 100 -slx -7 -sly 7 -pr 25
FAILED: ./habit world_1_0 -seed 1 -pi 100 -k 100 -slx -7 -sly 7 -pr 25
FAILED: ./habit world_2_0 -seed 1 -pi 100 -k 100 -slx -7 -sly 7 -pr 25
FAILED: ./habit world_3_0 -seed 1 -pi 100 -k 100 -slx -7 -sly 7 -pr 25
FAILED: ./habit world_5_0 -seed 1 -pi 100 -k 100 -slx -7 -sly 7 -pr 25
FAILED: ./habit world_4_0 -seed 1 -pi 100 -k 100 -slx -7 -sly 7 -pr 25
FAILED: ./habit world_0_0 -seed 1 -pi 100 -k 100 -slx 7 -sly 6 -pr 25
FAILED: ./habit world_2_0 -seed 1 -pi 100 -k 100 -slx -6 -sly 2 -pr 25
FAILED: ./habit world_6_0 -seed 1 -pi 100 -k 100 -slx -7 -sly 7 -pr 25
FAILED: ./habit world_1_0 -seed 1 -pi 100 -k 100 -slx -5 -sly -6 -pr 25
FAILED: ./habit world_3_0 -seed 1 -pi 100 -k 100 -slx 5 -sly 0 -pr 25
FAILED: ./habit world_7_0 -seed 1 -pi 100 -k 100 -slx -7 -sly 7 -pr 25
FAILED: ./habit world_8_0 -seed 1 -pi 100 -k 100 -slx -7 -sly 7 -pr 25
FAILED: ./habit world_5_0 -seed 1 -pi 100 -k 100 -slx 3 -sly -1 -pr 25
FAILED: ./habit world_4_0 -seed 1 -pi 100 -k 100 -slx 1 -sly 1 -pr 25
FAILED: ./habit world_0_0 -seed 1 -pi 100 -k 100 -slx 0 -sly -2 -pr 25
FAILED: ./habit world_9_0 -seed 1 -pi 100 -k 100 -slx -7 -sly 7 -pr 25
FAILED: ./habit world_1_0 -seed 1 -pi 100 -k 100 -slx 2 -sly 0 -pr 25
FAILED: ./habit world_6_0 -seed 1 -pi 100 -k 100 -slx 0 -sly -4 -pr 25
FAILED: ./habit world_2_0 -seed 1 -pi 100 -k 100 -slx 6 -sly -7 -pr 25
FAILED: ./habit world_10_0 -seed 1 -pi 100 -k 100 -slx -7 -sly 7 -pr 25
FAILED: ./habit world_7_0 -seed 1 -pi 100 -k 100 -slx 1 -sly -7 -pr 25
FAILED: ./habit world_3_0 -seed 1 -pi 100 -k 100 -slx 7 -sly -3 -pr 25
FAILED: ./habit world_5_0 -seed 1 -pi 100 -k 100 -slx 0 -sly -4 -pr 25
FAILED: ./habit world_8_0 -seed 1 -pi 100 -k 100 -slx 3 -sly -2 -pr 25
FAILED: ./habit world_11_0 -seed 1 -pi 100 -k 100 -slx -7 -sly 7 -pr 25
FAILED: ./habit world_4_0 -seed 1 -pi 100 -k 100 -slx -3 -sly -6 -pr 25
FAILED: ./habit world_0_0 -seed 1 -pi 100 -k 100 -slx 7 -sly -2 -pr 25
FAILED: ./habit world_9_0 -seed 1 -pi 100 -k 100 -slx 4 -sly 3 -pr 25
FAILED: ./habit world_1_0 -seed 1 -pi 100 -k 100 -slx 6 -sly -5 -pr 25
FAILED: ./habit world_6_0 -seed 1 -pi 100 -k 100 -slx 4 -sly 6 -pr 25
FAILED: ./habit world_2_0 -seed 1 -pi 100 -k 100 -slx 5 -sly -4 -pr 25
FAILED: ./habit world_10_0 -seed 1 -pi 100 -k 100 -slx -4 -sly -1 -pr 25
FAILED: ./habit world_7_0 -seed 1 -pi 100 -k 100 -slx 4 -sly -7 -pr 25
FAILED: ./habit world_12_0 -seed 1 -pi 100 -k 100 -slx -7 -sly 7 -pr 25
FAILED: ./habit world_3_0 -seed 1 -pi 100 -k 100 -slx -6 -sly 6 -pr 25
FAILED: ./habit world_5_0 -seed 1 -pi 100 -k 100 -slx 5 -sly -2 -pr 25
FAILED: ./habit world_8_0 -seed 1 -pi 100 -k 100 -slx 5 -sly 2 -pr 25
FAILED: ./habit world_11_0 -seed 1 -pi 100 -k 100 -slx 7 -sly -1 -pr 25
FAILED: ./habit world_4_0 -seed 1 -pi 100 -k 100 -slx 5 -sly -7 -pr 25
FAILED: ./habit world_0_0 -seed 1 -pi 100 -k 100 -slx -1 -sly 3 -pr 25
FAILED: ./habit world_13_0 -seed 1 -pi 100 -k 100 -slx -7 -sly 7 -pr 25
FAILED: ./habit world_9_0 -seed 1 -pi 100 -k 100 -slx 3 -sly -7 -pr 25
FAILED: ./habit world_1_0 -seed 1 -pi 100 -k 100 -slx -6 -sly -5 -pr 25
FAILED: ./habit world_6_0 -seed 1 -pi 100 -k 100 -slx 3 -sly 3 -pr 25
FAILED: ./habit world_2_0 -seed 1 -pi 100 -k 100 -slx 2 -sly 1 -pr 25
FAILED: ./habit world_7_0 -seed 1 -pi 100 -k 100 -slx -1 -sly -3 -pr 25
FAILED: ./habit world_10_0 -seed 1 -pi 100 -k 100 -slx -6 -sly -5 -pr 25
FAILED: ./habit world_12_0 -seed 1 -pi 100 -k 100 -slx 2 -sly -6 -pr 25
FAILED: ./habit world_3_0 -seed 1 -pi 100 -k 100 -slx 6 -sly -2 -pr 25
FAILED: ./habit world_5_0 -seed 1 -pi 100 -k 100 -slx 4 -sly 7 -pr 25
FAILED: ./habit world_8_0 -seed 1 -pi 100 -k 100 -slx 6 -sly 0 -pr 25
FAILED: ./habit world_11_0 -seed 1 -pi 100 -k 100 -slx 5 -sly -7 -pr 25
FAILED: ./habit world_4_0 -seed 1 -pi 100 -k 100 -slx 5 -sly 6 -pr 25
FAILED: ./habit world_14_0 -seed 1 -pi 100 -k 100 -slx -7 -sly 7 -pr 25
FAILED: ./habit world_13_0 -seed 1 -pi 100 -k 100 -slx -5 -sly 6 -pr 25
FAILED: ./habit world_9_0 -seed 1 -pi 100 -k 100 -slx -3 -sly -4 -pr 25
FAILED: ./habit world_6_0 -seed 1 -pi 100 -k 100 -slx 6 -sly 6 -pr 25
FAILED: ./habit world_10_0 -seed 1 -pi 100 -k 100 -slx 3 -sly -7 -pr 25
FAILED: ./habit world_7_0 -seed 1 -pi 100 -k 100 -slx -5 -sly 0 -pr 25
FAILED: ./habit world_12_0 -seed 1 -pi 100 -k 100 -slx 5 -sly 4 -pr 25
FAILED: ./habit world_15_0 -seed 1 -pi 100 -k 100 -slx -7 -sly 7 -pr 25
FAILED: ./habit world_11_0 -seed 1 -pi 100 -k 100 -slx 5 -sly 0 -pr 25
FAILED: ./habit world_8_0 -seed 1 -pi 100 -k 100 -slx -6 -sly 4 -pr 25
FAILED: ./habit world_14_0 -seed 1 -pi 100 -k 100 -slx 6 -sly 7 -pr 25
FAILED: ./habit world_13_0 -seed 1 -pi 100 -k 100 -slx -5 -sly -7 -pr 25
FAILED: ./habit world_16_0 -seed 1 -pi 100 -k 100 -slx -7 -sly 7 -pr 25
FAILED: ./habit world_9_0 -seed 1 -pi 100 -k 100 -slx -7 -sly -1 -pr 25
FAILED: ./habit world_10_0 -seed 1 -pi 100 -k 100 -slx 2 -sly -7 -pr 25
FAILED: ./habit world_12_0 -seed 1 -pi 100 -k 100 -slx 1 -sly 3 -pr 25
FAILED: ./habit world_17_0 -seed 1 -pi 100 -k 100 -slx -7 -sly 7 -pr 25
FAILED: ./habit world_15_0 -seed 1 -pi 100 -k 100 -slx 1 -sly 0 -pr 25
FAILED: ./habit world_11_0 -seed 1 -pi 100 -k 100 -slx 2 -sly -7 -pr 25
FAILED: ./habit world_14_0 -seed 1 -pi 100 -k 100 -slx -1 -sly -7 -pr 25
FAILED: ./habit world_18_0 -seed 1 -pi 100 -k 100 -slx -7 -sly 7 -pr 25
FAILED: ./habit world_13_0 -seed 1 -pi 100 -k 100 -slx -7 -sly -7 -pr 25
FAILED: ./habit world_16_0 -seed 1 -pi 100 -k 100 -slx -6 -sly 2 -pr 25
FAILED: ./habit world_19_0 -seed 1 -pi 100 -k 100 -slx -7 -sly 7 -pr 25
FAILED: ./habit world_12_0 -seed 1 -pi 100 -k 100 -slx -7 -sly -6 -pr 25
FAILED: ./habit world_17_0 -seed 1 -pi 100 -k 100 -slx 1 -sly -3 -pr 25
FAILED: ./habit world_15_0 -seed 1 -pi 100 -k 100 -slx 7 -sly 6 -pr 25
FAILED: ./habit world_14_0 -seed 1 -pi 100 -k 100 -slx -6 -sly -1 -pr 25
FAILED: ./habit world_18_0 -seed 1 -pi 100 -k 100 -slx -7 -sly 0 -pr 25
FAILED: ./habit world_13_0 -seed 1 -pi 100 -k 100 -slx 4 -sly 6 -pr 25
FAILED: ./habit world_16_0 -seed 1 -pi 100 -k 100 -slx -4 -sly -2 -pr 25
FAILED: ./habit world_0_1 -seed 1 -pi 100 -k 100 -slx -7 -sly 7 -pr 25
FAILED: ./habit world_19_0 -seed 1 -pi 100 -k 100 -slx 1 -sly -6 -pr 25
FAILED: ./habit world_17_0 -seed 1 -pi 100 -k 100 -slx -5 -sly 6 -pr 25
FAILED: ./habit world_1_1 -seed 1 -pi 100 -k 100 -slx -7 -sly 7 -pr 25
FAILED: ./habit world_14_0 -seed 1 -pi 100 -k 100 -slx 7 -sly 6 -pr 25
FAILED: ./habit world_15_0 -seed 1 -pi 100 -k 100 -slx -7 -sly 6 -pr 25
FAILED: ./habit world_18_0 -seed 1 -pi 100 -k 100 -slx -1 -sly 0 -pr 25
FAILED: ./habit world_16_0 -seed 1 -pi 100 -k 100 -slx -3 -sly -3 -pr 25
FAILED: ./habit world_2_1 -seed 1 -pi 100 -k 100 -slx -7 -sly 7 -pr 25
FAILED: ./habit world_3_1 -seed 1 -pi 100 -k 100 -slx -7 -sly 7 -pr 25
FAILED: ./habit world_0_1 -seed 1 -pi 100 -k 100 -slx 7 -sly 6 -pr 25
FAILED: ./habit world_19_0 -seed 1 -pi 100 -k 100 -slx 5 -sly -7 -pr 25
FAILED: ./habit world_17_0 -seed 1 -pi 100 -k 100 -slx -7 -sly -6 -pr 25
FAILED: ./habit world_15_0 -seed 1 -pi 100 -k 100 -slx -4 -sly 1 -pr 25
FAILED: ./habit world_4_1 -seed 1 -pi 100 -k 100 -slx -7 -sly 7 -pr 25
FAILED: ./habit world_16_0 -seed 1 -pi 100 -k 100 -slx 2 -sly -7 -pr 25
FAILED: ./habit world_5_1 -seed 1 -pi 100 -k 100 -slx -7 -sly 7 -pr 25
FAILED: ./habit world_18_0 -seed 1 -pi 100 -k 100 -slx -6 -sly -1 -pr 25
FAILED: ./habit world_1_1 -seed 1 -pi 100 -k 100 -slx -5 -sly -6 -pr 25
FAILED: ./habit world_19_0 -seed 1 -pi 100 -k 100 -slx 7 -sly 1 -pr 25
FAILED: ./habit world_3_1 -seed 1 -pi 100 -k 100 -slx 5 -sly 0 -pr 25
FAILED: ./habit world_0_1 -seed 1 -pi 100 -k 100 -slx 0 -sly -2 -pr 25
FAILED: ./habit world_2_1 -seed 1 -pi 100 -k 100 -slx -6 -sly 2 -pr 25
FAILED: ./habit world_6_1 -seed 1 -pi 100 -k 100 -slx -7 -sly 7 -pr 25
FAILED: ./habit world_17_0 -seed 1 -pi 100 -k 100 -slx 5 -sly 6 -pr 25
FAILED: ./habit world_18_0 -seed 1 -pi 100 -k 100 -slx -6 -sly 6 -pr 25
FAILED: ./habit world_7_1 -seed 1 -pi 100 -k 100 -slx -7 -sly 7 -pr 25
FAILED: ./habit world_4_1 -seed 1 -pi 100 -k 100 -slx 1 -sly 1 -pr 25
FAILED: ./habit world_5_1 -seed 1 -pi 100 -k 100 -slx 3 -sly -1 -pr 25
FAILED: ./habit world_19_0 -seed 1 -pi 100 -k 100 -slx -1 -sly -7 -pr 25
FAILED: ./habit world_3_1 -seed 1 -pi 100 -k 100 -slx 7 -sly -3 -pr 25
FAILED: ./habit world_1_1 -seed 1 -pi 100 -k 100 -slx 2 -sly 0 -pr 25
FAILED: ./habit world_8_1 -seed 1 -pi 100 -k 100 -slx -7 -sly 7 -pr 25
FAILED: ./habit world_0_1 -seed 1 -pi 100 -k 100 -slx 7 -sly -2 -pr 25
FAILED: ./habit world_6_1 -seed 1 -pi 100 -k 100 -slx 0 -sly -4 -pr 25
FAILED: ./habit world_2_1 -seed 1 -pi 100 -k 100 -slx 6 -sly -7 -pr 25
FAILED: ./habit world_7_1 -seed 1 -pi 100 -k 100 -slx 1 -sly -7 -pr 25
FAILED: ./habit world_9_1 -seed 1 -pi 100 -k 100 -slx -7 -sly 7 -pr 25
FAILED: ./habit world_10_1 -seed 1 -pi 100 -k 100 -slx -7 -sly 7 -pr 25
FAILED: ./habit world_4_1 -seed 1 -pi 100 -k 100 -slx -3 -sly -6 -pr 25
FAILED: ./habit world_5_1 -seed 1 -pi 100 -k 100 -slx 0 -sly -4 -pr 25
FAILED: ./habit world_3_1 -seed 1 -pi 100 -k 100 -slx -6 -sly 6 -pr 25
FAILED: ./habit world_1_1 -seed 1 -pi 100 -k 100 -slx 6 -sly -5 -pr 25
FAILED: ./habit world_11_1 -seed 1 -pi 100 -k 100 -slx -7 -sly 7 -pr 25
FAILED: ./habit world_0_1 -seed 1 -pi 100 -k 100 -slx -1 -sly 3 -pr 25
FAILED: ./habit world_8_1 -seed 1 -pi 100 -k 100 -slx 3 -sly -2 -pr 25
FAILED: ./habit world_6_1 -seed 1 -pi 100 -k 100 -slx 4 -sly 6 -pr 25
FAILED: ./habit world_2_1 -seed 1 -pi 100 -k 100 -slx 5 -sly -4 -pr 25
FAILED: ./habit world_7_1 -seed 1 -pi 100 -k 100 -slx 4 -sly -7 -pr 25
FAILED: ./habit world_12_1 -seed 1 -pi 100 -k 100 -slx -7 -sly 7 -pr 25
FAILED: ./habit world_10_1 -seed 1 -pi 100 -k 100 -slx -4 -sly -1 -pr 25
FAILED: ./habit world_9_1 -seed 1 -pi 100 -k 100 -slx 4 -sly 3 -pr 25
FAILED: ./habit world_5_1 -seed 1 -pi 100 -k 100 -slx 5 -sly -2 -pr 25
FAILED: ./habit world_3_1 -seed 1 -pi 100 -k 100 -slx 6 -sly -2 -pr 25
FAILED: ./habit world_4_1 -seed 1 -pi 100 -k 100 -slx 5 -sly -7 -pr 25
FAILED: ./habit world_11_1 -seed 1 -pi 100 -k 100 -slx 7 -sly -1 -pr 25
FAILED: ./habit world_13_1 -seed 1 -pi 100 -k 100 -slx -7 -sly 7 -pr 25
FAILED: ./habit world_1_1 -seed 1 -pi 100 -k 100 -slx -6 -sly -5 -pr 25
FAILED: ./habit world_6_1 -seed 1 -pi 100 -k 100 -slx 3 -sly 3 -pr 25
FAILED: ./habit world_8_1 -seed 1 -pi 100 -k 100 -slx 5 -sly 2 -pr 25
FAILED: ./habit world_12_1 -seed 1 -pi 100 -k 100 -slx 2 -sly -6 -pr 25
FAILED: ./habit world_7_1 -seed 1 -pi 100 -k 100 -slx -1 -sly -3 -pr 25
FAILED: ./habit world_14_1 -seed 1 -pi 100 -k 100 -slx -7 -sly 7 -pr 25
FAILED: ./habit world_2_1 -seed 1 -pi 100 -k 100 -slx 2 -sly 1 -pr 25
FAILED: ./habit world_10_1 -seed 1 -pi 100 -k 100 -slx -6 -sly -5 -pr 25
FAILED: ./habit world_5_1 -seed 1 -pi 100 -k 100 -slx 4 -sly 7 -pr 25
FAILED: ./habit world_11_1 -seed 1 -pi 100 -k 100 -slx 5 -sly -7 -pr 25
FAILED: ./habit world_9_1 -seed 1 -pi 100 -k 100 -slx 3 -sly -7 -pr 25
FAILED: ./habit world_4_1 -seed 1 -pi 100 -k 100 -slx 5 -sly 6 -pr 25
FAILED: ./habit world_15_1 -seed 1 -pi 100 -k 100 -slx -7 -sly 7 -pr 25
FAILED: ./habit world_13_1 -seed 1 -pi 100 -k 100 -slx -5 -sly 6 -pr 25
FAILED: ./habit world_6_1 -seed 1 -pi 100 -k 100 -slx 6 -sly 6 -pr 25
FAILED: ./habit world_8_1 -seed 1 -pi 100 -k 100 -slx 6 -sly 0 -pr 25
FAILED: ./habit world_7_1 -seed 1 -pi 100 -k 100 -slx -5 -sly 0 -pr 25
FAILED: ./habit world_14_1 -seed 1 -pi 100 -k 100 -slx 6 -sly 7 -pr 25
FAILED: ./habit world_12_1 -seed 1 -pi 100 -k 100 -slx 5 -sly 4 -pr 25
FAILED: ./habit world_16_1 -seed 1 -pi 100 -k 100 -slx -7 -sly 7 -pr 25
FAILED: ./habit world_11_1 -seed 1 -pi 100 -k 100 -slx 5 -sly 0 -pr 25
FAILED: ./habit world_10_1 -seed 1 -pi 100 -k 100 -slx 3 -sly -7 -pr 25
FAILED: ./habit world_9_1 -seed 1 -pi 100 -k 100 -slx -3 -sly -4 -pr 25
FAILED: ./habit world_17_1 -seed 1 -pi 100 -k 100 -slx -7 -sly 7 -pr 25
FAILED: ./habit world_15_1 -seed 1 -pi 100 -k 100 -slx 1 -sly 0 -pr 25
FAILED: ./habit world_13_1 -seed 1 -pi 100 -k 100 -slx -5 -sly -7 -pr 25
FAILED: ./habit world_18_1 -seed 1 -pi 100 -k 100 -slx -7 -sly 7 -pr 25
FAILED: ./habit world_8_1 -seed 1 -pi 100 -k 100 -slx -6 -sly 4 -pr 25
FAILED: ./habit world_12_1 -seed 1 -pi 100 -k 100 -slx 1 -sly 3 -pr 25
FAILED: ./habit world_14_1 -seed 1 -pi 100 -k 100 -slx -1 -sly -7 -pr 25
FAILED: ./habit world_11_1 -seed 1 -pi 100 -k 100 -slx 2 -sly -7 -pr 25
FAILED: ./habit world_16_1 -seed 1 -pi 100 -k 100 -slx -6 -sly 2 -pr 25
FAILED: ./habit world_10_1 -seed 1 -pi 100 -k 100 -slx 2 -sly -7 -pr 25
FAILED: ./habit world_19_1 -seed 1 -pi 100 -k 100 -slx -7 -sly 7 -pr 25
FAILED: ./habit world_17_1 -seed 1 -pi 100 -k 100 -slx 1 -sly -3 -pr 25
FAILED: ./habit world_9_1 -seed 1 -pi 100 -k 100 -slx -7 -sly -1 -pr 25
FAILED: ./habit world_15_1 -seed 1 -pi 100 -k 100 -slx 7 -sly 6 -pr 25
FAILED: ./habit world_13_1 -seed 1 -pi 100 -k 100 -slx -7 -sly -7 -pr 25
FAILED: ./habit world_18_1 -seed 1 -pi 100 -k 100 -slx -7 -sly 0 -pr 25
FAILED: ./habit world_0_2 -seed 1 -pi 100 -k 100 -slx -7 -sly 7 -pr 25
FAILED: ./habit world_12_1 -seed 1 -pi 100 -k 100 -slx -7 -sly -6 -pr 25
FAILED: ./habit world_14_1 -seed 1 -pi 100 -k 100 -slx -6 -sly -1 -pr 25
FAILED: ./habit world_16_1 -seed 1 -pi 100 -k 100 -slx -4 -sly -2 -pr 25
FAILED: ./habit world_1_2 -seed 1 -pi 100 -k 100 -slx -7 -sly 7 -pr 25
FAILED: ./habit world_19_1 -seed 1 -pi 100 -k 100 -slx 1 -sly -6 -pr 25
FAILED: ./habit world_2_2 -seed 1 -pi 100 -k 100 -slx -7 -sly 7 -pr 25
FAILED: ./habit world_15_1 -seed 1 -pi 100 -k 100 -slx -7 -sly 6 -pr 25
FAILED: ./habit world_17_1 -seed 1 -pi 100 -k 100 -slx -5 -sly 6 -pr 25
FAILED: ./habit world_18_1 -seed 1 -pi 100 -k 100 -slx -1 -sly 0 -pr 25
FAILED: ./habit world_13_1 -seed 1 -pi 100 -k 100 -slx 4 -sly 6 -pr 25
FAILED: ./habit world_3_2 -seed 1 -pi 100 -k 100 -slx -7 -sly 7 -pr 25
FAILED: ./habit world_0_2 -seed 1 -pi 100 -k 100 -slx 7 -sly 6 -pr 25
FAILED: ./habit world_16_1 -seed 1 -pi 100 -k 100 -slx -3 -sly -3 -pr 25
FAILED: ./habit world_14_1 -seed 1 -pi 100 -k 100 -slx 7 -sly 6 -pr 25
FAILED: ./habit world_1_2 -seed 1 -pi 100 -k 100 -slx -5 -sly -6 -pr 25
FAILED: ./habit world_19_1 -seed 1 -pi 100 -k 100 -slx 5 -sly -7 -pr 25
FAILED: ./habit world_4_2 -seed 1 -pi 100 -k 100 -slx -7 -sly 7 -pr 25
FAILED: ./habit world_17_1 -seed 1 -pi 100 -k 100 -slx -7 -sly -6 -pr 25
FAILED: ./habit world_15_1 -seed 1 -pi 100 -k 100 -slx -4 -sly 1 -pr 25
FAILED: ./habit world_2_2 -seed 1 -pi 100 -k 100 -slx -6 -sly 2 -pr 25
FAILED: ./habit world_5_2 -seed 1 -pi 100 -k 100 -slx -7 -sly 7 -pr 25
FAILED: ./habit world_18_1 -seed 1 -pi 100 -k 100 -slx -6 -sly -1 -pr 25
FAILED: ./habit world_3_2 -seed 1 -pi 100 -k 100 -slx 5 -sly 0 -pr 25
FAILED: ./habit world_16_1 -seed 1 -pi 100 -k 100 -slx 2 -sly -7 -pr 25
FAILED: ./habit world_0_2 -seed 1 -pi 100 -k 100 -slx 0 -sly -2 -pr 25
FAILED: ./habit world_1_2 -seed 1 -pi 100 -k 100 -slx 2 -sly 0 -pr 25
FAILED: ./habit world_6_2 -seed 1 -pi 100 -k 100 -slx -7 -sly 7 -pr 25
FAILED: ./habit world_19_1 -seed 1 -pi 100 -k 100 -slx 7 -sly 1 -pr 25
FAILED: ./habit world_17_1 -seed 1 -pi 100 -k 100 -slx 5 -sly 6 -pr 25
FAILED: ./habit world_7_2 -seed 1 -pi 100 -k 100 -slx -7 -sly 7 -pr 25
FAILED: ./habit world_4_2 -seed 1 -pi 100 -k 100 -slx 1 -sly 1 -pr 25
FAILED: ./habit world_5_2 -seed 1 -pi 100 -k 100 -slx 3 -sly -1 -pr 25
FAILED: ./habit world_18_1 -seed 1 -pi 100 -k 100 -slx -6 -sly 6 -pr 25
FAILED: ./habit world_2_2 -seed 1 -pi 100 -k 100 -slx 6 -sly -7 -pr 25
FAILED: ./habit world_1_2 -seed 1 -pi 100 -k 100 -slx 6 -sly -5 -pr 25
FAILED: ./habit world_3_2 -seed 1 -pi 100 -k 100 -slx 7 -sly -3 -pr 25
FAILED: ./habit world_8_2 -seed 1 -pi 100 -k 100 -slx -7 -sly 7 -pr 25
FAILED: ./habit world_0_2 -seed 1 -pi 100 -k 100 -slx 7 -sly -2 -pr 25
FAILED: ./habit world_9_2 -seed 1 -pi 100 -k 100 -slx -7 -sly 7 -pr 25
FAILED: ./habit world_6_2 -seed 1 -pi 100 -k 100 -slx 0 -sly -4 -pr 25
FAILED: ./habit world_7_2 -seed 1 -pi 100 -k 100 -slx 1 -sly -7 -pr 25
FAILED: ./habit world_19_1 -seed 1 -pi 100 -k 100 -slx -1 -sly -7 -pr 25
FAILED: ./habit world_2_2 -seed 1 -pi 100 -k 100 -slx 5 -sly -4 -pr 25
FAILED: ./habit world_4_2 -seed 1 -pi 100 -k 100 -slx -3 -sly -6 -pr 25
FAILED: ./habit world_10_2 -seed 1 -pi 100 -k 100 -slx -7 -sly 7 -pr 25
FAILED: ./habit world_5_2 -seed 1 -pi 100 -k 100 -slx 0 -sly -4 -pr 25
FAILED: ./habit world_1_2 -seed 1 -pi 100 -k 100 -slx -6 -sly -5 -pr 25
FAILED: ./habit world_3_2 -seed 1 -pi 100 -k 100 -slx -6 -sly 6 -pr 25
FAILED: ./habit world_8_2 -seed 1 -pi 100 -k 100 -slx 3 -sly -2 -pr 25
FAILED: ./habit world_11_2 -seed 1 -pi 100 -k 100 -slx -7 -sly 7 -pr 25
FAILED: ./habit world_0_2 -seed 1 -pi 100 -k 100 -slx -1 -sly 3 -pr 25
FAILED: ./habit world_9_2 -seed 1 -pi 100 -k 100 -slx 4 -sly 3 -pr 25
FAILED: ./habit world_6_2 -seed 1 -pi 100 -k 100 -slx 4 -sly 6 -pr 25
FAILED: ./habit world_7_2 -seed 1 -pi 100 -k 100 -slx 4 -sly -7 -pr 25
FAILED: ./habit world_12_2 -seed 1 -pi 100 -k 100 -slx -7 -sly 7 -pr 25
FAILED: ./habit world_2_2 -seed 1 -pi 100 -k 100 -slx 2 -sly 1 -pr 25
FAILED: ./habit world_5_2 -seed 1 -pi 100 -k 100 -slx 5 -sly -2 -pr 25
FAILED: ./habit world_4_2 -seed 1 -pi 100 -k 100 -slx 5 -sly -7 -pr 25
FAILED: ./habit world_10_2 -seed 1 -pi 100 -k 100 -slx -4 -sly -1 -pr 25
FAILED: ./habit world_13_2 -seed 1 -pi 100 -k 100 -slx -7 -sly 7 -pr 25
FAILED: ./habit world_3_2 -seed 1 -pi 100 -k 100 -slx 6 -sly -2 -pr 25
FAILED: ./habit world_8_2 -seed 1 -pi 100 -k 100 -slx 5 -sly 2 -pr 25
FAILED: ./habit world_9_2 -seed 1 -pi 100 -k 100 -slx 3 -sly -7 -pr 25
FAILED: ./habit world_14_2 -seed 1 -pi 100 -k 100 -slx -7 -sly 7 -pr 25
FAILED: ./habit world_11_2 -seed 1 -pi 100 -k 100 -slx 7 -sly -1 -pr 25
FAILED: ./habit world_6_2 -seed 1 -pi 100 -k 100 -slx 3 -sly 3 -pr 25
FAILED: ./habit world_7_2 -seed 1 -pi 100 -k 100 -slx -1 -sly -3 -pr 25
FAILED: ./habit world_15_2 -seed 1 -pi 100 -k 100 -slx -7 -sly 7 -pr 25
FAILED: ./habit world_5_2 -seed 1 -pi 100 -k 100 -slx 4 -sly 7 -pr 25
FAILED: ./habit world_12_2 -seed 1 -pi 100 -k 100 -slx 2 -sly -6 -pr 25
FAILED: ./habit world_10_2 -seed 1 -pi 100 -k 100 -slx -6 -sly -5 -pr 25
FAILED: ./habit world_4_2 -seed 1 -pi 100 -k 100 -slx 5 -sly 6 -pr 25
FAILED: ./habit world_13_2 -seed 1 -pi 100 -k 100 -slx -5 -sly 6 -pr 25
FAILED: ./habit world_8_2 -seed 1 -pi 100 -k 100 -slx 6 -sly 0 -pr 25
FAILED: ./habit world_16_2 -seed 1 -pi 100 -k 100 -slx -7 -sly 7 -pr 25
FAILED: ./habit world_9_2 -seed 1 -pi 100 -k 100 -slx -3 -sly -4 -pr 25
FAILED: ./habit world_17_2 -seed 1 -pi 100 -k 100 -slx -7 -sly 7 -pr 25
FAILED: ./habit world_6_2 -seed 1 -pi 100 -k 100 -slx 6 -sly 6 -pr 25
FAILED: ./habit world_14_2 -seed 1 -pi 100 -k 100 -slx 6 -sly 7 -pr 25
FAILED: ./habit world_7_2 -seed 1 -pi 100 -k 100 -slx -5 -sly 0 -pr 25
FAILED: ./habit world_11_2 -seed 1 -pi 100 -k 100 -slx 5 -sly -7 -pr 25
FAILED: ./habit world_15_2 -seed 1 -pi 100 -k 100 -slx 1 -sly 0 -pr 25
FAILED: ./habit world_8_2 -seed 1 -pi 100 -k 100 -slx -6 -sly 4 -pr 25
FAILED: ./habit world_10_2 -seed 1 -pi 100 -k 100 -slx 3 -sly -7 -pr 25
FAILED: ./habit world_12_2 -seed 1 -pi 100 -k 100 -slx 5 -sly 4 -pr 25
FAILED: ./habit world_16_2 -seed 1 -pi 100 -k 100 -slx -6 -sly 2 -pr 25
FAILED: ./habit world_13_2 -seed 1 -pi 100 -k 100 -slx -5 -sly -7 -pr 25
FAILED: ./habit world_18_2 -seed 1 -pi 100 -k 100 -slx -7 -sly 7 -pr 25
FAILED: ./habit world_19_2 -seed 1 -pi 100 -k 100 -slx -7 -sly 7 -pr 25
FAILED: ./habit world_9_2 -seed 1 -pi 100 -k 100 -slx -7 -sly -1 -pr 25
FAILED: ./habit world_17_2 -seed 1 -pi 100 -k 100 -slx 1 -sly -3 -pr 25
FAILED: ./habit world_15_2 -seed 1 -pi 100 -k 100 -slx 7 -sly 6 -pr 25
FAILED: ./habit world_0_3 -seed 1 -pi 100 -k 100 -slx -7 -sly 7 -pr 25
FAILED: ./habit world_14_2 -seed 1 -pi 100 -k 100 -slx -1 -sly -7 -pr 25
FAILED: ./habit world_10_2 -seed 1 -pi 100 -k 100 -slx 2 -sly -7 -pr 25
FAILED: ./habit world_12_2 -seed 1 -pi 100 -k 100 -slx 1 -sly 3 -pr 25
FAILED: ./habit world_11_2 -seed 1 -pi 100 -k 100 -slx 5 -sly 0 -pr 25
FAILED: ./habit world_16_2 -seed 1 -pi 100 -k 100 -slx -4 -sly -2 -pr 25
FAILED: ./habit world_13_2 -seed 1 -pi 100 -k 100 -slx -7 -sly -7 -pr 25
FAILED: ./habit world_18_2 -seed 1 -pi 100 -k 100 -slx -7 -sly 0 -pr 25
FAILED: ./habit world_1_3 -seed 1 -pi 100 -k 100 -slx -7 -sly 7 -pr 25
FAILED: ./habit world_19_2 -seed 1 -pi 100 -k 100 -slx 1 -sly -6 -pr 25
FAILED: ./habit world_2_3 -seed 1 -pi 100 -k 100 -slx -7 -sly 7 -pr 25
FAILED: ./habit world_15_2 -seed 1 -pi 100 -k 100 -slx -7 -sly 6 -pr 25
FAILED: ./habit world_17_2 -seed 1 -pi 100 -k 100 -slx -5 -sly 6 -pr 25
FAILED: ./habit world_3_3 -seed 1 -pi 100 -k 100 -slx -7 -sly 7 -pr 25
FAILED: ./habit world_16_2 -seed 1 -pi 100 -k 100 -slx -3 -sly -3 -pr 25
FAILED: ./habit world_0_3 -seed 1 -pi 100 -k 100 -slx 7 -sly 6 -pr 25
FAILED: ./habit world_14_2 -seed 1 -pi 100 -k 100 -slx -6 -sly -1 -pr 25
FAILED: ./habit world_12_2 -seed 1 -pi 100 -k 100 -slx -7 -sly -6 -pr 25
FAILED: ./habit world_11_2 -seed 1 -pi 100 -k 100 -slx 2 -sly -7 -pr 25
FAILED: ./habit world_13_2 -seed 1 -pi 100 -k 100 -slx 4 -sly 6 -pr 25
FAILED: ./habit world_18_2 -seed 1 -pi 100 -k 100 -slx -1 -sly 0 -pr 25
FAILED: ./habit world_1_3 -seed 1 -pi 100 -k 100 -slx -5 -sly -6 -pr 25
FAILED: ./habit world_4_3 -seed 1 -pi 100 -k 100 -slx -7 -sly 7 -pr 25
FAILED: ./habit world_17_2 -seed 1 -pi 100 -k 100 -slx -7 -sly -6 -pr 25
FAILED: ./habit world_2_3 -seed 1 -pi 100 -k 100 -slx -6 -sly 2 -pr 25
FAILED: ./habit world_19_2 -seed 1 -pi 100 -k 100 -slx 5 -sly -7 -pr 25
FAILED: ./habit world_15_2 -seed 1 -pi 100 -k 100 -slx -4 -sly 1 -pr 25
FAILED: ./habit world_16_2 -seed 1 -pi 100 -k 100 -slx 2 -sly -7 -pr 25
FAILED: ./habit world_3_3 -seed 1 -pi 100 -k 100 -slx 5 -sly 0 -pr 25
FAILED: ./habit world_0_3 -seed 1 -pi 100 -k 100 -slx 0 -sly -2 -pr 25
FAILED: ./habit world_5_3 -seed 1 -pi 100 -k 100 -slx -7 -sly 7 -pr 25
FAILED: ./habit world_14_2 -seed 1 -pi 100 -k 100 -slx 7 -sly 6 -pr 25
FAILED: ./habit world_6_3 -seed 1 -pi 100 -k 100 -slx -7 -sly 7 -pr 25
FAILED: ./habit world_7_3 -seed 1 -pi 100 -k 100 -slx -7 -sly 7 -pr 25
FAILED: ./habit world_18_2 -seed 1 -pi 100 -k 100 -slx -6 -sly -1 -pr 25
FAILED: ./habit world_2_3 -seed 1 -pi 100 -k 100 -slx 6 -sly -7 -pr 25
FAILED: ./habit world_17_2 -seed 1 -pi 100 -k 100 -slx 5 -sly 6 -pr 25
FAILED: ./habit world_1_3 -seed 1 -pi 100 -k 100 -slx 2 -sly 0 -pr 25
FAILED: ./habit world_19_2 -seed 1 -pi 100 -k 100 -slx 7 -sly 1 -pr 25
FAILED: ./habit world_3_3 -seed 1 -pi 100 -k 100 -slx 7 -sly -3 -pr 25
FAILED: ./habit world_4_3 -seed 1 -pi 100 -k 100 -slx 1 -sly 1 -pr 25
FAILED: ./habit world_0_3 -seed 1 -pi 100 -k 100 -slx 7 -sly -2 -pr 25
FAILED: ./habit world_8_3 -seed 1 -pi 100 -k 100 -slx -7 -sly 7 -pr 25
FAILED: ./habit world_5_3 -seed 1 -pi 100 -k 100 -slx 3 -sly -1 -pr 25
FAILED: ./habit world_7_3 -seed 1 -pi 100 -k 100 -slx 1 -sly -7 -pr 25
FAILED: ./habit world_9_3 -seed 1 -pi 100 -k 100 -slx -7 -sly 7 -pr 25
FAILED: ./habit world_6_3 -seed 1 -pi 100 -k 100 -slx 0 -sly -4 -pr 25
FAILED: ./habit world_2_3 -seed 1 -pi 100 -k 100 -slx 5 -sly -4 -pr 25
FAILED: ./habit world_3_3 -seed 1 -pi 100 -k 100 -slx -6 -sly 6 -pr 25
FAILED: ./habit world_18_2 -seed 1 -pi 100 -k 100 -slx -6 -sly 6 -pr 25
FAILED: ./habit world_19_2 -seed 1 -pi 100 -k 100 -slx -1 -sly -7 -pr 25
FAILED: ./habit world_0_3 -seed 1 -pi 100 -k 100 -slx -1 -sly 3 -pr 25
FAILED: ./habit world_1_3 -seed 1 -pi 100 -k 100 -slx 6 -sly -5 -pr 25
FAILED: ./habit world_10_3 -seed 1 -pi 100 -k 100 -slx -7 -sly 7 -pr 25
FAILED: ./habit world_8_3 -seed 1 -pi 100 -k 100 -slx 3 -sly -2 -pr 25
FAILED: ./habit world_4_3 -seed 1 -pi 100 -k 100 -slx -3 -sly -6 -pr 25
FAILED: ./habit world_11_3 -seed 1 -pi 100 -k 100 -slx -7 -sly 7 -pr 25
FAILED: ./habit world_5_3 -seed 1 -pi 100 -k 100 -slx 0 -sly -4 -pr 25
FAILED: ./habit world_9_3 -seed 1 -pi 100 -k 100 -slx 4 -sly 3 -pr 25
FAILED: ./habit world_7_3 -seed 1 -pi 100 -k 100 -slx 4 -sly -7 -pr 25
FAILED: ./habit world_2_3 -seed 1 -pi 100 -k 100 -slx 2 -sly 1 -pr 25
FAILED: ./habit world_3_3 -seed 1 -pi 100 -k 100 -slx 6 -sly -2 -pr 25
FAILED: ./habit world_12_3 -seed 1 -pi 100 -k 100 -slx -7 -sly 7 -pr 25
FAILED: ./habit world_6_3 -seed 1 -pi 100 -k 100 -slx 4 -sly 6 -pr 25
FAILED: ./habit world_13_3 -seed 1 -pi 100 -k 100 -slx -7 -sly 7 -pr 25
FAILED: ./habit world_10_3 -seed 1 -pi 100 -k 100 -slx -4 -sly -1 -pr 25
FAILED: ./habit world_8_3 -seed 1 -pi 100 -k 100 -slx 5 -sly 2 -pr 25
FAILED: ./habit world_1_3 -seed 1 -pi 100 -k 100 -slx -6 -sly -5 -pr 25
FAILED: ./habit world_11_3 -seed 1 -pi 100 -k 100 -slx 7 -sly -1 -pr 25
FAILED: ./habit world_4_3 -seed 1 -pi 100 -k 100 -slx 5 -sly -7 -pr 25
FAILED: ./habit world_9_3 -seed 1 -pi 100 -k 100 -slx 3 -sly -7 -pr 25
FAILED: ./habit world_14_3 -seed 1 -pi 100 -k 100 -slx -7 -sly 7 -pr 25
FAILED: ./habit world_5_3 -seed 1 -pi 100 -k 100 -slx 5 -sly -2 -pr 25
FAILED: ./habit world_7_3 -seed 1 -pi 100 -k 100 -slx -1 -sly -3 -pr 25
FAILED: ./habit world_13_3 -seed 1 -pi 100 -k 100 -slx -5 -sly 6 -pr 25
FAILED: ./habit world_12_3 -seed 1 -pi 100 -k 100 -slx 2 -sly -6 -pr 25
FAILED: ./habit world_8_3 -seed 1 -pi 100 -k 100 -slx 6 -sly 0 -pr 25
FAILED: ./habit world_15_3 -seed 1 -pi 100 -k 100 -slx -7 -sly 7 -pr 25
FAILED: ./habit world_6_3 -seed 1 -pi 100 -k 100 -slx 3 -sly 3 -pr 25
FAILED: ./habit world_11_3 -seed 1 -pi 100 -k 100 -slx 5 -sly -7 -pr 25
FAILED: ./habit world_16_3 -seed 1 -pi 100 -k 100 -slx -7 -sly 7 -pr 25
FAILED: ./habit world_10_3 -seed 1 -pi 100 -k 100 -slx -6 -sly -5 -pr 25
FAILED: ./habit world_9_3 -seed 1 -pi 100 -k 100 -slx -3 -sly -4 -pr 25
FAILED: ./habit world_14_3 -seed 1 -pi 100 -k 100 -slx 6 -sly 7 -pr 25
FAILED: ./habit world_7_3 -seed 1 -pi 100 -k 100 -slx -5 -sly 0 -pr 25
FAILED: ./habit world_4_3 -seed 1 -pi 100 -k 100 -slx 5 -sly 6 -pr 25
FAILED: ./habit world_5_3 -seed 1 -pi 100 -k 100 -slx 4 -sly 7 -pr 25
FAILED: ./habit world_17_3 -seed 1 -pi 100 -k 100 -slx -7 -sly 7 -pr 25
FAILED: ./habit world_13_3 -seed 1 -pi 100 -k 100 -slx -5 -sly -7 -pr 25
FAILED: ./habit world_18_3 -seed 1 -pi 100 -k 100 -slx -7 -sly 7 -pr 25
FAILED: ./habit world_8_3 -seed 1 -pi 100 -k 100 -slx -6 -sly 4 -pr 25
FAILED: ./habit world_12_3 -seed 1 -pi 100 -k 100 -slx 5 -sly 4 -pr 25
FAILED: ./habit world_15_3 -seed 1 -pi 100 -k 100 -slx 1 -sly 0 -pr 25
FAILED: ./habit world_16_3 -seed 1 -pi 100 -k 100 -slx -6 -sly 2 -pr 25
FAILED: ./habit world_6_3 -seed 1 -pi 100 -k 100 -slx 6 -sly 6 -pr 25
FAILED: ./habit world_10_3 -seed 1 -pi 100 -k 100 -slx 3 -sly -7 -pr 25
FAILED: ./habit world_11_3 -seed 1 -pi 100 -k 100 -slx 5 -sly 0 -pr 25
FAILED: ./habit world_9_3 -seed 1 -pi 100 -k 100 -slx -7 -sly -1 -pr 25
FAILED: ./habit world_14_3 -seed 1 -pi 100 -k 100 -slx -1 -sly -7 -pr 25
FAILED: ./habit world_19_3 -seed 1 -pi 100 -k 100 -slx -7 -sly 7 -pr 25
FAILED: ./habit world_13_3 -seed 1 -pi 100 -k 100 -slx -7 -sly -7 -pr 25
FAILED: ./habit world_17_3 -seed 1 -pi 100 -k 100 -slx 1 -sly -3 -pr 25
FAILED: ./habit world_18_3 -seed 1 -pi 100 -k 100 -slx -7 -sly 0 -pr 25
FAILED: ./habit world_16_3 -seed 1 -pi 100 -k 100 -slx -4 -sly -2 -pr 25
FAILED: ./habit world_15_3 -seed 1 -pi 100 -k 100 -slx 7 -sly 6 -pr 25
FAILED: ./habit world_11_3 -seed 1 -pi 100 -k 100 -slx 2 -sly -7 -pr 25
FAILED: ./habit world_12_3 -seed 1 -pi 100 -k 100 -slx 1 -sly 3 -pr 25
FAILED: ./habit world_0_4 -seed 1 -pi 100 -k 100 -slx -7 -sly 7 -pr 25
FAILED: ./habit world_10_3 -seed 1 -pi 100 -k 100 -slx 2 -sly -7 -pr 25
FAILED: ./habit world_1_4 -seed 1 -pi 100 -k 100 -slx -7 -sly 7 -pr 25
FAILED: ./habit world_14_3 -seed 1 -pi 100 -k 100 -slx -6 -sly -1 -pr 25
FAILED: ./habit world_13_3 -seed 1 -pi 100 -k 100 -slx 4 -sly 6 -pr 25
FAILED: ./habit world_19_3 -seed 1 -pi 100 -k 100 -slx 1 -sly -6 -pr 25
FAILED: ./habit world_2_4 -seed 1 -pi 100 -k 100 -slx -7 -sly 7 -pr 25
FAILED: ./habit world_17_3 -seed 1 -pi 100 -k 100 -slx -5 -sly 6 -pr 25
FAILED: ./habit world_18_3 -seed 1 -pi 100 -k 100 -slx -1 -sly 0 -pr 25
FAILED: ./habit world_16_3 -seed 1 -pi 100 -k 100 -slx -3 -sly -3 -pr 25
FAILED: ./habit world_3_4 -seed 1 -pi 100 -k 100 -slx -7 -sly 7 -pr 25
FAILED: ./habit world_15_3 -seed 1 -pi 100 -k 100 -slx -7 -sly 6 -pr 25
FAILED: ./habit world_12_3 -seed 1 -pi 100 -k 100 -slx -7 -sly -6 -pr 25
FAILED: ./habit world_0_4 -seed 1 -pi 100 -k 100 -slx 7 -sly 6 -pr 25
FAILED: ./habit world_19_3 -seed 1 -pi 100 -k 100 -slx 5 -sly -7 -pr 25
FAILED: ./habit world_1_4 -seed 1 -pi 100 -k 100 -slx -5 -sly -6 -pr 25
FAILED: ./habit world_14_3 -seed 1 -pi 100 -k 100 -slx 7 -sly 6 -pr 25
FAILED: ./habit world_4_4 -seed 1 -pi 100 -k 100 -slx -7 -sly 7 -pr 25
FAILED: ./habit world_2_4 -seed 1 -pi 100 -k 100 -slx -6 -sly 2 -pr 25
FAILED: ./habit world_17_3 -seed 1 -pi 100 -k 100 -slx -7 -sly -6 -pr 25
FAILED: ./habit world_18_3 -seed 1 -pi 100 -k 100 -slx -6 -sly -1 -pr 25
FAILED: ./habit world_16_3 -seed 1 -pi 100 -k 100 -slx 2 -sly -7 -pr 25
FAILED: ./habit world_3_4 -seed 1 -pi 100 -k 100 -slx 5 -sly 0 -pr 25
FAILED: ./habit world_5_4 -seed 1 -pi 100 -k 100 -slx -7 -sly 7 -pr 25
FAILED: ./habit world_15_3 -seed 1 -pi 100 -k 100 -slx -4 -sly 1 -pr 25
FAILED: ./habit world_19_3 -seed 1 -pi 100 -k 100 -slx 7 -sly 1 -pr 25
FAILED: ./habit world_0_4 -seed 1 -pi 100 -k 100 -slx 0 -sly -2 -pr 25
FAILED: ./habit world_1_4 -seed 1 -pi 100 -k 100 -slx 2 -sly 0 -pr 25
FAILED: ./habit world_6_4 -seed 1 -pi 100 -k 100 -slx -7 -sly 7 -pr 25
FAILED: ./habit world_2_4 -seed 1 -pi 100 -k 100 -slx 6 -sly -7 -pr 25
FAILED: ./habit world_4_4 -seed 1 -pi 100 -k 100 -slx 1 -sly 1 -pr 25
FAILED: ./habit world_17_3 -seed 1 -pi 100 -k 100 -slx 5 -sly 6 -pr 25
FAILED: ./habit world_18_3 -seed 1 -pi 100 -k 100 -slx -6 -sly 6 -pr 25
FAILED: ./habit world_7_4 -seed 1 -pi 100 -k 100 -slx -7 -sly 7 -pr 25
FAILED: ./habit world_3_4 -seed 1 -pi 100 -k 100 -slx 7 -sly -3 -pr 25
FAILED: ./habit world_8_4 -seed 1 -pi 100 -k 100 -slx -7 -sly 7 -pr 25
FAILED: ./habit world_5_4 -seed 1 -pi 100 -k 100 -slx 3 -sly -1 -pr 25
FAILED: ./habit world_19_3 -seed 1 -pi 100 -k 100 -slx -1 -sly -7 -pr 25
FAILED: ./habit world_9_4 -seed 1 -pi 100 -k 100 -slx -7 -sly 7 -pr 25
FAILED: ./habit world_1_4 -seed 1 -pi 100 -k 100 -slx 6 -sly -5 -pr 25
FAILED: ./habit world_6_4 -seed 1 -pi 100 -k 100 -slx 0 -sly -4 -pr 25
FAILED: ./habit world_0_4 -seed 1 -pi 100 -k 100 -slx 7 -sly -2 -pr 25
FAILED: ./habit world_10_4 -seed 1 -pi 100 -k 100 -slx -7 -sly 7 -pr 25
FAILED: ./habit world_4_4 -seed 1 -pi 100 -k 100 -slx -3 -sly -6 -pr 25
FAILED: ./habit world_3_4 -seed 1 -pi 100 -k 100 -slx -6 -sly 6 -pr 25
FAILED: ./habit world_7_4 -seed 1 -pi 100 -k 100 -slx 1 -sly -7 -pr 25
FAILED: ./habit world_2_4 -seed 1 -pi 100 -k 100 -slx 5 -sly -4 -pr 25
FAILED: ./habit world_11_4 -seed 1 -pi 100 -k 100 -slx -7 -sly 7 -pr 25
FAILED: ./habit world_8_4 -seed 1 -pi 100 -k 100 -slx 3 -sly -2 -pr 25
FAILED: ./habit world_9_4 -seed 1 -pi 100 -k 100 -slx 4 -sly 3 -pr 25
FAILED: ./habit world_5_4 -seed 1 -pi 100 -k 100 -slx 0 -sly -4 -pr 25
FAILED: ./habit world_12_4 -seed 1 -pi 100 -k 100 -slx -7 -sly 7 -pr 25
FAILED: ./habit world_3_4 -seed 1 -pi 100 -k 100 -slx 6 -sly -2 -pr 25
FAILED: ./habit world_13_4 -seed 1 -pi 100 -k 100 -slx -7 -sly 7 -pr 25
FAILED: ./habit world_1_4 -seed 1 -pi 100 -k 100 -slx -6 -sly -5 -pr 25
FAILED: ./habit world_4_4 -seed 1 -pi 100 -k 100 -slx 5 -sly -7 -pr 25
FAILED: ./habit world_10_4 -seed 1 -pi 100 -k 100 -slx -4 -sly -1 -pr 25
FAILED: ./habit world_6_4 -seed 1 -pi 100 -k 100 -slx 4 -sly 6 -pr 25
FAILED: ./habit world_0_4 -seed 1 -pi 100 -k 100 -slx -1 -sly 3 -pr 25
FAILED: ./habit world_2_4 -seed 1 -pi 100 -k 100 -slx 2 -sly 1 -pr 25
FAILED: ./habit world_11_4 -seed 1 -pi 100 -k 100 -slx 7 -sly -1 -pr 25
FAILED: ./habit world_14_4 -seed 1 -pi 100 -k 100 -slx -7 -sly 7 -pr 25
FAILED: ./habit world_7_4 -seed 1 -pi 100 -k 100 -slx 4 -sly -7 -pr 25
FAILED: ./habit world_9_4 -seed 1 -pi 100 -k 100 -slx 3 -sly -7 -pr 25
FAILED: ./habit world_8_4 -seed 1 -pi 100 -k 100 -slx 5 -sly 2 -pr 25
FAILED: ./habit world_12_4 -seed 1 -pi 100 -k 100 -slx 2 -sly -6 -pr 25
FAILED: ./habit world_5_4 -seed 1 -pi 100 -k 100 -slx 5 -sly -2 -pr 25
FAILED: ./habit world_15_4 -seed 1 -pi 100 -k 100 -slx -7 -sly 7 -pr 25
FAILED: ./habit world_13_4 -seed 1 -pi 100 -k 100 -slx -5 -sly 6 -pr 25
FAILED: ./habit world_4_4 -seed 1 -pi 100 -k 100 -slx 5 -sly 6 -pr 25
FAILED: ./habit world_10_4 -seed 1 -pi 100 -k 100 -slx -6 -sly -5 -pr 25
FAILED: ./habit world_11_4 -seed 1 -pi 100 -k 100 -slx 5 -sly -7 -pr 25
FAILED: ./habit world_16_4 -seed 1 -pi 100 -k 100 -slx -7 -sly 7 -pr 25
FAILED: ./habit world_6_4 -seed 1 -pi 100 -k 100 -slx 3 -sly 3 -pr 25
FAILED: ./habit world_12_4 -seed 1 -pi 100 -k 100 -slx 5 -sly 4 -pr 25
FAILED: ./habit world_9_4 -seed 1 -pi 100 -k 100 -slx -3 -sly -4 -pr 25
FAILED: ./habit world_14_4 -seed 1 -pi 100 -k 100 -slx 6 -sly 7 -pr 25
FAILED: ./habit world_7_4 -seed 1 -pi 100 -k 100 -slx -1 -sly -3 -pr 25
FAILED: ./habit world_8_4 -seed 1 -pi 100 -k 100 -slx 6 -sly 0 -pr 25
FAILED: ./habit world_15_4 -seed 1 -pi 100 -k 100 -slx 1 -sly 0 -pr 25
FAILED: ./habit world_5_4 -seed 1 -pi 100 -k 100 -slx 4 -sly 7 -pr 25
FAILED: ./habit world_13_4 -seed 1 -pi 100 -k 100 -slx -5 -sly -7 -pr 25
FAILED: ./habit world_17_4 -seed 1 -pi 100 -k 100 -slx -7 -sly 7 -pr 25
FAILED: ./habit world_18_4 -seed 1 -pi 100 -k 100 -slx -7 -sly 7 -pr 25
FAILED: ./habit world_11_4 -seed 1 -pi 100 -k 100 -slx 5 -sly 0 -pr 25
FAILED: ./habit world_12_4 -seed 1 -pi 100 -k 100 -slx 1 -sly 3 -pr 25
FAILED: ./habit world_10_4 -seed 1 -pi 100 -k 100 -slx 3 -sly -7 -pr 25
FAILED: ./habit world_9_4 -seed 1 -pi 100 -k 100 -slx -7 -sly -1 -pr 25
FAILED: ./habit world_16_4 -seed 1 -pi 100 -k 100 -slx -6 -sly 2 -pr 25
FAILED: ./habit world_6_4 -seed 1 -pi 100 -k 100 -slx 6 -sly 6 -pr 25
FAILED: ./habit world_14_4 -seed 1 -pi 100 -k 100 -slx -1 -sly -7 -pr 25
FAILED: ./habit world_8_4 -seed 1 -pi 100 -k 100 -slx -6 -sly 4 -pr 25
FAILED: ./habit world_7_4 -seed 1 -pi 100 -k 100 -slx -5 -sly 0 -pr 25
FAILED: ./habit world_15_4 -seed 1 -pi 100 -k 100 -slx 7 -sly 6 -pr 25
FAILED: ./habit world_19_4 -seed 1 -pi 100 -k 100 -slx -7 -sly 7 -pr 25
FAILED: ./habit world_13_4 -seed 1 -pi 100 -k 100 -slx -7 -sly -7 -pr 25
FAILED: ./habit world_17_4 -seed 1 -pi 100 -k 100 -slx 1 -sly -3 -pr 25
FAILED: ./habit world_18_4 -seed 1 -pi 100 -k 100 -slx -7 -sly 0 -pr 25
FAILED: ./habit world_11_4 -seed 1 -pi 100 -k 100 -slx 2 -sly -7 -pr 25
FAILED: ./habit world_0_5 -seed 1 -pi 100 -k 100 -slx -7 -sly 7 -pr 25
FAILED: ./habit world_12_4 -seed 1 -pi 100 -k 100 -slx -7 -sly -6 -pr 25
FAILED: ./habit world_16_4 -seed 1 -pi 100 -k 100 -slx -4 -sly -2 -pr 25
FAILED: ./habit world_10_4 -seed 1 -pi 100 -k 100 -slx 2 -sly -7 -pr 25
FAILED: ./habit world_14_4 -seed 1 -pi 100 -k 100 -slx -6 -sly -1 -pr 25
FAILED: ./habit world_15_4 -seed 1 -pi 100 -k 100 -slx -7 -sly 6 -pr 25
FAILED: ./habit world_1_5 -seed 1 -pi 100 -k 100 -slx -7 -sly 7 -pr 25
FAILED: ./habit world_19_4 -seed 1 -pi 100 -k 100 -slx 1 -sly -6 -pr 25
FAILED: ./habit world_13_4 -seed 1 -pi 100 -k 100 -slx 4 -sly 6 -pr 25
FAILED: ./habit world_17_4 -seed 1 -pi 100 -k 100 -slx -5 -sly 6 -pr 25
FAILED: ./habit world_16_4 -seed 1 -pi 100 -k 100 -slx -3 -sly -3 -pr 25
FAILED: ./habit world_18_4 -seed 1 -pi 100 -k 100 -slx -1 -sly 0 -pr 25
FAILED: ./habit world_2_5 -seed 1 -pi 100 -k 100 -slx -7 -sly 7 -pr 25
FAILED: ./habit world_0_5 -seed 1 -pi 100 -k 100 -slx 7 -sly 6 -pr 25
FAILED: ./habit world_3_5 -seed 1 -pi 100 -k 100 -slx -7 -sly 7 -pr 25
FAILED: ./habit world_14_4 -seed 1 -pi 100 -k 100 -slx 7 -sly 6 -pr 25
FAILED: ./habit world_15_4 -seed 1 -pi 100 -k 100 -slx -4 -sly 1 -pr 25
FAILED: ./habit world_1_5 -seed 1 -pi 100 -k 100 -slx -5 -sly 0 -pr 25
FAILED: ./habit world_19_4 -seed 1 -pi 100 -k 100 -slx 5 -sly -7 -pr 25
FAILED: ./habit world_4_5 -seed 1 -pi 100 -k 100 -slx -7 -sly 7 -pr 25
FAILED: ./habit world_5_5 -seed 1 -pi 100 -k 100 -slx -7 -sly 7 -pr 25
FAILED: ./habit world_6_5 -seed 1 -pi 100 -k 100 -slx -7 -sly 7 -pr 25
FAILED: ./habit world_18_4 -seed 1 -pi 100 -k 100 -slx -6 -sly -1 -pr 25
FAILED: ./habit world_17_4 -seed 1 -pi 100 -k 100 -slx -7 -sly -6 -pr 25
FAILED: ./habit world_16_4 -seed 1 -pi 100 -k 100 -slx 2 -sly -7 -pr 25
FAILED: ./habit world_2_5 -seed 1 -pi 100 -k 100 -slx -6 -sly 2 -pr 25
FAILED: ./habit world_0_5 -seed 1 -pi 100 -k 100 -slx 0 -sly -2 -pr 25
FAILED: ./habit world_3_5 -seed 1 -pi 100 -k 100 -slx 5 -sly 0 -pr 25
FAILED: ./habit world_7_5 -seed 1 -pi 100 -k 100 -slx -7 -sly 7 -pr 25
FAILED: ./habit world_1_5 -seed 1 -pi 100 -k 100 -slx 2 -sly 0 -pr 25
FAILED: ./habit world_8_5 -seed 1 -pi 100 -k 100 -slx -7 -sly 7 -pr 25
FAILED: ./habit world_6_5 -seed 1 -pi 100 -k 100 -slx 0 -sly -4 -pr 25
FAILED: ./habit world_19_4 -seed 1 -pi 100 -k 100 -slx 7 -sly 1 -pr 25
FAILED: ./habit world_5_5 -seed 1 -pi 100 -k 100 -slx 3 -sly -1 -pr 25
FAILED: ./habit world_18_4 -seed 1 -pi 100 -k 100 -slx -6 -sly 6 -pr 25
FAILED: ./habit world_4_5 -seed 1 -pi 100 -k 100 -slx 1 -sly 1 -pr 25
FAILED: ./habit world_17_4 -seed 1 -pi 100 -k 100 -slx 5 -sly 6 -pr 25
FAILED: ./habit world_9_5 -seed 1 -pi 100 -k 100 -slx -7 -sly 7 -pr 25
FAILED: ./habit world_10_5 -seed 1 -pi 100 -k 100 -slx -7 -sly 7 -pr 25
FAILED: ./habit world_0_5 -seed 1 -pi 100 -k 100 -slx 7 -sly -2 -pr 25
FAILED: ./habit world_7_5 -seed 1 -pi 100 -k 100 -slx -4 -sly -1 -pr 25
FAILED: ./habit world_2_5 -seed 1 -pi 100 -k 100 -slx 6 -sly -7 -pr 25
FAILED: ./habit world_3_5 -seed 1 -pi 100 -k 100 -slx 7 -sly -3 -pr 25
FAILED: ./habit world_11_5 -seed 1 -pi 100 -k 100 -slx -7 -sly 7 -pr 25
FAILED: ./habit world_1_5 -seed 1 -pi 100 -k 100 -slx 6 -sly -5 -pr 25
FAILED: ./habit world_6_5 -seed 1 -pi 100 -k 100 -slx 4 -sly 6 -pr 25
FAILED: ./habit world_8_5 -seed 1 -pi 100 -k 100 -slx 3 -sly -2 -pr 25
FAILED: ./habit world_19_4 -seed 1 -pi 100 -k 100 -slx -1 -sly -7 -pr 25
FAILED: ./habit world_5_5 -seed 1 -pi 100 -k 100 -slx 0 -sly -4 -pr 25
FAILED: ./habit world_12_5 -seed 1 -pi 100 -k 100 -slx -7 -sly 7 -pr 25
FAILED: ./habit world_4_5 -seed 1 -pi 100 -k 100 -slx -3 -sly -6 -pr 25
FAILED: ./habit world_7_5 -seed 1 -pi 100 -k 100 -slx -6 -sly -1 -pr 25
FAILED: ./habit world_9_5 -seed 1 -pi 100 -k 100 -slx 4 -sly 3 -pr 25
FAILED: ./habit world_0_5 -seed 1 -pi 100 -k 100 -slx -1 -sly 3 -pr 25
FAILED: ./habit world_10_5 -seed 1 -pi 100 -k 100 -slx -4 -sly -1 -pr 25
FAILED: ./habit world_6_5 -seed 1 -pi 100 -k 100 -slx 3 -sly 3 -pr 25
FAILED: ./habit world_3_5 -seed 1 -pi 100 -k 100 -slx -6 -sly 6 -pr 25
FAILED: ./habit world_2_5 -seed 1 -pi 100 -k 100 -slx 5 -sly -4 -pr 25
FAILED: ./habit world_1_5 -seed 1 -pi 100 -k 100 -slx -4 -sly -1 -pr 25
FAILED: ./habit world_13_5 -seed 1 -pi 100 -k 100 -slx -7 -sly 7 -pr 25
FAILED: ./habit world_11_5 -seed 1 -pi 100 -k 100 -slx 7 -sly -1 -pr 25
FAILED: ./habit world_8_5 -seed 1 -pi 100 -k 100 -slx 5 -sly 2 -pr 25
FAILED: ./habit world_5_5 -seed 1 -pi 100 -k 100 -slx 5 -sly -2 -pr 25
FAILED: ./habit world_12_5 -seed 1 -pi 100 -k 100 -slx -7 -sly 5 -pr 25
FAILED: ./habit world_14_5 -seed 1 -pi 100 -k 100 -slx -7 -sly 7 -pr 25
FAILED: ./habit world_7_5 -seed 1 -pi 100 -k 100 -slx -7 -sly -7 -pr 25
FAILED: ./habit world_6_5 -seed 1 -pi 100 -k 100 -slx 6 -sly 6 -pr 25
FAILED: ./habit world_10_5 -seed 1 -pi 100 -k 100 -slx -6 -sly -5 -pr 25
FAILED: ./habit world_15_5 -seed 1 -pi 100 -k 100 -slx -7 -sly 7 -pr 25
FAILED: ./habit world_4_5 -seed 1 -pi 100 -k 100 -slx 5 -sly -7 -pr 25
FAILED: ./habit world_9_5 -seed 1 -pi 100 -k 100 -slx 3 -sly -7 -pr 25
FAILED: ./habit world_3_5 -seed 1 -pi 100 -k 100 -slx 6 -sly -2 -pr 25
FAILED: ./habit world_13_5 -seed 1 -pi 100 -k 100 -slx -5 -sly 6 -pr 25
FAILED: ./habit world_11_5 -seed 1 -pi 100 -k 100 -slx 5 -sly -7 -pr 25
FAILED: ./habit world_2_5 -seed 1 -pi 100 -k 100 -slx 2 -sly 1 -pr 25
FAILED: ./habit world_8_5 -seed 1 -pi 100 -k 100 -slx 6 -sly 0 -pr 25
FAILED: ./habit world_12_5 -seed 1 -pi 100 -k 100 -slx 5 -sly 4 -pr 25
FAILED: ./habit world_5_5 -seed 1 -pi 100 -k 100 -slx 4 -sly 7 -pr 25
FAILED: ./habit world_16_5 -seed 1 -pi 100 -k 100 -slx -7 -sly 7 -pr 25
FAILED: ./habit world_7_5 -seed 1 -pi 100 -k 100 -slx -5 -sly -2 -pr 25
FAILED: ./habit world_14_5 -seed 1 -pi 100 -k 100 -slx 6 -sly 7 -pr 25
FAILED: ./habit world_15_5 -seed 1 -pi 100 -k 100 -slx 1 -sly 0 -pr 25
FAILED: ./habit world_4_5 -seed 1 -pi 100 -k 100 -slx 5 -sly 6 -pr 25
FAILED: ./habit world_17_5 -seed 1 -pi 100 -k 100 -slx -7 -sly 7 -pr 25
FAILED: ./habit world_10_5 -seed 1 -pi 100 -k 100 -slx -6 -sly 4 -pr 25
FAILED: ./habit world_9_5 -seed 1 -pi 100 -k 100 -slx -3 -sly -4 -pr 25
FAILED: ./habit world_18_5 -seed 1 -pi 100 -k 100 -slx -7 -sly 7 -pr 25
FAILED: ./habit world_13_5 -seed 1 -pi 100 -k 100 -slx -5 -sly -7 -pr 25
FAILED: ./habit world_11_5 -seed 1 -pi 100 -k 100 -slx 5 -sly 0 -pr 25
FAILED: ./habit world_8_5 -seed 1 -pi 100 -k 100 -slx -6 -sly 4 -pr 25
FAILED: ./habit world_12_5 -seed 1 -pi 100 -k 100 -slx -7 -sly -2 -pr 25
FAILED: ./habit world_16_5 -seed 1 -pi 100 -k 100 -slx -6 -sly 2 -pr 25
FAILED: ./habit world_19_5 -seed 1 -pi 100 -k 100 -slx -7 -sly 7 -pr 25
FAILED: ./habit world_14_5 -seed 1 -pi 100 -k 100 -slx -1 -sly -7 -pr 25
FAILED: ./habit world_15_5 -seed 1 -pi 100 -k 100 -slx 7 -sly 7 -pr 25
FAILED: ./habit world_0_6 -seed 1 -pi 100 -k 100 -slx -7 -sly 7 -pr 25
FAILED: ./habit world_17_5 -seed 1 -pi 100 -k 100 -slx 1 -sly -3 -pr 25
FAILED: ./habit world_18_5 -seed 1 -pi 100 -k 100 -slx 7 -sly -1 -pr 25
FAILED: ./habit world_10_5 -seed 1 -pi 100 -k 100 -slx -4 -sly -7 -pr 25
FAILED: ./habit world_11_5 -seed 1 -pi 100 -k 100 -slx 2 -sly -7 -pr 25
FAILED: ./habit world_1_6 -seed 1 -pi 100 -k 100 -slx -7 -sly 7 -pr 25
FAILED: ./habit world_9_5 -seed 1 -pi 100 -k 100 -slx -7 -sly -1 -pr 25
FAILED: ./habit world_12_5 -seed 1 -pi 100 -k 100 -slx -6 -sly 4 -pr 25
FAILED: ./habit world_13_5 -seed 1 -pi 100 -k 100 -slx -7 -sly -7 -pr 25
FAILED: ./habit world_2_6 -seed 1 -pi 100 -k 100 -slx -7 -sly 7 -pr 25
FAILED: ./habit world_16_5 -seed 1 -pi 100 -k 100 -slx -4 -sly -2 -pr 25
FAILED: ./habit world_19_5 -seed 1 -pi 100 -k 100 -slx 1 -sly -6 -pr 25
FAILED: ./habit world_14_5 -seed 1 -pi 100 -k 100 -slx -6 -sly -1 -pr 25
FAILED: ./habit world_15_5 -seed 1 -pi 100 -k 100 -slx -7 -sly 6 -pr 25
FAILED: ./habit world_3_6 -seed 1 -pi 100 -k 100 -slx -7 -sly 7 -pr 25
FAILED: ./habit world_17_5 -seed 1 -pi 100 -k 100 -slx -5 -sly 6 -pr 25
FAILED: ./habit world_0_6 -seed 1 -pi 100 -k 100 -slx 7 -sly 6 -pr 25
FAILED: ./habit world_18_5 -seed 1 -pi 100 -k 100 -slx 6 -sly 0 -pr 25
FAILED: ./habit world_4_6 -seed 1 -pi 100 -k 100 -slx -7 -sly 7 -pr 25
FAILED: ./habit world_2_6 -seed 1 -pi 100 -k 100 -slx -6 -sly 2 -pr 25
FAILED: ./habit world_13_5 -seed 1 -pi 100 -k 100 -slx 4 -sly 6 -pr 25
FAILED: ./habit world_1_6 -seed 1 -pi 100 -k 100 -slx -5 -sly -6 -pr 25
FAILED: ./habit world_16_5 -seed 1 -pi 100 -k 100 -slx -3 -sly -3 -pr 25
FAILED: ./habit world_19_5 -seed 1 -pi 100 -k 100 -slx 5 -sly -7 -pr 25
FAILED: ./habit world_14_5 -seed 1 -pi 100 -k 100 -slx 7 -sly 6 -pr 25
FAILED: ./habit world_15_5 -seed 1 -pi 100 -k 100 -slx -4 -sly 1 -pr 25
FAILED: ./habit world_5_6 -seed 1 -pi 100 -k 100 -slx -7 -sly 7 -pr 25
FAILED: ./habit world_3_6 -seed 1 -pi 100 -k 100 -slx -7 -sly 4 -pr 25
FAILED: ./habit world_17_5 -seed 1 -pi 100 -k 100 -slx -7 -sly -6 -pr 25
FAILED: ./habit world_4_6 -seed 1 -pi 100 -k 100 -slx 3 -sly 1 -pr 25
FAILED: ./habit world_0_6 -seed 1 -pi 100 -k 100 -slx 0 -sly -2 -pr 25
FAILED: ./habit world_6_6 -seed 1 -pi 100 -k 100 -slx -7 -sly 7 -pr 25
FAILED: ./habit world_18_5 -seed 1 -pi 100 -k 100 -slx -7 -sly 0 -pr 25
FAILED: ./habit world_2_6 -seed 1 -pi 100 -k 100 -slx 6 -sly -7 -pr 25
FAILED: ./habit world_7_6 -seed 1 -pi 100 -k 100 -slx -7 -sly 7 -pr 25
FAILED: ./habit world_1_6 -seed 1 -pi 100 -k 100 -slx 2 -sly 0 -pr 25
FAILED: ./habit world_16_5 -seed 1 -pi 100 -k 100 -slx 2 -sly -7 -pr 25
FAILED: ./habit world_8_6 -seed 1 -pi 100 -k 100 -slx -7 -sly 7 -pr 25
FAILED: ./habit world_19_5 -seed 1 -pi 100 -k 100 -slx 7 -sly 1 -pr 25
FAILED: ./habit world_4_6 -seed 1 -pi 100 -k 100 -slx 7 -sly 7 -pr 25
FAILED: ./habit world_3_6 -seed 1 -pi 100 -k 100 -slx -5 -sly 5 -pr 25
FAILED: ./habit world_17_5 -seed 1 -pi 100 -k 100 -slx 5 -sly 6 -pr 25
FAILED: ./habit world_5_6 -seed 1 -pi 100 -k 100 -slx 4 -sly 4 -pr 25
FAILED: ./habit world_2_6 -seed 1 -pi 100 -k 100 -slx 5 -sly -4 -pr 25
FAILED: ./habit world_18_5 -seed 1 -pi 100 -k 100 -slx -6 -sly 6 -pr 25
FAILED: ./habit world_0_6 -seed 1 -pi 100 -k 100 -slx 7 -sly -2 -pr 25
FAILED: ./habit world_7_6 -seed 1 -pi 100 -k 100 -slx 7 -sly 7 -pr 25
FAILED: ./habit world_6_6 -seed 1 -pi 100 -k 100 -slx 0 -sly -4 -pr 25
FAILED: ./habit world_9_6 -seed 1 -pi 100 -k 100 -slx -7 -sly 7 -pr 25
FAILED: ./habit world_4_6 -seed 1 -pi 100 -k 100 -slx 6 -sly 2 -pr 25
FAILED: ./habit world_8_6 -seed 1 -pi 100 -k 100 -slx 3 -sly -2 -pr 25
FAILED: ./habit world_10_6 -seed 1 -pi 100 -k 100 -slx -7 -sly 7 -pr 25
FAILED: ./habit world_1_6 -seed 1 -pi 100 -k 100 -slx -6 -sly 0 -pr 25
FAILED: ./habit world_3_6 -seed 1 -pi 100 -k 100 -slx -6 -sly 6 -pr 25
FAILED: ./habit world_19_5 -seed 1 -pi 100 -k 100 -slx -1 -sly -7 -pr 25
FAILED: ./habit world_7_6 -seed 1 -pi 100 -k 100 -slx 3 -sly 6 -pr 25
FAILED: ./habit world_2_6 -seed 1 -pi 100 -k 100 -slx 2 -sly 1 -pr 25
FAILED: ./habit world_5_6 -seed 1 -pi 100 -k 100 -slx 7 -sly 5 -pr 25
FAILED: ./habit world_0_6 -seed 1 -pi 100 -k 100 -slx -1 -sly 3 -pr 25
FAILED: ./habit world_11_6 -seed 1 -pi 100 -k 100 -slx -7 -sly 7 -pr 25
FAILED: ./habit world_6_6 -seed 1 -pi 100 -k 100 -slx 4 -sly 6 -pr 25
FAILED: ./habit world_12_6 -seed 1 -pi 100 -k 100 -slx -7 -sly 7 -pr 25
FAILED: ./habit world_9_6 -seed 1 -pi 100 -k 100 -slx 4 -sly 3 -pr 25
FAILED: ./habit world_4_6 -seed 1 -pi 100 -k 100 -slx 5 -sly 4 -pr 25
FAILED: ./habit world_8_6 -seed 1 -pi 100 -k 100 -slx 5 -sly 2 -pr 25
FAILED: ./habit world_10_6 -seed 1 -pi 100 -k 100 -slx -4 -sly -1 -pr 25
FAILED: ./habit world_7_6 -seed 1 -pi 100 -k 100 -slx -2 -sly 2 -pr 25
FAILED: ./habit world_13_6 -seed 1 -pi 100 -k 100 -slx -7 -sly 7 -pr 25
FAILED: ./habit world_1_6 -seed 1 -pi 100 -k 100 -slx -6 -sly -5 -pr 25
FAILED: ./habit world_3_6 -seed 1 -pi 100 -k 100 -slx 6 -sly -2 -pr 25
FAILED: ./habit world_11_6 -seed 1 -pi 100 -k 100 -slx 7 -sly -1 -pr 25
FAILED: ./habit world_5_6 -seed 1 -pi 100 -k 100 -slx -6 -sly -5 -pr 25
FAILED: ./habit world_12_6 -seed 1 -pi 100 -k 100 -slx 2 -sly -6 -pr 25
FAILED: ./habit world_6_6 -seed 1 -pi 100 -k 100 -slx 3 -sly 3 -pr 25
FAILED: ./habit world_9_6 -seed 1 -pi 100 -k 100 -slx 3 -sly -7 -pr 25
FAILED: ./habit world_14_6 -seed 1 -pi 100 -k 100 -slx -7 -sly 7 -pr 25
FAILED: ./habit world_8_6 -seed 1 -pi 100 -k 100 -slx 6 -sly 0 -pr 25
FAILED: ./habit world_15_6 -seed 1 -pi 100 -k 100 -slx -7 -sly 7 -pr 25
FAILED: ./habit world_10_6 -seed 1 -pi 100 -k 100 -slx -6 -sly -5 -pr 25
FAILED: ./habit world_7_6 -seed 1 -pi 100 -k 100 -slx 4 -sly 3 -pr 25
FAILED: ./habit world_16_6 -seed 1 -pi 100 -k 100 -slx -7 -sly 7 -pr 25
FAILED: ./habit world_13_6 -seed 1 -pi 100 -k 100 -slx -5 -sly 6 -pr 25
FAILED: ./habit world_11_6 -seed 1 -pi 100 -k 100 -slx 5 -sly -7 -pr 25
FAILED: ./habit world_17_6 -seed 1 -pi 100 -k 100 -slx -7 -sly 7 -pr 25
FAILED: ./habit world_12_6 -seed 1 -pi 100 -k 100 -slx 5 -sly 4 -pr 25
FAILED: ./habit world_5_6 -seed 1 -pi 100 -k 100 -slx 5 -sly 7 -pr 25
FAILED: ./habit world_8_6 -seed 1 -pi 100 -k 100 -slx -6 -sly 4 -pr 25
FAILED: ./habit world_9_6 -seed 1 -pi 100 -k 100 -slx -3 -sly -4 -pr 25
FAILED: ./habit world_6_6 -seed 1 -pi 100 -k 100 -slx 6 -sly 6 -pr 25
FAILED: ./habit world_15_6 -seed 1 -pi 100 -k 100 -slx 1 -sly 0 -pr 25
FAILED: ./habit world_14_6 -seed 1 -pi 100 -k 100 -slx 6 -sly 7 -pr 25
FAILED: ./habit world_10_6 -seed 1 -pi 100 -k 100 -slx 3 -sly -7 -pr 25
FAILED: ./habit world_18_6 -seed 1 -pi 100 -k 100 -slx -7 -sly 7 -pr 25
FAILED: ./habit world_16_6 -seed 1 -pi 100 -k 100 -slx -6 -sly 2 -pr 25
FAILED: ./habit world_13_6 -seed 1 -pi 100 -k 100 -slx -5 -sly -7 -pr 25
FAILED: ./habit world_11_6 -seed 1 -pi 100 -k 100 -slx 5 -sly 0 -pr 25
FAILED: ./habit world_12_6 -seed 1 -pi 100 -k 100 -slx 1 -sly 3 -pr 25
FAILED: ./habit world_19_6 -seed 1 -pi 100 -k 100 -slx -7 -sly 7 -pr 25
FAILED: ./habit world_9_6 -seed 1 -pi 100 -k 100 -slx -7 -sly -1 -pr 25
FAILED: ./habit world_17_6 -seed 1 -pi 100 -k 100 -slx 1 -sly -3 -pr 25
FAILED: ./habit world_15_6 -seed 1 -pi 100 -k 100 -slx 7 -sly 6 -pr 25
FAILED: ./habit world_10_6 -seed 1 -pi 100 -k 100 -slx 2 -sly -7 -pr 25
FAILED: ./habit world_14_6 -seed 1 -pi 100 -k 100 -slx -1 -sly -7 -pr 25
FAILED: ./habit world_18_6 -seed 1 -pi 100 -k 100 -slx -5 -sly 7 -pr 25
FAILED: ./habit world_16_6 -seed 1 -pi 100 -k 100 -slx -4 -sly -2 -pr 25
FAILED: ./habit world_0_7 -seed 1 -pi 100 -k 100 -slx -7 -sly 7 -pr 25
FAILED: ./habit world_11_6 -seed 1 -pi 100 -k 100 -slx 2 -sly -7 -pr 25
FAILED: ./habit world_12_6 -seed 1 -pi 100 -k 100 -slx -7 -sly -6 -pr 25
FAILED: ./habit world_13_6 -seed 1 -pi 100 -k 100 -slx -7 -sly -7 -pr 25
FAILED: ./habit world_1_7 -seed 1 -pi 100 -k 100 -slx -7 -sly 7 -pr 25
FAILED: ./habit world_15_6 -seed 1 -pi 100 -k 100 -slx -7 -sly 6 -pr 25
FAILED: ./habit world_19_6 -seed 1 -pi 100 -k 100 -slx 1 -sly -6 -pr 25
FAILED: ./habit world_2_7 -seed 1 -pi 100 -k 100 -slx 7 -sly -6 -pr 25
FAILED: ./habit world_17_6 -seed 1 -pi 100 -k 100 -slx -5 -sly 6 -pr 25
FAILED: ./habit world_18_6 -seed 1 -pi 100 -k 100 -slx 5 -sly 7 -pr 25
FAILED: ./habit world_16_6 -seed 1 -pi 100 -k 100 -slx -3 -sly -3 -pr 25
FAILED: ./habit world_0_7 -seed 1 -pi 100 -k 100 -slx -5 -sly -2 -pr 25
FAILED: ./habit world_14_6 -seed 1 -pi 100 -k 100 -slx -6 -sly -1 -pr 25
FAILED: ./habit world_3_7 -seed 1 -pi 100 -k 100 -slx -7 -sly 7 -pr 25
FAILED: ./habit world_15_6 -seed 1 -pi 100 -k 100 -slx -4 -sly 1 -pr 25
FAILED: ./habit world_4_7 -seed 1 -pi 100 -k 100 -slx -7 -sly 7 -pr 25
FAILED: ./habit world_2_7 -seed 1 -pi 100 -k 100 -slx 7 -sly -6 -pr 25
FAILED: ./habit world_13_6 -seed 1 -pi 100 -k 100 -slx 4 -sly 6 -pr 25
FAILED: ./habit world_19_6 -seed 1 -pi 100 -k 100 -slx 7 -sly 7 -pr 25
FAILED: ./habit world_1_7 -seed 1 -pi 100 -k 100 -slx 7 -sly 7 -pr 25
FAILED: ./habit world_5_7 -seed 1 -pi 100 -k 100 -slx -7 -sly 7 -pr 25
FAILED: ./habit world_17_6 -seed 1 -pi 100 -k 100 -slx -7 -sly -6 -pr 25
FAILED: ./habit world_16_6 -seed 1 -pi 100 -k 100 -slx 2 -sly -7 -pr 25
FAILED: ./habit world_18_6 -seed 1 -pi 100 -k 100 -slx -7 -sly 2 -pr 25
FAILED: ./habit world_0_7 -seed 1 -pi 100 -k 100 -slx 6 -sly 7 -pr 25
FAILED: ./habit world_6_7 -seed 1 -pi 100 -k 100 -slx -7 -sly 7 -pr 25
FAILED: ./habit world_3_7 -seed 1 -pi 100 -k 100 -slx -7 -sly -7 -pr 25
FAILED: ./habit world_14_6 -seed 1 -pi 100 -k 100 -slx 7 -sly 6 -pr 25
FAILED: ./habit world_2_7 -seed 1 -pi 100 -k 100 -slx -5 -sly -5 -pr 25
FAILED: ./habit world_7_7 -seed 1 -pi 100 -k 100 -slx -7 -sly 7 -pr 25
FAILED: ./habit world_4_7 -seed 1 -pi 100 -k 100 -slx 7 -sly -5 -pr 25
FAILED: ./habit world_19_6 -seed 1 -pi 100 -k 100 -slx 7 -sly 1 -pr 25
FAILED: ./habit world_5_7 -seed 1 -pi 100 -k 100 -slx -1 -sly 2 -pr 25
FAILED: ./habit world_1_7 -seed 1 -pi 100 -k 100 -slx 7 -sly -7 -pr 25
FAILED: ./habit world_17_6 -seed 1 -pi 100 -k 100 -slx 5 -sly 6 -pr 25
FAILED: ./habit world_18_6 -seed 1 -pi 100 -k 100 -slx -6 -sly 6 -pr 25
FAILED: ./habit world_8_7 -seed 1 -pi 100 -k 100 -slx -7 -sly 7 -pr 25
FAILED: ./habit world_2_7 -seed 1 -pi 100 -k 100 -slx 3 -sly 3 -pr 25
FAILED: ./habit world_6_7 -seed 1 -pi 100 -k 100 -slx 7 -sly 5 -pr 25
FAILED: ./habit world_0_7 -seed 1 -pi 100 -k 100 -slx -4 -sly 4 -pr 25
FAILED: ./habit world_3_7 -seed 1 -pi 100 -k 100 -slx -2 -sly 5 -pr 25
FAILED: ./habit world_9_7 -seed 1 -pi 100 -k 100 -slx -7 -sly 7 -pr 25
FAILED: ./habit world_7_7 -seed 1 -pi 100 -k 100 -slx -4 -sly 7 -pr 25
FAILED: ./habit world_5_7 -seed 1 -pi 100 -k 100 -slx 7 -sly -3 -pr 25
FAILED: ./habit world_4_7 -seed 1 -pi 100 -k 100 -slx 7 -sly 0 -pr 25
FAILED: ./habit world_19_6 -seed 1 -pi 100 -k 100 -slx -1 -sly -7 -pr 25
FAILED: ./habit world_9_7 -seed 1 -pi 100 -k 100 -slx 1 -sly -12 -pr 25
FAILED: ./habit world_1_7 -seed 1 -pi 100 -k 100 -slx 5 -sly 1 -pr 25
FAILED: ./habit world_10_7 -seed 1 -pi 100 -k 100 -slx -7 -sly 7 -pr 25
FAILED: ./habit world_2_7 -seed 1 -pi 100 -k 100 -slx -7 -sly 0 -pr 25
FAILED: ./habit world_8_7 -seed 1 -pi 100 -k 100 -slx -1 -sly 5 -pr 25
FAILED: ./habit world_3_7 -seed 1 -pi 100 -k 100 -slx -3 -sly -5 -pr 25
FAILED: ./habit world_6_7 -seed 1 -pi 100 -k 100 -slx 3 -sly 0 -pr 25
FAILED: ./habit world_0_7 -seed 1 -pi 100 -k 100 -slx 7 -sly 0 -pr 25
FAILED: ./habit world_11_7 -seed 1 -pi 100 -k 100 -slx -7 -sly 7 -pr 25
FAILED: ./habit world_7_7 -seed 1 -pi 100 -k 100 -slx 5 -sly 2 -pr 25
FAILED: ./habit world_5_7 -seed 1 -pi 100 -k 100 -slx -7 -sly 0 -pr 25
FAILED: ./habit world_4_7 -seed 1 -pi 100 -k 100 -slx -7 -sly 3 -pr 25
FAILED: ./habit world_10_7 -seed 1 -pi 100 -k 100 -slx -2 -sly 1 -pr 25
FAILED: ./habit world_13_7 -seed 1 -pi 100 -k 100 -slx -7 -sly 7 -pr 25
FAILED: ./habit world_1_7 -seed 1 -pi 100 -k 100 -slx 4 -sly 0 -pr 25
FAILED: ./habit world_12_7 -seed 1 -pi 100 -k 100 -slx -7 -sly 7 -pr 25
FAILED: ./habit world_6_7 -seed 1 -pi 100 -k 100 -slx 0 -sly 1 -pr 25
FAILED: ./habit world_8_7 -seed 1 -pi 100 -k 100 -slx 7 -sly 4 -pr 25
FAILED: ./habit world_11_7 -seed 1 -pi 100 -k 100 -slx -3 -sly -7 -pr 25
FAILED: ./habit world_3_7 -seed 1 -pi 100 -k 100 -slx -6 -sly 5 -pr 25
FAILED: ./habit world_7_7 -seed 1 -pi 100 -k 100 -slx -6 -sly -2 -pr 25
FAILED: ./habit world_5_7 -seed 1 -pi 100 -k 100 -slx -5 -sly 4 -pr 25
FAILED: ./habit world_13_7 -seed 1 -pi 100 -k 100 -slx -1 -sly -7 -pr 25
FAILED: ./habit world_9_7 -seed 1 -pi 100 -k 100 -slx -1 -sly 4 -pr 25
FAILED: ./habit world_14_7 -seed 1 -pi 100 -k 100 -slx -7 -sly 7 -pr 25
FAILED: ./habit world_10_7 -seed 1 -pi 100 -k 100 -slx -4 -sly -2 -pr 25
FAILED: ./habit world_15_7 -seed 1 -pi 100 -k 100 -slx -7 -sly 7 -pr 25
FAILED: ./habit world_4_7 -seed 1 -pi 100 -k 100 -slx -2 -sly 2 -pr 25
FAILED: ./habit world_6_7 -seed 1 -pi 100 -k 100 -slx 6 -sly 6 -pr 25
FAILED: ./habit world_12_7 -seed 1 -pi 100 -k 100 -slx -1 -sly -7 -pr 25
FAILED: ./habit world_11_7 -seed 1 -pi 100 -k 100 -slx 0 -sly -4 -pr 25
FAILED: ./habit world_8_7 -seed 1 -pi 100 -k 100 -slx 4 -sly 4 -pr 25
FAILED: ./habit world_16_7 -seed 1 -pi 100 -k 100 -slx -7 -sly 7 -pr 25
FAILED: ./habit world_13_7 -seed 1 -pi 100 -k 100 -slx 2 -sly -7 -pr 25
FAILED: ./habit world_7_7 -seed 1 -pi 100 -k 100 -slx -3 -sly 0 -pr 25
FAILED: ./habit world_17_7 -seed 1 -pi 100 -k 100 -slx -7 -sly 7 -pr 25
FAILED: ./habit world_9_7 -seed 1 -pi 100 -k 100 -slx -4 -sly 1 -pr 25
FAILED: ./habit world_10_7 -seed 1 -pi 100 -k 100 -slx -7 -sly -4 -pr 25
FAILED: ./habit world_14_7 -seed 1 -pi 100 -k 100 -slx -2 -sly 1 -pr 25
FAILED: ./habit world_15_7 -seed 1 -pi 100 -k 100 -slx 1 -sly 4 -pr 25
FAILED: ./habit world_11_7 -seed 1 -pi 100 -k 100 -slx -1 -sly 6 -pr 25
FAILED: ./habit world_18_7 -seed 1 -pi 100 -k 100 -slx -7 -sly 7 -pr 25
FAILED: ./habit world_13_7 -seed 1 -pi 100 -k 100 -slx 4 -sly 5 -pr 25
FAILED: ./habit world_0_8 -seed 1 -pi 100 -k 100 -slx -7 -sly 7 -pr 25
FAILED: ./habit world_19_7 -seed 1 -pi 100 -k 100 -slx -7 -sly 7 -pr 25
FAILED: ./habit world_12_7 -seed 1 -pi 100 -k 100 -slx 7 -sly 7 -pr 25
FAILED: ./habit world_8_7 -seed 1 -pi 100 -k 100 -slx -1 -sly -6 -pr 25
FAILED: ./habit world_16_7 -seed 1 -pi 100 -k 100 -slx 6 -sly -4 -pr 25
FAILED: ./habit world_10_7 -seed 1 -pi 100 -k 100 -slx -7 -sly 2 -pr 25
FAILED: ./habit world_17_7 -seed 1 -pi 100 -k 100 -slx -5 -sly 0 -pr 25
FAILED: ./habit world_15_7 -seed 1 -pi 100 -k 100 -slx 3 -sly -7 -pr 25
FAILED: ./habit world_1_8 -seed 1 -pi 100 -k 100 -slx -7 -sly 7 -pr 25
FAILED: ./habit world_11_7 -seed 1 -pi 100 -k 100 -slx -1 -sly 1 -pr 25
FAILED: ./habit world_0_8 -seed 1 -pi 100 -k 100 -slx -5 -sly -2 -pr 25
FAILED: ./habit world_14_7 -seed 1 -pi 100 -k 100 -slx 3 -sly -3 -pr 25
FAILED: ./habit world_13_7 -seed 1 -pi 100 -k 100 -slx 1 -sly 2 -pr 25
FAILED: ./habit world_2_8 -seed 1 -pi 100 -k 100 -slx -7 -sly 7 -pr 25
FAILED: ./habit world_18_7 -seed 1 -pi 100 -k 100 -slx 3 -sly 0 -pr 25
FAILED: ./habit world_19_7 -seed 1 -pi 100 -k 100 -slx -2 -sly 0 -pr 25
FAILED: ./habit world_3_8 -seed 1 -pi 100 -k 100 -slx -7 -sly 7 -pr 25
FAILED: ./habit world_16_7 -seed 1 -pi 100 -k 100 -slx -1 -sly 1 -pr 25
FAILED: ./habit world_12_7 -seed 1 -pi 100 -k 100 -slx 4 -sly 3 -pr 25
FAILED: ./habit world_0_8 -seed 1 -pi 100 -k 100 -slx 6 -sly 7 -pr 25
FAILED: ./habit world_4_8 -seed 1 -pi 100 -k 100 -slx -7 -sly 7 -pr 25
FAILED: ./habit world_17_7 -seed 1 -pi 100 -k 100 -slx -3 -sly -7 -pr 25
FAILED: ./habit world_15_7 -seed 1 -pi 100 -k 100 -slx 1 -sly -1 -pr 25
FAILED: ./habit world_1_8 -seed 1 -pi 100 -k 100 -slx 7 -sly 7 -pr 25
FAILED: ./habit world_2_8 -seed 1 -pi 100 -k 100 -slx 7 -sly -6 -pr 25
FAILED: ./habit world_3_8 -seed 1 -pi 100 -k 100 -slx -7 -sly -7 -pr 25
FAILED: ./habit world_14_7 -seed 1 -pi 100 -k 100 -slx -1 -sly -7 -pr 25
FAILED: ./habit world_19_7 -seed 1 -pi 100 -k 100 -slx -7 -sly 5 -pr 25
FAILED: ./habit world_5_8 -seed 1 -pi 100 -k 100 -slx -7 -sly 7 -pr 25
FAILED: ./habit world_18_7 -seed 1 -pi 100 -k 100 -slx -5 -sly 0 -pr 25
FAILED: ./habit world_0_8 -seed 1 -pi 100 -k 100 -slx -4 -sly 4 -pr 25
FAILED: ./habit world_4_8 -seed 1 -pi 100 -k 100 -slx 7 -sly -5 -pr 25
FAILED: ./habit world_16_7 -seed 1 -pi 100 -k 100 -slx 2 -sly 6 -pr 25
FAILED: ./habit world_6_8 -seed 1 -pi 100 -k 100 -slx -7 -sly 7 -pr 25
FAILED: ./habit world_17_7 -seed 1 -pi 100 -k 100 -slx -5 -sly -4 -pr 25
FAILED: ./habit world_1_8 -seed 1 -pi 100 -k 100 -slx 7 -sly -7 -pr 25
FAILED: ./habit world_2_8 -seed 1 -pi 100 -k 100 -slx -5 -sly -5 -pr 25
FAILED: ./habit world_15_7 -seed 1 -pi 100 -k 100 -slx 3 -sly 7 -pr 25
FAILED: ./habit world_12_7 -seed 1 -pi 100 -k 100 -slx 4 -sly 7 -pr 25
FAILED: ./habit world_3_8 -seed 1 -pi 100 -k 100 -slx -2 -sly 5 -pr 25
FAILED: ./habit world_7_8 -seed 1 -pi 100 -k 100 -slx -7 -sly 7 -pr 25
FAILED: ./habit world_4_8 -seed 1 -pi 100 -k 100 -slx 7 -sly 0 -pr 25
FAILED: ./habit world_0_8 -seed 1 -pi 100 -k 100 -slx 7 -sly 0 -pr 25
FAILED: ./habit world_5_8 -seed 1 -pi 100 -k 100 -slx -5 -sly 4 -pr 25
FAILED: ./habit world_19_7 -seed 1 -pi 100 -k 100 -slx 6 -sly 6 -pr 25
FAILED: ./habit world_6_8 -seed 1 -pi 100 -k 100 -slx 7 -sly 5 -pr 25
FAILED: ./habit world_14_7 -seed 1 -pi 100 -k 100 -slx 3 -sly 7 -pr 25
FAILED: ./habit world_18_7 -seed 1 -pi 100 -k 100 -slx 1 -sly 3 -pr 25
FAILED: ./habit world_1_8 -seed 1 -pi 100 -k 100 -slx 5 -sly 1 -pr 25
FAILED: ./habit world_16_7 -seed 1 -pi 100 -k 100 -slx 0 -sly -1 -pr 25
FAILED: ./habit world_2_8 -seed 1 -pi 100 -k 100 -slx 3 -sly 3 -pr 25
FAILED: ./habit world_3_8 -seed 1 -pi 100 -k 100 -slx -3 -sly -5 -pr 25
FAILED: ./habit world_8_8 -seed 1 -pi 100 -k 100 -slx -7 -sly 7 -pr 25
FAILED: ./habit world_17_7 -seed 1 -pi 100 -k 100 -slx -1 -sly -7 -pr 25
FAILED: ./habit world_4_8 -seed 1 -pi 100 -k 100 -slx -7 -sly 3 -pr 25
FAILED: ./habit world_7_8 -seed 1 -pi 100 -k 100 -slx -2 -sly 6 -pr 25
FAILED: ./habit world_5_8 -seed 1 -pi 100 -k 100 -slx -3 -sly 6 -pr 25
FAILED: ./habit world_9_8 -seed 1 -pi 100 -k 100 -slx -7 -sly 7 -pr 25
FAILED: ./habit world_6_8 -seed 1 -pi 100 -k 100 -slx 3 -sly 0 -pr 25
FAILED: ./habit world_19_7 -seed 1 -pi 100 -k 100 -slx 4 -sly 3 -pr 25
FAILED: ./habit world_3_8 -seed 1 -pi 100 -k 100 -slx -6 -sly 5 -pr 25
FAILED: ./habit world_2_8 -seed 1 -pi 100 -k 100 -slx -7 -sly 0 -pr 25
FAILED: ./habit world_8_8 -seed 1 -pi 100 -k 100 -slx -1 -sly 5 -pr 25
FAILED: ./habit world_1_8 -seed 1 -pi 100 -k 100 -slx 4 -sly 0 -pr 25
FAILED: ./habit world_4_8 -seed 1 -pi 100 -k 100 -slx -2 -sly 2 -pr 25
FAILED: ./habit world_7_8 -seed 1 -pi 100 -k 100 -slx 5 -sly 5 -pr 25
FAILED: ./habit world_10_8 -seed 1 -pi 100 -k 100 -slx -7 -sly 7 -pr 25
FAILED: ./habit world_9_8 -seed 1 -pi 100 -k 100 -slx 1 -sly 4 -pr 25
FAILED: ./habit world_18_7 -seed 1 -pi 100 -k 100 -slx -1 -sly -7 -pr 25
FAILED: ./habit world_11_8 -seed 1 -pi 100 -k 100 -slx -7 -sly 7 -pr 25
FAILED: ./habit world_5_8 -seed 1 -pi 100 -k 100 -slx -2 -sly 2 -pr 25
FAILED: ./habit world_6_8 -seed 1 -pi 100 -k 100 -slx 0 -sly 1 -pr 25
FAILED: ./habit world_8_8 -seed 1 -pi 100 -k 100 -slx 7 -sly 4 -pr 25
FAILED: ./habit world_9_8 -seed 1 -pi 100 -k 100 -slx -7 -sly 5 -pr 25
FAILED: ./habit world_12_8 -seed 1 -pi 100 -k 100 -slx -7 -sly 7 -pr 25
FAILED: ./habit world_7_8 -seed 1 -pi 100 -k 100 -slx 0 -sly -1 -pr 25
FAILED: ./habit world_10_8 -seed 1 -pi 100 -k 100 -slx -2 -sly 1 -pr 25
FAILED: ./habit world_11_8 -seed 1 -pi 100 -k 100 -slx -3 -sly -7 -pr 25
FAILED: ./habit world_5_8 -seed 1 -pi 100 -k 100 -slx 3 -sly 6 -pr 25
FAILED: ./habit world_6_8 -seed 1 -pi 100 -k 100 -slx 6 -sly 6 -pr 25
FAILED: ./habit world_13_8 -seed 1 -pi 100 -k 100 -slx -7 -sly 7 -pr 25
FAILED: ./habit world_8_8 -seed 1 -pi 100 -k 100 -slx 4 -sly 4 -pr 25
FAILED: ./habit world_14_8 -seed 1 -pi 100 -k 100 -slx -7 -sly 7 -pr 25
FAILED: ./habit world_9_8 -seed 1 -pi 100 -k 100 -slx -4 -sly 4 -pr 25
FAILED: ./habit world_7_8 -seed 1 -pi 100 -k 100 -slx -1 -sly -7 -pr 25
FAILED: ./habit world_12_8 -seed 1 -pi 100 -k 100 -slx -1 -sly -7 -pr 25
FAILED: ./habit world_15_8 -seed 1 -pi 100 -k 100 -slx -7 -sly 7 -pr 25
FAILED: ./habit world_11_8 -seed 1 -pi 100 -k 100 -slx 0 -sly -4 -pr 25
FAILED: ./habit world_10_8 -seed 1 -pi 100 -k 100 -slx -4 -sly -2 -pr 25
FAILED: ./habit world_8_8 -seed 1 -pi 100 -k 100 -slx -1 -sly -6 -pr 25
FAILED: ./habit world_13_8 -seed 1 -pi 100 -k 100 -slx -6 -sly 6 -pr 25
FAILED: ./habit world_14_8 -seed 1 -pi 100 -k 100 -slx -2 -sly 1 -pr 25
FAILED: ./habit world_16_8 -seed 1 -pi 100 -k 100 -slx -7 -sly 7 -pr 25
FAILED: ./habit world_9_8 -seed 1 -pi 100 -k 100 -slx -3 -sly 3 -pr 25
FAILED: ./habit world_17_8 -seed 1 -pi 100 -k 100 -slx -7 -sly 7 -pr 25
FAILED: ./habit world_11_8 -seed 1 -pi 100 -k 100 -slx -1 -sly 6 -pr 25
FAILED: ./habit world_15_8 -seed 1 -pi 100 -k 100 -slx 1 -sly 4 -pr 25
FAILED: ./habit world_12_8 -seed 1 -pi 100 -k 100 -slx 7 -sly 7 -pr 25
FAILED: ./habit world_18_8 -seed 1 -pi 100 -k 100 -slx -7 -sly 7 -pr 25
FAILED: ./habit world_10_8 -seed 1 -pi 100 -k 100 -slx -7 -sly -4 -pr 25
FAILED: ./habit world_14_8 -seed 1 -pi 100 -k 100 -slx 3 -sly -3 -pr 25
FAILED: ./habit world_19_8 -seed 1 -pi 100 -k 100 -slx -7 -sly 7 -pr 25
FAILED: ./habit world_13_8 -seed 1 -pi 100 -k 100 -slx 0 -sly 2 -pr 25
FAILED: ./habit world_17_8 -seed 1 -pi 100 -k 100 -slx -5 -sly 0 -pr 25
FAILED: ./habit world_16_8 -seed 1 -pi 100 -k 100 -slx -7 -sly 5 -pr 25
FAILED: ./habit world_11_8 -seed 1 -pi 100 -k 100 -slx -1 -sly 1 -pr 25
FAILED: ./habit world_0_9 -seed 1 -pi 100 -k 100 -slx -7 -sly 7 -pr 25
FAILED: ./habit world_15_8 -seed 1 -pi 100 -k 100 -slx 3 -sly -7 -pr 25
FAILED: ./habit world_12_8 -seed 1 -pi 100 -k 100 -slx 4 -sly 3 -pr 25
FAILED: ./habit world_1_9 -seed 1 -pi 100 -k 100 -slx -7 -sly 7 -pr 25
FAILED: ./habit world_14_8 -seed 1 -pi 100 -k 100 -slx -1 -sly -7 -pr 25
FAILED: ./habit world_18_8 -seed 1 -pi 100 -k 100 -slx -3 -sly 5 -pr 25
FAILED: ./habit world_19_8 -seed 1 -pi 100 -k 100 -slx -7 -sly -2 -pr 25
FAILED: ./habit world_10_8 -seed 1 -pi 100 -k 100 -slx -7 -sly 2 -pr 25
FAILED: ./habit world_17_8 -seed 1 -pi 100 -k 100 -slx -3 -sly -7 -pr 25
FAILED: ./habit world_0_9 -seed 1 -pi 100 -k 100 -slx -5 -sly -2 -pr 25
FAILED: ./habit world_13_8 -seed 1 -pi 100 -k 100 -slx -3 -sly 5 -pr 25
FAILED: ./habit world_16_8 -seed 1 -pi 100 -k 100 -slx -4 -sly 5 -pr 25
FAILED: ./habit world_2_9 -seed 1 -pi 100 -k 100 -slx -7 -sly 7 -pr 25
FAILED: ./habit world_3_9 -seed 1 -pi 100 -k 100 -slx -7 -sly 7 -pr 25
FAILED: ./habit world_12_8 -seed 1 -pi 100 -k 100 -slx 4 -sly 7 -pr 25
FAILED: ./habit world_1_9 -seed 1 -pi 100 -k 100 -slx 7 -sly 7 -pr 25
FAILED: ./habit world_15_8 -seed 1 -pi 100 -k 100 -slx 1 -sly -1 -pr 25
FAILED: ./habit world_14_8 -seed 1 -pi 100 -k 100 -slx 3 -sly 7 -pr 25
FAILED: ./habit world_18_8 -seed 1 -pi 100 -k 100 -slx 2 -sly 5 -pr 25
FAILED: ./habit world_19_8 -seed 1 -pi 100 -k 100 -slx -3 -sly -4 -pr 25
FAILED: ./habit world_0_9 -seed 1 -pi 100 -k 100 -slx 6 -sly 7 -pr 25
FAILED: ./habit world_17_8 -seed 1 -pi 100 -k 100 -slx -5 -sly -4 -pr 25
FAILED: ./habit world_13_8 -seed 1 -pi 100 -k 100 -slx 1 -sly 1 -pr 25
FAILED: ./habit world_2_9 -seed 1 -pi 100 -k 100 -slx 7 -sly -6 -pr 25
FAILED: ./habit world_16_8 -seed 1 -pi 100 -k 100 -slx -3 -sly 4 -pr 25
FAILED: ./habit world_4_9 -seed 1 -pi 100 -k 100 -slx -7 -sly 7 -pr 25
FAILED: ./habit world_3_9 -seed 1 -pi 100 -k 100 -slx -7 -sly -7 -pr 25
FAILED: ./habit world_1_9 -seed 1 -pi 100 -k 100 -slx 7 -sly -7 -pr 25
FAILED: ./habit world_15_8 -seed 1 -pi 100 -k 100 -slx 3 -sly 7 -pr 25
FAILED: ./habit world_19_8 -seed 1 -pi 100 -k 100 -slx -3 -sly -6 -pr 25
FAILED: ./habit world_5_9 -seed 1 -pi 100 -k 100 -slx -7 -sly 7 -pr 25
FAILED: ./habit world_0_9 -seed 1 -pi 100 -k 100 -slx -4 -sly 4 -pr 25
FAILED: ./habit world_18_8 -seed 1 -pi 100 -k 100 -slx -1 -sly 1 -pr 25
FAILED: ./habit world_17_8 -seed 1 -pi 100 -k 100 -slx -1 -sly -7 -pr 25
FAILED: ./habit world_3_9 -seed 1 -pi 100 -k 100 -slx -2 -sly 5 -pr 25
FAILED: ./habit world_2_9 -seed 1 -pi 100 -k 100 -slx -5 -sly -5 -pr 25
FAILED: ./habit world_4_9 -seed 1 -pi 100 -k 100 -slx 7 -sly -5 -pr 25
FAILED: ./habit world_1_9 -seed 1 -pi 100 -k 100 -slx 5 -sly 1 -pr 25
FAILED: ./habit world_16_8 -seed 1 -pi 100 -k 100 -slx 1 -sly 4 -pr 25
FAILED: ./habit world_0_9 -seed 1 -pi 100 -k 100 -slx 7 -sly 0 -pr 25
FAILED: ./habit world_19_8 -seed 1 -pi 100 -k 100 -slx -1 -sly -7 -pr 25
FAILED: ./habit world_5_9 -seed 1 -pi 100 -k 100 -slx -1 -sly 2 -pr 25
FAILED: ./habit world_7_9 -seed 1 -pi 100 -k 100 -slx -7 -sly 7 -pr 25
FAILED: ./habit world_18_8 -seed 1 -pi 100 -k 100 -slx 1 -sly 3 -pr 25
FAILED: ./habit world_3_9 -seed 1 -pi 100 -k 100 -slx -3 -sly -5 -pr 25
FAILED: ./habit world_2_9 -seed 1 -pi 100 -k 100 -slx 3 -sly 3 -pr 25
FAILED: ./habit world_1_9 -seed 1 -pi 100 -k 100 -slx 4 -sly 0 -pr 25
FAILED: ./habit world_8_9 -seed 1 -pi 100 -k 100 -slx -7 -sly 7 -pr 25
FAILED: ./habit world_4_9 -seed 1 -pi 100 -k 100 -slx 7 -sly 0 -pr 25
FAILED: ./habit world_9_9 -seed 1 -pi 100 -k 100 -slx -7 -sly 7 -pr 25
FAILED: ./habit world_6_9 -seed 1 -pi 100 -k 100 -slx 7 -sly 5 -pr 25
FAILED: ./habit world_5_9 -seed 1 -pi 100 -k 100 -slx 7 -sly -3 -pr 25
FAILED: ./habit world_7_9 -seed 1 -pi 100 -k 100 -slx -2 -sly 6 -pr 25
FAILED: ./habit world_9_9 -seed 1 -pi 100 -k 100 -slx 1 -sly -12 -pr 25
FAILED: ./habit world_3_9 -seed 1 -pi 100 -k 100 -slx -6 -sly 5 -pr 25
FAILED: ./habit world_10_9 -seed 1 -pi 100 -k 100 -slx -7 -sly 7 -pr 25
FAILED: ./habit world_8_9 -seed 1 -pi 100 -k 100 -slx -1 -sly 5 -pr 25
FAILED: ./habit world_2_9 -seed 1 -pi 100 -k 100 -slx -7 -sly 0 -pr 25
FAILED: ./habit world_11_9 -seed 1 -pi 100 -k 100 -slx -7 -sly 7 -pr 25
FAILED: ./habit world_4_9 -seed 1 -pi 100 -k 100 -slx -7 -sly 3 -pr 25
FAILED: ./habit world_7_9 -seed 1 -pi 100 -k 100 -slx 5 -sly 5 -pr 25
FAILED: ./habit world_5_9 -seed 1 -pi 100 -k 100 -slx -7 -sly 0 -pr 25
FAILED: ./habit world_6_9 -seed 1 -pi 100 -k 100 -slx 3 -sly 0 -pr 25
FAILED: ./habit world_12_9 -seed 1 -pi 100 -k 100 -slx -7 -sly 7 -pr 25
FAILED: ./habit world_9_9 -seed 1 -pi 100 -k 100 -slx -4 -sly 3 -pr 25
FAILED: ./habit world_8_9 -seed 1 -pi 100 -k 100 -slx 7 -sly 4 -pr 25
FAILED: ./habit world_13_9 -seed 1 -pi 100 -k 100 -slx -7 -sly 7 -pr 25
FAILED: ./habit world_11_9 -seed 1 -pi 100 -k 100 -slx -3 -sly -7 -pr 25
FAILED: ./habit world_10_9 -seed 1 -pi 100 -k 100 -slx -4 -sly 5 -pr 25
FAILED: ./habit world_4_9 -seed 1 -pi 100 -k 100 -slx -2 -sly 2 -pr 25
FAILED: ./habit world_7_9 -seed 1 -pi 100 -k 100 -slx 0 -sly -1 -pr 25
FAILED: ./habit world_14_9 -seed 1 -pi 100 -k 100 -slx -7 -sly 7 -pr 25
FAILED: ./habit world_9_9 -seed 1 -pi 100 -k 100 -slx -1 -sly 4 -pr 25
FAILED: ./habit world_6_9 -seed 1 -pi 100 -k 100 -slx 0 -sly 1 -pr 25
FAILED: ./habit world_12_9 -seed 1 -pi 100 -k 100 -slx -1 -sly -7 -pr 25
FAILED: ./habit world_5_9 -seed 1 -pi 100 -k 100 -slx -5 -sly 4 -pr 25
FAILED: ./habit world_8_9 -seed 1 -pi 100 -k 100 -slx 4 -sly 4 -pr 25
FAILED: ./habit world_13_9 -seed 1 -pi 100 -k 100 -slx -1 -sly -7 -pr 25
FAILED: ./habit world_15_9 -seed 1 -pi 100 -k 100 -slx -7 -sly 7 -pr 25
FAILED: ./habit world_11_9 -seed 1 -pi 100 -k 100 -slx 0 -sly -4 -pr 25
FAILED: ./habit world_10_9 -seed 1 -pi 100 -k 100 -slx 3 -sly 4 -pr 25
FAILED: ./habit world_16_9 -seed 1 -pi 100 -k 100 -slx -7 -sly 7 -pr 25
FAILED: ./habit world_7_9 -seed 1 -pi 100 -k 100 -slx -1 -sly -7 -pr 25
FAILED: ./habit world_9_9 -seed 1 -pi 100 -k 100 -slx -4 -sly 1 -pr 25
FAILED: ./habit world_14_9 -seed 1 -pi 100 -k 100 -slx -2 -sly 1 -pr 25
FAILED: ./habit world_6_9 -seed 1 -pi 100 -k 100 -slx 6 -sly 6 -pr 25
FAILED: ./habit world_12_9 -seed 1 -pi 100 -k 100 -slx 7 -sly 7 -pr 25
FAILED: ./habit world_17_9 -seed 1 -pi 100 -k 100 -slx -7 -sly 7 -pr 25
FAILED: ./habit world_13_9 -seed 1 -pi 100 -k 100 -slx 2 -sly -7 -pr 25
FAILED: ./habit world_8_9 -seed 1 -pi 100 -k 100 -slx -1 -sly -6 -pr 25
FAILED: ./habit world_11_9 -seed 1 -pi 100 -k 100 -slx -1 -sly 6 -pr 25
FAILED: ./habit world_15_9 -seed 1 -pi 100 -k 100 -slx 5 -sly 6 -pr 25
FAILED: ./habit world_16_9 -seed 1 -pi 100 -k 100 -slx 6 -sly -4 -pr 25
FAILED: ./habit world_10_9 -seed 1 -pi 100 -k 100 -slx 2 -sly 5 -pr 25
FAILED: ./habit world_18_9 -seed 1 -pi 100 -k 100 -slx -7 -sly 7 -pr 25
FAILED: ./habit world_14_9 -seed 1 -pi 100 -k 100 -slx 3 -sly -3 -pr 25
FAILED: ./habit world_12_9 -seed 1 -pi 100 -k 100 -slx 4 -sly 3 -pr 25
FAILED: ./habit world_13_9 -seed 1 -pi 100 -k 100 -slx 4 -sly 5 -pr 25
FAILED: ./habit world_11_9 -seed 1 -pi 100 -k 100 -slx -1 -sly 1 -pr 25
FAILED: ./habit world_17_9 -seed 1 -pi 100 -k 100 -slx -7 -sly 6 -pr 25
FAILED: ./habit world_19_9 -seed 1 -pi 100 -k 100 -slx -7 -sly 7 -pr 25
FAILED: ./habit world_15_9 -seed 1 -pi 100 -k 100 -slx -2 -sly 4 -pr 25
FAILED: ./habit world_16_9 -seed 1 -pi 100 -k 100 -slx -1 -sly 1 -pr 25
FAILED: ./habit world_10_9 -seed 1 -pi 100 -k 100 -slx -5 -sly 7 -pr 25
FAILED: ./habit world_18_9 -seed 1 -pi 100 -k 100 -slx 3 -sly 0 -pr 25
FAILED: ./habit world_14_9 -seed 1 -pi 100 -k 100 -slx -1 -sly -7 -pr 25
FAILED: ./habit world_12_9 -seed 1 -pi 100 -k 100 -slx 4 -sly 7 -pr 25
FAILED: ./habit world_13_9 -seed 1 -pi 100 -k 100 -slx 1 -sly 2 -pr 25
FAILED: ./habit world_17_9 -seed 1 -pi 100 -k 100 -slx -5 -sly 6 -pr 25
FAILED: ./habit world_15_9 -seed 1 -pi 100 -k 100 -slx -5 -sly 7 -pr 25
FAILED: ./habit world_19_9 -seed 1 -pi 100 -k 100 -slx 3 -sly 5 -pr 25
FAILED: ./habit world_16_9 -seed 1 -pi 100 -k 100 -slx 2 -sly 6 -pr 25
FAILED: ./habit world_18_9 -seed 1 -pi 100 -k 100 -slx -5 -sly 0 -pr 25
FAILED: ./habit world_14_9 -seed 1 -pi 100 -k 100 -slx 3 -sly 7 -pr 25
FAILED: ./habit world_17_9 -seed 1 -pi 100 -k 100 -slx -4 -sly 7 -pr 25
FAILED: ./habit world_19_9 -seed 1 -pi 100 -k 100 -slx -4 -sly 2 -pr 25
FAILED: ./habit world_15_9 -seed 1 -pi 100 -k 100 -slx 2 -sly 3 -pr 25
FAILED: ./habit world_16_9 -seed 1 -pi 100 -k 100 -slx 0 -sly -1 -pr 25
FAILED: ./habit world_18_9 -seed 1 -pi 100 -k 100 -slx 1 -sly 3 -pr 25
FAILED: ./habit world_17_9 -seed 1 -pi 100 -k 100 -slx -4 -sly 3 -pr 25
FAILED: ./habit world_19_9 -seed 1 -pi 100 -k 100 -slx -5 -sly 3 -pr 25
FAILED: ./habit world_18_9 -seed 1 -pi 100 -k 100 -slx -1 -sly -7 -pr 25
FAILED: ./habit world_19_9 -seed 1 -pi 100 -k 100 -slx -3 -sly 5 -pr 25
