seed, starting_position, habit_result, habit_len, habit_reward, trajectory
1,(0;0),0,16,-100,0;7/0;6/0;5/1;5/1;4/1;3/0;3/0;2/0;1/0;0/0;-1/0;-2/0;-3/0;-4/0;-5/0;-6
1,(0;1),1,16,100,0;7/0;6/0;5/1;5/1;4/1;3/0;3/0;2/0;1/0;0/0;-1/0;-2/0;-3/0;-4/0;-5/0;-6
1,(8;7),1,18,100,0;7/0;6/0;5/1;5/1;6/1;5/1;4/1;3/0;3/0;2/0;1/0;0/0;-1/0;-2/0;-3/0;-4/0;-5/0;-6
1,(3;6),1,16,100,0;7/0;6/0;5/1;5/1;4/1;3/0;3/0;2/0;1/0;0/0;-1/0;-2/0;-3/0;-4/0;-5/0;-6
1,(14;1),1,16,100,0;7/0;6/0;5/1;5/1;4/1;3/0;3/0;2/0;1/0;0/0;-1/0;-2/0;-3/0;-4/0;-5/0;-6
2,(0;1),0,11,-100,0;7/0;6/0;5/1;5/1;4/1;3/0;3/0;2/0;1/0;0/0;-1
2,(8;7),0,9,-100,0;7/0;6/0;5/1;5/1;4/1;3/0;3/0;2/0;1
2,(3;6),0,5,-100,0;7/0;6/0;5/1;5/1;4
2,(0;0),1,16,100,0;7/0;6/0;5/1;5/1;4/1;3/0;3/0;2/0;1/0;0/0;-1/0;-2/0;-3/0;-4/0;-5/0;-6
3,(8;7),0,6,-100,0;7/0;6/0;5/1;5/1;4/1;3
3,(0;1),1,16,100,0;7/0;6/0;5/1;5/1;4/1;3/0;3/0;2/0;1/0;0/0;-1/0;-2/0;-3/0;-4/0;-5/0;-6
2,(14;1),1,16,100,0;7/0;6/0;5/1;5/1;4/1;3/0;3/0;2/0;1/0;0/0;-1/0;-2/0;-3/0;-4/0;-5/0;-6
4,(8;7),0,8,-100,0;7/0;6/0;5/1;5/1;4/1;5/1;4/2;4
3,(0;0),1,16,100,0;7/0;6/0;5/1;5/1;4/1;3/0;3/0;2/0;1/0;0/0;-1/0;-2/0;-3/0;-4/0;-5/0;-6
3,(3;6),1,16,100,0;7/0;6/0;5/1;5/1;4/1;3/0;3/0;2/0;1/0;0/0;-1/0;-2/0;-3/0;-4/0;-5/0;-6
4,(0;1),1,16,100,0;7/0;6/0;5/1;5/1;4/1;3/0;3/0;2/0;1/0;0/0;-1/0;-2/0;-3/0;-4/0;-5/0;-6
5,(8;7),0,9,-100,0;7/0;6/0;5/1;5/1;4/1;3/0;3/0;2/0;1
4,(3;6),0,6,-100,0;7/0;6/0;5/1;5/1;4/1;3
4,(0;0),0,11,-100,0;7/0;6/0;5/1;5/1;4/1;3/0;3/0;2/0;1/0;0/0;-1
3,(14;1),1,16,100,0;7/0;6/0;5/1;5/1;4/1;3/0;3/0;2/0;1/0;0/0;-1/0;-2/0;-3/0;-4/0;-5/0;-6
6,(8;7),0,7,-100,0;7/0;6/0;5/1;5/1;4/1;5/1;4
5,(0;1),1,16,100,0;7/0;6/0;5/1;5/1;4/1;3/0;3/0;2/0;1/0;0/0;-1/0;-2/0;-3/0;-4/0;-5/0;-6
5,(3;6),0,16,-100,0;7/0;6/0;5/1;5/1;4/1;3/0;3/0;2/0;1/0;0/0;-1/0;-2/0;-3/0;-4/0;-5/0;-6
5,(0;0),1,16,100,0;7/0;6/0;5/1;5/1;4/1;3/0;3/0;2/0;1/0;0/0;-1/0;-2/0;-3/0;-4/0;-5/0;-6
7,(8;7),0,8,-100,0;7/0;6/0;5/1;5/1;4/1;3/0;3/0;2
6,(0;1),0,7,-100,0;7/0;6/0;5/1;5/1;4/1;3/0;3
4,(14;1),1,16,100,0;7/0;6/0;5/1;5/1;4/1;3/0;3/0;2/0;1/0;0/0;-1/0;-2/0;-3/0;-4/0;-5/0;-6
6,(3;6),0,7,-100,0;7/0;6/0;5/1;5/1;4/1;3/0;3
7,(0;1),0,9,-100,0;7/0;6/0;5/1;5/1;4/1;3/0;3/0;2/0;1
8,(8;7),0,12,-100,0;7/0;6/0;5/1;5/1;4/1;3/0;3/0;2/0;1/0;0/0;-1/0;-2
7,(3;6),0,11,-100,0;7/0;6/0;5/1;5/1;4/1;3/0;3/0;2/0;1/0;0/0;-1
6,(0;0),1,16,100,0;7/0;6/0;5/1;5/1;4/1;3/0;3/0;2/0;1/0;0/0;-1/0;-2/0;-3/0;-4/0;-5/0;-6
5,(14;1),1,16,100,0;7/0;6/0;5/1;5/1;4/1;3/0;3/0;2/0;1/0;0/0;-1/0;-2/0;-3/0;-4/0;-5/0;-6
8,(3;6),0,6,-100,0;7/0;6/0;5/1;5/1;4/1;3
9,(8;7),1,16,100,0;7/0;6/0;5/1;5/1;4/1;3/0;3/0;2/0;1/0;0/0;-1/0;-2/0;-3/0;-4/0;-5/0;-6
7,(0;0),1,16,100,0;7/0;6/0;5/1;5/1;4/1;3/0;3/0;2/0;1/0;0/0;-1/0;-2/0;-3/0;-4/0;-5/0;-6
8,(0;1),1,16,100,0;7/0;6/0;5/1;5/1;4/1;3/0;3/0;2/0;1/0;0/0;-1/0;-2/0;-3/0;-4/0;-5/0;-6
10,(8;7),0,7,-100,0;7/0;6/0;5/1;5/1;4/1;3/0;3
6,(14;1),1,16,100,0;7/0;6/0;5/1;5/1;4/1;3/0;3/0;2/0;1/0;0/0;-1/0;-2/0;-3/0;-4/0;-5/0;-6
11,(8;7),0,5,-100,0;7/0;6/0;5/1;5/1;4
9,(3;6),1,16,100,0;7/0;6/0;5/1;5/1;4/1;3/0;3/0;2/0;1/0;0/0;-1/0;-2/0;-3/0;-4/0;-5/0;-6
8,(0;0),1,16,100,0;7/0;6/0;5/1;5/1;4/1;3/0;3/0;2/0;1/0;0/0;-1/0;-2/0;-3/0;-4/0;-5/0;-6
9,(0;1),1,16,100,0;7/0;6/0;5/1;5/1;4/1;3/0;3/0;2/0;1/0;0/0;-1/0;-2/0;-3/0;-4/0;-5/0;-6
12,(8;7),0,7,-100,0;7/0;6/0;5/1;5/1;4/1;5/1;4
9,(0;0),0,12,-100,0;7/0;6/0;5/1;5/1;4/1;3/0;3/0;2/0;1/0;0/0;-1/0;-2
7,(14;1),1,16,100,0;7/0;6/0;5/1;5/1;4/1;3/0;3/0;2/0;1/0;0/0;-1/0;-2/0;-3/0;-4/0;-5/0;-6
13,(8;7),0,6,-100,0;7/0;6/0;5/1;5/1;4/1;5
10,(3;6),1,16,100,0;7/0;6/0;5/1;5/1;4/1;3/0;3/0;2/0;1/0;0/0;-1/0;-2/0;-3/0;-4/0;-5/0;-6
10,(0;1),1,16,100,0;7/0;6/0;5/1;5/1;4/1;3/0;3/0;2/0;1/0;0/0;-1/0;-2/0;-3/0;-4/0;-5/0;-6
14,(8;7),0,11,-100,0;7/0;6/0;5/1;5/1;4/1;3/0;3/0;2/0;1/0;0/0;-1
10,(0;0),1,16,100,0;7/0;6/0;5/1;5/1;4/1;3/0;3/0;2/0;1/0;0/0;-1/0;-2/0;-3/0;-4/0;-5/0;-6
8,(14;1),1,16,100,0;7/0;6/0;5/1;5/1;4/1;3/0;3/0;2/0;1/0;0/0;-1/0;-2/0;-3/0;-4/0;-5/0;-6
15,(8;7),0,5,-100,0;7/0;6/0;5/1;5/1;4
11,(0;1),1,16,100,0;7/0;6/0;5/1;5/1;4/1;3/0;3/0;2/0;1/0;0/0;-1/0;-2/0;-3/0;-4/0;-5/0;-6
11,(3;6),1,16,100,0;7/0;6/0;5/1;5/1;4/1;3/0;3/0;2/0;1/0;0/0;-1/0;-2/0;-3/0;-4/0;-5/0;-6
11,(0;0),1,16,100,0;7/0;6/0;5/1;5/1;4/1;3/0;3/0;2/0;1/0;0/0;-1/0;-2/0;-3/0;-4/0;-5/0;-6
16,(8;7),0,9,-100,0;7/0;6/0;5/1;5/1;4/1;5/1;4/1;3/0;3
17,(8;7),0,5,-100,0;7/0;6/0;5/1;5/1;4
9,(14;1),1,16,100,0;7/0;6/0;5/1;5/1;4/1;3/0;3/0;2/0;1/0;0/0;-1/0;-2/0;-3/0;-4/0;-5/0;-6
12,(0;1),1,16,100,0;7/0;6/0;5/1;5/1;4/1;3/0;3/0;2/0;1/0;0/0;-1/0;-2/0;-3/0;-4/0;-5/0;-6
12,(3;6),1,16,100,0;7/0;6/0;5/1;5/1;4/1;3/0;3/0;2/0;1/0;0/0;-1/0;-2/0;-3/0;-4/0;-5/0;-6
12,(0;0),1,16,100,0;7/0;6/0;5/1;5/1;4/1;3/0;3/0;2/0;1/0;0/0;-1/0;-2/0;-3/0;-4/0;-5/0;-6
18,(8;7),0,12,-100,0;7/0;6/0;5/1;5/1;4/1;5/1;6/1;5/1;4/1;3/0;3/0;2
13,(0;1),1,16,100,0;7/0;6/0;5/1;5/1;4/1;3/0;3/0;2/0;1/0;0/0;-1/0;-2/0;-3/0;-4/0;-5/0;-6
10,(14;1),1,16,100,0;7/0;6/0;5/1;5/1;4/1;3/0;3/0;2/0;1/0;0/0;-1/0;-2/0;-3/0;-4/0;-5/0;-6
19,(8;7),0,6,-100,0;7/0;6/0;5/1;5/1;4/1;3
13,(3;6),1,16,100,0;7/0;6/0;5/1;5/1;4/1;3/0;3/0;2/0;1/0;0/0;-1/0;-2/0;-3/0;-4/0;-5/0;-6
13,(0;0),1,16,100,0;7/0;6/0;5/1;5/1;4/1;3/0;3/0;2/0;1/0;0/0;-1/0;-2/0;-3/0;-4/0;-5/0;-6
20,(8;7),0,6,-100,0;7/0;6/0;5/1;5/1;4/1;3
14,(0;1),1,16,100,0;7/0;6/0;5/1;5/1;4/1;3/0;3/0;2/0;1/0;0/0;-1/0;-2/0;-3/0;-4/0;-5/0;-6
11,(14;1),1,16,100,0;7/0;6/0;5/1;5/1;4/1;3/0;3/0;2/0;1/0;0/0;-1/0;-2/0;-3/0;-4/0;-5/0;-6
21,(8;7),0,4,-100,0;7/0;6/0;5/1;5
14,(3;6),1,16,100,0;7/0;6/0;5/1;5/1;4/1;3/0;3/0;2/0;1/0;0/0;-1/0;-2/0;-3/0;-4/0;-5/0;-6
14,(0;0),1,16,100,0;7/0;6/0;5/1;5/1;4/1;3/0;3/0;2/0;1/0;0/0;-1/0;-2/0;-3/0;-4/0;-5/0;-6
22,(8;7),0,10,-100,0;7/0;6/0;5/1;5/1;4/1;3/0;3/0;2/0;1/0;0
15,(0;0),1,16,100,0;7/0;6/0;5/1;5/1;4/1;3/0;3/0;2/0;1/0;0/0;-1/0;-2/0;-3/0;-4/0;-5/0;-6
15,(0;1),1,16,100,0;7/0;6/0;5/1;5/1;4/1;3/0;3/0;2/0;1/0;0/0;-1/0;-2/0;-3/0;-4/0;-5/0;-6
12,(14;1),1,16,100,0;7/0;6/0;5/1;5/1;4/1;3/0;3/0;2/0;1/0;0/0;-1/0;-2/0;-3/0;-4/0;-5/0;-6
15,(3;6),1,16,100,0;7/0;6/0;5/1;5/1;4/1;3/0;3/0;2/0;1/0;0/0;-1/0;-2/0;-3/0;-4/0;-5/0;-6
23,(8;7),1,16,100,0;7/0;6/0;5/1;5/1;4/1;3/0;3/0;2/0;1/0;0/0;-1/0;-2/0;-3/0;-4/0;-5/0;-6
16,(0;0),1,16,100,0;7/0;6/0;5/1;5/1;4/1;3/0;3/0;2/0;1/0;0/0;-1/0;-2/0;-3/0;-4/0;-5/0;-6
16,(0;1),1,16,100,0;7/0;6/0;5/1;5/1;4/1;3/0;3/0;2/0;1/0;0/0;-1/0;-2/0;-3/0;-4/0;-5/0;-6
13,(14;1),1,16,100,0;7/0;6/0;5/1;5/1;4/1;3/0;3/0;2/0;1/0;0/0;-1/0;-2/0;-3/0;-4/0;-5/0;-6
24,(8;7),0,6,-100,0;7/0;6/0;5/1;5/1;6/1;5
17,(0;1),0,9,-100,0;7/0;6/0;5/1;5/1;4/1;3/0;3/0;2/0;1
16,(3;6),1,16,100,0;7/0;6/0;5/1;5/1;4/1;3/0;3/0;2/0;1/0;0/0;-1/0;-2/0;-3/0;-4/0;-5/0;-6
17,(0;0),0,13,-100,0;7/0;6/0;5/1;5/1;4/1;3/0;3/0;2/0;1/0;0/0;-1/0;-2/0;-3
25,(8;7),1,16,100,0;7/0;6/0;5/1;5/1;4/1;3/0;3/0;2/0;1/0;0/0;-1/0;-2/0;-3/0;-4/0;-5/0;-6
14,(14;1),1,16,100,0;7/0;6/0;5/1;5/1;4/1;3/0;3/0;2/0;1/0;0/0;-1/0;-2/0;-3/0;-4/0;-5/0;-6
18,(0;1),1,16,100,0;7/0;6/0;5/1;5/1;4/1;3/0;3/0;2/0;1/0;0/0;-1/0;-2/0;-3/0;-4/0;-5/0;-6
18,(0;0),1,16,100,0;7/0;6/0;5/1;5/1;4/1;3/0;3/0;2/0;1/0;0/0;-1/0;-2/0;-3/0;-4/0;-5/0;-6
17,(3;6),1,16,100,0;7/0;6/0;5/1;5/1;4/1;3/0;3/0;2/0;1/0;0/0;-1/0;-2/0;-3/0;-4/0;-5/0;-6
26,(8;7),1,16,100,0;7/0;6/0;5/1;5/1;4/1;3/0;3/0;2/0;1/0;0/0;-1/0;-2/0;-3/0;-4/0;-5/0;-6
27,(8;7),0,7,-100,0;7/0;6/0;5/1;5/1;4/1;3/0;3
19,(0;0),1,16,100,0;7/0;6/0;5/1;5/1;4/1;3/0;3/0;2/0;1/0;0/0;-1/0;-2/0;-3/0;-4/0;-5/0;-6
19,(0;1),1,16,100,0;7/0;6/0;5/1;5/1;4/1;3/0;3/0;2/0;1/0;0/0;-1/0;-2/0;-3/0;-4/0;-5/0;-6
18,(3;6),0,14,-100,0;7/0;6/0;5/1;5/1;4/1;3/0;3/0;2/0;1/0;0/0;-1/0;-2/0;-3/0;-4
15,(14;1),1,16,100,0;7/0;6/0;5/1;5/1;4/1;3/0;3/0;2/0;1/0;0/0;-1/0;-2/0;-3/0;-4/0;-5/0;-6
28,(8;7),0,7,-100,0;7/0;6/0;5/1;5/1;6/1;5/1;6
20,(0;0),1,16,100,0;7/0;6/0;5/1;5/1;4/1;3/0;3/0;2/0;1/0;0/0;-1/0;-2/0;-3/0;-4/0;-5/0;-6
20,(0;1),0,11,-100,0;7/0;6/0;5/1;5/1;4/1;3/0;3/0;2/0;1/0;0/0;-1
29,(8;7),0,4,-100,0;7/0;6/0;5/1;5
19,(3;6),1,16,100,0;7/0;6/0;5/1;5/1;4/1;3/0;3/0;2/0;1/0;0/0;-1/0;-2/0;-3/0;-4/0;-5/0;-6
16,(14;1),1,16,100,0;7/0;6/0;5/1;5/1;4/1;3/0;3/0;2/0;1/0;0/0;-1/0;-2/0;-3/0;-4/0;-5/0;-6
30,(8;7),0,7,-100,0;7/0;6/0;5/1;5/1;6/1;7/1;6
21,(0;0),1,16,100,0;7/0;6/0;5/1;5/1;4/1;3/0;3/0;2/0;1/0;0/0;-1/0;-2/0;-3/0;-4/0;-5/0;-6
20,(3;6),0,6,-100,0;7/0;6/0;5/1;5/1;4/1;3
21,(0;1),1,16,100,0;7/0;6/0;5/1;5/1;4/1;3/0;3/0;2/0;1/0;0/0;-1/0;-2/0;-3/0;-4/0;-5/0;-6
31,(8;7),0,6,-100,0;7/0;6/0;5/1;5/1;6/1;5
17,(14;1),1,16,100,0;7/0;6/0;5/1;5/1;4/1;3/0;3/0;2/0;1/0;0/0;-1/0;-2/0;-3/0;-4/0;-5/0;-6
22,(0;0),1,16,100,0;7/0;6/0;5/1;5/1;4/1;3/0;3/0;2/0;1/0;0/0;-1/0;-2/0;-3/0;-4/0;-5/0;-6
32,(8;7),0,6,-100,0;7/0;6/0;5/1;5/1;6/1;5
22,(0;1),1,16,100,0;7/0;6/0;5/1;5/1;4/1;3/0;3/0;2/0;1/0;0/0;-1/0;-2/0;-3/0;-4/0;-5/0;-6
21,(3;6),1,16,100,0;7/0;6/0;5/1;5/1;4/1;3/0;3/0;2/0;1/0;0/0;-1/0;-2/0;-3/0;-4/0;-5/0;-6
18,(14;1),0,15,-100,0;7/0;6/0;5/1;5/1;4/1;3/0;3/0;2/0;1/0;0/0;-1/0;-2/0;-3/0;-4/0;-5
23,(0;1),0,10,-100,0;7/0;6/0;5/1;5/1;4/1;3/0;3/0;2/0;1/0;0
23,(0;0),1,16,100,0;7/0;6/0;5/1;5/1;4/1;3/0;3/0;2/0;1/0;0/0;-1/0;-2/0;-3/0;-4/0;-5/0;-6
33,(8;7),1,20,100,0;7/0;6/0;5/1;5/1;6/1;7/1;6/1;5/1;4/1;3/0;3/0;2/0;1/0;0/0;-1/0;-2/0;-3/0;-4/0;-5/0;-6
22,(3;6),1,16,100,0;7/0;6/0;5/1;5/1;4/1;3/0;3/0;2/0;1/0;0/0;-1/0;-2/0;-3/0;-4/0;-5/0;-6
24,(0;1),0,8,-100,0;7/0;6/0;5/1;5/1;4/1;3/0;3/0;2
19,(14;1),1,16,100,0;7/0;6/0;5/1;5/1;4/1;3/0;3/0;2/0;1/0;0/0;-1/0;-2/0;-3/0;-4/0;-5/0;-6
34,(8;7),0,11,-100,0;7/0;6/0;5/1;5/1;4/1;3/2;3/3;3/3;2/3;1/3;0
24,(0;0),1,16,100,0;7/0;6/0;5/1;5/1;4/1;3/0;3/0;2/0;1/0;0/0;-1/0;-2/0;-3/0;-4/0;-5/0;-6
35,(8;7),0,9,-100,0;7/0;6/0;5/1;5/1;4/1;3/0;3/0;2/0;1
23,(3;6),1,16,100,0;7/0;6/0;5/1;5/1;4/1;3/0;3/0;2/0;1/0;0/0;-1/0;-2/0;-3/0;-4/0;-5/0;-6
25,(0;1),1,16,100,0;7/0;6/0;5/1;5/1;4/1;3/0;3/0;2/0;1/0;0/0;-1/0;-2/0;-3/0;-4/0;-5/0;-6
20,(14;1),1,16,100,0;7/0;6/0;5/1;5/1;4/1;3/0;3/0;2/0;1/0;0/0;-1/0;-2/0;-3/0;-4/0;-5/0;-6
25,(0;0),0,13,-100,0;7/0;6/0;5/1;5/1;4/1;3/0;3/0;2/0;1/0;0/0;-1/0;-2/0;-3
36,(8;7),0,15,-100,0;7/0;6/0;5/1;5/1;4/1;3/0;3/0;2/0;1/0;0/0;-1/0;-2/0;-3/0;-4/0;-5
24,(3;6),1,16,100,0;7/0;6/0;5/1;5/1;4/1;3/0;3/0;2/0;1/0;0/0;-1/0;-2/0;-3/0;-4/0;-5/0;-6
26,(0;1),1,16,100,0;7/0;6/0;5/1;5/1;4/1;3/0;3/0;2/0;1/0;0/0;-1/0;-2/0;-3/0;-4/0;-5/0;-6
21,(14;1),1,16,100,0;7/0;6/0;5/1;5/1;4/1;3/0;3/0;2/0;1/0;0/0;-1/0;-2/0;-3/0;-4/0;-5/0;-6
26,(0;0),0,14,-100,0;7/0;6/0;5/1;5/1;4/1;3/0;3/0;2/0;1/0;0/0;-1/0;-2/0;-3/0;-4
37,(8;7),1,16,100,0;7/0;6/0;5/1;5/1;4/1;3/0;3/0;2/0;1/0;0/0;-1/0;-2/0;-3/0;-4/0;-5/0;-6
38,(8;7),0,5,-100,0;7/0;6/0;5/1;5/1;4
25,(3;6),1,16,100,0;7/0;6/0;5/1;5/1;4/1;3/0;3/0;2/0;1/0;0/0;-1/0;-2/0;-3/0;-4/0;-5/0;-6
27,(0;1),1,16,100,0;7/0;6/0;5/1;5/1;4/1;3/0;3/0;2/0;1/0;0/0;-1/0;-2/0;-3/0;-4/0;-5/0;-6
27,(0;0),0,11,-100,0;7/0;6/0;5/1;5/1;4/1;3/0;3/0;2/0;1/0;0/0;-1
22,(14;1),1,16,100,0;7/0;6/0;5/1;5/1;4/1;3/0;3/0;2/0;1/0;0/0;-1/0;-2/0;-3/0;-4/0;-5/0;-6
39,(8;7),0,6,-100,0;7/0;6/0;5/1;5/1;4/1;3
28,(0;1),0,4,-100,0;7/0;6/0;5/1;5
28,(0;0),1,16,100,0;7/0;6/0;5/1;5/1;4/1;3/0;3/0;2/0;1/0;0/0;-1/0;-2/0;-3/0;-4/0;-5/0;-6
26,(3;6),1,16,100,0;7/0;6/0;5/1;5/1;4/1;3/0;3/0;2/0;1/0;0/0;-1/0;-2/0;-3/0;-4/0;-5/0;-6
40,(8;7),0,14,-100,0;7/0;6/0;5/1;5/1;4/1;3/0;3/0;2/0;1/0;0/0;-1/0;-2/0;-3/0;-4
23,(14;1),1,16,100,0;7/0;6/0;5/1;5/1;4/1;3/0;3/0;2/0;1/0;0/0;-1/0;-2/0;-3/0;-4/0;-5/0;-6
29,(0;1),1,16,100,0;7/0;6/0;5/1;5/1;4/1;3/0;3/0;2/0;1/0;0/0;-1/0;-2/0;-3/0;-4/0;-5/0;-6
41,(8;7),0,4,-100,0;7/0;6/0;5/1;5
29,(0;0),1,16,100,0;7/0;6/0;5/1;5/1;4/1;3/0;3/0;2/0;1/0;0/0;-1/0;-2/0;-3/0;-4/0;-5/0;-6
30,(0;1),0,9,-100,0;7/0;6/0;5/1;5/1;4/1;3/0;3/0;2/0;1
27,(3;6),1,16,100,0;7/0;6/0;5/1;5/1;4/1;3/0;3/0;2/0;1/0;0/0;-1/0;-2/0;-3/0;-4/0;-5/0;-6
42,(8;7),0,9,-100,0;7/0;6/0;5/1;5/1;4/1;3/0;3/0;2/0;1
30,(0;0),1,16,100,0;7/0;6/0;5/1;5/1;4/1;3/0;3/0;2/0;1/0;0/0;-1/0;-2/0;-3/0;-4/0;-5/0;-6
24,(14;1),1,16,100,0;7/0;6/0;5/1;5/1;4/1;3/0;3/0;2/0;1/0;0/0;-1/0;-2/0;-3/0;-4/0;-5/0;-6
43,(8;7),0,6,-100,0;7/0;6/0;5/1;5/1;6/1;5
31,(0;1),1,16,100,0;7/0;6/0;5/1;5/1;4/1;3/0;3/0;2/0;1/0;0/0;-1/0;-2/0;-3/0;-4/0;-5/0;-6
28,(3;6),1,16,100,0;7/0;6/0;5/1;5/1;4/1;3/0;3/0;2/0;1/0;0/0;-1/0;-2/0;-3/0;-4/0;-5/0;-6
44,(8;7),0,9,-100,0;7/0;6/0;5/1;5/1;4/1;3/0;3/0;2/0;1
31,(0;0),1,16,100,0;7/0;6/0;5/1;5/1;4/1;3/0;3/0;2/0;1/0;0/0;-1/0;-2/0;-3/0;-4/0;-5/0;-6
25,(14;1),1,16,100,0;7/0;6/0;5/1;5/1;4/1;3/0;3/0;2/0;1/0;0/0;-1/0;-2/0;-3/0;-4/0;-5/0;-6
45,(8;7),0,8,-100,0;7/0;6/0;5/1;5/1;6/1;7/1;6/1;5
32,(0;1),1,16,100,0;7/0;6/0;5/1;5/1;4/1;3/0;3/0;2/0;1/0;0/0;-1/0;-2/0;-3/0;-4/0;-5/0;-6
29,(3;6),1,16,100,0;7/0;6/0;5/1;5/1;4/1;3/0;3/0;2/0;1/0;0/0;-1/0;-2/0;-3/0;-4/0;-5/0;-6
32,(0;0),1,16,100,0;7/0;6/0;5/1;5/1;4/1;3/0;3/0;2/0;1/0;0/0;-1/0;-2/0;-3/0;-4/0;-5/0;-6
26,(14;1),1,16,100,0;7/0;6/0;5/1;5/1;4/1;3/0;3/0;2/0;1/0;0/0;-1/0;-2/0;-3/0;-4/0;-5/0;-6
46,(8;7),0,7,-100,0;7/0;6/0;5/1;5/1;6/1;5/1;4
30,(3;6),0,6,-100,0;7/0;6/0;5/1;5/1;4/1;3
33,(0;1),1,16,100,0;7/0;6/0;5/1;5/1;4/1;3/0;3/0;2/0;1/0;0/0;-1/0;-2/0;-3/0;-4/0;-5/0;-6
33,(0;0),1,16,100,0;7/0;6/0;5/1;5/1;4/1;3/0;3/0;2/0;1/0;0/0;-1/0;-2/0;-3/0;-4/0;-5/0;-6
47,(8;7),0,9,-100,0;7/0;6/0;5/1;5/1;4/1;3/0;3/0;2/0;1
27,(14;1),1,16,100,0;7/0;6/0;5/1;5/1;4/1;3/0;3/0;2/0;1/0;0/0;-1/0;-2/0;-3/0;-4/0;-5/0;-6
48,(8;7),0,7,-100,0;7/0;6/0;5/1;5/1;4/1;5/1;4
31,(3;6),1,16,100,0;7/0;6/0;5/1;5/1;4/1;3/0;3/0;2/0;1/0;0/0;-1/0;-2/0;-3/0;-4/0;-5/0;-6
34,(0;0),1,16,100,0;7/0;6/0;5/1;5/1;4/1;3/0;3/0;2/0;1/0;0/0;-1/0;-2/0;-3/0;-4/0;-5/0;-6
34,(0;1),1,16,100,0;7/0;6/0;5/1;5/1;4/1;3/0;3/0;2/0;1/0;0/0;-1/0;-2/0;-3/0;-4/0;-5/0;-6
49,(8;7),0,7,-100,0;7/0;6/0;5/1;5/1;4/1;5/1;4
32,(3;6),1,16,100,0;7/0;6/0;5/1;5/1;4/1;3/0;3/0;2/0;1/0;0/0;-1/0;-2/0;-3/0;-4/0;-5/0;-6
28,(14;1),1,16,100,0;7/0;6/0;5/1;5/1;4/1;3/0;3/0;2/0;1/0;0/0;-1/0;-2/0;-3/0;-4/0;-5/0;-6
35,(0;0),1,16,100,0;7/0;6/0;5/1;5/1;4/1;3/0;3/0;2/0;1/0;0/0;-1/0;-2/0;-3/0;-4/0;-5/0;-6
35,(0;1),1,16,100,0;7/0;6/0;5/1;5/1;4/1;3/0;3/0;2/0;1/0;0/0;-1/0;-2/0;-3/0;-4/0;-5/0;-6
50,(8;7),0,11,-100,0;7/0;6/0;5/1;5/1;4/1;3/0;3/0;2/0;1/0;0/0;-1
33,(3;6),1,16,100,0;7/0;6/0;5/1;5/1;4/1;3/0;3/0;2/0;1/0;0/0;-1/0;-2/0;-3/0;-4/0;-5/0;-6
36,(0;0),1,16,100,0;7/0;6/0;5/1;5/1;4/1;3/0;3/0;2/0;1/0;0/0;-1/0;-2/0;-3/0;-4/0;-5/0;-6
29,(14;1),1,16,100,0;7/0;6/0;5/1;5/1;4/1;3/0;3/0;2/0;1/0;0/0;-1/0;-2/0;-3/0;-4/0;-5/0;-6
36,(0;1),1,16,100,0;7/0;6/0;5/1;5/1;4/1;3/0;3/0;2/0;1/0;0/0;-1/0;-2/0;-3/0;-4/0;-5/0;-6
37,(0;0),1,16,100,0;7/0;6/0;5/1;5/1;4/1;3/0;3/0;2/0;1/0;0/0;-1/0;-2/0;-3/0;-4/0;-5/0;-6
37,(0;1),0,7,-100,0;7/0;6/0;5/1;5/1;4/1;3/0;3
34,(3;6),1,16,100,0;7/0;6/0;5/1;5/1;4/1;3/0;3/0;2/0;1/0;0/0;-1/0;-2/0;-3/0;-4/0;-5/0;-6
30,(14;1),1,16,100,0;7/0;6/0;5/1;5/1;4/1;3/0;3/0;2/0;1/0;0/0;-1/0;-2/0;-3/0;-4/0;-5/0;-6
38,(0;0),1,16,100,0;7/0;6/0;5/1;5/1;4/1;3/0;3/0;2/0;1/0;0/0;-1/0;-2/0;-3/0;-4/0;-5/0;-6
38,(0;1),1,16,100,0;7/0;6/0;5/1;5/1;4/1;3/0;3/0;2/0;1/0;0/0;-1/0;-2/0;-3/0;-4/0;-5/0;-6
35,(3;6),1,16,100,0;7/0;6/0;5/1;5/1;4/1;3/0;3/0;2/0;1/0;0/0;-1/0;-2/0;-3/0;-4/0;-5/0;-6
39,(0;0),1,16,100,0;7/0;6/0;5/1;5/1;4/1;3/0;3/0;2/0;1/0;0/0;-1/0;-2/0;-3/0;-4/0;-5/0;-6
31,(14;1),1,16,100,0;7/0;6/0;5/1;5/1;4/1;3/0;3/0;2/0;1/0;0/0;-1/0;-2/0;-3/0;-4/0;-5/0;-6
39,(0;1),1,16,100,0;7/0;6/0;5/1;5/1;4/1;3/0;3/0;2/0;1/0;0/0;-1/0;-2/0;-3/0;-4/0;-5/0;-6
36,(3;6),0,7,-100,0;7/0;6/0;5/1;5/1;4/1;3/0;3
40,(0;0),1,16,100,0;7/0;6/0;5/1;5/1;4/1;3/0;3/0;2/0;1/0;0/0;-1/0;-2/0;-3/0;-4/0;-5/0;-6
40,(0;1),1,16,100,0;7/0;6/0;5/1;5/1;4/1;3/0;3/0;2/0;1/0;0/0;-1/0;-2/0;-3/0;-4/0;-5/0;-6
32,(14;1),1,16,100,0;7/0;6/0;5/1;5/1;4/1;3/0;3/0;2/0;1/0;0/0;-1/0;-2/0;-3/0;-4/0;-5/0;-6
37,(3;6),1,16,100,0;7/0;6/0;5/1;5/1;4/1;3/0;3/0;2/0;1/0;0/0;-1/0;-2/0;-3/0;-4/0;-5/0;-6
41,(0;0),1,16,100,0;7/0;6/0;5/1;5/1;4/1;3/0;3/0;2/0;1/0;0/0;-1/0;-2/0;-3/0;-4/0;-5/0;-6
41,(0;1),1,16,100,0;7/0;6/0;5/1;5/1;4/1;3/0;3/0;2/0;1/0;0/0;-1/0;-2/0;-3/0;-4/0;-5/0;-6
33,(14;1),1,16,100,0;7/0;6/0;5/1;5/1;4/1;3/0;3/0;2/0;1/0;0/0;-1/0;-2/0;-3/0;-4/0;-5/0;-6
38,(3;6),1,16,100,0;7/0;6/0;5/1;5/1;4/1;3/0;3/0;2/0;1/0;0/0;-1/0;-2/0;-3/0;-4/0;-5/0;-6
42,(0;0),1,16,100,0;7/0;6/0;5/1;5/1;4/1;3/0;3/0;2/0;1/0;0/0;-1/0;-2/0;-3/0;-4/0;-5/0;-6
42,(0;1),1,16,100,0;7/0;6/0;5/1;5/1;4/1;3/0;3/0;2/0;1/0;0/0;-1/0;-2/0;-3/0;-4/0;-5/0;-6
34,(14;1),1,16,100,0;7/0;6/0;5/1;5/1;4/1;3/0;3/0;2/0;1/0;0/0;-1/0;-2/0;-3/0;-4/0;-5/0;-6
43,(0;0),1,16,100,0;7/0;6/0;5/1;5/1;4/1;3/0;3/0;2/0;1/0;0/0;-1/0;-2/0;-3/0;-4/0;-5/0;-6
39,(3;6),1,16,100,0;7/0;6/0;5/1;5/1;4/1;3/0;3/0;2/0;1/0;0/0;-1/0;-2/0;-3/0;-4/0;-5/0;-6
35,(14;1),1,16,100,0;7/0;6/0;5/1;5/1;4/1;3/0;3/0;2/0;1/0;0/0;-1/0;-2/0;-3/0;-4/0;-5/0;-6
43,(0;1),1,16,100,0;7/0;6/0;5/1;5/1;4/1;3/0;3/0;2/0;1/0;0/0;-1/0;-2/0;-3/0;-4/0;-5/0;-6
44,(0;0),0,15,-100,0;7/0;6/0;5/1;5/1;4/1;3/0;3/0;2/0;1/0;0/0;-1/0;-2/0;-3/0;-4/0;-5
40,(3;6),1,16,100,0;7/0;6/0;5/1;5/1;4/1;3/0;3/0;2/0;1/0;0/0;-1/0;-2/0;-3/0;-4/0;-5/0;-6
44,(0;1),1,16,100,0;7/0;6/0;5/1;5/1;4/1;3/0;3/0;2/0;1/0;0/0;-1/0;-2/0;-3/0;-4/0;-5/0;-6
36,(14;1),1,16,100,0;7/0;6/0;5/1;5/1;4/1;3/0;3/0;2/0;1/0;0/0;-1/0;-2/0;-3/0;-4/0;-5/0;-6
45,(0;0),1,16,100,0;7/0;6/0;5/1;5/1;4/1;3/0;3/0;2/0;1/0;0/0;-1/0;-2/0;-3/0;-4/0;-5/0;-6
41,(3;6),1,16,100,0;7/0;6/0;5/1;5/1;4/1;3/0;3/0;2/0;1/0;0/0;-1/0;-2/0;-3/0;-4/0;-5/0;-6
37,(14;1),1,16,100,0;7/0;6/0;5/1;5/1;4/1;3/0;3/0;2/0;1/0;0/0;-1/0;-2/0;-3/0;-4/0;-5/0;-6
46,(0;0),0,14,-100,0;7/0;6/0;5/1;5/1;4/1;3/0;3/0;2/0;1/0;0/0;-1/0;-2/0;-3/0;-4
45,(0;1),1,16,100,0;7/0;6/0;5/1;5/1;4/1;3/0;3/0;2/0;1/0;0/0;-1/0;-2/0;-3/0;-4/0;-5/0;-6
42,(3;6),0,6,-100,0;7/0;6/0;5/1;5/1;4/1;3
47,(0;0),1,16,100,0;7/0;6/0;5/1;5/1;4/1;3/0;3/0;2/0;1/0;0/0;-1/0;-2/0;-3/0;-4/0;-5/0;-6
46,(0;1),1,16,100,0;7/0;6/0;5/1;5/1;4/1;3/0;3/0;2/0;1/0;0/0;-1/0;-2/0;-3/0;-4/0;-5/0;-6
38,(14;1),1,16,100,0;7/0;6/0;5/1;5/1;4/1;3/0;3/0;2/0;1/0;0/0;-1/0;-2/0;-3/0;-4/0;-5/0;-6
43,(3;6),1,16,100,0;7/0;6/0;5/1;5/1;4/1;3/0;3/0;2/0;1/0;0/0;-1/0;-2/0;-3/0;-4/0;-5/0;-6
47,(0;1),0,11,-100,0;7/0;6/0;5/1;5/1;4/1;3/0;3/0;2/0;1/0;0/0;-1
48,(0;0),1,16,100,0;7/0;6/0;5/1;5/1;4/1;3/0;3/0;2/0;1/0;0/0;-1/0;-2/0;-3/0;-4/0;-5/0;-6
39,(14;1),1,16,100,0;7/0;6/0;5/1;5/1;4/1;3/0;3/0;2/0;1/0;0/0;-1/0;-2/0;-3/0;-4/0;-5/0;-6
48,(0;1),1,16,100,0;7/0;6/0;5/1;5/1;4/1;3/0;3/0;2/0;1/0;0/0;-1/0;-2/0;-3/0;-4/0;-5/0;-6
44,(3;6),1,16,100,0;7/0;6/0;5/1;5/1;4/1;3/0;3/0;2/0;1/0;0/0;-1/0;-2/0;-3/0;-4/0;-5/0;-6
49,(0;0),1,16,100,0;7/0;6/0;5/1;5/1;4/1;3/0;3/0;2/0;1/0;0/0;-1/0;-2/0;-3/0;-4/0;-5/0;-6
40,(14;1),1,16,100,0;7/0;6/0;5/1;5/1;4/1;3/0;3/0;2/0;1/0;0/0;-1/0;-2/0;-3/0;-4/0;-5/0;-6
45,(3;6),0,16,-100,0;7/0;6/0;5/1;5/1;4/1;3/0;3/0;2/0;1/0;0/0;-1/0;-2/0;-3/0;-4/0;-5/0;-6
49,(0;1),1,16,100,0;7/0;6/0;5/1;5/1;4/1;3/0;3/0;2/0;1/0;0/0;-1/0;-2/0;-3/0;-4/0;-5/0;-6
50,(0;0),1,16,100,0;7/0;6/0;5/1;5/1;4/1;3/0;3/0;2/0;1/0;0/0;-1/0;-2/0;-3/0;-4/0;-5/0;-6
46,(3;6),0,13,-100,0;7/0;6/0;5/1;5/1;4/1;3/0;3/0;2/0;1/0;0/0;-1/0;-2/0;-3
41,(14;1),1,16,100,0;7/0;6/0;5/1;5/1;4/1;3/0;3/0;2/0;1/0;0/0;-1/0;-2/0;-3/0;-4/0;-5/0;-6
50,(0;1),1,16,100,0;7/0;6/0;5/1;5/1;4/1;3/0;3/0;2/0;1/0;0/0;-1/0;-2/0;-3/0;-4/0;-5/0;-6
47,(3;6),1,16,100,0;7/0;6/0;5/1;5/1;4/1;3/0;3/0;2/0;1/0;0/0;-1/0;-2/0;-3/0;-4/0;-5/0;-6
42,(14;1),1,16,100,0;7/0;6/0;5/1;5/1;4/1;3/0;3/0;2/0;1/0;0/0;-1/0;-2/0;-3/0;-4/0;-5/0;-6
48,(3;6),1,16,100,0;7/0;6/0;5/1;5/1;4/1;3/0;3/0;2/0;1/0;0/0;-1/0;-2/0;-3/0;-4/0;-5/0;-6
43,(14;1),1,16,100,0;7/0;6/0;5/1;5/1;4/1;3/0;3/0;2/0;1/0;0/0;-1/0;-2/0;-3/0;-4/0;-5/0;-6
49,(3;6),1,16,100,0;7/0;6/0;5/1;5/1;4/1;3/0;3/0;2/0;1/0;0/0;-1/0;-2/0;-3/0;-4/0;-5/0;-6
44,(14;1),1,16,100,0;7/0;6/0;5/1;5/1;4/1;3/0;3/0;2/0;1/0;0/0;-1/0;-2/0;-3/0;-4/0;-5/0;-6
45,(14;1),1,16,100,0;7/0;6/0;5/1;5/1;4/1;3/0;3/0;2/0;1/0;0/0;-1/0;-2/0;-3/0;-4/0;-5/0;-6
50,(3;6),1,16,100,0;7/0;6/0;5/1;5/1;4/1;3/0;3/0;2/0;1/0;0/0;-1/0;-2/0;-3/0;-4/0;-5/0;-6
46,(14;1),1,16,100,0;7/0;6/0;5/1;5/1;4/1;3/0;3/0;2/0;1/0;0/0;-1/0;-2/0;-3/0;-4/0;-5/0;-6
47,(14;1),1,16,100,0;7/0;6/0;5/1;5/1;4/1;3/0;3/0;2/0;1/0;0/0;-1/0;-2/0;-3/0;-4/0;-5/0;-6
48,(14;1),1,16,100,0;7/0;6/0;5/1;5/1;4/1;3/0;3/0;2/0;1/0;0/0;-1/0;-2/0;-3/0;-4/0;-5/0;-6
49,(14;1),1,16,100,0;7/0;6/0;5/1;5/1;4/1;3/0;3/0;2/0;1/0;0/0;-1/0;-2/0;-3/0;-4/0;-5/0;-6
50,(14;1),1,16,100,0;7/0;6/0;5/1;5/1;4/1;3/0;3/0;2/0;1/0;0/0;-1/0;-2/0;-3/0;-4/0;-5/0;-6
