seed, starting_position, habit_result, habit_len, habit_reward, trajectory
1,(1;1),0,4,-100,0;7/-1;7/-1;6/-1;5
2,(1;1),0,2,-100,0;7/-1;7
1,(12;7),1,16,100,0;7/-1;7/-1;6/-1;5/-1;4/-1;3/-1;2/-1;1/-1;0/-1;-1/-1;-2/-1;-3/-1;-4/0;-4/0;-5/0;-6
3,(1;1),0,2,-100,0;7/-1;7
1,(0;0),1,16,100,0;7/-1;7/-1;6/-1;5/-1;4/-1;3/-1;2/-1;1/-1;0/-1;-1/-1;-2/-1;-3/-1;-4/0;-4/0;-5/0;-6
1,(13;9),1,16,100,0;7/-1;7/-1;6/-1;5/-1;4/-1;3/-1;2/-1;1/-1;0/-1;-1/-1;-2/-1;-3/-1;-4/-1;-5/-1;-6/-1;-7
1,(14;10),1,16,100,0;7/-1;7/-1;6/-1;5/-1;4/-1;3/-1;2/-1;1/-1;0/-1;-1/-1;-2/-1;-3/-1;-4/-1;-5/-1;-6/-1;-7
4,(1;1),0,2,-100,0;7/-1;7
5,(1;1),0,2,-100,0;7/-1;7
2,(12;7),0,9,-100,0;7/-1;7/-1;6/-1;5/-1;4/-1;3/-1;2/-1;1/-1;0
6,(1;1),0,3,-100,0;7/-1;7/-1;6
2,(0;0),0,12,-100,0;7/-1;7/-1;6/-1;5/-1;4/-1;3/-1;2/-1;1/-1;0/-1;-1/-1;-2/-1;-3
2,(13;9),1,16,100,0;7/-1;7/-1;6/-1;5/-1;4/-1;3/-1;2/-1;1/-1;0/-1;-1/-1;-2/-1;-3/-1;-4/0;-4/0;-5/0;-6
2,(14;10),1,16,100,0;7/-1;7/-1;6/-1;5/-1;4/-1;3/-1;2/-1;1/-1;0/-1;-1/-1;-2/-1;-3/-1;-4/0;-4/0;-5/0;-6
3,(12;7),0,11,-100,0;7/-1;7/-1;6/-1;5/-1;4/-1;3/-1;2/-1;1/-1;0/-1;-1/-1;-2
7,(1;1),1,16,100,0;7/-1;7/-1;6/-1;5/-1;4/-1;3/-1;2/-1;1/-1;0/-1;-1/-1;-2/-1;-3/-1;-4/0;-4/0;-5/0;-6
3,(13;9),1,16,100,0;7/-1;7/-1;6/-1;5/-1;4/-1;3/-1;2/-1;1/-1;0/-1;-1/-1;-2/-1;-3/-1;-4/0;-4/0;-5/0;-6
3,(0;0),1,16,100,0;7/-1;7/-1;6/-1;5/-1;4/-1;3/-1;2/-1;1/-1;0/-1;-1/-1;-2/-1;-3/-1;-4/0;-4/0;-5/0;-6
3,(14;10),1,16,100,0;7/-1;7/-1;6/-1;5/-1;4/-1;3/-1;2/-1;1/-1;0/-1;-1/-1;-2/-1;-3/-1;-4/0;-4/0;-5/0;-6
4,(12;7),1,16,100,0;7/-1;7/-1;6/-1;5/-1;4/-1;3/-1;2/-1;1/-1;0/-1;-1/-1;-2/-1;-3/-1;-4/0;-4/0;-5/0;-6
4,(13;9),1,16,100,0;7/-1;7/-1;6/-1;5/-1;4/-1;3/-1;2/-1;1/-1;0/-1;-1/-1;-2/-1;-3/-1;-4/-1;-5/-1;-6/-1;-7
8,(1;1),1,16,100,0;7/-1;7/-1;6/-1;5/-1;4/-1;3/-1;2/-1;1/-1;0/-1;-1/-1;-2/-1;-3/-1;-4/-1;-5/-1;-6/-1;-7
4,(0;0),1,16,100,0;7/-1;7/-1;6/-1;5/-1;4/-1;3/-1;2/-1;1/-1;0/-1;-1/-1;-2/-1;-3/-1;-4/-1;-5/-1;-6/-1;-7
5,(12;7),1,16,100,0;7/-1;7/-1;6/-1;5/-1;4/-1;3/-1;2/-1;1/-1;0/-1;-1/-1;-2/-1;-3/-1;-4/-1;-5/-1;-6/-1;-7
4,(14;10),0,16,-100,0;7/-1;7/-1;6/-1;5/-1;4/-1;3/-1;2/-1;1/-1;0/-1;-1/-1;-2/-1;-3/-1;-4/-1;-5/-1;-6/-1;-7
5,(13;9),0,11,-100,0;7/-1;7/-1;6/-1;5/-1;4/-1;3/-1;2/-1;1/-1;0/-1;-1/-1;-2
9,(1;1),1,16,100,0;7/-1;7/-1;6/-1;5/-1;4/-1;3/-1;2/-1;1/-1;0/-1;-1/-1;-2/-1;-3/-1;-4/0;-4/0;-5/0;-6
5,(0;0),1,16,100,0;7/-1;7/-1;6/-1;5/-1;4/-1;3/-1;2/-1;1/-1;0/-1;-1/-1;-2/-1;-3/-1;-4/-1;-5/-1;-6/-1;-7
10,(1;1),0,5,-100,0;7/-1;7/-1;6/-1;5/-1;4
11,(1;1),0,2,-100,0;7/-1;7
6,(12;7),0,15,-100,0;7/-1;7/-1;6/-1;5/-1;4/-1;3/-1;2/-1;1/-1;0/-1;-1/-1;-2/-1;-3/-1;-4/0;-4/0;-5
5,(14;10),1,16,100,0;7/-1;7/-1;6/-1;5/-1;4/-1;3/-1;2/-1;1/-1;0/-1;-1/-1;-2/-1;-3/-1;-4/-1;-5/-1;-6/-1;-7
6,(13;9),1,16,100,0;7/-1;7/-1;6/-1;5/-1;4/-1;3/-1;2/-1;1/-1;0/-1;-1/-1;-2/-1;-3/-1;-4/0;-4/0;-5/0;-6
6,(0;0),1,16,100,0;7/-1;7/-1;6/-1;5/-1;4/-1;3/-1;2/-1;1/-1;0/-1;-1/-1;-2/-1;-3/-1;-4/0;-4/0;-5/0;-6
12,(1;1),1,16,100,0;7/-1;7/-1;6/-1;5/-1;4/-1;3/-1;2/-1;1/-1;0/-1;-1/-1;-2/-1;-3/-1;-4/0;-4/0;-5/0;-6
13,(1;1),0,2,-100,0;7/-1;7
7,(12;7),1,16,100,0;7/-1;7/-1;6/-1;5/-1;4/-1;3/-1;2/-1;1/-1;0/-1;-1/-1;-2/-1;-3/-1;-4/0;-4/0;-5/0;-6
6,(14;10),1,16,100,0;7/-1;7/-1;6/-1;5/-1;4/-1;3/-1;2/-1;1/-1;0/-1;-1/-1;-2/-1;-3/-1;-4/0;-4/0;-5/0;-6
7,(13;9),1,16,100,0;7/-1;7/-1;6/-1;5/-1;4/-1;3/-1;2/-1;1/-1;0/-1;-1/-1;-2/-1;-3/-1;-4/-1;-5/-1;-6/-1;-7
14,(1;1),0,7,-100,0;7/-1;7/-1;6/-1;5/-1;4/-1;3/-1;2
15,(1;1),0,5,-100,0;7/-1;7/-1;6/-1;5/-1;4
8,(12;7),1,16,100,0;7/-1;7/-1;6/-1;5/-1;4/-1;3/-1;2/-1;1/-1;0/-1;-1/-1;-2/-1;-3/-1;-4/-1;-5/-1;-6/-1;-7
16,(1;1),0,4,-100,0;7/-1;7/-1;6/-1;5
7,(0;0),1,16,100,0;7/-1;7/-1;6/-1;5/-1;4/-1;3/-1;2/-1;1/-1;0/-1;-1/-1;-2/-1;-3/-1;-4/0;-4/0;-5/0;-6
17,(1;1),0,2,-100,0;7/-1;7
7,(14;10),1,16,100,0;7/-1;7/-1;6/-1;5/-1;4/-1;3/-1;2/-1;1/-1;0/-1;-1/-1;-2/-1;-3/-1;-4/-1;-5/-1;-6/-1;-7
8,(13;9),1,16,100,0;7/-1;7/-1;6/-1;5/-1;4/-1;3/-1;2/-1;1/-1;0/-1;-1/-1;-2/-1;-3/-1;-4/0;-4/0;-5/0;-6
8,(0;0),0,14,-100,0;7/-1;7/-1;6/-1;5/-1;4/-1;3/-1;2/-1;1/-1;0/-1;-1/-1;-2/-1;-3/-1;-4/0;-4
9,(12;7),0,15,-100,0;7/-1;7/-1;6/-1;5/-1;4/-1;3/-1;2/-1;1/-1;0/-1;-1/-1;-2/-1;-3/-1;-4/0;-4/0;-5
18,(1;1),1,16,100,0;7/-1;7/-1;6/-1;5/-1;4/-1;3/-1;2/-1;1/-1;0/-1;-1/-1;-2/-1;-3/-1;-4/0;-4/0;-5/0;-6
9,(0;0),0,6,-100,0;7/-1;7/-1;6/-1;5/-1;4/-1;3
8,(14;10),1,16,100,0;7/-1;7/-1;6/-1;5/-1;4/-1;3/-1;2/-1;1/-1;0/-1;-1/-1;-2/-1;-3/-1;-4/0;-4/0;-5/0;-6
9,(13;9),1,16,100,0;7/-1;7/-1;6/-1;5/-1;4/-1;3/-1;2/-1;1/-1;0/-1;-1/-1;-2/-1;-3/-1;-4/0;-4/0;-5/0;-6
19,(1;1),0,11,-100,0;7/-1;7/-1;6/-1;5/-1;4/-1;3/-1;2/-1;1/-1;0/-1;-1/-1;-2
10,(0;0),0,6,-100,0;7/-1;7/-1;6/-1;5/-1;4/-1;3
10,(12;7),1,16,100,0;7/-1;7/-1;6/-1;5/-1;4/-1;3/-1;2/-1;1/-1;0/-1;-1/-1;-2/-1;-3/-1;-4/0;-4/0;-5/0;-6
20,(1;1),1,16,100,0;7/-1;7/-1;6/-1;5/-1;4/-1;3/-1;2/-1;1/-1;0/-1;-1/-1;-2/-1;-3/-1;-4/0;-4/0;-5/0;-6
11,(0;0),0,15,-100,0;7/-1;7/-1;6/-1;5/-1;4/-1;3/-1;2/-1;1/-1;0/-1;-1/-1;-2/-1;-3/-1;-4/0;-4/0;-5
10,(13;9),1,16,100,0;7/-1;7/-1;6/-1;5/-1;4/-1;3/-1;2/-1;1/-1;0/-1;-1/-1;-2/-1;-3/-1;-4/-1;-5/-1;-6/-1;-7
9,(14;10),1,16,100,0;7/-1;7/-1;6/-1;5/-1;4/-1;3/-1;2/-1;1/-1;0/-1;-1/-1;-2/-1;-3/-1;-4/0;-4/0;-5/0;-6
11,(12;7),0,14,-100,0;7/-1;7/-1;6/-1;5/-1;4/-1;3/-1;2/-1;1/-1;0/-1;-1/-1;-2/-1;-3/-1;-4/0;-4
21,(1;1),0,4,-100,0;7/-1;7/-1;6/-1;5
12,(0;0),1,16,100,0;7/-1;7/-1;6/-1;5/-1;4/-1;3/-1;2/-1;1/-1;0/-1;-1/-1;-2/-1;-3/-1;-4/-1;-5/-1;-6/-1;-7
12,(12;7),0,8,-100,0;7/-1;7/-1;6/-1;5/-1;4/-1;3/-1;2/-1;1
22,(1;1),0,12,-100,0;7/-1;7/-1;6/-1;5/-1;4/-1;3/-1;2/-1;1/-1;0/-1;-1/-1;-2/-1;-3
10,(14;10),1,16,100,0;7/-1;7/-1;6/-1;5/-1;4/-1;3/-1;2/-1;1/-1;0/-1;-1/-1;-2/-1;-3/-1;-4/0;-4/0;-5/0;-6
11,(13;9),1,16,100,0;7/-1;7/-1;6/-1;5/-1;4/-1;3/-1;2/-1;1/-1;0/-1;-1/-1;-2/-1;-3/-1;-4/0;-4/0;-5/0;-6
13,(0;0),0,15,-100,0;7/-1;7/-1;6/-1;5/-1;4/-1;3/-1;2/-1;1/-1;0/-1;-1/-1;-2/-1;-3/-1;-4/-1;-5/-1;-6
23,(1;1),1,16,100,0;7/-1;7/-1;6/-1;5/-1;4/-1;3/-1;2/-1;1/-1;0/-1;-1/-1;-2/-1;-3/-1;-4/-1;-5/-1;-6/-1;-7
12,(13;9),0,9,-100,0;7/-1;7/-1;6/-1;5/-1;4/-1;3/-1;2/-1;1/-1;0
13,(12;7),1,16,100,0;7/-1;7/-1;6/-1;5/-1;4/-1;3/-1;2/-1;1/-1;0/-1;-1/-1;-2/-1;-3/-1;-4/-1;-5/-1;-6/-1;-7
24,(1;1),0,2,-100,0;7/-1;7
14,(0;0),0,9,-100,0;7/-1;7/-1;6/-1;5/-1;4/-1;3/-1;2/-1;1/-1;0
25,(1;1),0,2,-100,0;7/-1;7
11,(14;10),1,16,100,0;7/-1;7/-1;6/-1;5/-1;4/-1;3/-1;2/-1;1/-1;0/-1;-1/-1;-2/-1;-3/-1;-4/-1;-5/-1;-6/-1;-7
13,(13;9),1,16,100,0;7/-1;7/-1;6/-1;5/-1;4/-1;3/-1;2/-1;1/-1;0/-1;-1/-1;-2/-1;-3/-1;-4/0;-4/0;-5/0;-6
15,(0;0),0,14,-100,0;7/-1;7/-1;6/-1;5/-1;4/-1;3/-1;2/-1;1/-1;0/-1;-1/-1;-2/-1;-3/-1;-4/0;-4
14,(12;7),1,16,100,0;7/-1;7/-1;6/-1;5/-1;4/-1;3/-1;2/-1;1/-1;0/-1;-1/-1;-2/-1;-3/-1;-4/0;-4/0;-5/0;-6
12,(14;10),1,16,100,0;7/-1;7/-1;6/-1;5/-1;4/-1;3/-1;2/-1;1/-1;0/-1;-1/-1;-2/-1;-3/-1;-4/0;-4/0;-5/0;-6
26,(1;1),1,16,100,0;7/-1;7/-1;6/-1;5/-1;4/-1;3/-1;2/-1;1/-1;0/-1;-1/-1;-2/-1;-3/-1;-4/0;-4/0;-5/0;-6
27,(1;1),0,4,-100,0;7/-1;7/-1;6/-1;5
15,(12;7),1,16,100,0;7/-1;7/-1;6/-1;5/-1;4/-1;3/-1;2/-1;1/-1;0/-1;-1/-1;-2/-1;-3/-1;-4/0;-4/0;-5/0;-6
16,(0;0),1,16,100,0;7/-1;7/-1;6/-1;5/-1;4/-1;3/-1;2/-1;1/-1;0/-1;-1/-1;-2/-1;-3/-1;-4/-1;-5/-1;-6/-1;-7
14,(13;9),1,16,100,0;7/-1;7/-1;6/-1;5/-1;4/-1;3/-1;2/-1;1/-1;0/-1;-1/-1;-2/-1;-3/-1;-4/-1;-5/-1;-6/-1;-7
28,(1;1),0,3,-100,0;7/-1;7/-1;6
13,(14;10),1,16,100,0;7/-1;7/-1;6/-1;5/-1;4/-1;3/-1;2/-1;1/-1;0/-1;-1/-1;-2/-1;-3/-1;-4/0;-4/0;-5/0;-6
29,(1;1),0,2,-100,0;7/-1;7
17,(0;0),0,10,-100,0;7/-1;7/-1;6/-1;5/-1;4/-1;3/-1;2/-1;1/-1;0/-1;-1
16,(12;7),1,16,100,0;7/-1;7/-1;6/-1;5/-1;4/-1;3/-1;2/-1;1/-1;0/-1;-1/-1;-2/-1;-3/-1;-4/-1;-5/-1;-6/-1;-7
30,(1;1),0,9,-100,0;7/-1;7/-1;6/-1;5/-1;4/-1;3/-1;2/-1;1/-1;0
15,(13;9),1,16,100,0;7/-1;7/-1;6/-1;5/-1;4/-1;3/-1;2/-1;1/-1;0/-1;-1/-1;-2/-1;-3/-1;-4/0;-4/0;-5/0;-6
14,(14;10),1,16,100,0;7/-1;7/-1;6/-1;5/-1;4/-1;3/-1;2/-1;1/-1;0/-1;-1/-1;-2/-1;-3/-1;-4/-1;-5/-1;-6/-1;-7
18,(0;0),1,16,100,0;7/-1;7/-1;6/-1;5/-1;4/-1;3/-1;2/-1;1/-1;0/-1;-1/-1;-2/-1;-3/-1;-4/0;-4/0;-5/0;-6
31,(1;1),0,11,-100,0;7/-1;7/-1;6/-1;5/-1;4/-1;3/-1;2/-1;1/-1;0/-1;-1/-1;-2
32,(1;1),0,2,-100,0;7/-1;7
16,(13;9),1,16,100,0;7/-1;7/-1;6/-1;5/-1;4/-1;3/-1;2/-1;1/-1;0/-1;-1/-1;-2/-1;-3/-1;-4/0;-4/0;-5/0;-6
17,(12;7),1,16,100,0;7/-1;7/-1;6/-1;5/-1;4/-1;3/-1;2/-1;1/-1;0/-1;-1/-1;-2/-1;-3/-1;-4/-1;-5/-1;-6/-1;-7
15,(14;10),1,16,100,0;7/-1;7/-1;6/-1;5/-1;4/-1;3/-1;2/-1;1/-1;0/-1;-1/-1;-2/-1;-3/-1;-4/0;-4/0;-5/0;-6
19,(0;0),1,16,100,0;7/-1;7/-1;6/-1;5/-1;4/-1;3/-1;2/-1;1/-1;0/-1;-1/-1;-2/-1;-3/-1;-4/-1;-5/-1;-6/-1;-7
18,(12;7),0,9,-100,0;7/-1;7/-1;6/-1;5/-1;4/-1;3/-1;2/-1;1/-1;0
33,(1;1),1,16,100,0;7/-1;7/-1;6/-1;5/-1;4/-1;3/-1;2/-1;1/-1;0/-1;-1/-1;-2/-1;-3/-1;-4/-1;-5/-1;-6/-1;-7
17,(13;9),1,16,100,0;7/-1;7/-1;6/-1;5/-1;4/-1;3/-1;2/-1;1/-1;0/-1;-1/-1;-2/-1;-3/-1;-4/0;-4/0;-5/0;-6
20,(0;0),1,16,100,0;7/-1;7/-1;6/-1;5/-1;4/-1;3/-1;2/-1;1/-1;0/-1;-1/-1;-2/-1;-3/-1;-4/0;-4/0;-5/0;-6
16,(14;10),1,16,100,0;7/-1;7/-1;6/-1;5/-1;4/-1;3/-1;2/-1;1/-1;0/-1;-1/-1;-2/-1;-3/-1;-4/0;-4/0;-5/0;-6
34,(1;1),0,11,-100,0;7/-1;7/-1;6/-1;5/-1;4/-1;3/-1;2/-1;1/-1;0/-1;-1/-1;-2
19,(12;7),1,16,100,0;7/-1;7/-1;6/-1;5/-1;4/-1;3/-1;2/-1;1/-1;0/-1;-1/-1;-2/-1;-3/-1;-4/0;-4/0;-5/0;-6
21,(0;0),0,6,-100,0;7/-1;7/-1;6/-1;5/-1;4/-1;3
35,(1;1),0,10,-100,0;7/-1;7/-1;6/-1;5/-1;4/-1;3/-1;2/-1;1/-1;0/-1;-1
18,(13;9),1,16,100,0;7/-1;7/-1;6/-1;5/-1;4/-1;3/-1;2/-1;1/-1;0/-1;-1/-1;-2/-1;-3/-1;-4/0;-4/0;-5/0;-6
22,(0;0),0,4,-100,0;7/-1;7/-1;6/-1;5
17,(14;10),1,16,100,0;7/-1;7/-1;6/-1;5/-1;4/-1;3/-1;2/-1;1/-1;0/-1;-1/-1;-2/-1;-3/-1;-4/-1;-5/-1;-6/-1;-7
36,(1;1),0,9,-100,0;7/-1;7/-1;6/-1;5/-1;4/-1;3/-1;2/-1;1/-1;0
20,(12;7),1,16,100,0;7/-1;7/-1;6/-1;5/-1;4/-1;3/-1;2/-1;1/-1;0/-1;-1/-1;-2/-1;-3/-1;-4/0;-4/0;-5/0;-6
37,(1;1),0,2,-100,0;7/-1;7
19,(13;9),1,16,100,0;7/-1;7/-1;6/-1;5/-1;4/-1;3/-1;2/-1;1/-1;0/-1;-1/-1;-2/-1;-3/-1;-4/0;-4/0;-5/0;-6
23,(0;0),1,16,100,0;7/-1;7/-1;6/-1;5/-1;4/-1;3/-1;2/-1;1/-1;0/-1;-1/-1;-2/-1;-3/-1;-4/0;-4/0;-5/0;-6
24,(0;0),0,9,-100,0;7/-1;7/-1;6/-1;5/-1;4/-1;3/-1;2/-1;1/-1;0
21,(12;7),1,16,100,0;7/-1;7/-1;6/-1;5/-1;4/-1;3/-1;2/-1;1/-1;0/-1;-1/-1;-2/-1;-3/-1;-4/0;-4/0;-5/0;-6
18,(14;10),1,16,100,0;7/-1;7/-1;6/-1;5/-1;4/-1;3/-1;2/-1;1/-1;0/-1;-1/-1;-2/-1;-3/-1;-4/0;-4/0;-5/0;-6
38,(1;1),1,16,100,0;7/-1;7/-1;6/-1;5/-1;4/-1;3/-1;2/-1;1/-1;0/-1;-1/-1;-2/-1;-3/-1;-4/0;-4/0;-5/0;-6
20,(13;9),1,16,100,0;7/-1;7/-1;6/-1;5/-1;4/-1;3/-1;2/-1;1/-1;0/-1;-1/-1;-2/-1;-3/-1;-4/0;-4/0;-5/0;-6
25,(0;0),0,11,-100,0;7/-1;7/-1;6/-1;5/-1;4/-1;3/-1;2/-1;1/-1;0/-1;-1/-1;-2
19,(14;10),1,16,100,0;7/-1;7/-1;6/-1;5/-1;4/-1;3/-1;2/-1;1/-1;0/-1;-1/-1;-2/-1;-3/-1;-4/0;-4/0;-5/0;-6
39,(1;1),0,8,-100,0;7/-1;7/-1;6/-1;5/-1;4/-1;3/-1;2/-1;1
22,(12;7),1,16,100,0;7/-1;7/-1;6/-1;5/-1;4/-1;3/-1;2/-1;1/-1;0/-1;-1/-1;-2/-1;-3/-1;-4/0;-4/0;-5/0;-6
21,(13;9),1,16,100,0;7/-1;7/-1;6/-1;5/-1;4/-1;3/-1;2/-1;1/-1;0/-1;-1/-1;-2/-1;-3/-1;-4/-1;-5/-1;-6/-1;-7
26,(0;0),1,16,100,0;7/-1;7/-1;6/-1;5/-1;4/-1;3/-1;2/-1;1/-1;0/-1;-1/-1;-2/-1;-3/-1;-4/0;-4/0;-5/0;-6
40,(1;1),1,16,100,0;7/-1;7/-1;6/-1;5/-1;4/-1;3/-1;2/-1;1/-1;0/-1;-1/-1;-2/-1;-3/-1;-4/-1;-5/-1;-6/-1;-7
20,(14;10),1,16,100,0;7/-1;7/-1;6/-1;5/-1;4/-1;3/-1;2/-1;1/-1;0/-1;-1/-1;-2/-1;-3/-1;-4/0;-4/0;-5/0;-6
23,(12;7),1,16,100,0;7/-1;7/-1;6/-1;5/-1;4/-1;3/-1;2/-1;1/-1;0/-1;-1/-1;-2/-1;-3/-1;-4/-1;-5/-1;-6/-1;-7
41,(1;1),1,16,100,0;7/-1;7/-1;6/-1;5/-1;4/-1;3/-1;2/-1;1/-1;0/-1;-1/-1;-2/-1;-3/-1;-4/-1;-5/-1;-6/-1;-7
27,(0;0),1,16,100,0;7/-1;7/-1;6/-1;5/-1;4/-1;3/-1;2/-1;1/-1;0/-1;-1/-1;-2/-1;-3/-1;-4/0;-4/0;-5/0;-6
22,(13;9),1,16,100,0;7/-1;7/-1;6/-1;5/-1;4/-1;3/-1;2/-1;1/-1;0/-1;-1/-1;-2/-1;-3/-1;-4/-1;-5/-1;-6/-1;-7
21,(14;10),1,16,100,0;7/-1;7/-1;6/-1;5/-1;4/-1;3/-1;2/-1;1/-1;0/-1;-1/-1;-2/-1;-3/-1;-4/-1;-5/-1;-6/-1;-7
42,(1;1),0,7,-100,0;7/-1;7/-1;6/-1;5/-1;4/-1;3/-1;2
24,(12;7),1,16,100,0;7/-1;7/-1;6/-1;5/-1;4/-1;3/-1;2/-1;1/-1;0/-1;-1/-1;-2/-1;-3/-1;-4/-1;-5/-1;-6/-1;-7
23,(13;9),0,10,-100,0;7/-1;7/-1;6/-1;5/-1;4/-1;3/-1;2/-1;1/-1;0/-1;-1
28,(0;0),1,16,100,0;7/-1;7/-1;6/-1;5/-1;4/-1;3/-1;2/-1;1/-1;0/-1;-1/-1;-2/-1;-3/-1;-4/-1;-5/-1;-6/-1;-7
43,(1;1),1,16,100,0;7/-1;7/-1;6/-1;5/-1;4/-1;3/-1;2/-1;1/-1;0/-1;-1/-1;-2/-1;-3/-1;-4/0;-4/0;-5/0;-6
25,(12;7),0,12,-100,0;7/-1;7/-1;6/-1;5/-1;4/-1;3/-1;2/-1;1/-1;0/-1;-1/-1;-2/-1;-3
22,(14;10),1,16,100,0;7/-1;7/-1;6/-1;5/-1;4/-1;3/-1;2/-1;1/-1;0/-1;-1/-1;-2/-1;-3/-1;-4/-1;-5/-1;-6/-1;-7
44,(1;1),0,2,-100,0;7/-1;7
24,(13;9),0,12,-100,0;7/-1;7/-1;6/-1;5/-1;4/-1;3/-1;2/-1;1/-1;0/-1;-1/-1;-2/-1;-3
29,(0;0),1,16,100,0;7/-1;7/-1;6/-1;5/-1;4/-1;3/-1;2/-1;1/-1;0/-1;-1/-1;-2/-1;-3/-1;-4/0;-4/0;-5/0;-6
26,(12;7),1,16,100,0;7/-1;7/-1;6/-1;5/-1;4/-1;3/-1;2/-1;1/-1;0/-1;-1/-1;-2/-1;-3/-1;-4/0;-4/0;-5/0;-6
45,(1;1),1,16,100,0;7/-1;7/-1;6/-1;5/-1;4/-1;3/-1;2/-1;1/-1;0/-1;-1/-1;-2/-1;-3/-1;-4/0;-4/0;-5/0;-6
23,(14;10),1,16,100,0;7/-1;7/-1;6/-1;5/-1;4/-1;3/-1;2/-1;1/-1;0/-1;-1/-1;-2/-1;-3/-1;-4/0;-4/0;-5/0;-6
46,(1;1),0,2,-100,0;7/-1;7
30,(0;0),1,16,100,0;7/-1;7/-1;6/-1;5/-1;4/-1;3/-1;2/-1;1/-1;0/-1;-1/-1;-2/-1;-3/-1;-4/0;-4/0;-5/0;-6
25,(13;9),1,16,100,0;7/-1;7/-1;6/-1;5/-1;4/-1;3/-1;2/-1;1/-1;0/-1;-1/-1;-2/-1;-3/-1;-4/-1;-5/-1;-6/-1;-7
47,(1;1),0,3,-100,0;7/-1;7/-1;6
27,(12;7),1,16,100,0;7/-1;7/-1;6/-1;5/-1;4/-1;3/-1;2/-1;1/-1;0/-1;-1/-1;-2/-1;-3/-1;-4/0;-4/0;-5/0;-6
24,(14;10),0,12,-100,0;7/-1;7/-1;6/-1;5/-1;4/-1;3/-1;2/-1;1/-1;0/-1;-1/-1;-2/-1;-3
48,(1;1),0,2,-100,0;7/-1;7
31,(0;0),1,16,100,0;7/-1;7/-1;6/-1;5/-1;4/-1;3/-1;2/-1;1/-1;0/-1;-1/-1;-2/-1;-3/-1;-4/0;-4/0;-5/0;-6
26,(13;9),0,15,-100,0;7/-1;7/-1;6/-1;5/-1;4/-1;3/-1;2/-1;1/-1;0/-1;-1/-1;-2/-1;-3/-1;-4/0;-4/0;-5
49,(1;1),0,4,-100,0;7/-1;7/-1;6/-1;5
28,(12;7),1,16,100,0;7/-1;7/-1;6/-1;5/-1;4/-1;3/-1;2/-1;1/-1;0/-1;-1/-1;-2/-1;-3/-1;-4/0;-4/0;-5/0;-6
25,(14;10),1,16,100,0;7/-1;7/-1;6/-1;5/-1;4/-1;3/-1;2/-1;1/-1;0/-1;-1/-1;-2/-1;-3/-1;-4/-1;-5/-1;-6/-1;-7
32,(0;0),1,16,100,0;7/-1;7/-1;6/-1;5/-1;4/-1;3/-1;2/-1;1/-1;0/-1;-1/-1;-2/-1;-3/-1;-4/0;-4/0;-5/0;-6
50,(1;1),1,16,100,0;7/-1;7/-1;6/-1;5/-1;4/-1;3/-1;2/-1;1/-1;0/-1;-1/-1;-2/-1;-3/-1;-4/-1;-5/-1;-6/-1;-7
27,(13;9),1,16,100,0;7/-1;7/-1;6/-1;5/-1;4/-1;3/-1;2/-1;1/-1;0/-1;-1/-1;-2/-1;-3/-1;-4/0;-4/0;-5/0;-6
33,(0;0),0,9,-100,0;7/-1;7/-1;6/-1;5/-1;4/-1;3/-1;2/-1;1/-1;0
29,(12;7),1,16,100,0;7/-1;7/-1;6/-1;5/-1;4/-1;3/-1;2/-1;1/-1;0/-1;-1/-1;-2/-1;-3/-1;-4/0;-4/0;-5/0;-6
26,(14;10),1,16,100,0;7/-1;7/-1;6/-1;5/-1;4/-1;3/-1;2/-1;1/-1;0/-1;-1/-1;-2/-1;-3/-1;-4/0;-4/0;-5/0;-6
28,(13;9),1,16,100,0;7/-1;7/-1;6/-1;5/-1;4/-1;3/-1;2/-1;1/-1;0/-1;-1/-1;-2/-1;-3/-1;-4/-1;-5/-1;-6/-1;-7
34,(0;0),1,16,100,0;7/-1;7/-1;6/-1;5/-1;4/-1;3/-1;2/-1;1/-1;0/-1;-1/-1;-2/-1;-3/-1;-4/-1;-5/-1;-6/-1;-7
30,(12;7),1,16,100,0;7/-1;7/-1;6/-1;5/-1;4/-1;3/-1;2/-1;1/-1;0/-1;-1/-1;-2/-1;-3/-1;-4/0;-4/0;-5/0;-6
27,(14;10),0,14,-100,0;7/-1;7/-1;6/-1;5/-1;4/-1;3/-1;2/-1;1/-1;0/-1;-1/-1;-2/-1;-3/-1;-4/0;-4
29,(13;9),0,8,-100,0;7/-1;7/-1;6/-1;5/-1;4/-1;3/-1;2/-1;1
35,(0;0),0,5,-100,0;7/-1;7/-1;6/-1;5/-1;4
36,(0;0),0,5,-100,0;7/-1;7/-1;6/-1;5/-1;4
28,(14;10),1,16,100,0;7/-1;7/-1;6/-1;5/-1;4/-1;3/-1;2/-1;1/-1;0/-1;-1/-1;-2/-1;-3/-1;-4/-1;-5/-1;-6/-1;-7
31,(12;7),1,16,100,0;7/-1;7/-1;6/-1;5/-1;4/-1;3/-1;2/-1;1/-1;0/-1;-1/-1;-2/-1;-3/-1;-4/-1;-5/-1;-6/-1;-7
30,(13;9),1,16,100,0;7/-1;7/-1;6/-1;5/-1;4/-1;3/-1;2/-1;1/-1;0/-1;-1/-1;-2/-1;-3/-1;-4/0;-4/0;-5/0;-6
37,(0;0),1,16,100,0;7/-1;7/-1;6/-1;5/-1;4/-1;3/-1;2/-1;1/-1;0/-1;-1/-1;-2/-1;-3/-1;-4/0;-4/0;-5/0;-6
32,(12;7),1,16,100,0;7/-1;7/-1;6/-1;5/-1;4/-1;3/-1;2/-1;1/-1;0/-1;-1/-1;-2/-1;-3/-1;-4/0;-4/0;-5/0;-6
31,(13;9),0,12,-100,0;7/-1;7/-1;6/-1;5/-1;4/-1;3/-1;2/-1;1/-1;0/-1;-1/-1;-2/-1;-3
29,(14;10),1,16,100,0;7/-1;7/-1;6/-1;5/-1;4/-1;3/-1;2/-1;1/-1;0/-1;-1/-1;-2/-1;-3/-1;-4/0;-4/0;-5/0;-6
38,(0;0),0,10,-100,0;7/-1;7/-1;6/-1;5/-1;4/-1;3/-1;2/-1;1/-1;0/-1;-1
33,(12;7),0,8,-100,0;7/-1;7/-1;6/-1;5/-1;4/-1;3/-1;2/-1;1
39,(0;0),1,16,100,0;7/-1;7/-1;6/-1;5/-1;4/-1;3/-1;2/-1;1/-1;0/-1;-1/-1;-2/-1;-3/-1;-4/0;-4/0;-5/0;-6
34,(12;7),0,9,-100,0;7/-1;7/-1;6/-1;5/-1;4/-1;3/-1;2/-1;1/-1;0
32,(13;9),1,16,100,0;7/-1;7/-1;6/-1;5/-1;4/-1;3/-1;2/-1;1/-1;0/-1;-1/-1;-2/-1;-3/-1;-4/0;-4/0;-5/0;-6
30,(14;10),1,16,100,0;7/-1;7/-1;6/-1;5/-1;4/-1;3/-1;2/-1;1/-1;0/-1;-1/-1;-2/-1;-3/-1;-4/0;-4/0;-5/0;-6
40,(0;0),0,12,-100,0;7/-1;7/-1;6/-1;5/-1;4/-1;3/-1;2/-1;1/-1;0/-1;-1/-1;-2/-1;-3
33,(13;9),0,8,-100,0;7/-1;7/-1;6/-1;5/-1;4/-1;3/-1;2/-1;1
35,(12;7),1,16,100,0;7/-1;7/-1;6/-1;5/-1;4/-1;3/-1;2/-1;1/-1;0/-1;-1/-1;-2/-1;-3/-1;-4/0;-4/0;-5/0;-6
31,(14;10),1,16,100,0;7/-1;7/-1;6/-1;5/-1;4/-1;3/-1;2/-1;1/-1;0/-1;-1/-1;-2/-1;-3/-1;-4/-1;-5/-1;-6/-1;-7
34,(13;9),1,16,100,0;7/-1;7/-1;6/-1;5/-1;4/-1;3/-1;2/-1;1/-1;0/-1;-1/-1;-2/-1;-3/-1;-4/0;-4/0;-5/0;-6
41,(0;0),1,16,100,0;7/-1;7/-1;6/-1;5/-1;4/-1;3/-1;2/-1;1/-1;0/-1;-1/-1;-2/-1;-3/-1;-4/-1;-5/-1;-6/-1;-7
36,(12;7),1,16,100,0;7/-1;7/-1;6/-1;5/-1;4/-1;3/-1;2/-1;1/-1;0/-1;-1/-1;-2/-1;-3/-1;-4/-1;-5/-1;-6/-1;-7
32,(14;10),1,16,100,0;7/-1;7/-1;6/-1;5/-1;4/-1;3/-1;2/-1;1/-1;0/-1;-1/-1;-2/-1;-3/-1;-4/0;-4/0;-5/0;-6
37,(12;7),0,8,-100,0;7/-1;7/-1;6/-1;5/-1;4/-1;3/-1;2/-1;1
35,(13;9),0,12,-100,0;7/-1;7/-1;6/-1;5/-1;4/-1;3/-1;2/-1;1/-1;0/-1;-1/-1;-2/-1;-3
42,(0;0),1,16,100,0;7/-1;7/-1;6/-1;5/-1;4/-1;3/-1;2/-1;1/-1;0/-1;-1/-1;-2/-1;-3/-1;-4/-1;-5/-1;-6/-1;-7
33,(14;10),0,14,-100,0;7/-1;7/-1;6/-1;5/-1;4/-1;3/-1;2/-1;1/-1;0/-1;-1/-1;-2/-1;-3/-1;-4/0;-4
38,(12;7),0,11,-100,0;7/-1;7/-1;6/-1;5/-1;4/-1;3/-1;2/-1;1/-1;0/-1;-1/-1;-2
36,(13;9),1,16,100,0;7/-1;7/-1;6/-1;5/-1;4/-1;3/-1;2/-1;1/-1;0/-1;-1/-1;-2/-1;-3/-1;-4/0;-4/0;-5/0;-6
43,(0;0),1,16,100,0;7/-1;7/-1;6/-1;5/-1;4/-1;3/-1;2/-1;1/-1;0/-1;-1/-1;-2/-1;-3/-1;-4/0;-4/0;-5/0;-6
34,(14;10),1,16,100,0;7/-1;7/-1;6/-1;5/-1;4/-1;3/-1;2/-1;1/-1;0/-1;-1/-1;-2/-1;-3/-1;-4/0;-4/0;-5/0;-6
39,(12;7),1,16,100,0;7/-1;7/-1;6/-1;5/-1;4/-1;3/-1;2/-1;1/-1;0/-1;-1/-1;-2/-1;-3/-1;-4/-1;-5/-1;-6/-1;-7
44,(0;0),0,9,-100,0;7/-1;7/-1;6/-1;5/-1;4/-1;3/-1;2/-1;1/-1;0
37,(13;9),1,16,100,0;7/-1;7/-1;6/-1;5/-1;4/-1;3/-1;2/-1;1/-1;0/-1;-1/-1;-2/-1;-3/-1;-4/0;-4/0;-5/0;-6
45,(0;0),0,3,-100,0;7/-1;7/-1;6
35,(14;10),0,12,-100,0;7/-1;7/-1;6/-1;5/-1;4/-1;3/-1;2/-1;1/-1;0/-1;-1/-1;-2/-1;-3
40,(12;7),1,16,100,0;7/-1;7/-1;6/-1;5/-1;4/-1;3/-1;2/-1;1/-1;0/-1;-1/-1;-2/-1;-3/-1;-4/-1;-5/-1;-6/-1;-7
38,(13;9),0,9,-100,0;7/-1;7/-1;6/-1;5/-1;4/-1;3/-1;2/-1;1/-1;0
46,(0;0),0,10,-100,0;7/-1;7/-1;6/-1;5/-1;4/-1;3/-1;2/-1;1/-1;0/-1;-1
36,(14;10),0,16,-100,0;7/-1;7/-1;6/-1;5/-1;4/-1;3/-1;2/-1;1/-1;0/-1;-1/-1;-2/-1;-3/-1;-4/-1;-5/-1;-6/-1;-7
39,(13;9),0,16,-100,0;7/-1;7/-1;6/-1;5/-1;4/-1;3/-1;2/-1;1/-1;0/-1;-1/-1;-2/-1;-3/-1;-4/0;-4/0;-5/0;-6
41,(12;7),1,16,100,0;7/-1;7/-1;6/-1;5/-1;4/-1;3/-1;2/-1;1/-1;0/-1;-1/-1;-2/-1;-3/-1;-4/0;-4/0;-5/0;-6
47,(0;0),1,16,100,0;7/-1;7/-1;6/-1;5/-1;4/-1;3/-1;2/-1;1/-1;0/-1;-1/-1;-2/-1;-3/-1;-4/0;-4/0;-5/0;-6
37,(14;10),1,16,100,0;7/-1;7/-1;6/-1;5/-1;4/-1;3/-1;2/-1;1/-1;0/-1;-1/-1;-2/-1;-3/-1;-4/-1;-5/-1;-6/-1;-7
40,(13;9),1,16,100,0;7/-1;7/-1;6/-1;5/-1;4/-1;3/-1;2/-1;1/-1;0/-1;-1/-1;-2/-1;-3/-1;-4/0;-4/0;-5/0;-6
42,(12;7),1,16,100,0;7/-1;7/-1;6/-1;5/-1;4/-1;3/-1;2/-1;1/-1;0/-1;-1/-1;-2/-1;-3/-1;-4/0;-4/0;-5/0;-6
48,(0;0),1,16,100,0;7/-1;7/-1;6/-1;5/-1;4/-1;3/-1;2/-1;1/-1;0/-1;-1/-1;-2/-1;-3/-1;-4/0;-4/0;-5/0;-6
38,(14;10),0,8,-100,0;7/-1;7/-1;6/-1;5/-1;4/-1;3/-1;2/-1;1
41,(13;9),0,15,-100,0;7/-1;7/-1;6/-1;5/-1;4/-1;3/-1;2/-1;1/-1;0/-1;-1/-1;-2/-1;-3/-1;-4/0;-4/0;-5
43,(12;7),0,8,-100,0;7/-1;7/-1;6/-1;5/-1;4/-1;3/-1;2/-1;1
49,(0;0),0,11,-100,0;7/-1;7/-1;6/-1;5/-1;4/-1;3/-1;2/-1;1/-1;0/-1;-1/-1;-2
39,(14;10),1,16,100,0;7/-1;7/-1;6/-1;5/-1;4/-1;3/-1;2/-1;1/-1;0/-1;-1/-1;-2/-1;-3/-1;-4/-1;-5/-1;-6/-1;-7
42,(13;9),1,16,100,0;7/-1;7/-1;6/-1;5/-1;4/-1;3/-1;2/-1;1/-1;0/-1;-1/-1;-2/-1;-3/-1;-4/0;-4/0;-5/0;-6
44,(12;7),1,16,100,0;7/-1;7/-1;6/-1;5/-1;4/-1;3/-1;2/-1;1/-1;0/-1;-1/-1;-2/-1;-3/-1;-4/-1;-5/-1;-6/-1;-7
50,(0;0),1,16,100,0;7/-1;7/-1;6/-1;5/-1;4/-1;3/-1;2/-1;1/-1;0/-1;-1/-1;-2/-1;-3/-1;-4/-1;-5/-1;-6/-1;-7
43,(13;9),1,16,100,0;7/-1;7/-1;6/-1;5/-1;4/-1;3/-1;2/-1;1/-1;0/-1;-1/-1;-2/-1;-3/-1;-4/0;-4/0;-5/0;-6
40,(14;10),1,16,100,0;7/-1;7/-1;6/-1;5/-1;4/-1;3/-1;2/-1;1/-1;0/-1;-1/-1;-2/-1;-3/-1;-4/-1;-5/-1;-6/-1;-7
45,(12;7),1,16,100,0;7/-1;7/-1;6/-1;5/-1;4/-1;3/-1;2/-1;1/-1;0/-1;-1/-1;-2/-1;-3/-1;-4/-1;-5/-1;-6/-1;-7
41,(14;10),1,16,100,0;7/-1;7/-1;6/-1;5/-1;4/-1;3/-1;2/-1;1/-1;0/-1;-1/-1;-2/-1;-3/-1;-4/-1;-5/-1;-6/-1;-7
44,(13;9),1,16,100,0;7/-1;7/-1;6/-1;5/-1;4/-1;3/-1;2/-1;1/-1;0/-1;-1/-1;-2/-1;-3/-1;-4/0;-4/0;-5/0;-6
46,(12;7),1,16,100,0;7/-1;7/-1;6/-1;5/-1;4/-1;3/-1;2/-1;1/-1;0/-1;-1/-1;-2/-1;-3/-1;-4/0;-4/0;-5/0;-6
42,(14;10),1,16,100,0;7/-1;7/-1;6/-1;5/-1;4/-1;3/-1;2/-1;1/-1;0/-1;-1/-1;-2/-1;-3/-1;-4/0;-4/0;-5/0;-6
45,(13;9),0,11,-100,0;7/-1;7/-1;6/-1;5/-1;4/-1;3/-1;2/-1;1/-1;0/-1;-1/-1;-2
47,(12;7),0,16,-100,0;7/-1;7/-1;6/-1;5/-1;4/-1;3/-1;2/-1;1/-1;0/-1;-1/-1;-2/-1;-3/-1;-4/-1;-5/-1;-6/-1;-7
43,(14;10),0,11,-100,0;7/-1;7/-1;6/-1;5/-1;4/-1;3/-1;2/-1;1/-1;0/-1;-1/-1;-2
46,(13;9),0,15,-100,0;7/-1;7/-1;6/-1;5/-1;4/-1;3/-1;2/-1;1/-1;0/-1;-1/-1;-2/-1;-3/-1;-4/0;-4/0;-5
48,(12;7),0,8,-100,0;7/-1;7/-1;6/-1;5/-1;4/-1;3/-1;2/-1;1
44,(14;10),1,16,100,0;7/-1;7/-1;6/-1;5/-1;4/-1;3/-1;2/-1;1/-1;0/-1;-1/-1;-2/-1;-3/-1;-4/0;-4/0;-5/0;-6
47,(13;9),1,16,100,0;7/-1;7/-1;6/-1;5/-1;4/-1;3/-1;2/-1;1/-1;0/-1;-1/-1;-2/-1;-3/-1;-4/-1;-5/-1;-6/-1;-7
49,(12;7),0,11,-100,0;7/-1;7/-1;6/-1;5/-1;4/-1;3/-1;2/-1;1/-1;0/-1;-1/-1;-2
45,(14;10),0,11,-100,0;7/-1;7/-1;6/-1;5/-1;4/-1;3/-1;2/-1;1/-1;0/-1;-1/-1;-2
48,(13;9),0,15,-100,0;7/-1;7/-1;6/-1;5/-1;4/-1;3/-1;2/-1;1/-1;0/-1;-1/-1;-2/-1;-3/-1;-4/0;-4/0;-5
50,(12;7),0,7,-100,0;7/-1;7/-1;6/-1;5/-1;4/-1;3/-1;2
46,(14;10),1,16,100,0;7/-1;7/-1;6/-1;5/-1;4/-1;3/-1;2/-1;1/-1;0/-1;-1/-1;-2/-1;-3/-1;-4/0;-4/0;-5/0;-6
49,(13;9),1,16,100,0;7/-1;7/-1;6/-1;5/-1;4/-1;3/-1;2/-1;1/-1;0/-1;-1/-1;-2/-1;-3/-1;-4/0;-4/0;-5/0;-6
47,(14;10),1,16,100,0;7/-1;7/-1;6/-1;5/-1;4/-1;3/-1;2/-1;1/-1;0/-1;-1/-1;-2/-1;-3/-1;-4/-1;-5/-1;-6/-1;-7
50,(13;9),0,8,-100,0;7/-1;7/-1;6/-1;5/-1;4/-1;3/-1;2/-1;1
48,(14;10),1,16,100,0;7/-1;7/-1;6/-1;5/-1;4/-1;3/-1;2/-1;1/-1;0/-1;-1/-1;-2/-1;-3/-1;-4/-1;-5/-1;-6/-1;-7
49,(14;10),0,10,-100,0;7/-1;7/-1;6/-1;5/-1;4/-1;3/-1;2/-1;1/-1;0/-1;-1
50,(14;10),1,16,100,0;7/-1;7/-1;6/-1;5/-1;4/-1;3/-1;2/-1;1/-1;0/-1;-1/-1;-2/-1;-3/-1;-4/0;-4/0;-5/0;-6
