seed, starting_position, habit_result, habit_len, habit_reward, trajectory
1,(3;8),0,7,-100,0;7/-1;7/-1;6/-1;5/-1;4/-1;3/-1;2
1,(0;0),1,18,100,0;7/-1;7/-1;6/-1;5/-1;4/-1;3/-1;2/-1;1/-1;0/-2;0/-2;-1/-2;-2/-2;-3/-2;-4/-2;-5/-2;-6/-1;-6/-1;-7
1,(1;12),0,12,-100,0;7/-1;7/-1;6/-1;5/-1;4/-1;3/-1;2/-1;1/-1;0/-2;0/-2;-1/-2;-2
2,(3;8),1,18,100,0;7/-1;7/-1;6/-1;5/-1;4/-1;3/-1;2/-1;1/-1;0/-2;0/-2;-1/-2;-2/-2;-3/-2;-4/-2;-5/-2;-6/-1;-6/-1;-7
2,(0;0),0,11,-100,0;7/-1;7/-1;6/-1;5/-1;4/-1;3/-1;2/-1;1/-1;0/-2;0/-2;-1
2,(1;12),0,10,-100,0;7/-1;7/-1;6/-1;5/-1;4/-1;3/-1;2/-1;1/-1;0/-2;0
3,(0;0),0,5,-100,0;7/-1;7/-1;6/-1;5/-1;4
3,(3;8),0,11,-100,0;7/-1;7/-1;6/-1;5/-1;4/-1;3/-1;2/-1;1/-1;0/-2;0/-2;-1
4,(0;0),0,4,-100,0;7/-1;7/-1;6/-1;5
1,(10;14),1,18,100,0;7/-1;7/-1;6/-1;5/-1;4/-1;3/-1;2/-1;1/-1;0/-2;0/-2;-1/-2;-2/-2;-3/-2;-4/-2;-5/-2;-6/-1;-6/-1;-7
1,(9;14),1,18,100,0;7/-1;7/-1;6/-1;5/-1;4/-1;3/-1;2/-1;1/-1;0/-2;0/-2;-1/-2;-2/-2;-3/-2;-4/-2;-5/-2;-6/-1;-6/-1;-7
5,(0;0),0,4,-100,0;7/-1;7/-1;6/-1;5
3,(1;12),0,13,-100,0;7/-1;7/-1;6/-1;5/-1;4/-1;3/-1;2/-1;1/-1;0/-2;0/-2;-1/-2;-2/-2;-3
4,(3;8),0,7,-100,0;7/-1;7/-1;6/-1;5/-1;4/-1;3/-1;2
6,(0;0),0,5,-100,0;7/-1;7/-1;6/-1;5/-1;4
4,(1;12),0,11,-100,0;7/-1;7/-1;6/-1;5/-1;4/-1;3/-1;2/-1;1/-1;0/-2;0/-2;-1
5,(3;8),0,5,-100,0;7/-1;7/-1;6/-1;5/-1;4
7,(0;0),1,18,100,0;7/-1;7/-1;6/-1;5/-1;4/-1;3/-1;2/-1;1/-1;0/-2;0/-2;-1/-2;-2/-2;-3/-2;-4/-2;-5/-2;-6/-1;-6/-1;-7
2,(10;14),0,13,-100,0;7/-1;7/-1;6/-1;5/-1;4/-1;3/-1;2/-1;1/-1;0/-2;0/-2;-1/-2;-2/-2;-3
5,(1;12),0,8,-100,0;7/-1;7/-1;6/-1;5/-1;4/-1;3/-1;2/-1;1
8,(0;0),0,9,-100,0;7/-1;7/-1;6/-1;5/-1;4/-1;3/-1;2/-1;1/-1;0
2,(9;14),1,18,100,0;7/-1;7/-1;6/-1;5/-1;4/-1;3/-1;2/-1;1/-1;0/-2;0/-2;-1/-2;-2/-2;-3/-2;-4/-2;-5/-2;-6/-1;-6/-1;-7
6,(3;8),1,18,100,0;7/-1;7/-1;6/-1;5/-1;4/-1;3/-1;2/-1;1/-1;0/-2;0/-2;-1/-2;-2/-2;-3/-2;-4/-2;-5/-2;-6/-1;-6/-1;-7
9,(0;0),0,9,-100,0;7/-1;7/-1;6/-1;5/-1;4/-1;3/-1;2/-1;1/-1;0
6,(1;12),0,9,-100,0;7/-1;7/-1;6/-1;5/-1;4/-1;3/-1;2/-1;1/-1;0
10,(0;0),0,9,-100,0;7/-1;7/-1;6/-1;5/-1;4/-1;3/-1;2/-1;1/-1;0
7,(3;8),0,7,-100,0;7/-1;7/-1;6/-1;5/-1;4/-1;3/-1;2
3,(10;14),0,15,-100,0;7/-1;7/-1;6/-1;5/-1;4/-1;3/-1;2/-1;1/-1;0/-2;0/-2;-1/-2;-2/-2;-3/-2;-4/-2;-5
11,(0;0),1,18,100,0;7/-1;7/-1;6/-1;5/-1;4/-1;3/-1;2/-1;1/-1;0/-2;0/-2;-1/-2;-2/-2;-3/-2;-4/-2;-5/-2;-6/-1;-6/-1;-7
7,(1;12),0,13,-100,0;7/-1;7/-1;6/-1;5/-1;4/-1;3/-1;2/-1;1/-1;0/-2;0/-2;-1/-2;-2/-2;-3
8,(3;8),0,10,-100,0;7/-1;7/-1;6/-1;5/-1;4/-1;3/-1;2/-1;1/-1;0/-2;0
3,(9;14),0,17,-100,0;7/-1;7/-1;6/-1;5/-1;4/-1;3/-1;2/-1;1/-1;0/-2;0/-2;-1/-2;-2/-2;-3/-2;-4/-2;-5/-2;-6/-1;-6
12,(0;0),0,18,-100,0;7/-1;7/-1;6/-1;5/-1;4/-1;3/-1;2/-1;1/-1;0/-2;0/-2;-1/-2;-2/-2;-3/-2;-4/-2;-5/-2;-6/-1;-6/-1;-7
9,(3;8),0,7,-100,0;7/-1;7/-1;6/-1;5/-1;4/-1;3/-1;2
8,(1;12),0,10,-100,0;7/-1;7/-1;6/-1;5/-1;4/-1;3/-1;2/-1;1/-1;0/-2;0
10,(3;8),0,5,-100,0;7/-1;7/-1;6/-1;5/-1;4
13,(0;0),1,18,100,0;7/-1;7/-1;6/-1;5/-1;4/-1;3/-1;2/-1;1/-1;0/-2;0/-2;-1/-2;-2/-2;-3/-2;-4/-2;-5/-2;-6/-1;-6/-1;-7
9,(1;12),0,9,-100,0;7/-1;7/-1;6/-1;5/-1;4/-1;3/-1;2/-1;1/-1;0
11,(3;8),0,6,-100,0;7/-1;7/-1;6/-1;5/-1;4/-1;3
4,(10;14),1,18,100,0;7/-1;7/-1;6/-1;5/-1;4/-1;3/-1;2/-1;1/-1;0/-2;0/-2;-1/-2;-2/-2;-3/-2;-4/-2;-5/-2;-6/-1;-6/-1;-7
4,(9;14),0,17,-100,0;7/-1;7/-1;6/-1;5/-1;4/-1;3/-1;2/-1;1/-1;0/-2;0/-2;-1/-2;-2/-2;-3/-2;-4/-2;-5/-2;-6/-1;-6
14,(0;0),1,18,100,0;7/-1;7/-1;6/-1;5/-1;4/-1;3/-1;2/-1;1/-1;0/-2;0/-2;-1/-2;-2/-2;-3/-2;-4/-2;-5/-2;-6/-1;-6/-1;-7
10,(1;12),0,9,-100,0;7/-1;7/-1;6/-1;5/-1;4/-1;3/-1;2/-1;1/-1;0
12,(3;8),0,9,-100,0;7/-1;7/-1;6/-1;5/-1;4/-1;3/-1;2/-1;1/-1;0
15,(0;0),1,18,100,0;7/-1;7/-1;6/-1;5/-1;4/-1;3/-1;2/-1;1/-1;0/-2;0/-2;-1/-2;-2/-2;-3/-2;-4/-2;-5/-2;-6/-1;-6/-1;-7
11,(1;12),1,18,100,0;7/-1;7/-1;6/-1;5/-1;4/-1;3/-1;2/-1;1/-1;0/-2;0/-2;-1/-2;-2/-2;-3/-2;-4/-2;-5/-2;-6/-1;-6/-1;-7
13,(3;8),0,10,-100,0;7/-1;7/-1;6/-1;5/-1;4/-1;3/-1;2/-1;1/-1;0/-2;0
5,(10;14),1,18,100,0;7/-1;7/-1;6/-1;5/-1;4/-1;3/-1;2/-1;1/-1;0/-2;0/-2;-1/-2;-2/-2;-3/-2;-4/-2;-5/-2;-6/-1;-6/-1;-7
16,(0;0),1,18,100,0;7/-1;7/-1;6/-1;5/-1;4/-1;3/-1;2/-1;1/-1;0/-2;0/-2;-1/-2;-2/-2;-3/-2;-4/-2;-5/-2;-6/-1;-6/-1;-7
14,(3;8),0,9,-100,0;7/-1;7/-1;6/-1;5/-1;4/-1;3/-1;2/-1;1/-1;0
12,(1;12),1,18,100,0;7/-1;7/-1;6/-1;5/-1;4/-1;3/-1;2/-1;1/-1;0/-2;0/-2;-1/-2;-2/-2;-3/-2;-4/-2;-5/-2;-6/-1;-6/-1;-7
5,(9;14),1,18,100,0;7/-1;7/-1;6/-1;5/-1;4/-1;3/-1;2/-1;1/-1;0/-2;0/-2;-1/-2;-2/-2;-3/-2;-4/-2;-5/-2;-6/-1;-6/-1;-7
17,(0;0),1,18,100,0;7/-1;7/-1;6/-1;5/-1;4/-1;3/-1;2/-1;1/-1;0/-2;0/-2;-1/-2;-2/-2;-3/-2;-4/-2;-5/-2;-6/-1;-6/-1;-7
15,(3;8),0,9,-100,0;7/-1;7/-1;6/-1;5/-1;4/-1;3/-1;2/-1;1/-1;0
18,(0;0),0,6,-100,0;7/-1;7/-1;6/-1;5/-1;4/-1;3
13,(1;12),1,18,100,0;7/-1;7/-1;6/-1;5/-1;4/-1;3/-1;2/-1;1/-1;0/-2;0/-2;-1/-2;-2/-2;-3/-2;-4/-2;-5/-2;-6/-1;-6/-1;-7
6,(10;14),0,16,-100,0;7/-1;7/-1;6/-1;5/-1;4/-1;3/-1;2/-1;1/-1;0/-2;0/-2;-1/-2;-2/-2;-3/-2;-4/-2;-5/-2;-6
19,(0;0),1,18,100,0;7/-1;7/-1;6/-1;5/-1;4/-1;3/-1;2/-1;1/-1;0/-2;0/-2;-1/-2;-2/-2;-3/-2;-4/-2;-5/-2;-6/-1;-6/-1;-7
16,(3;8),0,13,-100,0;7/-1;7/-1;6/-1;5/-1;4/-1;3/-1;2/-1;1/-1;0/-2;0/-2;-1/-2;-2/-2;-3
14,(1;12),0,9,-100,0;7/-1;7/-1;6/-1;5/-1;4/-1;3/-1;2/-1;1/-1;0
17,(3;8),0,7,-100,0;7/-1;7/-1;6/-1;5/-1;4/-1;3/-1;2
20,(0;0),1,18,100,0;7/-1;7/-1;6/-1;5/-1;4/-1;3/-1;2/-1;1/-1;0/-2;0/-2;-1/-2;-2/-2;-3/-2;-4/-2;-5/-2;-6/-1;-6/-1;-7
6,(9;14),1,18,100,0;7/-1;7/-1;6/-1;5/-1;4/-1;3/-1;2/-1;1/-1;0/-2;0/-2;-1/-2;-2/-2;-3/-2;-4/-2;-5/-2;-6/-1;-6/-1;-7
15,(1;12),0,10,-100,0;7/-1;7/-1;6/-1;5/-1;4/-1;3/-1;2/-1;1/-1;0/-2;0
18,(3;8),0,7,-100,0;7/-1;7/-1;6/-1;5/-1;4/-1;3/-1;2
21,(0;0),1,18,100,0;7/-1;7/-1;6/-1;5/-1;4/-1;3/-1;2/-1;1/-1;0/-2;0/-2;-1/-2;-2/-2;-3/-2;-4/-2;-5/-2;-6/-1;-6/-1;-7
7,(10;14),0,16,-100,0;7/-1;7/-1;6/-1;5/-1;4/-1;3/-1;2/-1;1/-1;0/-2;0/-2;-1/-2;-2/-2;-3/-2;-4/-2;-5/-2;-6
22,(0;0),0,10,-100,0;7/-1;7/-1;6/-1;5/-1;4/-1;3/-1;2/-1;1/-1;0/-2;0
19,(3;8),1,18,100,0;7/-1;7/-1;6/-1;5/-1;4/-1;3/-1;2/-1;1/-1;0/-2;0/-2;-1/-2;-2/-2;-3/-2;-4/-2;-5/-2;-6/-1;-6/-1;-7
16,(1;12),0,15,-100,0;7/-1;7/-1;6/-1;5/-1;4/-1;3/-1;2/-1;1/-1;0/-2;0/-2;-1/-2;-2/-2;-3/-2;-4/-2;-5
20,(3;8),0,6,-100,0;7/-1;7/-1;6/-1;5/-1;4/-1;3
23,(0;0),1,18,100,0;7/-1;7/-1;6/-1;5/-1;4/-1;3/-1;2/-1;1/-1;0/-2;0/-2;-1/-2;-2/-2;-3/-2;-4/-2;-5/-2;-6/-1;-6/-1;-7
7,(9;14),1,18,100,0;7/-1;7/-1;6/-1;5/-1;4/-1;3/-1;2/-1;1/-1;0/-2;0/-2;-1/-2;-2/-2;-3/-2;-4/-2;-5/-2;-6/-1;-6/-1;-7
21,(3;8),0,6,-100,0;7/-1;7/-1;6/-1;5/-1;4/-1;3
17,(1;12),0,12,-100,0;7/-1;7/-1;6/-1;5/-1;4/-1;3/-1;2/-1;1/-1;0/-2;0/-2;-1/-2;-2
24,(0;0),1,18,100,0;7/-1;7/-1;6/-1;5/-1;4/-1;3/-1;2/-1;1/-1;0/-2;0/-2;-1/-2;-2/-2;-3/-2;-4/-2;-5/-2;-6/-1;-6/-1;-7
8,(10;14),0,18,-100,0;7/-1;7/-1;6/-1;5/-1;4/-1;3/-1;2/-1;1/-1;0/-2;0/-2;-1/-2;-2/-2;-3/-2;-4/-2;-5/-2;-6/-1;-6/-1;-7
18,(1;12),0,9,-100,0;7/-1;7/-1;6/-1;5/-1;4/-1;3/-1;2/-1;1/-1;0
25,(0;0),0,7,-100,0;7/-1;7/-1;6/-1;5/-1;4/-1;3/-1;2
8,(9;14),1,18,100,0;7/-1;7/-1;6/-1;5/-1;4/-1;3/-1;2/-1;1/-1;0/-2;0/-2;-1/-2;-2/-2;-3/-2;-4/-2;-5/-2;-6/-1;-6/-1;-7
26,(0;0),1,18,100,0;7/-1;7/-1;6/-1;5/-1;4/-1;3/-1;2/-1;1/-1;0/-2;0/-2;-1/-2;-2/-2;-3/-2;-4/-2;-5/-2;-6/-1;-6/-1;-7
22,(3;8),1,18,100,0;7/-1;7/-1;6/-1;5/-1;4/-1;3/-1;2/-1;1/-1;0/-2;0/-2;-1/-2;-2/-2;-3/-2;-4/-2;-5/-2;-6/-1;-6/-1;-7
19,(1;12),0,10,-100,0;7/-1;7/-1;6/-1;5/-1;4/-1;3/-1;2/-1;1/-1;0/-2;0
27,(0;0),1,18,100,0;7/-1;7/-1;6/-1;5/-1;4/-1;3/-1;2/-1;1/-1;0/-2;0/-2;-1/-2;-2/-2;-3/-2;-4/-2;-5/-2;-6/-1;-6/-1;-7
23,(3;8),1,18,100,0;7/-1;7/-1;6/-1;5/-1;4/-1;3/-1;2/-1;1/-1;0/-2;0/-2;-1/-2;-2/-2;-3/-2;-4/-2;-5/-2;-6/-1;-6/-1;-7
9,(10;14),1,18,100,0;7/-1;7/-1;6/-1;5/-1;4/-1;3/-1;2/-1;1/-1;0/-2;0/-2;-1/-2;-2/-2;-3/-2;-4/-2;-5/-2;-6/-1;-6/-1;-7
20,(1;12),0,9,-100,0;7/-1;7/-1;6/-1;5/-1;4/-1;3/-1;2/-1;1/-1;0
28,(0;0),1,18,100,0;7/-1;7/-1;6/-1;5/-1;4/-1;3/-1;2/-1;1/-1;0/-2;0/-2;-1/-2;-2/-2;-3/-2;-4/-2;-5/-2;-6/-1;-6/-1;-7
24,(3;8),0,9,-100,0;7/-1;7/-1;6/-1;5/-1;4/-1;3/-1;2/-1;1/-1;0
9,(9;14),1,18,100,0;7/-1;7/-1;6/-1;5/-1;4/-1;3/-1;2/-1;1/-1;0/-2;0/-2;-1/-2;-2/-2;-3/-2;-4/-2;-5/-2;-6/-1;-6/-1;-7
21,(1;12),0,9,-100,0;7/-1;7/-1;6/-1;5/-1;4/-1;3/-1;2/-1;1/-1;0
29,(0;0),1,18,100,0;7/-1;7/-1;6/-1;5/-1;4/-1;3/-1;2/-1;1/-1;0/-2;0/-2;-1/-2;-2/-2;-3/-2;-4/-2;-5/-2;-6/-1;-6/-1;-7
25,(3;8),0,7,-100,0;7/-1;7/-1;6/-1;5/-1;4/-1;3/-1;2
22,(1;12),0,14,-100,0;7/-1;7/-1;6/-1;5/-1;4/-1;3/-1;2/-1;1/-1;0/-2;0/-2;-1/-2;-2/-2;-3/-2;-4
30,(0;0),0,18,-100,0;7/-1;7/-1;6/-1;5/-1;4/-1;3/-1;2/-1;1/-1;0/-2;0/-2;-1/-2;-2/-2;-3/-2;-4/-2;-5/-2;-6/-1;-6/-1;-7
26,(3;8),0,6,-100,0;7/-1;7/-1;6/-1;5/-1;4/-1;3
10,(10;14),1,18,100,0;7/-1;7/-1;6/-1;5/-1;4/-1;3/-1;2/-1;1/-1;0/-2;0/-2;-1/-2;-2/-2;-3/-2;-4/-2;-5/-2;-6/-1;-6/-1;-7
31,(0;0),0,6,-100,0;7/-1;7/-1;6/-1;5/-1;4/-1;3
27,(3;8),0,9,-100,0;7/-1;7/-1;6/-1;5/-1;4/-1;3/-1;2/-1;1/-1;0
23,(1;12),1,18,100,0;7/-1;7/-1;6/-1;5/-1;4/-1;3/-1;2/-1;1/-1;0/-2;0/-2;-1/-2;-2/-2;-3/-2;-4/-2;-5/-2;-6/-1;-6/-1;-7
10,(9;14),1,18,100,0;7/-1;7/-1;6/-1;5/-1;4/-1;3/-1;2/-1;1/-1;0/-2;0/-2;-1/-2;-2/-2;-3/-2;-4/-2;-5/-2;-6/-1;-6/-1;-7
32,(0;0),0,13,-100,0;7/-1;7/-1;6/-1;5/-1;4/-1;3/-1;2/-1;1/-1;0/-2;0/-2;-1/-2;-2/-2;-3
28,(3;8),0,7,-100,0;7/-1;7/-1;6/-1;5/-1;4/-1;3/-1;2
24,(1;12),0,10,-100,0;7/-1;7/-1;6/-1;5/-1;4/-1;3/-1;2/-1;1/-1;0/-2;0
33,(0;0),1,18,100,0;7/-1;7/-1;6/-1;5/-1;4/-1;3/-1;2/-1;1/-1;0/-2;0/-2;-1/-2;-2/-2;-3/-2;-4/-2;-5/-2;-6/-1;-6/-1;-7
11,(10;14),1,18,100,0;7/-1;7/-1;6/-1;5/-1;4/-1;3/-1;2/-1;1/-1;0/-2;0/-2;-1/-2;-2/-2;-3/-2;-4/-2;-5/-2;-6/-1;-6/-1;-7
29,(3;8),0,8,-100,0;7/-1;7/-1;6/-1;5/-1;4/-1;3/-1;2/-1;1
25,(1;12),0,9,-100,0;7/-1;7/-1;6/-1;5/-1;4/-1;3/-1;2/-1;1/-1;0
30,(3;8),0,5,-100,0;7/-1;7/-1;6/-1;5/-1;4
34,(0;0),1,18,100,0;7/-1;7/-1;6/-1;5/-1;4/-1;3/-1;2/-1;1/-1;0/-2;0/-2;-1/-2;-2/-2;-3/-2;-4/-2;-5/-2;-6/-1;-6/-1;-7
11,(9;14),0,18,-100,0;7/-1;7/-1;6/-1;5/-1;4/-1;3/-1;2/-1;1/-1;0/-2;0/-2;-1/-2;-2/-2;-3/-2;-4/-2;-5/-2;-6/-1;-6/-1;-7
26,(1;12),0,12,-100,0;7/-1;7/-1;6/-1;5/-1;4/-1;3/-1;2/-1;1/-1;0/-2;0/-2;-1/-2;-2
35,(0;0),0,4,-100,0;7/-1;7/-1;6/-1;5
31,(3;8),0,8,-100,0;7/-1;7/-1;6/-1;5/-1;4/-1;3/-1;2/-1;1
27,(1;12),0,9,-100,0;7/-1;7/-1;6/-1;5/-1;4/-1;3/-1;2/-1;1/-1;0
36,(0;0),0,17,-100,0;7/-1;7/-1;6/-1;5/-1;4/-1;3/-1;2/-1;1/-1;0/-2;0/-2;-1/-2;-2/-2;-3/-2;-4/-2;-5/-2;-6/-1;-6
32,(3;8),0,5,-100,0;7/-1;7/-1;6/-1;5/-1;4
12,(10;14),1,18,100,0;7/-1;7/-1;6/-1;5/-1;4/-1;3/-1;2/-1;1/-1;0/-2;0/-2;-1/-2;-2/-2;-3/-2;-4/-2;-5/-2;-6/-1;-6/-1;-7
28,(1;12),0,13,-100,0;7/-1;7/-1;6/-1;5/-1;4/-1;3/-1;2/-1;1/-1;0/-2;0/-2;-1/-2;-2/-2;-3
33,(3;8),0,10,-100,0;7/-1;7/-1;6/-1;5/-1;4/-1;3/-1;2/-1;1/-1;0/-2;0
37,(0;0),1,18,100,0;7/-1;7/-1;6/-1;5/-1;4/-1;3/-1;2/-1;1/-1;0/-2;0/-2;-1/-2;-2/-2;-3/-2;-4/-2;-5/-2;-6/-1;-6/-1;-7
12,(9;14),0,16,-100,0;7/-1;7/-1;6/-1;5/-1;4/-1;3/-1;2/-1;1/-1;0/-2;0/-2;-1/-2;-2/-2;-3/-2;-4/-2;-5/-2;-6
34,(3;8),0,9,-100,0;7/-1;7/-1;6/-1;5/-1;4/-1;3/-1;2/-1;1/-1;0
38,(0;0),0,9,-100,0;7/-1;7/-1;6/-1;5/-1;4/-1;3/-1;2/-1;1/-1;0
29,(1;12),0,17,-100,0;7/-1;7/-1;6/-1;5/-1;4/-1;3/-1;2/-1;1/-1;0/-2;0/-2;-1/-2;-2/-2;-3/-2;-4/-2;-5/-2;-6/-1;-6
39,(0;0),0,7,-100,0;7/-1;7/-1;6/-1;5/-1;4/-1;3/-1;2
35,(3;8),0,15,-100,0;7/-1;7/-1;6/-1;5/-1;4/-1;3/-1;2/-1;1/-1;0/-2;0/-2;-1/-2;-2/-2;-3/-2;-4/-2;-5
13,(10;14),0,15,-100,0;7/-1;7/-1;6/-1;5/-1;4/-1;3/-1;2/-1;1/-1;0/-2;0/-2;-1/-2;-2/-2;-3/-2;-4/-2;-5
30,(1;12),0,11,-100,0;7/-1;7/-1;6/-1;5/-1;4/-1;3/-1;2/-1;1/-1;0/-2;0/-2;-1
40,(0;0),0,13,-100,0;7/-1;7/-1;6/-1;5/-1;4/-1;3/-1;2/-1;1/-1;0/-2;0/-2;-1/-2;-2/-2;-3
13,(9;14),0,13,-100,0;7/-1;7/-1;6/-1;5/-1;4/-1;3/-1;2/-1;1/-1;0/-2;0/-2;-1/-2;-2/-2;-3
31,(1;12),0,11,-100,0;7/-1;7/-1;6/-1;5/-1;4/-1;3/-1;2/-1;1/-1;0/-2;0/-2;-1
36,(3;8),1,18,100,0;7/-1;7/-1;6/-1;5/-1;4/-1;3/-1;2/-1;1/-1;0/-2;0/-2;-1/-2;-2/-2;-3/-2;-4/-2;-5/-2;-6/-1;-6/-1;-7
41,(0;0),1,18,100,0;7/-1;7/-1;6/-1;5/-1;4/-1;3/-1;2/-1;1/-1;0/-2;0/-2;-1/-2;-2/-2;-3/-2;-4/-2;-5/-2;-6/-1;-6/-1;-7
37,(3;8),0,8,-100,0;7/-1;7/-1;6/-1;5/-1;4/-1;3/-1;2/-1;1
32,(1;12),0,9,-100,0;7/-1;7/-1;6/-1;5/-1;4/-1;3/-1;2/-1;1/-1;0
42,(0;0),1,18,100,0;7/-1;7/-1;6/-1;5/-1;4/-1;3/-1;2/-1;1/-1;0/-2;0/-2;-1/-2;-2/-2;-3/-2;-4/-2;-5/-2;-6/-1;-6/-1;-7
14,(10;14),1,18,100,0;7/-1;7/-1;6/-1;5/-1;4/-1;3/-1;2/-1;1/-1;0/-2;0/-2;-1/-2;-2/-2;-3/-2;-4/-2;-5/-2;-6/-1;-6/-1;-7
43,(0;0),0,4,-100,0;7/-1;7/-1;6/-1;5
14,(9;14),1,18,100,0;7/-1;7/-1;6/-1;5/-1;4/-1;3/-1;2/-1;1/-1;0/-2;0/-2;-1/-2;-2/-2;-3/-2;-4/-2;-5/-2;-6/-1;-6/-1;-7
38,(3;8),1,18,100,0;7/-1;7/-1;6/-1;5/-1;4/-1;3/-1;2/-1;1/-1;0/-2;0/-2;-1/-2;-2/-2;-3/-2;-4/-2;-5/-2;-6/-1;-6/-1;-7
33,(1;12),0,15,-100,0;7/-1;7/-1;6/-1;5/-1;4/-1;3/-1;2/-1;1/-1;0/-2;0/-2;-1/-2;-2/-2;-3/-2;-4/-2;-5
44,(0;0),0,15,-100,0;7/-1;7/-1;6/-1;5/-1;4/-1;3/-1;2/-1;1/-1;0/-2;0/-2;-1/-2;-2/-2;-3/-2;-4/-2;-5
39,(3;8),0,9,-100,0;7/-1;7/-1;6/-1;5/-1;4/-1;3/-1;2/-1;1/-1;0
45,(0;0),0,6,-100,0;7/-1;7/-1;6/-1;5/-1;4/-1;3
34,(1;12),1,18,100,0;7/-1;7/-1;6/-1;5/-1;4/-1;3/-1;2/-1;1/-1;0/-2;0/-2;-1/-2;-2/-2;-3/-2;-4/-2;-5/-2;-6/-1;-6/-1;-7
46,(0;0),1,18,100,0;7/-1;7/-1;6/-1;5/-1;4/-1;3/-1;2/-1;1/-1;0/-2;0/-2;-1/-2;-2/-2;-3/-2;-4/-2;-5/-2;-6/-1;-6/-1;-7
40,(3;8),1,18,100,0;7/-1;7/-1;6/-1;5/-1;4/-1;3/-1;2/-1;1/-1;0/-2;0/-2;-1/-2;-2/-2;-3/-2;-4/-2;-5/-2;-6/-1;-6/-1;-7
35,(1;12),0,11,-100,0;7/-1;7/-1;6/-1;5/-1;4/-1;3/-1;2/-1;1/-1;0/-2;0/-2;-1
15,(10;14),1,18,100,0;7/-1;7/-1;6/-1;5/-1;4/-1;3/-1;2/-1;1/-1;0/-2;0/-2;-1/-2;-2/-2;-3/-2;-4/-2;-5/-2;-6/-1;-6/-1;-7
15,(9;14),1,18,100,0;7/-1;7/-1;6/-1;5/-1;4/-1;3/-1;2/-1;1/-1;0/-2;0/-2;-1/-2;-2/-2;-3/-2;-4/-2;-5/-2;-6/-1;-6/-1;-7
47,(0;0),1,18,100,0;7/-1;7/-1;6/-1;5/-1;4/-1;3/-1;2/-1;1/-1;0/-2;0/-2;-1/-2;-2/-2;-3/-2;-4/-2;-5/-2;-6/-1;-6/-1;-7
41,(3;8),0,12,-100,0;7/-1;7/-1;6/-1;5/-1;4/-1;3/-1;2/-1;1/-1;0/-2;0/-2;-1/-2;-2
48,(0;0),0,4,-100,0;7/-1;7/-1;6/-1;5
36,(1;12),0,14,-100,0;7/-1;7/-1;6/-1;5/-1;4/-1;3/-1;2/-1;1/-1;0/-2;0/-2;-1/-2;-2/-2;-3/-2;-4
49,(0;0),0,8,-100,0;7/-1;7/-1;6/-1;5/-1;4/-1;3/-1;2/-1;1
42,(3;8),0,9,-100,0;7/-1;7/-1;6/-1;5/-1;4/-1;3/-1;2/-1;1/-1;0
16,(10;14),0,16,-100,0;7/-1;7/-1;6/-1;5/-1;4/-1;3/-1;2/-1;1/-1;0/-2;0/-2;-1/-2;-2/-2;-3/-2;-4/-2;-5/-2;-6
37,(1;12),0,9,-100,0;7/-1;7/-1;6/-1;5/-1;4/-1;3/-1;2/-1;1/-1;0
50,(0;0),0,12,-100,0;7/-1;7/-1;6/-1;5/-1;4/-1;3/-1;2/-1;1/-1;0/-2;0/-2;-1/-2;-2
16,(9;14),0,16,-100,0;7/-1;7/-1;6/-1;5/-1;4/-1;3/-1;2/-1;1/-1;0/-2;0/-2;-1/-2;-2/-2;-3/-2;-4/-2;-5/-2;-6
43,(3;8),0,15,-100,0;7/-1;7/-1;6/-1;5/-1;4/-1;3/-1;2/-1;1/-1;0/-2;0/-2;-1/-2;-2/-2;-3/-2;-4/-2;-5
38,(1;12),0,13,-100,0;7/-1;7/-1;6/-1;5/-1;4/-1;3/-1;2/-1;1/-1;0/-2;0/-2;-1/-2;-2/-2;-3
44,(3;8),0,5,-100,0;7/-1;7/-1;6/-1;5/-1;4
39,(1;12),0,15,-100,0;7/-1;7/-1;6/-1;5/-1;4/-1;3/-1;2/-1;1/-1;0/-2;0/-2;-1/-2;-2/-2;-3/-2;-4/-2;-5
45,(3;8),0,7,-100,0;7/-1;7/-1;6/-1;5/-1;4/-1;3/-1;2
17,(10;14),0,17,-100,0;7/-1;7/-1;6/-1;5/-1;4/-1;3/-1;2/-1;1/-1;0/-2;0/-2;-1/-2;-2/-2;-3/-2;-4/-2;-5/-2;-6/-1;-6
17,(9;14),1,18,100,0;7/-1;7/-1;6/-1;5/-1;4/-1;3/-1;2/-1;1/-1;0/-2;0/-2;-1/-2;-2/-2;-3/-2;-4/-2;-5/-2;-6/-1;-6/-1;-7
46,(3;8),0,6,-100,0;7/-1;7/-1;6/-1;5/-1;4/-1;3
40,(1;12),1,18,100,0;7/-1;7/-1;6/-1;5/-1;4/-1;3/-1;2/-1;1/-1;0/-2;0/-2;-1/-2;-2/-2;-3/-2;-4/-2;-5/-2;-6/-1;-6/-1;-7
47,(3;8),0,6,-100,0;7/-1;7/-1;6/-1;5/-1;4/-1;3
18,(9;14),1,18,100,0;7/-1;7/-1;6/-1;5/-1;4/-1;3/-1;2/-1;1/-1;0/-2;0/-2;-1/-2;-2/-2;-3/-2;-4/-2;-5/-2;-6/-1;-6/-1;-7
18,(10;14),0,16,-100,0;7/-1;7/-1;6/-1;5/-1;4/-1;3/-1;2/-1;1/-1;0/-2;0/-2;-1/-2;-2/-2;-3/-2;-4/-2;-5/-2;-6
41,(1;12),0,13,-100,0;7/-1;7/-1;6/-1;5/-1;4/-1;3/-1;2/-1;1/-1;0/-2;0/-2;-1/-2;-2/-2;-3
48,(3;8),0,6,-100,0;7/-1;7/-1;6/-1;5/-1;4/-1;3
42,(1;12),0,13,-100,0;7/-1;7/-1;6/-1;5/-1;4/-1;3/-1;2/-1;1/-1;0/-2;0/-2;-1/-2;-2/-2;-3
49,(3;8),1,18,100,0;7/-1;7/-1;6/-1;5/-1;4/-1;3/-1;2/-1;1/-1;0/-2;0/-2;-1/-2;-2/-2;-3/-2;-4/-2;-5/-2;-6/-1;-6/-1;-7
43,(1;12),0,12,-100,0;7/-1;7/-1;6/-1;5/-1;4/-1;3/-1;2/-1;1/-1;0/-2;0/-2;-1/-2;-2
50,(3;8),0,9,-100,0;7/-1;7/-1;6/-1;5/-1;4/-1;3/-1;2/-1;1/-1;0
19,(9;14),1,18,100,0;7/-1;7/-1;6/-1;5/-1;4/-1;3/-1;2/-1;1/-1;0/-2;0/-2;-1/-2;-2/-2;-3/-2;-4/-2;-5/-2;-6/-1;-6/-1;-7
19,(10;14),1,18,100,0;7/-1;7/-1;6/-1;5/-1;4/-1;3/-1;2/-1;1/-1;0/-2;0/-2;-1/-2;-2/-2;-3/-2;-4/-2;-5/-2;-6/-1;-6/-1;-7
44,(1;12),1,18,100,0;7/-1;7/-1;6/-1;5/-1;4/-1;3/-1;2/-1;1/-1;0/-2;0/-2;-1/-2;-2/-2;-3/-2;-4/-2;-5/-2;-6/-1;-6/-1;-7
45,(1;12),0,9,-100,0;7/-1;7/-1;6/-1;5/-1;4/-1;3/-1;2/-1;1/-1;0
46,(1;12),0,9,-100,0;7/-1;7/-1;6/-1;5/-1;4/-1;3/-1;2/-1;1/-1;0
20,(10;14),1,18,100,0;7/-1;7/-1;6/-1;5/-1;4/-1;3/-1;2/-1;1/-1;0/-2;0/-2;-1/-2;-2/-2;-3/-2;-4/-2;-5/-2;-6/-1;-6/-1;-7
20,(9;14),1,18,100,0;7/-1;7/-1;6/-1;5/-1;4/-1;3/-1;2/-1;1/-1;0/-2;0/-2;-1/-2;-2/-2;-3/-2;-4/-2;-5/-2;-6/-1;-6/-1;-7
47,(1;12),0,9,-100,0;7/-1;7/-1;6/-1;5/-1;4/-1;3/-1;2/-1;1/-1;0
21,(9;14),0,12,-100,0;7/-1;7/-1;6/-1;5/-1;4/-1;3/-1;2/-1;1/-1;0/-2;0/-2;-1/-2;-2
48,(1;12),1,18,100,0;7/-1;7/-1;6/-1;5/-1;4/-1;3/-1;2/-1;1/-1;0/-2;0/-2;-1/-2;-2/-2;-3/-2;-4/-2;-5/-2;-6/-1;-6/-1;-7
21,(10;14),0,18,-100,0;7/-1;7/-1;6/-1;5/-1;4/-1;3/-1;2/-1;1/-1;0/-2;0/-2;-1/-2;-2/-2;-3/-2;-4/-2;-5/-2;-6/-1;-6/-1;-7
49,(1;12),0,9,-100,0;7/-1;7/-1;6/-1;5/-1;4/-1;3/-1;2/-1;1/-1;0
22,(9;14),0,12,-100,0;7/-1;7/-1;6/-1;5/-1;4/-1;3/-1;2/-1;1/-1;0/-2;0/-2;-1/-2;-2
50,(1;12),0,11,-100,0;7/-1;7/-1;6/-1;5/-1;4/-1;3/-1;2/-1;1/-1;0/-2;0/-2;-1
22,(10;14),0,14,-100,0;7/-1;7/-1;6/-1;5/-1;4/-1;3/-1;2/-1;1/-1;0/-2;0/-2;-1/-2;-2/-2;-3/-2;-4
23,(9;14),0,17,-100,0;7/-1;7/-1;6/-1;5/-1;4/-1;3/-1;2/-1;1/-1;0/-2;0/-2;-1/-2;-2/-2;-3/-2;-4/-2;-5/-2;-6/-1;-6
23,(10;14),0,16,-100,0;7/-1;7/-1;6/-1;5/-1;4/-1;3/-1;2/-1;1/-1;0/-2;0/-2;-1/-2;-2/-2;-3/-2;-4/-2;-5/-2;-6
24,(9;14),1,18,100,0;7/-1;7/-1;6/-1;5/-1;4/-1;3/-1;2/-1;1/-1;0/-2;0/-2;-1/-2;-2/-2;-3/-2;-4/-2;-5/-2;-6/-1;-6/-1;-7
24,(10;14),0,16,-100,0;7/-1;7/-1;6/-1;5/-1;4/-1;3/-1;2/-1;1/-1;0/-2;0/-2;-1/-2;-2/-2;-3/-2;-4/-2;-5/-2;-6
25,(9;14),1,18,100,0;7/-1;7/-1;6/-1;5/-1;4/-1;3/-1;2/-1;1/-1;0/-2;0/-2;-1/-2;-2/-2;-3/-2;-4/-2;-5/-2;-6/-1;-6/-1;-7
25,(10;14),1,18,100,0;7/-1;7/-1;6/-1;5/-1;4/-1;3/-1;2/-1;1/-1;0/-2;0/-2;-1/-2;-2/-2;-3/-2;-4/-2;-5/-2;-6/-1;-6/-1;-7
26,(9;14),1,18,100,0;7/-1;7/-1;6/-1;5/-1;4/-1;3/-1;2/-1;1/-1;0/-2;0/-2;-1/-2;-2/-2;-3/-2;-4/-2;-5/-2;-6/-1;-6/-1;-7
26,(10;14),1,18,100,0;7/-1;7/-1;6/-1;5/-1;4/-1;3/-1;2/-1;1/-1;0/-2;0/-2;-1/-2;-2/-2;-3/-2;-4/-2;-5/-2;-6/-1;-6/-1;-7
27,(9;14),1,18,100,0;7/-1;7/-1;6/-1;5/-1;4/-1;3/-1;2/-1;1/-1;0/-2;0/-2;-1/-2;-2/-2;-3/-2;-4/-2;-5/-2;-6/-1;-6/-1;-7
27,(10;14),1,18,100,0;7/-1;7/-1;6/-1;5/-1;4/-1;3/-1;2/-1;1/-1;0/-2;0/-2;-1/-2;-2/-2;-3/-2;-4/-2;-5/-2;-6/-1;-6/-1;-7
28,(9;14),0,15,-100,0;7/-1;7/-1;6/-1;5/-1;4/-1;3/-1;2/-1;1/-1;0/-2;0/-2;-1/-2;-2/-2;-3/-2;-4/-2;-5
28,(10;14),1,18,100,0;7/-1;7/-1;6/-1;5/-1;4/-1;3/-1;2/-1;1/-1;0/-2;0/-2;-1/-2;-2/-2;-3/-2;-4/-2;-5/-2;-6/-1;-6/-1;-7
29,(10;14),1,18,100,0;7/-1;7/-1;6/-1;5/-1;4/-1;3/-1;2/-1;1/-1;0/-2;0/-2;-1/-2;-2/-2;-3/-2;-4/-2;-5/-2;-6/-1;-6/-1;-7
29,(9;14),1,18,100,0;7/-1;7/-1;6/-1;5/-1;4/-1;3/-1;2/-1;1/-1;0/-2;0/-2;-1/-2;-2/-2;-3/-2;-4/-2;-5/-2;-6/-1;-6/-1;-7
30,(9;14),1,18,100,0;7/-1;7/-1;6/-1;5/-1;4/-1;3/-1;2/-1;1/-1;0/-2;0/-2;-1/-2;-2/-2;-3/-2;-4/-2;-5/-2;-6/-1;-6/-1;-7
30,(10;14),1,18,100,0;7/-1;7/-1;6/-1;5/-1;4/-1;3/-1;2/-1;1/-1;0/-2;0/-2;-1/-2;-2/-2;-3/-2;-4/-2;-5/-2;-6/-1;-6/-1;-7
31,(10;14),1,18,100,0;7/-1;7/-1;6/-1;5/-1;4/-1;3/-1;2/-1;1/-1;0/-2;0/-2;-1/-2;-2/-2;-3/-2;-4/-2;-5/-2;-6/-1;-6/-1;-7
31,(9;14),1,18,100,0;7/-1;7/-1;6/-1;5/-1;4/-1;3/-1;2/-1;1/-1;0/-2;0/-2;-1/-2;-2/-2;-3/-2;-4/-2;-5/-2;-6/-1;-6/-1;-7
32,(9;14),1,18,100,0;7/-1;7/-1;6/-1;5/-1;4/-1;3/-1;2/-1;1/-1;0/-2;0/-2;-1/-2;-2/-2;-3/-2;-4/-2;-5/-2;-6/-1;-6/-1;-7
32,(10;14),1,18,100,0;7/-1;7/-1;6/-1;5/-1;4/-1;3/-1;2/-1;1/-1;0/-2;0/-2;-1/-2;-2/-2;-3/-2;-4/-2;-5/-2;-6/-1;-6/-1;-7
33,(9;14),1,18,100,0;7/-1;7/-1;6/-1;5/-1;4/-1;3/-1;2/-1;1/-1;0/-2;0/-2;-1/-2;-2/-2;-3/-2;-4/-2;-5/-2;-6/-1;-6/-1;-7
33,(10;14),1,18,100,0;7/-1;7/-1;6/-1;5/-1;4/-1;3/-1;2/-1;1/-1;0/-2;0/-2;-1/-2;-2/-2;-3/-2;-4/-2;-5/-2;-6/-1;-6/-1;-7
34,(9;14),0,17,-100,0;7/-1;7/-1;6/-1;5/-1;4/-1;3/-1;2/-1;1/-1;0/-2;0/-2;-1/-2;-2/-2;-3/-2;-4/-2;-5/-2;-6/-1;-6
34,(10;14),1,18,100,0;7/-1;7/-1;6/-1;5/-1;4/-1;3/-1;2/-1;1/-1;0/-2;0/-2;-1/-2;-2/-2;-3/-2;-4/-2;-5/-2;-6/-1;-6/-1;-7
35,(9;14),1,18,100,0;7/-1;7/-1;6/-1;5/-1;4/-1;3/-1;2/-1;1/-1;0/-2;0/-2;-1/-2;-2/-2;-3/-2;-4/-2;-5/-2;-6/-1;-6/-1;-7
35,(10;14),1,18,100,0;7/-1;7/-1;6/-1;5/-1;4/-1;3/-1;2/-1;1/-1;0/-2;0/-2;-1/-2;-2/-2;-3/-2;-4/-2;-5/-2;-6/-1;-6/-1;-7
36,(9;14),0,13,-100,0;7/-1;7/-1;6/-1;5/-1;4/-1;3/-1;2/-1;1/-1;0/-2;0/-2;-1/-2;-2/-2;-3
36,(10;14),1,18,100,0;7/-1;7/-1;6/-1;5/-1;4/-1;3/-1;2/-1;1/-1;0/-2;0/-2;-1/-2;-2/-2;-3/-2;-4/-2;-5/-2;-6/-1;-6/-1;-7
37,(9;14),0,17,-100,0;7/-1;7/-1;6/-1;5/-1;4/-1;3/-1;2/-1;1/-1;0/-2;0/-2;-1/-2;-2/-2;-3/-2;-4/-2;-5/-2;-6/-1;-6
37,(10;14),0,17,-100,0;7/-1;7/-1;6/-1;5/-1;4/-1;3/-1;2/-1;1/-1;0/-2;0/-2;-1/-2;-2/-2;-3/-2;-4/-2;-5/-2;-6/-1;-6
38,(9;14),1,18,100,0;7/-1;7/-1;6/-1;5/-1;4/-1;3/-1;2/-1;1/-1;0/-2;0/-2;-1/-2;-2/-2;-3/-2;-4/-2;-5/-2;-6/-1;-6/-1;-7
38,(10;14),1,18,100,0;7/-1;7/-1;6/-1;5/-1;4/-1;3/-1;2/-1;1/-1;0/-2;0/-2;-1/-2;-2/-2;-3/-2;-4/-2;-5/-2;-6/-1;-6/-1;-7
39,(9;14),1,18,100,0;7/-1;7/-1;6/-1;5/-1;4/-1;3/-1;2/-1;1/-1;0/-2;0/-2;-1/-2;-2/-2;-3/-2;-4/-2;-5/-2;-6/-1;-6/-1;-7
39,(10;14),1,18,100,0;7/-1;7/-1;6/-1;5/-1;4/-1;3/-1;2/-1;1/-1;0/-2;0/-2;-1/-2;-2/-2;-3/-2;-4/-2;-5/-2;-6/-1;-6/-1;-7
40,(9;14),0,12,-100,0;7/-1;7/-1;6/-1;5/-1;4/-1;3/-1;2/-1;1/-1;0/-2;0/-2;-1/-2;-2
40,(10;14),1,18,100,0;7/-1;7/-1;6/-1;5/-1;4/-1;3/-1;2/-1;1/-1;0/-2;0/-2;-1/-2;-2/-2;-3/-2;-4/-2;-5/-2;-6/-1;-6/-1;-7
41,(9;14),1,18,100,0;7/-1;7/-1;6/-1;5/-1;4/-1;3/-1;2/-1;1/-1;0/-2;0/-2;-1/-2;-2/-2;-3/-2;-4/-2;-5/-2;-6/-1;-6/-1;-7
41,(10;14),1,18,100,0;7/-1;7/-1;6/-1;5/-1;4/-1;3/-1;2/-1;1/-1;0/-2;0/-2;-1/-2;-2/-2;-3/-2;-4/-2;-5/-2;-6/-1;-6/-1;-7
42,(9;14),1,18,100,0;7/-1;7/-1;6/-1;5/-1;4/-1;3/-1;2/-1;1/-1;0/-2;0/-2;-1/-2;-2/-2;-3/-2;-4/-2;-5/-2;-6/-1;-6/-1;-7
42,(10;14),0,16,-100,0;7/-1;7/-1;6/-1;5/-1;4/-1;3/-1;2/-1;1/-1;0/-2;0/-2;-1/-2;-2/-2;-3/-2;-4/-2;-5/-2;-6
43,(9;14),0,15,-100,0;7/-1;7/-1;6/-1;5/-1;4/-1;3/-1;2/-1;1/-1;0/-2;0/-2;-1/-2;-2/-2;-3/-2;-4/-2;-5
43,(10;14),1,18,100,0;7/-1;7/-1;6/-1;5/-1;4/-1;3/-1;2/-1;1/-1;0/-2;0/-2;-1/-2;-2/-2;-3/-2;-4/-2;-5/-2;-6/-1;-6/-1;-7
44,(9;14),0,18,-100,0;7/-1;7/-1;6/-1;5/-1;4/-1;3/-1;2/-1;1/-1;0/-2;0/-2;-1/-2;-2/-2;-3/-2;-4/-2;-5/-2;-6/-1;-6/-1;-7
44,(10;14),0,16,-100,0;7/-1;7/-1;6/-1;5/-1;4/-1;3/-1;2/-1;1/-1;0/-2;0/-2;-1/-2;-2/-2;-3/-2;-4/-2;-5/-2;-6
45,(9;14),1,18,100,0;7/-1;7/-1;6/-1;5/-1;4/-1;3/-1;2/-1;1/-1;0/-2;0/-2;-1/-2;-2/-2;-3/-2;-4/-2;-5/-2;-6/-1;-6/-1;-7
45,(10;14),0,16,-100,0;7/-1;7/-1;6/-1;5/-1;4/-1;3/-1;2/-1;1/-1;0/-2;0/-2;-1/-2;-2/-2;-3/-2;-4/-2;-5/-2;-6
46,(9;14),1,18,100,0;7/-1;7/-1;6/-1;5/-1;4/-1;3/-1;2/-1;1/-1;0/-2;0/-2;-1/-2;-2/-2;-3/-2;-4/-2;-5/-2;-6/-1;-6/-1;-7
47,(9;14),0,13,-100,0;7/-1;7/-1;6/-1;5/-1;4/-1;3/-1;2/-1;1/-1;0/-2;0/-2;-1/-2;-2/-2;-3
46,(10;14),1,18,100,0;7/-1;7/-1;6/-1;5/-1;4/-1;3/-1;2/-1;1/-1;0/-2;0/-2;-1/-2;-2/-2;-3/-2;-4/-2;-5/-2;-6/-1;-6/-1;-7
48,(9;14),1,18,100,0;7/-1;7/-1;6/-1;5/-1;4/-1;3/-1;2/-1;1/-1;0/-2;0/-2;-1/-2;-2/-2;-3/-2;-4/-2;-5/-2;-6/-1;-6/-1;-7
47,(10;14),1,18,100,0;7/-1;7/-1;6/-1;5/-1;4/-1;3/-1;2/-1;1/-1;0/-2;0/-2;-1/-2;-2/-2;-3/-2;-4/-2;-5/-2;-6/-1;-6/-1;-7
49,(9;14),1,18,100,0;7/-1;7/-1;6/-1;5/-1;4/-1;3/-1;2/-1;1/-1;0/-2;0/-2;-1/-2;-2/-2;-3/-2;-4/-2;-5/-2;-6/-1;-6/-1;-7
48,(10;14),1,18,100,0;7/-1;7/-1;6/-1;5/-1;4/-1;3/-1;2/-1;1/-1;0/-2;0/-2;-1/-2;-2/-2;-3/-2;-4/-2;-5/-2;-6/-1;-6/-1;-7
50,(9;14),1,18,100,0;7/-1;7/-1;6/-1;5/-1;4/-1;3/-1;2/-1;1/-1;0/-2;0/-2;-1/-2;-2/-2;-3/-2;-4/-2;-5/-2;-6/-1;-6/-1;-7
49,(10;14),1,18,100,0;7/-1;7/-1;6/-1;5/-1;4/-1;3/-1;2/-1;1/-1;0/-2;0/-2;-1/-2;-2/-2;-3/-2;-4/-2;-5/-2;-6/-1;-6/-1;-7
50,(10;14),1,18,100,0;7/-1;7/-1;6/-1;5/-1;4/-1;3/-1;2/-1;1/-1;0/-2;0/-2;-1/-2;-2/-2;-3/-2;-4/-2;-5/-2;-6/-1;-6/-1;-7
