seed, starting_position, habit_result, habit_len, habit_reward, trajectory
1,(0;0),0,2,-100,0;7/-1;7
1,(11;4),0,5,-100,0;7/-1;7/-1;6/-2;6/-2;5
1,(10;14),0,13,-100,0;7/-1;7/-2;7/-2;6/-2;5/-2;4/-2;3/-2;2/-2;1/-2;0/-1;0/-1;-1/-1;-2
1,(0;8),1,18,100,0;7/-1;7/-2;7/-2;6/-2;5/-2;4/-2;3/-2;2/-2;1/-2;0/-1;0/-1;-1/-1;-2/-1;-3/-1;-4/-1;-5/-1;-6/-1;-7
2,(0;0),1,18,100,0;7/-1;7/-1;6/-1;5/-1;4/-1;3/-2;3/-2;2/-2;1/-2;0/-1;0/-1;-1/-1;-2/-1;-3/-1;-4/-1;-5/-1;-6/0;-6
1,(4;11),1,18,100,0;7/-1;7/-2;7/-2;6/-2;5/-2;4/-2;3/-2;2/-2;1/-2;0/-1;0/-1;-1/-1;-2/-1;-3/-1;-4/-1;-5/-1;-6/0;-6
2,(11;4),1,18,100,0;7/-1;7/-2;7/-2;6/-2;5/-2;4/-2;3/-2;2/-2;1/-2;0/-1;0/-1;-1/-1;-2/-1;-3/-1;-4/-1;-5/-1;-6/-1;-7
3,(11;4),0,5,-100,0;7/-1;7/-2;7/-2;6/-2;5
3,(0;0),1,18,100,0;7/-1;7/-1;6/-1;5/-1;4/-1;3/-2;3/-2;2/-2;1/-2;0/-1;0/-1;-1/-1;-2/-1;-3/-1;-4/-1;-5/-1;-6/-1;-7
2,(10;14),0,15,-100,0;7/-1;7/-2;7/-2;6/-2;5/-2;4/-2;3/-2;2/-2;1/-2;0/-1;0/-1;-1/-1;-2/-1;-3/-1;-4
2,(4;11),1,18,100,0;7/-1;7/-2;7/-2;6/-2;5/-2;4/-2;3/-2;2/-2;1/-2;0/-1;0/-1;-1/-1;-2/-1;-3/-1;-4/-1;-5/-1;-6/0;-6
2,(0;8),1,18,100,0;7/-1;7/-2;7/-2;6/-2;5/-2;4/-2;3/-2;2/-2;1/-2;0/-1;0/-1;-1/-1;-2/-1;-3/-1;-4/-1;-5/-1;-6/-1;-7
4,(11;4),1,18,100,0;7/-1;7/-1;6/-2;6/-2;5/-2;4/-2;3/-2;2/-2;1/-2;0/-1;0/-1;-1/-1;-2/-1;-3/-1;-4/-1;-5/-1;-6/-1;-7
4,(0;0),1,18,100,0;7/-1;7/-1;6/-1;5/-1;4/-1;3/-2;3/-2;2/-2;1/-2;0/-1;0/-1;-1/-1;-2/-1;-3/-1;-4/-1;-5/-1;-6/0;-6
3,(10;14),1,18,100,0;7/-1;7/-1;6/-2;6/-2;5/-2;4/-2;3/-2;2/-2;1/-2;0/-1;0/-1;-1/-1;-2/-1;-3/-1;-4/-1;-5/-1;-6/0;-6
5,(0;0),0,4,-100,0;7/-1;7/-2;7/-2;6
5,(11;4),0,14,-100,0;7/-1;7/-2;7/-2;6/-2;5/-2;4/-2;3/-2;2/-2;1/-2;0/-1;0/-1;-1/-1;-2/-1;-3
3,(4;11),0,18,-100,0;7/-1;7/-1;6/-2;6/-2;5/-2;4/-2;3/-2;2/-2;1/-2;0/-1;0/-1;-1/-1;-2/-1;-3/-1;-4/-1;-5/-1;-6/0;-6
6,(0;0),0,5,-100,0;7/-1;7/-1;6/-1;5/-1;4
3,(0;8),1,18,100,0;7/-1;7/-1;6/-2;6/-2;5/-2;4/-2;3/-2;2/-2;1/-2;0/-1;0/-1;-1/-1;-2/-1;-3/-1;-4/-1;-5/-1;-6/-1;-7
6,(11;4),1,18,100,0;7/-1;7/-2;7/-2;6/-2;5/-2;4/-2;3/-2;2/-2;1/-2;0/-1;0/-1;-1/-1;-2/-1;-3/-1;-4/-1;-5/-1;-6/0;-6
4,(10;14),1,18,100,0;7/-1;7/-1;6/-2;6/-2;5/-2;4/-2;3/-2;2/-2;1/-2;0/-1;0/-1;-1/-1;-2/-1;-3/-1;-4/-1;-5/-1;-6/-1;-7
7,(0;0),0,13,-100,0;7/-1;7/-1;6/-1;5/-1;4/-1;3/-2;3/-2;2/-2;1/-2;0/-1;0/-1;-1/-1;-2
7,(11;4),0,6,-100,0;7/-1;7/-2;7/-2;6/-2;5/-2;4
8,(0;0),0,7,-100,0;7/-1;7/-1;6/-1;5/-1;4/-1;3/-2;3
4,(4;11),0,18,-100,0;7/-1;7/-1;6/-2;6/-2;5/-2;4/-2;3/-2;2/-2;1/-2;0/-1;0/-1;-1/-1;-2/-1;-3/-1;-4/-1;-5/-1;-6/0;-6
9,(0;0),0,5,-100,0;7/-1;7/-2;7/-2;6/-2;5
8,(11;4),0,5,-100,0;7/-1;7/-1;6/-1;5/-1;4
4,(0;8),1,18,100,0;7/-1;7/-1;6/-2;6/-2;5/-2;4/-2;3/-2;2/-2;1/-2;0/-1;0/-1;-1/-1;-2/-1;-3/-1;-4/-1;-5/-1;-6/-1;-7
5,(10;14),0,12,-100,0;7/-1;7/-1;6/-2;6/-2;5/-2;4/-2;3/-2;2/-2;1/-2;0/-1;0/-1;-1
10,(0;0),0,7,-100,0;7/-1;7/-1;6/-1;5/-1;4/-1;3/-2;3
9,(11;4),0,5,-100,0;7/-1;7/-2;7/-2;6/-2;5
10,(11;4),0,5,-100,0;7/-1;7/-2;7/-2;6/-2;5
5,(4;11),1,18,100,0;7/-1;7/-1;6/-2;6/-2;5/-2;4/-2;3/-2;2/-2;1/-2;0/-1;0/-1;-1/-1;-2/-1;-3/-1;-4/-1;-5/-1;-6/0;-6
11,(0;0),1,18,100,0;7/-1;7/-1;6/-1;5/-1;4/-1;3/-2;3/-2;2/-2;1/-2;0/-1;0/-1;-1/-1;-2/-1;-3/-1;-4/-1;-5/-1;-6/0;-6
11,(11;4),0,5,-100,0;7/-1;7/-1;6/-2;6/-2;5
6,(10;14),0,15,-100,0;7/-1;7/-1;6/-2;6/-2;5/-2;4/-2;3/-2;2/-2;1/-2;0/-1;0/-1;-1/-1;-2/-1;-3/-1;-4
5,(0;8),1,18,100,0;7/-1;7/-1;6/-2;6/-2;5/-2;4/-2;3/-2;2/-2;1/-2;0/-1;0/-1;-1/-1;-2/-1;-3/-1;-4/-1;-5/-1;-6/-1;-7
12,(0;0),0,7,-100,0;7/-1;7/-2;7/-2;6/-2;5/-2;4/-2;3
13,(0;0),0,2,-100,0;7/-1;7
6,(4;11),1,18,100,0;7/-1;7/-1;6/-2;6/-2;5/-2;4/-2;3/-2;2/-2;1/-2;0/-1;0/-1;-1/-1;-2/-1;-3/-1;-4/-1;-5/-1;-6/0;-6
12,(11;4),1,18,100,0;7/-1;7/-1;6/-1;5/-1;4/-1;3/-2;3/-2;2/-2;1/-2;0/-1;0/-1;-1/-1;-2/-1;-3/-1;-4/-1;-5/-1;-6/0;-6
7,(10;14),0,15,-100,0;7/-1;7/-2;7/-2;6/-2;5/-2;4/-2;3/-2;2/-2;1/-2;0/-1;0/-1;-1/-1;-2/-1;-3/-1;-4
6,(0;8),1,18,100,0;7/-1;7/-1;6/-2;6/-2;5/-2;4/-2;3/-2;2/-2;1/-2;0/-1;0/-1;-1/-1;-2/-1;-3/-1;-4/-1;-5/-1;-6/-1;-7
14,(0;0),0,6,-100,0;7/-1;7/-1;6/-1;5/-1;4/-1;3
13,(11;4),0,5,-100,0;7/-1;7/-2;7/-2;6/-2;5
15,(0;0),0,15,-100,0;7/-1;7/-2;7/-2;6/-2;5/-2;4/-2;3/-2;2/-2;1/-2;0/-1;0/-1;-1/-1;-2/-1;-3/-1;-4
8,(10;14),0,14,-100,0;7/-1;7/-1;6/-2;6/-2;5/-2;4/-2;3/-2;2/-2;1/-2;0/-1;0/-1;-1/-1;-2/-1;-3
7,(4;11),0,15,-100,0;7/-1;7/-2;7/-2;6/-2;5/-2;4/-2;3/-2;2/-2;1/-2;0/-1;0/-1;-1/-1;-2/-1;-3/-1;-4
16,(0;0),0,8,-100,0;7/0;6/0;5/0;4/-1;4/-1;3/-2;3/-2;2
14,(11;4),1,18,100,0;7/-1;7/-2;7/-2;6/-2;5/-2;4/-2;3/-2;2/-2;1/-2;0/-1;0/-1;-1/-1;-2/-1;-3/-1;-4/-1;-5/-1;-6/-1;-7
7,(0;8),1,18,100,0;7/-1;7/-2;7/-2;6/-2;5/-2;4/-2;3/-2;2/-2;1/-2;0/-1;0/-1;-1/-1;-2/-1;-3/-1;-4/-1;-5/-1;-6/-1;-7
17,(0;0),0,8,-100,0;7/-1;7/-1;6/-1;5/-1;4/-1;3/-2;3/-2;2
15,(11;4),0,8,-100,0;7/-1;7/-2;7/-2;6/-2;5/-2;4/-2;3/-2;2
9,(10;14),1,18,100,0;7/-1;7/-1;6/-2;6/-2;5/-2;4/-2;3/-2;2/-2;1/-2;0/-1;0/-1;-1/-1;-2/-1;-3/-1;-4/-1;-5/-1;-6/0;-6
18,(0;0),0,3,-100,0;7/-1;7/-2;7
8,(4;11),1,18,100,0;7/-1;7/-1;6/-2;6/-2;5/-2;4/-2;3/-2;2/-2;1/-2;0/-1;0/-1;-1/-1;-2/-1;-3/-1;-4/-1;-5/-1;-6/0;-6
8,(0;8),1,18,100,0;7/-1;7/-1;6/-2;6/-2;5/-2;4/-2;3/-2;2/-2;1/-2;0/-1;0/-1;-1/-1;-2/-1;-3/-1;-4/-1;-5/-1;-6/-1;-7
10,(10;14),0,13,-100,0;7/-1;7/-1;6/-2;6/-2;5/-2;4/-2;3/-2;2/-2;1/-2;0/-1;0/-1;-1/-1;-2
16,(11;4),1,18,100,0;7/-1;7/-1;6/-2;6/-2;5/-2;4/-2;3/-2;2/-2;1/-2;0/-1;0/-1;-1/-1;-2/-1;-3/-1;-4/-1;-5/-1;-6/-1;-7
19,(0;0),1,18,100,0;7/-1;7/-1;6/-1;5/-1;4/-1;3/-2;3/-2;2/-2;1/-2;0/-1;0/-1;-1/-1;-2/-1;-3/-1;-4/-1;-5/-1;-6/-1;-7
17,(11;4),0,6,-100,0;7/-1;7/-2;7/-2;6/-2;5/-2;4
9,(4;11),1,18,100,0;7/-1;7/-1;6/-2;6/-2;5/-2;4/-2;3/-2;2/-2;1/-2;0/-1;0/-1;-1/-1;-2/-1;-3/-1;-4/-1;-5/-1;-6/0;-6
20,(0;0),0,8,-100,0;7/-1;7/-1;6/-2;6/-2;5/-2;4/-2;3/-2;2
9,(0;8),0,17,-100,0;7/-1;7/-1;6/-2;6/-2;5/-2;4/-2;3/-2;2/-2;1/-2;0/-1;0/-1;-1/-1;-2/-1;-3/-1;-4/-1;-5/-1;-6
21,(0;0),0,6,-100,0;7/-1;7/-1;6/-1;5/-1;4/-1;3
11,(10;14),0,15,-100,0;7/-1;7/-1;6/-2;6/-2;5/-2;4/-2;3/-2;2/-2;1/-2;0/-1;0/-1;-1/-1;-2/-1;-3/-1;-4
18,(11;4),0,16,-100,0;7/-1;7/-1;6/-2;6/-2;5/-2;4/-2;3/-2;2/-2;1/-2;0/-1;0/-1;-1/-1;-2/-1;-3/-1;-4/-1;-5
22,(0;0),0,6,-100,0;7/-1;7/-1;6/-1;5/-1;4/-1;3
10,(4;11),0,17,-100,0;7/-1;7/-1;6/-2;6/-2;5/-2;4/-2;3/-2;2/-2;1/-2;0/-1;0/-1;-1/-1;-2/-1;-3/-1;-4/-1;-5/-1;-6
10,(0;8),0,14,-100,0;7/-1;7/-1;6/-2;6/-2;5/-2;4/-2;3/-2;2/-2;1/-2;0/-1;0/-1;-1/-1;-2/-1;-3
19,(11;4),1,18,100,0;7/-1;7/-1;6/-2;6/-2;5/-2;4/-2;3/-2;2/-2;1/-2;0/-1;0/-1;-1/-1;-2/-1;-3/-1;-4/-1;-5/-1;-6/0;-6
23,(0;0),0,3,-100,0;7/-1;7/-2;7
12,(10;14),1,18,100,0;7/-1;7/-1;6/-1;5/-1;4/-1;3/-2;3/-2;2/-2;1/-2;0/-1;0/-1;-1/-1;-2/-1;-3/-1;-4/-1;-5/-1;-6/0;-6
24,(0;0),1,18,100,0;7/-1;7/-1;6/-1;5/-1;4/-1;3/-2;3/-2;2/-2;1/-2;0/-1;0/-1;-1/-1;-2/-1;-3/-1;-4/-1;-5/-1;-6/-1;-7
20,(11;4),1,18,100,0;7/-1;7/-2;7/-2;6/-2;5/-2;4/-2;3/-2;2/-2;1/-2;0/-1;0/-1;-1/-1;-2/-1;-3/-1;-4/-1;-5/-1;-6/-1;-7
11,(4;11),1,18,100,0;7/-1;7/-1;6/-2;6/-2;5/-2;4/-2;3/-2;2/-2;1/-2;0/-1;0/-1;-1/-1;-2/-1;-3/-1;-4/-1;-5/-1;-6/0;-6
13,(10;14),0,13,-100,0;7/-1;7/-2;7/-2;6/-2;5/-2;4/-2;3/-2;2/-2;1/-2;0/-1;0/-1;-1/-1;-2
25,(0;0),0,4,-100,0;7/-1;7/-2;7/-2;6
11,(0;8),1,18,100,0;7/-1;7/-1;6/-2;6/-2;5/-2;4/-2;3/-2;2/-2;1/-2;0/-1;0/-1;-1/-1;-2/-1;-3/-1;-4/-1;-5/-1;-6/-1;-7
14,(10;14),0,12,-100,0;7/-1;7/-2;7/-2;6/-2;5/-2;4/-2;3/-2;2/-2;1/-2;0/-1;0/-1;-1
26,(0;0),1,18,100,0;7/-1;7/-2;7/-2;6/-2;5/-2;4/-2;3/-2;2/-2;1/-2;0/-1;0/-1;-1/-1;-2/-1;-3/-1;-4/-1;-5/-1;-6/-1;-7
21,(11;4),1,18,100,0;7/-1;7/-2;7/-2;6/-2;5/-2;4/-2;3/-2;2/-2;1/-2;0/-1;0/-1;-1/-1;-2/-1;-3/-1;-4/-1;-5/-1;-6/0;-6
12,(4;11),1,18,100,0;7/-1;7/-1;6/-1;5/-1;4/-1;3/-2;3/-2;2/-2;1/-2;0/-1;0/-1;-1/-1;-2/-1;-3/-1;-4/-1;-5/-1;-6/0;-6
12,(0;8),1,18,100,0;7/-1;7/-1;6/-1;5/-1;4/-1;3/-2;3/-2;2/-2;1/-2;0/-1;0/-1;-1/-1;-2/-1;-3/-1;-4/-1;-5/-1;-6/0;-6
27,(0;0),1,18,100,0;7/-1;7/-1;6/-1;5/-1;4/-1;3/-2;3/-2;2/-2;1/-2;0/-1;0/-1;-1/-1;-2/-1;-3/-1;-4/-1;-5/-1;-6/-1;-7
15,(10;14),0,13,-100,0;7/-1;7/-1;6/-2;6/-2;5/-2;4/-2;3/-2;2/-2;1/-2;0/-1;0/-1;-1/-1;-2
22,(11;4),1,18,100,0;7/-1;7/-2;7/-2;6/-2;5/-2;4/-2;3/-2;2/-2;1/-2;0/-1;0/-1;-1/-1;-2/-1;-3/-1;-4/-1;-5/-1;-6/-1;-7
28,(0;0),0,6,-100,0;7/-1;7/-1;6/-1;5/-1;4/-1;3
13,(0;8),1,18,100,0;7/-1;7/-2;7/-2;6/-2;5/-2;4/-2;3/-2;2/-2;1/-2;0/-1;0/-1;-1/-1;-2/-1;-3/-1;-4/-1;-5/-1;-6/-1;-7
13,(4;11),1,18,100,0;7/-1;7/-2;7/-2;6/-2;5/-2;4/-2;3/-2;2/-2;1/-2;0/-1;0/-1;-1/-1;-2/-1;-3/-1;-4/-1;-5/-1;-6/-1;-7
29,(0;0),0,7,-100,0;7/-1;7/-1;6/-1;5/-1;4/-1;3/-2;3
16,(10;14),0,14,-100,0;7/-1;7/-1;6/-1;5/-1;4/-1;3/-2;3/-2;2/-2;1/-2;0/-1;0/-1;-1/-1;-2/-1;-3
23,(11;4),1,18,100,0;7/-1;7/-1;6/-2;6/-2;5/-2;4/-2;3/-2;2/-2;1/-2;0/-1;0/-1;-1/-1;-2/-1;-3/-1;-4/-1;-5/-1;-6/-1;-7
30,(0;0),0,2,-100,0;7/-1;7
14,(0;8),0,8,-100,0;7/-1;7/-2;7/-2;6/-2;5/-2;4/-2;3/-2;2
24,(11;4),0,7,-100,0;7/-1;7/-2;7/-2;6/-2;5/-2;4/-2;3
31,(0;0),0,6,-100,0;7/-1;7/-1;6/-1;5/-1;4/-1;3
14,(4;11),0,18,-100,0;7/-1;7/-2;7/-2;6/-2;5/-2;4/-2;3/-2;2/-2;1/-2;0/-1;0/-1;-1/-1;-2/-1;-3/-1;-4/-1;-5/-1;-6/0;-6
25,(11;4),0,5,-100,0;7/-1;7/-1;6/-2;6/-2;5
17,(10;14),0,14,-100,0;7/-1;7/-1;6/-2;6/-2;5/-2;4/-2;3/-2;2/-2;1/-2;0/-1;0/-1;-1/-1;-2/-1;-3
26,(11;4),0,4,-100,0;7/-1;7/-1;6/-2;6
15,(0;8),1,18,100,0;7/-1;7/-1;6/-2;6/-2;5/-2;4/-2;3/-2;2/-2;1/-2;0/-1;0/-1;-1/-1;-2/-1;-3/-1;-4/-1;-5/-1;-6/0;-6
32,(0;0),1,18,100,0;7/-1;7/-1;6/-1;5/-1;4/-1;3/-2;3/-2;2/-2;1/-2;0/-1;0/-1;-1/-1;-2/-1;-3/-1;-4/-1;-5/-1;-6/-1;-7
27,(11;4),0,5,-100,0;7/-1;7/-2;7/-2;6/-2;5
33,(0;0),0,7,-100,0;7/-1;7/-1;6/-1;5/-1;4/-1;3/-2;3
18,(10;14),0,14,-100,0;7/-1;7/-1;6/-2;6/-2;5/-2;4/-2;3/-2;2/-2;1/-2;0/-1;0/-1;-1/-1;-2/-1;-3
15,(4;11),1,18,100,0;7/-1;7/-1;6/-2;6/-2;5/-2;4/-2;3/-2;2/-2;1/-2;0/-1;0/-1;-1/-1;-2/-1;-3/-1;-4/-1;-5/-1;-6/-1;-7
16,(0;8),0,15,-100,0;7/-1;7/-1;6/-1;5/-1;4/-1;3/-2;3/-2;2/-2;1/-2;0/-1;0/-1;-1/-1;-2/-1;-3/-1;-4
34,(0;0),0,6,-100,0;7/-1;7/-1;6/-1;5/-2;5/-2;4
28,(11;4),1,18,100,0;7/-1;7/-1;6/-1;5/-1;4/-1;3/-2;3/-2;2/-2;1/-2;0/-1;0/-1;-1/-1;-2/-1;-3/-1;-4/-1;-5/-1;-6/-1;-7
29,(11;4),0,9,-100,0;7/-1;7/-2;7/-2;6/-2;5/-2;4/-2;3/-2;2/-2;1
19,(10;14),1,18,100,0;7/-1;7/-2;7/-2;6/-2;5/-2;4/-2;3/-2;2/-2;1/-2;0/-1;0/-1;-1/-1;-2/-1;-3/-1;-4/-1;-5/-1;-6/0;-6
35,(0;0),1,18,100,0;7/-1;7/-1;6/-1;5/-1;4/-1;3/-2;3/-2;2/-2;1/-2;0/-1;0/-1;-1/-1;-2/-1;-3/-1;-4/-1;-5/-1;-6/0;-6
16,(4;11),0,16,-100,0;7/-1;7/-1;6/-1;5/-1;4/-1;3/-2;3/-2;2/-2;1/-2;0/-1;0/-1;-1/-1;-2/-1;-3/-1;-4/-1;-5
30,(11;4),0,4,-100,0;7/-1;7/-1;6/-2;6
17,(0;8),1,18,100,0;7/-1;7/-1;6/-2;6/-2;5/-2;4/-2;3/-2;2/-2;1/-2;0/-1;0/-1;-1/-1;-2/-1;-3/-1;-4/-1;-5/-1;-6/-1;-7
36,(0;0),0,7,-100,0;7/-1;7/-2;7/-2;6/-2;5/-2;4/-2;3
37,(0;0),0,4,-100,0;7/-1;7/-1;6/-1;5
20,(10;14),1,18,100,0;7/-1;7/-2;7/-2;6/-2;5/-2;4/-2;3/-2;2/-2;1/-2;0/-1;0/-1;-1/-1;-2/-1;-3/-1;-4/-1;-5/-1;-6/0;-6
31,(11;4),1,18,100,0;7/-1;7/-1;6/-2;6/-2;5/-2;4/-2;3/-2;2/-2;1/-2;0/-1;0/-1;-1/-1;-2/-1;-3/-1;-4/-1;-5/-1;-6/-1;-7
17,(4;11),1,18,100,0;7/-1;7/-1;6/-2;6/-2;5/-2;4/-2;3/-2;2/-2;1/-2;0/-1;0/-1;-1/-1;-2/-1;-3/-1;-4/-1;-5/-1;-6/0;-6
38,(0;0),1,18,100,0;7/-1;7/-1;6/-1;5/-1;4/-1;3/-2;3/-2;2/-2;1/-2;0/-1;0/-1;-1/-1;-2/-1;-3/-1;-4/-1;-5/-1;-6/-1;-7
18,(0;8),1,18,100,0;7/-1;7/-1;6/-2;6/-2;5/-2;4/-2;3/-2;2/-2;1/-2;0/-1;0/-1;-1/-1;-2/-1;-3/-1;-4/-1;-5/-1;-6/0;-6
32,(11;4),0,13,-100,0;7/-1;7/-2;7/-2;6/-2;5/-2;4/-2;3/-2;2/-2;1/-2;0/-1;0/-1;-1/-1;-2
21,(10;14),1,18,100,0;7/-1;7/-2;7/-2;6/-2;5/-2;4/-2;3/-2;2/-2;1/-2;0/-1;0/-1;-1/-1;-2/-1;-3/-1;-4/-1;-5/-1;-6/0;-6
39,(0;0),0,7,-100,0;7/-1;7/-1;6/-1;5/-1;4/-1;3/-2;3
33,(11;4),0,8,-100,0;7/-1;7/-1;6/-1;5/-1;4/-1;3/-2;3/-2;2
18,(4;11),1,18,100,0;7/-1;7/-1;6/-2;6/-2;5/-2;4/-2;3/-2;2/-2;1/-2;0/-1;0/-1;-1/-1;-2/-1;-3/-1;-4/-1;-5/-1;-6/-1;-7
40,(0;0),0,6,-100,0;7/-1;7/-1;6/-1;5/-1;4/-1;3
34,(11;4),0,7,-100,0;7/-1;7/-1;6/-1;5/-1;4/-1;3/-2;3
22,(10;14),0,12,-100,0;7/-1;7/-2;7/-2;6/-2;5/-2;4/-2;3/-2;2/-2;1/-2;0/-1;0/-1;-1
19,(0;8),1,18,100,0;7/-1;7/-2;7/-2;6/-2;5/-2;4/-2;3/-2;2/-2;1/-2;0/-1;0/-1;-1/-1;-2/-1;-3/-1;-4/-1;-5/-1;-6/0;-6
41,(0;0),1,18,100,0;7/-1;7/-1;6/-2;6/-2;5/-2;4/-2;3/-2;2/-2;1/-2;0/-1;0/-1;-1/-1;-2/-1;-3/-1;-4/-1;-5/-1;-6/-1;-7
35,(11;4),1,18,100,0;7/-1;7/-2;7/-2;6/-2;5/-2;4/-2;3/-2;2/-2;1/-2;0/-1;0/-1;-1/-1;-2/-1;-3/-1;-4/-1;-5/-1;-6/-1;-7
19,(4;11),1,18,100,0;7/-1;7/-2;7/-2;6/-2;5/-2;4/-2;3/-2;2/-2;1/-2;0/-1;0/-1;-1/-1;-2/-1;-3/-1;-4/-1;-5/-1;-6/0;-6
42,(0;0),0,8,-100,0;7/-1;7/-2;7/-2;6/-2;5/-2;4/-2;3/-2;2
23,(10;14),1,18,100,0;7/-1;7/-1;6/-2;6/-2;5/-2;4/-2;3/-2;2/-2;1/-2;0/-1;0/-1;-1/-1;-2/-1;-3/-1;-4/-1;-5/-1;-6/0;-6
20,(0;8),0,12,-100,0;7/-1;7/-2;7/-2;6/-2;5/-2;4/-2;3/-2;2/-2;1/-2;0/-1;0/-1;-1
36,(11;4),0,6,-100,0;7/-1;7/-2;7/-2;6/-2;5/-2;4
43,(0;0),0,3,-100,0;7/-1;7/-2;7
37,(11;4),0,5,-100,0;7/-1;7/-1;6/-2;6/-2;5
44,(0;0),0,9,-100,0;7/-1;7/-1;6/-2;6/-2;5/-2;4/-2;3/-2;2/-2;1
20,(4;11),0,16,-100,0;7/-1;7/-2;7/-2;6/-2;5/-2;4/-2;3/-2;2/-2;1/-2;0/-1;0/-1;-1/-1;-2/-1;-3/-1;-4/-1;-5
45,(0;0),0,2,-100,0;7/-1;7
24,(10;14),0,15,-100,0;7/-1;7/-1;6/-2;6/-2;5/-2;4/-2;3/-2;2/-2;1/-2;0/-1;0/-1;-1/-1;-2/-1;-3/-1;-4
21,(0;8),1,18,100,0;7/-1;7/-2;7/-2;6/-2;5/-2;4/-2;3/-2;2/-2;1/-2;0/-1;0/-1;-1/-1;-2/-1;-3/-1;-4/-1;-5/-1;-6/-1;-7
46,(0;0),0,6,-100,0;7/-1;7/-1;6/-1;5/-1;4/-1;3
38,(11;4),1,18,100,0;7/-1;7/-2;7/-2;6/-2;5/-2;4/-2;3/-2;2/-2;1/-2;0/-1;0/-1;-1/-1;-2/-1;-3/-1;-4/-1;-5/-1;-6/-1;-7
47,(0;0),0,6,-100,0;7/-1;7/-1;6/-1;5/-1;4/-1;3
25,(10;14),1,18,100,0;7/-1;7/-1;6/-2;6/-2;5/-2;4/-2;3/-2;2/-2;1/-2;0/-1;0/-1;-1/-1;-2/-1;-3/-1;-4/-1;-5/-1;-6/-1;-7
21,(4;11),1,18,100,0;7/-1;7/-2;7/-2;6/-2;5/-2;4/-2;3/-2;2/-2;1/-2;0/-1;0/-1;-1/-1;-2/-1;-3/-1;-4/-1;-5/-1;-6/-1;-7
22,(0;8),1,18,100,0;7/-1;7/-2;7/-2;6/-2;5/-2;4/-2;3/-2;2/-2;1/-2;0/-1;0/-1;-1/-1;-2/-1;-3/-1;-4/-1;-5/-1;-6/0;-6
39,(11;4),1,18,100,0;7/-1;7/-1;6/-2;6/-2;5/-2;4/-2;3/-2;2/-2;1/-2;0/-1;0/-1;-1/-1;-2/-1;-3/-1;-4/-1;-5/-1;-6/-1;-7
48,(0;0),1,18,100,0;7/-1;7/-1;6/-1;5/-2;5/-2;4/-2;3/-2;2/-2;1/-2;0/-1;0/-1;-1/-1;-2/-1;-3/-1;-4/-1;-5/-1;-6/-1;-7
40,(11;4),0,4,-100,0;7/-1;7/-2;7/-2;6
49,(0;0),0,3,-100,0;7/-1;7/-2;7
26,(10;14),0,13,-100,0;7/-1;7/-2;7/-2;6/-2;5/-2;4/-2;3/-2;2/-2;1/-2;0/-1;0/-1;-1/-1;-2
50,(0;0),0,6,-100,0;7/-1;7/-2;7/-2;6/-2;5/-2;4
22,(4;11),0,18,-100,0;7/-1;7/-2;7/-2;6/-2;5/-2;4/-2;3/-2;2/-2;1/-2;0/-1;0/-1;-1/-1;-2/-1;-3/-1;-4/-1;-5/-1;-6/-1;-7
23,(0;8),1,18,100,0;7/-1;7/-1;6/-2;6/-2;5/-2;4/-2;3/-2;2/-2;1/-2;0/-1;0/-1;-1/-1;-2/-1;-3/-1;-4/-1;-5/-1;-6/0;-6
41,(11;4),1,18,100,0;7/-1;7/-2;7/-2;6/-2;5/-2;4/-2;3/-2;2/-2;1/-2;0/-1;0/-1;-1/-1;-2/-1;-3/-1;-4/-1;-5/-1;-6/0;-6
27,(10;14),0,13,-100,0;7/-1;7/-1;6/-2;6/-2;5/-2;4/-2;3/-2;2/-2;1/-2;0/-1;0/-1;-1/-1;-2
23,(4;11),0,12,-100,0;7/-1;7/-1;6/-2;6/-2;5/-2;4/-2;3/-2;2/-2;1/-2;0/-1;0/-1;-1
24,(0;8),1,18,100,0;7/-1;7/-1;6/-2;6/-2;5/-2;4/-2;3/-2;2/-2;1/-2;0/-1;0/-1;-1/-1;-2/-1;-3/-1;-4/-1;-5/-1;-6/-1;-7
42,(11;4),1,18,100,0;7/-1;7/-1;6/-2;6/-2;5/-2;4/-2;3/-2;2/-2;1/-2;0/-1;0/-1;-1/-1;-2/-1;-3/-1;-4/-1;-5/-1;-6/0;-6
28,(10;14),0,12,-100,0;7/-1;7/-1;6/-2;6/-2;5/-2;4/-2;3/-2;2/-2;1/-2;0/-1;0/-1;-1
43,(11;4),0,4,-100,0;7/-1;7/-1;6/-2;6
25,(0;8),1,18,100,0;7/-1;7/-1;6/-2;6/-2;5/-2;4/-2;3/-2;2/-2;1/-2;0/-1;0/-1;-1/-1;-2/-1;-3/-1;-4/-1;-5/-1;-6/0;-6
44,(11;4),0,5,-100,0;7/-1;7/-2;7/-2;6/-2;5
24,(4;11),1,18,100,0;7/-1;7/-1;6/-2;6/-2;5/-2;4/-2;3/-2;2/-2;1/-2;0/-1;0/-1;-1/-1;-2/-1;-3/-1;-4/-1;-5/-1;-6/-1;-7
45,(11;4),0,4,-100,0;7/-1;7/-1;6/-2;6
29,(10;14),1,18,100,0;7/-1;7/-1;6/-2;6/-2;5/-2;4/-2;3/-2;2/-2;1/-2;0/-1;0/-1;-1/-1;-2/-1;-3/-1;-4/-1;-5/-1;-6/0;-6
46,(11;4),0,4,-100,0;7/-1;7/-1;6/-2;6
26,(0;8),1,18,100,0;7/-1;7/-2;7/-2;6/-2;5/-2;4/-2;3/-2;2/-2;1/-2;0/-1;0/-1;-1/-1;-2/-1;-3/-1;-4/-1;-5/-1;-6/-1;-7
25,(4;11),0,14,-100,0;7/-1;7/-1;6/-2;6/-2;5/-2;4/-2;3/-2;2/-2;1/-2;0/-1;0/-1;-1/-1;-2/-1;-3
30,(10;14),0,14,-100,0;7/-1;7/-2;7/-2;6/-2;5/-2;4/-2;3/-2;2/-2;1/-2;0/-1;0/-1;-1/-1;-2/-1;-3
47,(11;4),1,18,100,0;7/-1;7/-2;7/-2;6/-2;5/-2;4/-2;3/-2;2/-2;1/-2;0/-1;0/-1;-1/-1;-2/-1;-3/-1;-4/-1;-5/-1;-6/-1;-7
27,(0;8),0,15,-100,0;7/-1;7/-1;6/-2;6/-2;5/-2;4/-2;3/-2;2/-2;1/-2;0/-1;0/-1;-1/-1;-2/-1;-3/-1;-4
48,(11;4),0,5,-100,0;7/-1;7/-2;7/-2;6/-2;5
26,(4;11),0,14,-100,0;7/-1;7/-2;7/-2;6/-2;5/-2;4/-2;3/-2;2/-2;1/-2;0/-1;0/-1;-1/-1;-2/-1;-3
31,(10;14),1,18,100,0;7/-1;7/-1;6/-2;6/-2;5/-2;4/-2;3/-2;2/-2;1/-2;0/-1;0/-1;-1/-1;-2/-1;-3/-1;-4/-1;-5/-1;-6/-1;-7
49,(11;4),0,12,-100,0;7/-1;7/-1;6/-1;5/-1;4/-1;3/-2;3/-2;2/-2;1/-2;0/-1;0/-1;-1
28,(0;8),1,18,100,0;7/-1;7/-1;6/-2;6/-2;5/-2;4/-2;3/-2;2/-2;1/-2;0/-1;0/-1;-1/-1;-2/-1;-3/-1;-4/-1;-5/-1;-6/-1;-7
50,(11;4),0,6,-100,0;7/-1;7/-2;7/-2;6/-2;5/-2;4
27,(4;11),1,18,100,0;7/-1;7/-1;6/-2;6/-2;5/-2;4/-2;3/-2;2/-2;1/-2;0/-1;0/-1;-1/-1;-2/-1;-3/-1;-4/-1;-5/-1;-6/-1;-7
32,(10;14),1,18,100,0;7/-1;7/-1;6/-2;6/-2;5/-2;4/-2;3/-2;2/-2;1/-2;0/-1;0/-1;-1/-1;-2/-1;-3/-1;-4/-1;-5/-1;-6/0;-6
29,(0;8),1,18,100,0;7/-1;7/-1;6/-2;6/-2;5/-2;4/-2;3/-2;2/-2;1/-2;0/-1;0/-1;-1/-1;-2/-1;-3/-1;-4/-1;-5/-1;-6/0;-6
28,(4;11),0,12,-100,0;7/-1;7/-1;6/-2;6/-2;5/-2;4/-2;3/-2;2/-2;1/-2;0/-1;0/-1;-1
33,(10;14),0,12,-100,0;7/-1;7/-1;6/-2;6/-2;5/-2;4/-2;3/-2;2/-2;1/-2;0/-1;0/-1;-1
30,(0;8),1,18,100,0;7/-1;7/-2;7/-2;6/-2;5/-2;4/-2;3/-2;2/-2;1/-2;0/-1;0/-1;-1/-1;-2/-1;-3/-1;-4/-1;-5/-1;-6/-1;-7
29,(4;11),0,14,-100,0;7/-1;7/-1;6/-2;6/-2;5/-2;4/-2;3/-2;2/-2;1/-2;0/-1;0/-1;-1/-1;-2/-1;-3
34,(10;14),0,13,-100,0;7/-1;7/-2;7/-2;6/-2;5/-2;4/-2;3/-2;2/-2;1/-2;0/-1;0/-1;-1/-1;-2
35,(10;14),0,12,-100,0;7/-1;7/-2;7/-2;6/-2;5/-2;4/-2;3/-2;2/-2;1/-2;0/-1;0/-1;-1
31,(0;8),1,18,100,0;7/-1;7/-1;6/-2;6/-2;5/-2;4/-2;3/-2;2/-2;1/-2;0/-1;0/-1;-1/-1;-2/-1;-3/-1;-4/-1;-5/-1;-6/0;-6
30,(4;11),1,18,100,0;7/-1;7/-2;7/-2;6/-2;5/-2;4/-2;3/-2;2/-2;1/-2;0/-1;0/-1;-1/-1;-2/-1;-3/-1;-4/-1;-5/-1;-6/0;-6
36,(10;14),0,13,-100,0;7/-1;7/-1;6/-2;6/-2;5/-2;4/-2;3/-2;2/-2;1/-2;0/-1;0/-1;-1/-1;-2
31,(4;11),1,18,100,0;7/-1;7/-1;6/-2;6/-2;5/-2;4/-2;3/-2;2/-2;1/-2;0/-1;0/-1;-1/-1;-2/-1;-3/-1;-4/-1;-5/-1;-6/0;-6
32,(0;8),1,18,100,0;7/-1;7/-1;6/-2;6/-2;5/-2;4/-2;3/-2;2/-2;1/-2;0/-1;0/-1;-1/-1;-2/-1;-3/-1;-4/-1;-5/-1;-6/-1;-7
37,(10;14),1,18,100,0;7/-1;7/-1;6/-2;6/-2;5/-2;4/-2;3/-2;2/-2;1/-2;0/-1;0/-1;-1/-1;-2/-1;-3/-1;-4/-1;-5/-1;-6/-1;-7
32,(4;11),1,18,100,0;7/-1;7/-1;6/-2;6/-2;5/-2;4/-2;3/-2;2/-2;1/-2;0/-1;0/-1;-1/-1;-2/-1;-3/-1;-4/-1;-5/-1;-6/-1;-7
33,(0;8),1,18,100,0;7/-1;7/-1;6/-2;6/-2;5/-2;4/-2;3/-2;2/-2;1/-2;0/-1;0/-1;-1/-1;-2/-1;-3/-1;-4/-1;-5/-1;-6/-1;-7
38,(10;14),0,16,-100,0;7/-1;7/-1;6/-2;6/-2;5/-2;4/-2;3/-2;2/-2;1/-2;0/-1;0/-1;-1/-1;-2/-1;-3/-1;-4/-1;-5
33,(4;11),1,18,100,0;7/-1;7/-1;6/-2;6/-2;5/-2;4/-2;3/-2;2/-2;1/-2;0/-1;0/-1;-1/-1;-2/-1;-3/-1;-4/-1;-5/-1;-6/0;-6
34,(0;8),1,18,100,0;7/-1;7/-2;7/-2;6/-2;5/-2;4/-2;3/-2;2/-2;1/-2;0/-1;0/-1;-1/-1;-2/-1;-3/-1;-4/-1;-5/-1;-6/-1;-7
39,(10;14),1,18,100,0;7/-1;7/-2;7/-2;6/-2;5/-2;4/-2;3/-2;2/-2;1/-2;0/-1;0/-1;-1/-1;-2/-1;-3/-1;-4/-1;-5/-1;-6/-1;-7
34,(4;11),0,17,-100,0;7/-1;7/-2;7/-2;6/-2;5/-2;4/-2;3/-2;2/-2;1/-2;0/-1;0/-1;-1/-1;-2/-1;-3/-1;-4/-1;-5/-1;-6
40,(10;14),0,11,-100,0;7/-1;7/-2;7/-2;6/-2;5/-2;4/-2;3/-2;2/-2;1/-2;0/-1;0
35,(0;8),1,18,100,0;7/-1;7/-2;7/-2;6/-2;5/-2;4/-2;3/-2;2/-2;1/-2;0/-1;0/-1;-1/-1;-2/-1;-3/-1;-4/-1;-5/-1;-6/0;-6
35,(4;11),1,18,100,0;7/-1;7/-2;7/-2;6/-2;5/-2;4/-2;3/-2;2/-2;1/-2;0/-1;0/-1;-1/-1;-2/-1;-3/-1;-4/-1;-5/-1;-6/0;-6
41,(10;14),1,18,100,0;7/-1;7/-2;7/-2;6/-2;5/-2;4/-2;3/-2;2/-2;1/-2;0/-1;0/-1;-1/-1;-2/-1;-3/-1;-4/-1;-5/-1;-6/0;-6
36,(0;8),1,18,100,0;7/-1;7/-1;6/-2;6/-2;5/-2;4/-2;3/-2;2/-2;1/-2;0/-1;0/-1;-1/-1;-2/-1;-3/-1;-4/-1;-5/-1;-6/0;-6
36,(4;11),0,13,-100,0;7/-1;7/-1;6/-2;6/-2;5/-2;4/-2;3/-2;2/-2;1/-2;0/-1;0/-1;-1/-1;-2
42,(10;14),1,18,100,0;7/-1;7/-2;7/-2;6/-2;5/-2;4/-2;3/-2;2/-2;1/-2;0/-1;0/-1;-1/-1;-2/-1;-3/-1;-4/-1;-5/-1;-6/-1;-7
37,(0;8),1,18,100,0;7/-1;7/-1;6/-2;6/-2;5/-2;4/-2;3/-2;2/-2;1/-2;0/-1;0/-1;-1/-1;-2/-1;-3/-1;-4/-1;-5/-1;-6/-1;-7
37,(4;11),0,15,-100,0;7/-1;7/-1;6/-2;6/-2;5/-2;4/-2;3/-2;2/-2;1/-2;0/-1;0/-1;-1/-1;-2/-1;-3/-1;-4
43,(10;14),1,18,100,0;7/-1;7/-1;6/-2;6/-2;5/-2;4/-2;3/-2;2/-2;1/-2;0/-1;0/-1;-1/-1;-2/-1;-3/-1;-4/-1;-5/-1;-6/0;-6
38,(4;11),0,16,-100,0;7/-1;7/-1;6/-2;6/-2;5/-2;4/-2;3/-2;2/-2;1/-2;0/-1;0/-1;-1/-1;-2/-1;-3/-1;-4/-1;-5
38,(0;8),1,18,100,0;7/-1;7/-1;6/-2;6/-2;5/-2;4/-2;3/-2;2/-2;1/-2;0/-1;0/-1;-1/-1;-2/-1;-3/-1;-4/-1;-5/-1;-6/-1;-7
44,(10;14),1,18,100,0;7/-1;7/-1;6/-2;6/-2;5/-2;4/-2;3/-2;2/-2;1/-2;0/-1;0/-1;-1/-1;-2/-1;-3/-1;-4/-1;-5/-1;-6/0;-6
39,(4;11),1,18,100,0;7/-1;7/-2;7/-2;6/-2;5/-2;4/-2;3/-2;2/-2;1/-2;0/-1;0/-1;-1/-1;-2/-1;-3/-1;-4/-1;-5/-1;-6/-1;-7
39,(0;8),1,18,100,0;7/-1;7/-2;7/-2;6/-2;5/-2;4/-2;3/-2;2/-2;1/-2;0/-1;0/-1;-1/-1;-2/-1;-3/-1;-4/-1;-5/-1;-6/-1;-7
45,(10;14),0,14,-100,0;7/-1;7/-1;6/-2;6/-2;5/-2;4/-2;3/-2;2/-2;1/-2;0/-1;0/-1;-1/-1;-2/-1;-3
46,(10;14),1,18,100,0;7/-1;7/-1;6/-2;6/-2;5/-2;4/-2;3/-2;2/-2;1/-2;0/-1;0/-1;-1/-1;-2/-1;-3/-1;-4/-1;-5/-1;-6/0;-6
40,(4;11),1,18,100,0;7/-1;7/-2;7/-2;6/-2;5/-2;4/-2;3/-2;2/-2;1/-2;0/-1;0/-1;-1/-1;-2/-1;-3/-1;-4/-1;-5/-1;-6/-1;-7
40,(0;8),1,18,100,0;7/-1;7/-2;7/-2;6/-2;5/-2;4/-2;3/-2;2/-2;1/-2;0/-1;0/-1;-1/-1;-2/-1;-3/-1;-4/-1;-5/-1;-6/-1;-7
47,(10;14),1,18,100,0;7/-1;7/-1;6/-2;6/-2;5/-2;4/-2;3/-2;2/-2;1/-2;0/-1;0/-1;-1/-1;-2/-1;-3/-1;-4/-1;-5/-1;-6/0;-6
41,(4;11),1,18,100,0;7/-1;7/-2;7/-2;6/-2;5/-2;4/-2;3/-2;2/-2;1/-2;0/-1;0/-1;-1/-1;-2/-1;-3/-1;-4/-1;-5/-1;-6/-1;-7
41,(0;8),1,18,100,0;7/-1;7/-2;7/-2;6/-2;5/-2;4/-2;3/-2;2/-2;1/-2;0/-1;0/-1;-1/-1;-2/-1;-3/-1;-4/-1;-5/-1;-6/-1;-7
48,(10;14),0,13,-100,0;7/-1;7/-2;7/-2;6/-2;5/-2;4/-2;3/-2;2/-2;1/-2;0/-1;0/-1;-1/-1;-2
42,(4;11),1,18,100,0;7/-1;7/-2;7/-2;6/-2;5/-2;4/-2;3/-2;2/-2;1/-2;0/-1;0/-1;-1/-1;-2/-1;-3/-1;-4/-1;-5/-1;-6/-1;-7
42,(0;8),1,18,100,0;7/-1;7/-2;7/-2;6/-2;5/-2;4/-2;3/-2;2/-2;1/-2;0/-1;0/-1;-1/-1;-2/-1;-3/-1;-4/-1;-5/-1;-6/-1;-7
49,(10;14),1,18,100,0;7/-1;7/-2;7/-2;6/-2;5/-2;4/-2;3/-2;2/-2;1/-2;0/-1;0/-1;-1/-1;-2/-1;-3/-1;-4/-1;-5/-1;-6/-1;-7
43,(4;11),1,18,100,0;7/-1;7/-1;6/-2;6/-2;5/-2;4/-2;3/-2;2/-2;1/-2;0/-1;0/-1;-1/-1;-2/-1;-3/-1;-4/-1;-5/-1;-6/-1;-7
50,(10;14),0,12,-100,0;7/-1;7/-1;6/-2;6/-2;5/-2;4/-2;3/-2;2/-2;1/-2;0/-1;0/-1;-1
43,(0;8),1,18,100,0;7/-1;7/-1;6/-2;6/-2;5/-2;4/-2;3/-2;2/-2;1/-2;0/-1;0/-1;-1/-1;-2/-1;-3/-1;-4/-1;-5/-1;-6/-1;-7
44,(4;11),1,18,100,0;7/-1;7/-1;6/-2;6/-2;5/-2;4/-2;3/-2;2/-2;1/-2;0/-1;0/-1;-1/-1;-2/-1;-3/-1;-4/-1;-5/-1;-6/-1;-7
44,(0;8),1,18,100,0;7/-1;7/-1;6/-2;6/-2;5/-2;4/-2;3/-2;2/-2;1/-2;0/-1;0/-1;-1/-1;-2/-1;-3/-1;-4/-1;-5/-1;-6/-1;-7
45,(4;11),0,18,-100,0;7/-1;7/-1;6/-2;6/-2;5/-2;4/-2;3/-2;2/-2;1/-2;0/-1;0/-1;-1/-1;-2/-1;-3/-1;-4/-1;-5/-1;-6/-1;-7
45,(0;8),1,18,100,0;7/-1;7/-1;6/-2;6/-2;5/-2;4/-2;3/-2;2/-2;1/-2;0/-1;0/-1;-1/-1;-2/-1;-3/-1;-4/-1;-5/-1;-6/0;-6
46,(4;11),0,13,-100,0;7/-1;7/-1;6/-2;6/-2;5/-2;4/-2;3/-2;2/-2;1/-2;0/-1;0/-1;-1/-1;-2
46,(0;8),1,18,100,0;7/-1;7/-1;6/-2;6/-2;5/-2;4/-2;3/-2;2/-2;1/-2;0/-1;0/-1;-1/-1;-2/-1;-3/-1;-4/-1;-5/-1;-6/-1;-7
47,(4;11),0,18,-100,0;7/-1;7/-1;6/-2;6/-2;5/-2;4/-2;3/-2;2/-2;1/-2;0/-1;0/-1;-1/-1;-2/-1;-3/-1;-4/-1;-5/-1;-6/0;-6
47,(0;8),1,18,100,0;7/-1;7/-1;6/-2;6/-2;5/-2;4/-2;3/-2;2/-2;1/-2;0/-1;0/-1;-1/-1;-2/-1;-3/-1;-4/-1;-5/-1;-6/-1;-7
48,(4;11),1,18,100,0;7/-1;7/-2;7/-2;6/-2;5/-2;4/-2;3/-2;2/-2;1/-2;0/-1;0/-1;-1/-1;-2/-1;-3/-1;-4/-1;-5/-1;-6/0;-6
48,(0;8),0,7,-100,0;7/-1;7/-2;7/-2;6/-2;5/-2;4/-2;3
49,(0;8),0,8,-100,0;7/-1;7/-2;7/-2;6/-2;5/-2;4/-2;3/-2;2
49,(4;11),0,15,-100,0;7/-1;7/-2;7/-2;6/-2;5/-2;4/-2;3/-2;2/-2;1/-2;0/-1;0/-1;-1/-1;-2/-1;-3/-1;-4
50,(0;8),1,18,100,0;7/-1;7/-1;6/-2;6/-2;5/-2;4/-2;3/-2;2/-2;1/-2;0/-1;0/-1;-1/-1;-2/-1;-3/-1;-4/-1;-5/-1;-6/-1;-7
50,(4;11),0,15,-100,0;7/-1;7/-1;6/-2;6/-2;5/-2;4/-2;3/-2;2/-2;1/-2;0/-1;0/-1;-1/-1;-2/-1;-3/-1;-4
