seed, starting_position, habit_result, habit_len, habit_reward, trajectory
1,(6;4),0,4,-100,0;7/0;6/0;5/0;4
1,(7;9),0,7,-100,0;7/0;6/0;5/0;4/0;3/0;2/0;1
1,(14;9),1,14,100,0;7/0;6/0;5/0;4/0;3/0;2/0;1/0;0/0;-1/0;-2/0;-3/0;-4/0;-5/0;-6
1,(14;1),1,14,100,0;7/0;6/0;5/0;4/0;3/0;2/0;1/0;0/0;-1/0;-2/0;-3/0;-4/0;-5/0;-6
1,(0;0),1,14,100,0;7/0;6/0;5/0;4/0;3/0;2/0;1/0;0/0;-1/0;-2/0;-3/0;-4/0;-5/0;-6
2,(7;9),0,3,-100,0;7/0;6/0;5
2,(6;4),1,14,100,0;7/0;6/0;5/0;4/0;3/0;2/0;1/0;0/0;-1/0;-2/0;-3/0;-4/0;-5/0;-6
2,(14;9),0,6,-100,0;7/0;6/0;5/0;4/0;3/0;2
3,(7;9),0,6,-100,0;7/0;6/0;5/0;4/0;3/0;2
3,(6;4),0,1,-100,0;7
2,(14;1),1,14,100,0;7/0;6/0;5/0;4/0;3/0;2/0;1/0;0/0;-1/0;-2/0;-3/0;-4/0;-5/0;-6
2,(0;0),1,14,100,0;7/0;6/0;5/0;4/0;3/0;2/0;1/0;0/0;-1/0;-2/0;-3/0;-4/0;-5/0;-6
4,(6;4),0,1,-100,0;7
4,(7;9),0,3,-100,0;7/0;6/0;5
3,(14;9),0,14,-100,0;7/0;6/0;5/0;4/0;3/0;2/0;1/0;0/0;-1/0;-2/0;-3/0;-4/0;-5/0;-6
5,(6;4),0,1,-100,0;7
5,(7;9),0,8,-100,0;7/0;6/0;5/0;4/0;3/0;2/0;1/0;0
3,(14;1),1,14,100,0;7/0;6/0;5/0;4/0;3/0;2/0;1/0;0/0;-1/0;-2/0;-3/0;-4/0;-5/0;-6
3,(0;0),0,11,-100,0;7/0;6/0;5/0;4/0;3/0;2/0;1/0;0/0;-1/0;-2/0;-3
6,(6;4),0,7,-100,0;7/0;6/0;5/0;4/0;3/0;2/0;1
4,(14;9),0,7,-100,0;7/0;6/0;5/0;4/0;3/0;2/0;1
7,(6;4),0,4,-100,0;7/0;6/0;5/0;4
6,(7;9),1,14,100,0;7/0;6/0;5/0;4/0;3/0;2/0;1/0;0/0;-1/0;-2/0;-3/0;-4/0;-5/0;-6
5,(14;9),0,5,-100,0;7/0;6/0;5/0;4/0;3
4,(14;1),1,14,100,0;7/0;6/0;5/0;4/0;3/0;2/0;1/0;0/0;-1/0;-2/0;-3/0;-4/0;-5/0;-6
4,(0;0),1,14,100,0;7/0;6/0;5/0;4/0;3/0;2/0;1/0;0/0;-1/0;-2/0;-3/0;-4/0;-5/0;-6
8,(6;4),0,2,-100,0;7/0;6
7,(7;9),0,6,-100,0;7/0;6/0;5/0;4/0;3/0;2
9,(6;4),0,3,-100,0;7/0;6/0;5
8,(7;9),0,6,-100,0;7/0;6/0;5/0;4/0;3/0;2
6,(14;9),1,14,100,0;7/0;6/0;5/0;4/0;3/0;2/0;1/0;0/0;-1/0;-2/0;-3/0;-4/0;-5/0;-6
5,(14;1),1,14,100,0;7/0;6/0;5/0;4/0;3/0;2/0;1/0;0/0;-1/0;-2/0;-3/0;-4/0;-5/0;-6
5,(0;0),1,14,100,0;7/0;6/0;5/0;4/0;3/0;2/0;1/0;0/0;-1/0;-2/0;-3/0;-4/0;-5/0;-6
10,(6;4),1,14,100,0;7/0;6/0;5/0;4/0;3/0;2/0;1/0;0/0;-1/0;-2/0;-3/0;-4/0;-5/0;-6
9,(7;9),0,7,-100,0;7/0;6/0;5/0;4/0;3/0;2/0;1
6,(14;1),0,6,-100,0;7/0;6/0;5/0;4/0;3/0;2
7,(14;9),0,9,-100,0;7/0;6/0;5/0;4/0;3/0;2/0;1/0;0/0;-1
6,(0;0),0,13,-100,0;7/0;6/0;5/0;4/0;3/0;2/0;1/0;0/0;-1/0;-2/0;-3/0;-4/0;-5
11,(6;4),0,4,-100,0;7/0;6/0;5/0;4
7,(14;1),0,4,-100,0;7/0;6/0;5/0;4
10,(7;9),1,14,100,0;7/0;6/0;5/0;4/0;3/0;2/0;1/0;0/0;-1/0;-2/0;-3/0;-4/0;-5/0;-6
12,(6;4),0,4,-100,0;7/0;6/0;5/0;4
8,(14;9),1,14,100,0;7/0;6/0;5/0;4/0;3/0;2/0;1/0;0/0;-1/0;-2/0;-3/0;-4/0;-5/0;-6
7,(0;0),0,13,-100,0;7/0;6/0;5/0;4/0;3/0;2/0;1/0;0/0;-1/0;-2/0;-3/0;-4/0;-5
13,(6;4),0,4,-100,0;7/0;6/0;5/0;4
11,(7;9),0,9,-100,0;7/0;6/0;5/0;4/0;3/0;2/0;1/0;0/0;-1
8,(14;1),1,14,100,0;7/0;6/0;5/0;4/0;3/0;2/0;1/0;0/0;-1/0;-2/0;-3/0;-4/0;-5/0;-6
14,(6;4),0,2,-100,0;7/0;6
9,(14;9),1,14,100,0;7/0;6/0;5/0;4/0;3/0;2/0;1/0;0/0;-1/0;-2/0;-3/0;-4/0;-5/0;-6
8,(0;0),1,14,100,0;7/0;6/0;5/0;4/0;3/0;2/0;1/0;0/0;-1/0;-2/0;-3/0;-4/0;-5/0;-6
15,(6;4),0,2,-100,0;7/0;6
12,(7;9),0,13,-100,0;7/0;6/0;5/0;4/0;3/0;2/0;1/0;0/0;-1/0;-2/0;-3/0;-4/0;-5
9,(14;1),0,13,-100,0;7/0;6/0;5/0;4/0;3/0;2/0;1/0;0/0;-1/0;-2/0;-3/0;-4/0;-5
10,(14;9),0,6,-100,0;7/0;6/0;5/0;4/0;3/0;2
16,(6;4),0,4,-100,0;7/0;6/0;5/0;4
13,(7;9),0,4,-100,0;7/0;6/0;5/0;4
10,(14;1),0,7,-100,0;7/0;6/0;5/0;4/0;3/0;2/0;1
17,(6;4),0,5,-100,0;7/0;6/0;5/0;4/0;3
9,(0;0),1,14,100,0;7/0;6/0;5/0;4/0;3/0;2/0;1/0;0/0;-1/0;-2/0;-3/0;-4/0;-5/0;-6
14,(7;9),0,6,-100,0;7/0;6/0;5/1;5/1;4/1;3
11,(14;9),0,9,-100,0;7/0;6/0;5/0;4/0;3/0;2/0;1/0;0/0;-1
18,(6;4),0,3,-100,0;7/0;6/0;5
19,(6;4),0,2,-100,0;7/0;6
15,(7;9),1,14,100,0;7/0;6/0;5/0;4/0;3/0;2/0;1/0;0/0;-1/0;-2/0;-3/0;-4/0;-5/0;-6
11,(14;1),1,14,100,0;7/0;6/0;5/0;4/0;3/0;2/0;1/0;0/0;-1/0;-2/0;-3/0;-4/0;-5/0;-6
20,(6;4),0,3,-100,0;7/0;6/0;5
10,(0;0),1,14,100,0;7/0;6/0;5/0;4/0;3/0;2/0;1/0;0/0;-1/0;-2/0;-3/0;-4/0;-5/0;-6
16,(7;9),0,7,-100,0;7/0;6/0;5/0;4/0;3/0;2/0;1
21,(6;4),0,2,-100,0;7/0;6
12,(14;9),1,14,100,0;7/0;6/0;5/0;4/0;3/0;2/0;1/0;0/0;-1/0;-2/0;-3/0;-4/0;-5/0;-6
11,(0;0),0,11,-100,0;7/0;6/0;5/0;4/0;3/0;2/0;1/0;0/0;-1/0;-2/0;-3
17,(7;9),0,5,-100,0;7/0;6/0;5/0;4/-1;4
13,(14;9),0,7,-100,0;7/0;6/0;5/0;4/0;3/0;2/0;1
12,(14;1),1,14,100,0;7/0;6/0;5/0;4/0;3/0;2/0;1/0;0/0;-1/0;-2/0;-3/0;-4/0;-5/0;-6
22,(6;4),1,14,100,0;7/0;6/0;5/0;4/0;3/0;2/0;1/0;0/0;-1/0;-2/0;-3/0;-4/0;-5/0;-6
23,(6;4),0,2,-100,0;7/0;6
12,(0;0),1,14,100,0;7/0;6/0;5/0;4/0;3/0;2/0;1/0;0/0;-1/0;-2/0;-3/0;-4/0;-5/0;-6
18,(7;9),1,14,100,0;7/0;6/0;5/0;4/0;3/0;2/0;1/0;0/0;-1/0;-2/0;-3/0;-4/0;-5/0;-6
13,(14;1),0,8,-100,0;7/0;6/0;5/0;4/0;3/0;2/0;1/0;0
14,(14;9),0,10,-100,0;7/0;6/0;5/0;4/0;3/0;2/0;1/0;0/0;-1/0;-2
24,(6;4),0,4,-100,0;7/0;6/0;5/0;4
25,(6;4),0,4,-100,0;7/0;6/0;5/0;4
19,(7;9),1,14,100,0;7/0;6/0;5/0;4/0;3/0;2/0;1/0;0/0;-1/0;-2/0;-3/0;-4/0;-5/0;-6
14,(14;1),1,14,100,0;7/0;6/0;5/0;4/0;3/0;2/0;1/0;0/0;-1/0;-2/0;-3/0;-4/0;-5/0;-6
15,(14;9),1,14,100,0;7/0;6/0;5/0;4/0;3/0;2/0;1/0;0/0;-1/0;-2/0;-3/0;-4/0;-5/0;-6
13,(0;0),1,14,100,0;7/0;6/0;5/0;4/0;3/0;2/0;1/0;0/0;-1/0;-2/0;-3/0;-4/0;-5/0;-6
26,(6;4),0,2,-100,0;7/0;6
20,(7;9),0,4,-100,0;7/0;6/0;5/0;4
27,(6;4),0,2,-100,0;7/0;6
16,(14;9),0,10,-100,0;7/0;6/0;5/0;4/0;3/0;2/0;1/0;0/0;-1/0;-2
21,(7;9),0,3,-100,0;7/0;6/0;5
15,(14;1),1,14,100,0;7/0;6/0;5/0;4/0;3/0;2/0;1/0;0/0;-1/0;-2/0;-3/0;-4/0;-5/0;-6
28,(6;4),0,2,-100,0;7/0;6
14,(0;0),1,14,100,0;7/0;6/0;5/0;4/0;3/0;2/0;1/0;0/0;-1/0;-2/0;-3/0;-4/0;-5/0;-6
17,(14;9),0,6,-100,0;7/0;6/0;5/0;4/0;3/0;2
22,(7;9),0,7,-100,0;7/0;6/0;5/0;4/0;3/0;2/0;1
16,(14;1),0,12,-100,0;7/0;6/0;5/0;4/0;3/0;2/0;1/0;0/0;-1/0;-2/0;-3/0;-4
29,(6;4),1,14,100,0;7/0;6/0;5/0;4/0;3/0;2/0;1/0;0/0;-1/0;-2/0;-3/0;-4/0;-5/0;-6
23,(7;9),0,3,-100,0;7/0;6/0;5
15,(0;0),1,14,100,0;7/0;6/0;5/0;4/0;3/0;2/0;1/0;0/0;-1/0;-2/0;-3/0;-4/0;-5/0;-6
30,(6;4),0,3,-100,0;7/0;6/0;5
24,(7;9),0,3,-100,0;7/0;6/0;5
18,(14;9),1,14,100,0;7/0;6/0;5/0;4/0;3/0;2/0;1/0;0/0;-1/0;-2/0;-3/0;-4/0;-5/0;-6
31,(6;4),0,2,-100,0;7/0;6
17,(14;1),1,14,100,0;7/0;6/0;5/0;4/0;3/0;2/0;1/0;0/0;-1/0;-2/0;-3/0;-4/0;-5/0;-6
25,(7;9),0,5,-100,0;7/0;6/0;5/0;4/0;3
16,(0;0),1,14,100,0;7/0;6/0;5/0;4/0;3/0;2/0;1/0;0/0;-1/0;-2/0;-3/0;-4/0;-5/0;-6
32,(6;4),0,3,-100,0;7/0;6/0;5
19,(14;9),0,9,-100,0;7/0;6/0;5/0;4/0;3/0;2/0;1/0;0/0;-1
26,(7;9),0,5,-100,0;7/0;6/0;5/0;4/0;3
33,(6;4),0,3,-100,0;7/0;6/0;5
34,(6;4),0,4,-100,0;7/0;6/0;5/0;4
27,(7;9),0,8,-100,0;7/0;6/0;5/0;4/0;3/0;2/0;1/0;0
18,(14;1),1,14,100,0;7/0;6/0;5/0;4/0;3/0;2/0;1/0;0/0;-1/0;-2/0;-3/0;-4/0;-5/0;-6
17,(0;0),1,14,100,0;7/0;6/0;5/0;4/0;3/0;2/0;1/0;0/0;-1/0;-2/0;-3/0;-4/0;-5/0;-6
20,(14;9),1,14,100,0;7/0;6/0;5/0;4/0;3/0;2/0;1/0;0/0;-1/0;-2/0;-3/0;-4/0;-5/0;-6
35,(6;4),0,2,-100,0;7/0;6
28,(7;9),0,5,-100,0;7/0;6/0;5/0;4/0;3
18,(0;0),1,14,100,0;7/0;6/0;5/0;4/0;3/0;2/0;1/0;0/0;-1/0;-2/0;-3/0;-4/0;-5/0;-6
19,(14;1),1,14,100,0;7/0;6/0;5/0;4/0;3/0;2/0;1/0;0/0;-1/0;-2/0;-3/0;-4/0;-5/0;-6
21,(14;9),1,14,100,0;7/0;6/0;5/0;4/0;3/0;2/0;1/0;0/0;-1/0;-2/0;-3/0;-4/0;-5/0;-6
29,(7;9),0,4,-100,0;7/0;6/0;5/0;4
36,(6;4),1,14,100,0;7/0;6/0;5/0;4/0;3/0;2/0;1/0;0/0;-1/0;-2/0;-3/0;-4/0;-5/0;-6
37,(6;4),0,3,-100,0;7/0;6/0;5
30,(7;9),0,3,-100,0;7/0;6/0;5
22,(14;9),0,10,-100,0;7/0;6/0;5/0;4/0;3/0;2/0;1/0;0/0;-1/0;-2
38,(6;4),0,5,-100,0;7/0;6/0;5/0;4/0;3
20,(14;1),1,14,100,0;7/0;6/0;5/0;4/0;3/0;2/0;1/0;0/0;-1/0;-2/0;-3/0;-4/0;-5/0;-6
19,(0;0),1,14,100,0;7/0;6/0;5/0;4/0;3/0;2/0;1/0;0/0;-1/0;-2/0;-3/0;-4/0;-5/0;-6
31,(7;9),0,10,-100,0;7/0;6/0;5/0;4/0;3/0;2/0;1/0;0/0;-1/0;-2
23,(14;9),0,7,-100,0;7/0;6/0;5/0;4/0;3/0;2/0;1
39,(6;4),0,8,-100,0;7/0;6/0;5/0;4/0;3/0;2/0;1/0;0
32,(7;9),0,5,-100,0;7/0;6/0;5/0;4/0;3
21,(14;1),1,14,100,0;7/0;6/0;5/0;4/0;3/0;2/0;1/0;0/0;-1/0;-2/0;-3/0;-4/0;-5/0;-6
40,(6;4),0,1,-100,0;7
24,(14;9),0,9,-100,0;7/0;6/0;5/0;4/0;3/0;2/0;1/0;0/0;-1
33,(7;9),0,3,-100,0;7/0;6/0;5
20,(0;0),1,14,100,0;7/0;6/0;5/0;4/0;3/0;2/0;1/0;0/0;-1/0;-2/0;-3/0;-4/0;-5/0;-6
41,(6;4),0,2,-100,0;7/0;6
34,(7;9),0,3,-100,0;7/0;6/0;5
25,(14;9),0,8,-100,0;7/0;6/0;5/0;4/0;3/0;2/0;1/0;0
42,(6;4),0,3,-100,0;7/0;6/0;5
22,(14;1),1,14,100,0;7/0;6/0;5/0;4/0;3/0;2/0;1/0;0/0;-1/0;-2/0;-3/0;-4/0;-5/0;-6
35,(7;9),0,4,-100,0;7/0;6/0;5/0;4
21,(0;0),1,14,100,0;7/0;6/0;5/0;4/0;3/0;2/0;1/0;0/0;-1/0;-2/0;-3/0;-4/0;-5/0;-6
43,(6;4),0,2,-100,0;7/0;6
36,(7;9),0,4,-100,0;7/0;6/0;5/0;4
26,(14;9),1,14,100,0;7/0;6/0;5/0;4/0;3/0;2/0;1/0;0/0;-1/0;-2/0;-3/0;-4/0;-5/0;-6
44,(6;4),0,4,-100,0;7/0;6/0;5/0;4
37,(7;9),0,8,-100,0;7/0;6/0;5/0;4/0;3/0;2/0;1/0;0
22,(0;0),1,14,100,0;7/0;6/0;5/0;4/0;3/0;2/0;1/0;0/0;-1/0;-2/0;-3/0;-4/0;-5/0;-6
23,(14;1),1,14,100,0;7/0;6/0;5/0;4/0;3/0;2/0;1/0;0/0;-1/0;-2/0;-3/0;-4/0;-5/0;-6
27,(14;9),0,7,-100,0;7/0;6/0;5/0;4/0;3/0;2/0;1
45,(6;4),1,14,100,0;7/0;6/0;5/0;4/0;3/0;2/0;1/0;0/0;-1/0;-2/0;-3/0;-4/0;-5/0;-6
38,(7;9),0,5,-100,0;7/0;6/0;5/0;4/0;3
46,(6;4),0,3,-100,0;7/0;6/0;5
24,(14;1),1,14,100,0;7/0;6/0;5/0;4/0;3/0;2/0;1/0;0/0;-1/0;-2/0;-3/0;-4/0;-5/0;-6
23,(0;0),1,14,100,0;7/0;6/0;5/0;4/0;3/0;2/0;1/0;0/0;-1/0;-2/0;-3/0;-4/0;-5/0;-6
39,(7;9),0,4,-100,0;7/0;6/0;5/0;4
28,(14;9),1,14,100,0;7/0;6/0;5/0;4/0;3/0;2/0;1/0;0/0;-1/0;-2/0;-3/0;-4/0;-5/0;-6
47,(6;4),0,1,-100,0;7
40,(7;9),0,3,-100,0;7/0;6/0;5
29,(14;9),0,8,-100,0;7/0;6/0;5/0;4/0;3/0;2/0;1/0;0
25,(14;1),1,14,100,0;7/0;6/0;5/0;4/0;3/0;2/0;1/0;0/0;-1/0;-2/0;-3/0;-4/0;-5/0;-6
24,(0;0),1,14,100,0;7/0;6/0;5/0;4/0;3/0;2/0;1/0;0/0;-1/0;-2/0;-3/0;-4/0;-5/0;-6
48,(6;4),1,14,100,0;7/0;6/0;5/0;4/0;3/0;2/0;1/0;0/0;-1/0;-2/0;-3/0;-4/0;-5/0;-6
41,(7;9),0,6,-100,0;7/0;6/0;5/0;4/0;3/0;2
30,(14;9),0,5,-100,0;7/0;6/0;5/0;4/0;3
49,(6;4),0,2,-100,0;7/0;6
42,(7;9),0,3,-100,0;7/0;6/0;5
25,(0;0),1,14,100,0;7/0;6/0;5/0;4/0;3/0;2/0;1/0;0/0;-1/0;-2/0;-3/0;-4/0;-5/0;-6
26,(14;1),1,14,100,0;7/0;6/0;5/0;4/0;3/0;2/0;1/0;0/0;-1/0;-2/0;-3/0;-4/0;-5/0;-6
50,(6;4),1,14,100,0;7/0;6/0;5/0;4/0;3/0;2/0;1/0;0/0;-1/0;-2/0;-3/0;-4/0;-5/0;-6
31,(14;9),0,10,-100,0;7/0;6/0;5/0;4/0;3/0;2/0;1/0;0/0;-1/0;-2
43,(7;9),0,3,-100,0;7/0;6/0;5
26,(0;0),1,14,100,0;7/0;6/0;5/0;4/0;3/0;2/0;1/0;0/0;-1/0;-2/0;-3/0;-4/0;-5/0;-6
44,(7;9),0,10,-100,0;7/0;6/0;5/0;4/0;3/0;2/0;1/0;0/0;-1/0;-2
27,(14;1),1,14,100,0;7/0;6/0;5/0;4/0;3/0;2/0;1/0;0/0;-1/0;-2/0;-3/0;-4/0;-5/0;-6
32,(14;9),0,11,-100,0;7/0;6/0;5/0;4/0;3/0;2/0;1/0;0/0;-1/0;-2/0;-3
45,(7;9),0,5,-100,0;7/0;6/0;5/0;4/0;3
28,(14;1),0,9,-100,0;7/0;6/0;5/0;4/0;3/0;2/0;1/0;0/0;-1
33,(14;9),0,10,-100,0;7/0;6/0;5/0;4/0;3/0;2/0;1/0;0/0;-1/0;-2
27,(0;0),1,14,100,0;7/0;6/0;5/0;4/0;3/0;2/0;1/0;0/0;-1/0;-2/0;-3/0;-4/0;-5/0;-6
46,(7;9),0,4,-100,0;7/0;6/0;5/0;4
47,(7;9),0,3,-100,0;7/0;6/0;5
29,(14;1),0,8,-100,0;7/0;6/0;5/0;4/0;3/0;2/0;1/0;0
34,(14;9),1,14,100,0;7/0;6/0;5/0;4/0;3/0;2/0;1/0;0/0;-1/0;-2/0;-3/0;-4/0;-5/0;-6
28,(0;0),0,14,-100,0;7/0;6/0;5/0;4/0;3/0;2/0;1/0;0/0;-1/0;-2/0;-3/0;-4/0;-5/0;-6
30,(14;1),0,8,-100,0;7/0;6/0;5/0;4/0;3/0;2/0;1/0;0
35,(14;9),0,6,-100,0;7/0;6/0;5/0;4/0;3/0;2
48,(7;9),1,14,100,0;7/0;6/0;5/0;4/0;3/0;2/0;1/0;0/0;-1/0;-2/0;-3/0;-4/0;-5/0;-6
29,(0;0),1,14,100,0;7/0;6/0;5/0;4/0;3/0;2/0;1/0;0/0;-1/0;-2/0;-3/0;-4/0;-5/0;-6
49,(7;9),1,14,100,0;7/0;6/0;5/0;4/0;3/0;2/0;1/0;0/0;-1/0;-2/0;-3/0;-4/0;-5/0;-6
31,(14;1),1,14,100,0;7/0;6/0;5/0;4/0;3/0;2/0;1/0;0/0;-1/0;-2/0;-3/0;-4/0;-5/0;-6
50,(7;9),0,6,-100,0;7/0;6/0;5/0;4/0;3/0;2
30,(0;0),1,14,100,0;7/0;6/0;5/0;4/0;3/0;2/0;1/0;0/0;-1/0;-2/0;-3/0;-4/0;-5/0;-6
36,(14;9),1,14,100,0;7/0;6/0;5/0;4/0;3/0;2/0;1/0;0/0;-1/0;-2/0;-3/0;-4/0;-5/0;-6
37,(14;9),1,14,100,0;7/0;6/0;5/0;4/0;3/0;2/0;1/0;0/0;-1/0;-2/0;-3/0;-4/0;-5/0;-6
32,(14;1),1,14,100,0;7/0;6/0;5/0;4/0;3/0;2/0;1/0;0/0;-1/0;-2/0;-3/0;-4/0;-5/0;-6
31,(0;0),1,14,100,0;7/0;6/0;5/0;4/0;3/0;2/0;1/0;0/0;-1/0;-2/0;-3/0;-4/0;-5/0;-6
33,(14;1),0,4,-100,0;7/0;6/0;5/0;4
32,(0;0),0,10,-100,0;7/0;6/0;5/0;4/0;3/0;2/0;1/0;0/0;-1/0;-2
38,(14;9),0,9,-100,0;7/0;6/0;5/0;4/0;3/0;2/0;1/0;0/0;-1
34,(14;1),0,8,-100,0;7/0;6/0;5/0;4/0;3/0;2/0;1/0;0
39,(14;9),0,8,-100,0;7/0;6/0;5/0;4/0;3/0;2/0;1/0;0
33,(0;0),1,14,100,0;7/0;6/0;5/0;4/0;3/0;2/0;1/0;0/0;-1/0;-2/0;-3/0;-4/0;-5/0;-6
35,(14;1),0,12,-100,0;7/0;6/0;5/0;4/0;3/0;2/0;1/0;0/0;-1/0;-2/0;-3/0;-4
40,(14;9),0,7,-100,0;7/0;6/0;5/0;4/0;3/0;2/0;1
34,(0;0),1,14,100,0;7/0;6/0;5/0;4/0;3/0;2/0;1/0;0/0;-1/0;-2/0;-3/0;-4/0;-5/0;-6
41,(14;9),0,10,-100,0;7/0;6/0;5/0;4/0;3/0;2/0;1/0;0/0;-1/0;-2
36,(14;1),1,14,100,0;7/0;6/0;5/0;4/0;3/0;2/0;1/0;0/0;-1/0;-2/0;-3/0;-4/0;-5/0;-6
35,(0;0),1,14,100,0;7/0;6/0;5/0;4/0;3/0;2/0;1/0;0/0;-1/0;-2/0;-3/0;-4/0;-5/0;-6
42,(14;9),0,12,-100,0;7/0;6/0;5/0;4/0;3/0;2/0;1/0;0/0;-1/0;-2/0;-3/0;-4
37,(14;1),1,14,100,0;7/0;6/0;5/0;4/0;3/0;2/0;1/0;0/0;-1/0;-2/0;-3/0;-4/0;-5/0;-6
43,(14;9),0,7,-100,0;7/0;6/0;5/0;4/0;3/0;2/0;1
36,(0;0),1,14,100,0;7/0;6/0;5/0;4/0;3/0;2/0;1/0;0/0;-1/0;-2/0;-3/0;-4/0;-5/0;-6
38,(14;1),1,14,100,0;7/0;6/0;5/0;4/0;3/0;2/0;1/0;0/0;-1/0;-2/0;-3/0;-4/0;-5/0;-6
37,(0;0),0,8,-100,0;7/0;6/0;5/0;4/0;3/0;2/0;1/0;0
44,(14;9),1,14,100,0;7/0;6/0;5/0;4/0;3/0;2/0;1/0;0/0;-1/0;-2/0;-3/0;-4/0;-5/0;-6
39,(14;1),1,14,100,0;7/0;6/0;5/0;4/0;3/0;2/0;1/0;0/0;-1/0;-2/0;-3/0;-4/0;-5/0;-6
38,(0;0),1,14,100,0;7/0;6/0;5/0;4/0;3/0;2/0;1/0;0/0;-1/0;-2/0;-3/0;-4/0;-5/0;-6
45,(14;9),0,6,-100,0;7/0;6/0;5/0;4/0;3/0;2
40,(14;1),1,14,100,0;7/0;6/0;5/0;4/0;3/0;2/0;1/0;0/0;-1/0;-2/0;-3/0;-4/0;-5/0;-6
46,(14;9),0,8,-100,0;7/0;6/0;5/0;4/0;3/0;2/0;1/0;0
39,(0;0),1,14,100,0;7/0;6/0;5/0;4/0;3/0;2/0;1/0;0/0;-1/0;-2/0;-3/0;-4/0;-5/0;-6
47,(14;9),0,6,-100,0;7/0;6/0;5/0;4/0;3/0;2
41,(14;1),1,14,100,0;7/0;6/0;5/0;4/0;3/0;2/0;1/0;0/0;-1/0;-2/0;-3/0;-4/0;-5/0;-6
40,(0;0),1,14,100,0;7/0;6/0;5/0;4/0;3/0;2/0;1/0;0/0;-1/0;-2/0;-3/0;-4/0;-5/0;-6
48,(14;9),0,6,-100,0;7/0;6/0;5/0;4/0;3/0;2
42,(14;1),1,14,100,0;7/0;6/0;5/0;4/0;3/0;2/0;1/0;0/0;-1/0;-2/0;-3/0;-4/0;-5/0;-6
41,(0;0),0,12,-100,0;7/0;6/0;5/0;4/0;3/0;2/0;1/0;0/0;-1/0;-2/0;-3/0;-4
49,(14;9),1,14,100,0;7/0;6/0;5/0;4/0;3/0;2/0;1/0;0/0;-1/0;-2/0;-3/0;-4/0;-5/0;-6
43,(14;1),1,14,100,0;7/0;6/0;5/0;4/0;3/0;2/0;1/0;0/0;-1/0;-2/0;-3/0;-4/0;-5/0;-6
42,(0;0),1,14,100,0;7/0;6/0;5/0;4/0;3/0;2/0;1/0;0/0;-1/0;-2/0;-3/0;-4/0;-5/0;-6
50,(14;9),0,13,-100,0;7/0;6/0;5/0;4/0;3/0;2/0;1/0;0/0;-1/0;-2/0;-3/0;-4/0;-5
43,(0;0),1,14,100,0;7/0;6/0;5/0;4/0;3/0;2/0;1/0;0/0;-1/0;-2/0;-3/0;-4/0;-5/0;-6
44,(14;1),1,14,100,0;7/0;6/0;5/0;4/0;3/0;2/0;1/0;0/0;-1/0;-2/0;-3/0;-4/0;-5/0;-6
45,(14;1),1,14,100,0;7/0;6/0;5/0;4/0;3/0;2/0;1/0;0/0;-1/0;-2/0;-3/0;-4/0;-5/0;-6
44,(0;0),1,14,100,0;7/0;6/0;5/0;4/0;3/0;2/0;1/0;0/0;-1/0;-2/0;-3/0;-4/0;-5/0;-6
45,(0;0),1,14,100,0;7/0;6/0;5/0;4/0;3/0;2/0;1/0;0/0;-1/0;-2/0;-3/0;-4/0;-5/0;-6
46,(14;1),1,14,100,0;7/0;6/0;5/0;4/0;3/0;2/0;1/0;0/0;-1/0;-2/0;-3/0;-4/0;-5/0;-6
47,(14;1),0,13,-100,0;7/0;6/0;5/0;4/0;3/0;2/0;1/0;0/0;-1/0;-2/0;-3/0;-4/0;-5
46,(0;0),1,14,100,0;7/0;6/0;5/0;4/0;3/0;2/0;1/0;0/0;-1/0;-2/0;-3/0;-4/0;-5/0;-6
48,(14;1),1,14,100,0;7/0;6/0;5/0;4/0;3/0;2/0;1/0;0/0;-1/0;-2/0;-3/0;-4/0;-5/0;-6
47,(0;0),1,14,100,0;7/0;6/0;5/0;4/0;3/0;2/0;1/0;0/0;-1/0;-2/0;-3/0;-4/0;-5/0;-6
49,(14;1),1,14,100,0;7/0;6/0;5/0;4/0;3/0;2/0;1/0;0/0;-1/0;-2/0;-3/0;-4/0;-5/0;-6
48,(0;0),1,14,100,0;7/0;6/0;5/0;4/0;3/0;2/0;1/0;0/0;-1/0;-2/0;-3/0;-4/0;-5/0;-6
50,(14;1),1,14,100,0;7/0;6/0;5/0;4/0;3/0;2/0;1/0;0/0;-1/0;-2/0;-3/0;-4/0;-5/0;-6
49,(0;0),1,14,100,0;7/0;6/0;5/0;4/0;3/0;2/0;1/0;0/0;-1/0;-2/0;-3/0;-4/0;-5/0;-6
50,(0;0),1,14,100,0;7/0;6/0;5/0;4/0;3/0;2/0;1/0;0/0;-1/0;-2/0;-3/0;-4/0;-5/0;-6
