seed, starting_position, habit_result, habit_len, habit_reward, trajectory
1,(0;0),1,20,100,0;7/0;6/0;5/1;5/1;4/1;3/2;3/2;2/3;2/3;1/3;0/3;-1/3;-2/2;-2/2;-3/2;-4/1;-4/1;-5/1;-6/0;-6
1,(1;12),1,20,100,0;7/0;6/0;5/1;5/1;4/1;3/2;3/2;2/3;2/3;1/3;0/3;-1/3;-2/2;-2/2;-3/2;-4/1;-4/1;-5/1;-6/0;-6
1,(3;8),1,20,100,0;7/0;6/0;5/1;5/1;4/1;3/2;3/2;2/3;2/3;1/3;0/3;-1/3;-2/2;-2/2;-3/2;-4/1;-4/1;-5/1;-6/0;-6
2,(0;0),1,20,100,0;7/0;6/0;5/1;5/1;4/1;3/2;3/2;2/3;2/3;1/3;0/3;-1/3;-2/2;-2/2;-3/2;-4/1;-4/1;-5/1;-6/0;-6
1,(10;14),0,18,-100,0;7/0;6/0;5/1;5/1;4/1;3/2;3/2;2/3;2/3;1/3;0/3;-1/3;-2/2;-2/2;-3/2;-4/1;-4/1;-5
1,(9;14),0,20,-100,0;7/0;6/0;5/1;5/1;4/1;3/2;3/2;2/3;2/3;1/3;0/3;-1/3;-2/2;-2/2;-3/2;-4/1;-4/1;-5/1;-6/0;-6
2,(1;12),1,20,100,0;7/0;6/0;5/1;5/1;4/1;3/2;3/2;2/3;2/3;1/3;0/3;-1/3;-2/2;-2/2;-3/2;-4/1;-4/1;-5/1;-6/0;-6
3,(0;0),1,20,100,0;7/0;6/0;5/1;5/1;4/1;3/2;3/2;2/3;2/3;1/3;0/3;-1/3;-2/2;-2/2;-3/2;-4/1;-4/1;-5/1;-6/0;-6
2,(9;14),0,13,-100,0;7/0;6/0;5/1;5/1;4/1;3/2;3/2;2/3;2/3;1/3;0/3;-1/3;-2
2,(3;8),1,20,100,0;7/0;6/0;5/1;5/1;4/1;3/2;3/2;2/3;2/3;1/3;0/3;-1/3;-2/2;-2/2;-3/2;-4/1;-4/1;-5/1;-6/0;-6
2,(10;14),1,20,100,0;7/0;6/0;5/1;5/1;4/1;3/2;3/2;2/3;2/3;1/3;0/3;-1/3;-2/2;-2/2;-3/2;-4/1;-4/1;-5/1;-6/0;-6
4,(0;0),0,14,-100,0;7/0;6/0;5/1;5/1;4/1;3/2;3/2;2/3;2/3;1/3;0/3;-1/3;-2/2;-2
3,(1;12),1,20,100,0;7/0;6/0;5/1;5/1;4/1;3/2;3/2;2/3;2/3;1/3;0/3;-1/3;-2/2;-2/2;-3/2;-4/1;-4/1;-5/1;-6/0;-6
3,(3;8),1,20,100,0;7/0;6/0;5/1;5/1;4/1;3/2;3/2;2/3;2/3;1/3;0/3;-1/3;-2/2;-2/2;-3/2;-4/1;-4/1;-5/1;-6/0;-6
5,(0;0),0,7,-100,0;7/0;6/0;5/1;5/1;4/1;3/2;3
3,(9;14),0,12,-100,0;7/0;6/0;5/1;5/1;4/1;3/2;3/2;2/3;2/3;1/3;0/3;-1
3,(10;14),0,18,-100,0;7/0;6/0;5/1;5/1;4/1;3/2;3/2;2/3;2/3;1/3;0/3;-1/3;-2/2;-2/2;-3/2;-4/1;-4/1;-5
6,(0;0),1,20,100,0;7/0;6/0;5/1;5/1;4/1;3/2;3/2;2/3;2/3;1/3;0/3;-1/3;-2/2;-2/2;-3/2;-4/1;-4/1;-5/1;-6/0;-6
4,(1;12),1,20,100,0;7/0;6/0;5/1;5/1;4/1;3/2;3/2;2/3;2/3;1/3;0/3;-1/3;-2/2;-2/2;-3/2;-4/1;-4/1;-5/1;-6/0;-6
4,(3;8),1,20,100,0;7/0;6/0;5/1;5/1;4/1;3/2;3/2;2/3;2/3;1/3;0/3;-1/3;-2/2;-2/2;-3/2;-4/1;-4/1;-5/1;-6/0;-6
4,(9;14),0,17,-100,0;7/0;6/0;5/1;5/1;4/1;3/2;3/2;2/3;2/3;1/3;0/3;-1/3;-2/2;-2/2;-3/2;-4/1;-4
5,(1;12),0,10,-100,0;7/0;6/0;5/1;5/1;4/1;3/2;3/2;2/3;2/3;1
7,(0;0),1,20,100,0;7/0;6/0;5/1;5/1;4/1;3/2;3/2;2/3;2/3;1/3;0/3;-1/3;-2/2;-2/2;-3/2;-4/1;-4/1;-5/1;-6/0;-6
4,(10;14),0,17,-100,0;7/0;6/0;5/1;5/1;4/1;3/2;3/2;2/3;2/3;1/3;0/3;-1/3;-2/2;-2/2;-3/2;-4/1;-4
5,(3;8),1,20,100,0;7/0;6/0;5/1;5/1;4/1;3/2;3/2;2/3;2/3;1/3;0/3;-1/3;-2/2;-2/2;-3/2;-4/1;-4/1;-5/1;-6/0;-6
6,(1;12),1,20,100,0;7/0;6/0;5/1;5/1;4/1;3/2;3/2;2/3;2/3;1/3;0/3;-1/3;-2/2;-2/2;-3/2;-4/1;-4/1;-5/1;-6/0;-6
5,(9;14),1,20,100,0;7/0;6/0;5/1;5/1;4/1;3/2;3/2;2/3;2/3;1/3;0/3;-1/3;-2/2;-2/2;-3/2;-4/1;-4/1;-5/1;-6/0;-6
8,(0;0),1,20,100,0;7/0;6/0;5/1;5/1;4/1;3/2;3/2;2/3;2/3;1/3;0/3;-1/3;-2/2;-2/2;-3/2;-4/1;-4/1;-5/1;-6/0;-6
6,(3;8),1,20,100,0;7/0;6/0;5/1;5/1;4/1;3/2;3/2;2/3;2/3;1/3;0/3;-1/3;-2/2;-2/2;-3/2;-4/1;-4/1;-5/1;-6/0;-6
5,(10;14),0,18,-100,0;7/0;6/0;5/1;5/1;4/1;3/2;3/2;2/3;2/3;1/3;0/3;-1/3;-2/2;-2/2;-3/2;-4/1;-4/1;-5
7,(1;12),1,20,100,0;7/0;6/0;5/1;5/1;4/1;3/2;3/2;2/3;2/3;1/3;0/3;-1/3;-2/2;-2/2;-3/2;-4/1;-4/1;-5/1;-6/0;-6
9,(0;0),0,18,-100,0;7/0;6/0;5/1;5/1;4/1;3/2;3/2;2/3;2/3;1/3;0/3;-1/3;-2/2;-2/2;-3/2;-4/1;-4/1;-5
10,(0;0),0,12,-100,0;7/0;6/0;5/1;5/1;4/1;3/2;3/2;2/3;2/3;1/3;0/3;-1
7,(3;8),1,20,100,0;7/0;6/0;5/1;5/1;4/1;3/2;3/2;2/3;2/3;1/3;0/3;-1/3;-2/2;-2/2;-3/2;-4/1;-4/1;-5/1;-6/0;-6
6,(9;14),0,20,-100,0;7/0;6/0;5/1;5/1;4/1;3/2;3/2;2/3;2/3;1/3;0/3;-1/3;-2/2;-2/2;-3/2;-4/1;-4/1;-5/1;-6/0;-6
8,(1;12),1,20,100,0;7/0;6/0;5/1;5/1;4/1;3/2;3/2;2/3;2/3;1/3;0/3;-1/3;-2/2;-2/2;-3/2;-4/1;-4/1;-5/1;-6/0;-6
6,(10;14),0,18,-100,0;7/0;6/0;5/1;5/1;4/1;3/2;3/2;2/3;2/3;1/3;0/3;-1/3;-2/2;-2/2;-3/2;-4/1;-4/1;-5
8,(3;8),1,20,100,0;7/0;6/0;5/1;5/1;4/1;3/2;3/2;2/3;2/3;1/3;0/3;-1/3;-2/2;-2/2;-3/2;-4/1;-4/1;-5/1;-6/0;-6
11,(0;0),1,20,100,0;7/0;6/0;5/1;5/1;4/1;3/2;3/2;2/3;2/3;1/3;0/3;-1/3;-2/2;-2/2;-3/2;-4/1;-4/1;-5/1;-6/0;-6
9,(1;12),0,17,-100,0;7/0;6/0;5/1;5/1;4/1;3/2;3/2;2/3;2/3;1/3;0/3;-1/3;-2/2;-2/2;-3/2;-4/1;-4
7,(9;14),0,17,-100,0;7/0;6/0;5/1;5/1;4/1;3/2;3/2;2/3;2/3;1/3;0/3;-1/3;-2/2;-2/2;-3/2;-4/1;-4
7,(10;14),0,14,-100,0;7/0;6/0;5/1;5/1;4/1;3/2;3/2;2/3;2/3;1/3;0/3;-1/3;-2/2;-2
9,(3;8),0,14,-100,0;7/0;6/0;5/1;5/1;4/1;3/2;3/2;2/3;2/3;1/3;0/3;-1/3;-2/2;-2
12,(0;0),1,20,100,0;7/0;6/0;5/1;5/1;4/1;3/2;3/2;2/3;2/3;1/3;0/3;-1/3;-2/2;-2/2;-3/2;-4/1;-4/1;-5/1;-6/0;-6
10,(1;12),0,20,-100,0;7/0;6/0;5/1;5/1;4/1;3/2;3/2;2/3;2/3;1/3;0/3;-1/3;-2/2;-2/2;-3/2;-4/1;-4/1;-5/1;-6/0;-6
8,(9;14),0,14,-100,0;7/0;6/0;5/1;5/1;4/1;3/2;3/2;2/3;2/3;1/3;0/3;-1/3;-2/2;-2
8,(10;14),0,15,-100,0;7/0;6/0;5/1;5/1;4/1;3/2;3/2;2/3;2/3;1/3;0/3;-1/3;-2/2;-2/2;-3
13,(0;0),1,20,100,0;7/0;6/0;5/1;5/1;4/1;3/2;3/2;2/3;2/3;1/3;0/3;-1/3;-2/2;-2/2;-3/2;-4/1;-4/1;-5/1;-6/0;-6
11,(1;12),0,12,-100,0;7/0;6/0;5/1;5/1;4/1;3/2;3/2;2/3;2/3;1/3;0/3;-1
10,(3;8),1,20,100,0;7/0;6/0;5/1;5/1;4/1;3/2;3/2;2/3;2/3;1/3;0/3;-1/3;-2/2;-2/2;-3/2;-4/1;-4/1;-5/1;-6/0;-6
14,(0;0),0,8,-100,0;7/0;6/0;5/1;5/1;4/1;3/2;3/2;2
9,(9;14),0,17,-100,0;7/0;6/0;5/1;5/1;4/1;3/2;3/2;2/3;2/3;1/3;0/3;-1/3;-2/2;-2/2;-3/2;-4/1;-4
12,(1;12),1,20,100,0;7/0;6/0;5/1;5/1;4/1;3/2;3/2;2/3;2/3;1/3;0/3;-1/3;-2/2;-2/2;-3/2;-4/1;-4/1;-5/1;-6/0;-6
9,(10;14),0,19,-100,0;7/0;6/0;5/1;5/1;4/1;3/2;3/2;2/3;2/3;1/3;0/3;-1/3;-2/2;-2/2;-3/2;-4/1;-4/1;-5/1;-6
11,(3;8),1,20,100,0;7/0;6/0;5/1;5/1;4/1;3/2;3/2;2/3;2/3;1/3;0/3;-1/3;-2/2;-2/2;-3/2;-4/1;-4/1;-5/1;-6/0;-6
15,(0;0),1,20,100,0;7/0;6/0;5/1;5/1;4/1;3/2;3/2;2/3;2/3;1/3;0/3;-1/3;-2/2;-2/2;-3/2;-4/1;-4/1;-5/1;-6/0;-6
13,(1;12),1,20,100,0;7/0;6/0;5/1;5/1;4/1;3/2;3/2;2/3;2/3;1/3;0/3;-1/3;-2/2;-2/2;-3/2;-4/1;-4/1;-5/1;-6/0;-6
10,(9;14),1,20,100,0;7/0;6/0;5/1;5/1;4/1;3/2;3/2;2/3;2/3;1/3;0/3;-1/3;-2/2;-2/2;-3/2;-4/1;-4/1;-5/1;-6/0;-6
12,(3;8),1,20,100,0;7/0;6/0;5/1;5/1;4/1;3/2;3/2;2/3;2/3;1/3;0/3;-1/3;-2/2;-2/2;-3/2;-4/1;-4/1;-5/1;-6/0;-6
10,(10;14),1,20,100,0;7/0;6/0;5/1;5/1;4/1;3/2;3/2;2/3;2/3;1/3;0/3;-1/3;-2/2;-2/2;-3/2;-4/1;-4/1;-5/1;-6/0;-6
16,(0;0),1,20,100,0;7/0;6/0;5/1;5/1;4/1;3/2;3/2;2/3;2/3;1/3;0/3;-1/3;-2/2;-2/2;-3/2;-4/1;-4/1;-5/1;-6/0;-6
14,(1;12),1,20,100,0;7/0;6/0;5/1;5/1;4/1;3/2;3/2;2/3;2/3;1/3;0/3;-1/3;-2/2;-2/2;-3/2;-4/1;-4/1;-5/1;-6/0;-6
13,(3;8),1,20,100,0;7/0;6/0;5/1;5/1;4/1;3/2;3/2;2/3;2/3;1/3;0/3;-1/3;-2/2;-2/2;-3/2;-4/1;-4/1;-5/1;-6/0;-6
11,(9;14),0,18,-100,0;7/0;6/0;5/1;5/1;4/1;3/2;3/2;2/3;2/3;1/3;0/3;-1/3;-2/2;-2/2;-3/2;-4/1;-4/1;-5
11,(10;14),0,14,-100,0;7/0;6/0;5/1;5/1;4/1;3/2;3/2;2/3;2/3;1/3;0/3;-1/3;-2/2;-2
17,(0;0),1,20,100,0;7/0;6/0;5/1;5/1;4/1;3/2;3/2;2/3;2/3;1/3;0/3;-1/3;-2/2;-2/2;-3/2;-4/1;-4/1;-5/1;-6/0;-6
15,(1;12),1,20,100,0;7/0;6/0;5/1;5/1;4/1;3/2;3/2;2/3;2/3;1/3;0/3;-1/3;-2/2;-2/2;-3/2;-4/1;-4/1;-5/1;-6/0;-6
14,(3;8),1,20,100,0;7/0;6/0;5/1;5/1;4/1;3/2;3/2;2/3;2/3;1/3;0/3;-1/3;-2/2;-2/2;-3/2;-4/1;-4/1;-5/1;-6/0;-6
12,(10;14),0,12,-100,0;7/0;6/0;5/1;5/1;4/1;3/2;3/2;2/3;2/3;1/3;0/3;-1
12,(9;14),0,15,-100,0;7/0;6/0;5/1;5/1;4/1;3/2;3/2;2/3;2/3;1/3;0/3;-1/3;-2/2;-2/2;-3
16,(1;12),1,20,100,0;7/0;6/0;5/1;5/1;4/1;3/2;3/2;2/3;2/3;1/3;0/3;-1/3;-2/2;-2/2;-3/2;-4/1;-4/1;-5/1;-6/0;-6
18,(0;0),1,20,100,0;7/0;6/0;5/1;5/1;4/1;3/2;3/2;2/3;2/3;1/3;0/3;-1/3;-2/2;-2/2;-3/2;-4/1;-4/1;-5/1;-6/0;-6
15,(3;8),1,20,100,0;7/0;6/0;5/1;5/1;4/1;3/2;3/2;2/3;2/3;1/3;0/3;-1/3;-2/2;-2/2;-3/2;-4/1;-4/1;-5/1;-6/0;-6
13,(10;14),0,14,-100,0;7/0;6/0;5/1;5/1;4/1;3/2;3/2;2/3;2/3;1/3;0/3;-1/3;-2/2;-2
19,(0;0),1,20,100,0;7/0;6/0;5/1;5/1;4/1;3/2;3/2;2/3;2/3;1/3;0/3;-1/3;-2/2;-2/2;-3/2;-4/1;-4/1;-5/1;-6/0;-6
13,(9;14),0,16,-100,0;7/0;6/0;5/1;5/1;4/1;3/2;3/2;2/3;2/3;1/3;0/3;-1/3;-2/2;-2/2;-3/2;-4
17,(1;12),1,20,100,0;7/0;6/0;5/1;5/1;4/1;3/2;3/2;2/3;2/3;1/3;0/3;-1/3;-2/2;-2/2;-3/2;-4/1;-4/1;-5/1;-6/0;-6
16,(3;8),1,20,100,0;7/0;6/0;5/1;5/1;4/1;3/2;3/2;2/3;2/3;1/3;0/3;-1/3;-2/2;-2/2;-3/2;-4/1;-4/1;-5/1;-6/0;-6
20,(0;0),1,20,100,0;7/0;6/0;5/1;5/1;4/1;3/2;3/2;2/3;2/3;1/3;0/3;-1/3;-2/2;-2/2;-3/2;-4/1;-4/1;-5/1;-6/0;-6
14,(9;14),0,14,-100,0;7/0;6/0;5/1;5/1;4/1;3/2;3/2;2/3;2/3;1/3;0/3;-1/3;-2/2;-2
14,(10;14),0,20,-100,0;7/0;6/0;5/1;5/1;4/1;3/2;3/2;2/3;2/3;1/3;0/3;-1/3;-2/2;-2/2;-3/2;-4/1;-4/1;-5/1;-6/0;-6
18,(1;12),1,20,100,0;7/0;6/0;5/1;5/1;4/1;3/2;3/2;2/3;2/3;1/3;0/3;-1/3;-2/2;-2/2;-3/2;-4/1;-4/1;-5/1;-6/0;-6
21,(0;0),1,20,100,0;7/0;6/0;5/1;5/1;4/1;3/2;3/2;2/3;2/3;1/3;0/3;-1/3;-2/2;-2/2;-3/2;-4/1;-4/1;-5/1;-6/0;-6
15,(10;14),0,14,-100,0;7/0;6/0;5/1;5/1;4/1;3/2;3/2;2/3;2/3;1/3;0/3;-1/3;-2/2;-2
17,(3;8),1,20,100,0;7/0;6/0;5/1;5/1;4/1;3/2;3/2;2/3;2/3;1/3;0/3;-1/3;-2/2;-2/2;-3/2;-4/1;-4/1;-5/1;-6/0;-6
15,(9;14),1,20,100,0;7/0;6/0;5/1;5/1;4/1;3/2;3/2;2/3;2/3;1/3;0/3;-1/3;-2/2;-2/2;-3/2;-4/1;-4/1;-5/1;-6/0;-6
19,(1;12),1,20,100,0;7/0;6/0;5/1;5/1;4/1;3/2;3/2;2/3;2/3;1/3;0/3;-1/3;-2/2;-2/2;-3/2;-4/1;-4/1;-5/1;-6/0;-6
22,(0;0),1,20,100,0;7/0;6/0;5/1;5/1;4/1;3/2;3/2;2/3;2/3;1/3;0/3;-1/3;-2/2;-2/2;-3/2;-4/1;-4/1;-5/1;-6/0;-6
16,(9;14),0,15,-100,0;7/0;6/0;5/1;5/1;4/1;3/2;3/2;2/3;2/3;1/3;0/3;-1/3;-2/2;-2/2;-3
18,(3;8),1,20,100,0;7/0;6/0;5/1;5/1;4/1;3/2;3/2;2/3;2/3;1/3;0/3;-1/3;-2/2;-2/2;-3/2;-4/1;-4/1;-5/1;-6/0;-6
23,(0;0),0,19,-100,0;7/0;6/0;5/1;5/1;4/1;3/2;3/2;2/3;2/3;1/3;0/3;-1/3;-2/2;-2/2;-3/2;-4/1;-4/1;-5/1;-6
16,(10;14),1,20,100,0;7/0;6/0;5/1;5/1;4/1;3/2;3/2;2/3;2/3;1/3;0/3;-1/3;-2/2;-2/2;-3/2;-4/1;-4/1;-5/1;-6/0;-6
20,(1;12),1,20,100,0;7/0;6/0;5/1;5/1;4/1;3/2;3/2;2/3;2/3;1/3;0/3;-1/3;-2/2;-2/2;-3/2;-4/1;-4/1;-5/1;-6/0;-6
19,(3;8),1,20,100,0;7/0;6/0;5/1;5/1;4/1;3/2;3/2;2/3;2/3;1/3;0/3;-1/3;-2/2;-2/2;-3/2;-4/1;-4/1;-5/1;-6/0;-6
24,(0;0),0,19,-100,0;7/0;6/0;5/1;5/1;4/1;3/2;3/2;2/3;2/3;1/3;0/3;-1/3;-2/2;-2/2;-3/2;-4/1;-4/1;-5/1;-6
17,(9;14),1,20,100,0;7/0;6/0;5/1;5/1;4/1;3/2;3/2;2/3;2/3;1/3;0/3;-1/3;-2/2;-2/2;-3/2;-4/1;-4/1;-5/1;-6/0;-6
21,(1;12),1,20,100,0;7/0;6/0;5/1;5/1;4/1;3/2;3/2;2/3;2/3;1/3;0/3;-1/3;-2/2;-2/2;-3/2;-4/1;-4/1;-5/1;-6/0;-6
25,(0;0),1,20,100,0;7/0;6/0;5/1;5/1;4/1;3/2;3/2;2/3;2/3;1/3;0/3;-1/3;-2/2;-2/2;-3/2;-4/1;-4/1;-5/1;-6/0;-6
17,(10;14),1,20,100,0;7/0;6/0;5/1;5/1;4/1;3/2;3/2;2/3;2/3;1/3;0/3;-1/3;-2/2;-2/2;-3/2;-4/1;-4/1;-5/1;-6/0;-6
20,(3;8),1,20,100,0;7/0;6/0;5/1;5/1;4/1;3/2;3/2;2/3;2/3;1/3;0/3;-1/3;-2/2;-2/2;-3/2;-4/1;-4/1;-5/1;-6/0;-6
22,(1;12),1,20,100,0;7/0;6/0;5/1;5/1;4/1;3/2;3/2;2/3;2/3;1/3;0/3;-1/3;-2/2;-2/2;-3/2;-4/1;-4/1;-5/1;-6/0;-6
18,(9;14),1,20,100,0;7/0;6/0;5/1;5/1;4/1;3/2;3/2;2/3;2/3;1/3;0/3;-1/3;-2/2;-2/2;-3/2;-4/1;-4/1;-5/1;-6/0;-6
26,(0;0),1,20,100,0;7/0;6/0;5/1;5/1;4/1;3/2;3/2;2/3;2/3;1/3;0/3;-1/3;-2/2;-2/2;-3/2;-4/1;-4/1;-5/1;-6/0;-6
21,(3;8),1,20,100,0;7/0;6/0;5/1;5/1;4/1;3/2;3/2;2/3;2/3;1/3;0/3;-1/3;-2/2;-2/2;-3/2;-4/1;-4/1;-5/1;-6/0;-6
18,(10;14),0,19,-100,0;7/0;6/0;5/1;5/1;4/1;3/2;3/2;2/3;2/3;1/3;0/3;-1/3;-2/2;-2/2;-3/2;-4/1;-4/1;-5/1;-6
27,(0;0),0,15,-100,0;7/0;6/0;5/1;5/1;4/1;3/2;3/2;2/3;2/3;1/3;0/3;-1/3;-2/2;-2/2;-3
23,(1;12),1,20,100,0;7/0;6/0;5/1;5/1;4/1;3/2;3/2;2/3;2/3;1/3;0/3;-1/3;-2/2;-2/2;-3/2;-4/1;-4/1;-5/1;-6/0;-6
19,(9;14),0,18,-100,0;7/0;6/0;5/1;5/1;4/1;3/2;3/2;2/3;2/3;1/3;0/3;-1/3;-2/2;-2/2;-3/2;-4/1;-4/1;-5
19,(10;14),0,12,-100,0;7/0;6/0;5/1;5/1;4/1;3/2;3/2;2/3;2/3;1/3;0/3;-1
28,(0;0),1,20,100,0;7/0;6/0;5/1;5/1;4/1;3/2;3/2;2/3;2/3;1/3;0/3;-1/3;-2/2;-2/2;-3/2;-4/1;-4/1;-5/1;-6/0;-6
22,(3;8),1,20,100,0;7/0;6/0;5/1;5/1;4/1;3/2;3/2;2/3;2/3;1/3;0/3;-1/3;-2/2;-2/2;-3/2;-4/1;-4/1;-5/1;-6/0;-6
24,(1;12),1,20,100,0;7/0;6/0;5/1;5/1;4/1;3/2;3/2;2/3;2/3;1/3;0/3;-1/3;-2/2;-2/2;-3/2;-4/1;-4/1;-5/1;-6/0;-6
20,(10;14),0,10,-100,0;7/0;6/0;5/1;5/1;4/1;3/2;3/2;2/3;2/3;1
20,(9;14),0,18,-100,0;7/0;6/0;5/1;5/1;4/1;3/2;3/2;2/3;2/3;1/3;0/3;-1/3;-2/2;-2/2;-3/2;-4/1;-4/1;-5
29,(0;0),1,20,100,0;7/0;6/0;5/1;5/1;4/1;3/2;3/2;2/3;2/3;1/3;0/3;-1/3;-2/2;-2/2;-3/2;-4/1;-4/1;-5/1;-6/0;-6
23,(3;8),1,20,100,0;7/0;6/0;5/1;5/1;4/1;3/2;3/2;2/3;2/3;1/3;0/3;-1/3;-2/2;-2/2;-3/2;-4/1;-4/1;-5/1;-6/0;-6
25,(1;12),1,20,100,0;7/0;6/0;5/1;5/1;4/1;3/2;3/2;2/3;2/3;1/3;0/3;-1/3;-2/2;-2/2;-3/2;-4/1;-4/1;-5/1;-6/0;-6
21,(10;14),0,11,-100,0;7/0;6/0;5/1;5/1;4/1;3/2;3/2;2/3;2/3;1/3;0
30,(0;0),0,17,-100,0;7/0;6/0;5/1;5/1;4/1;3/2;3/2;2/3;2/3;1/3;0/3;-1/3;-2/2;-2/2;-3/2;-4/1;-4
21,(9;14),0,12,-100,0;7/0;6/0;5/1;5/1;4/1;3/2;3/2;2/3;2/3;1/3;0/3;-1
31,(0;0),0,15,-100,0;7/0;6/0;5/1;5/1;4/1;3/2;3/2;2/3;2/3;1/3;0/3;-1/3;-2/2;-2/2;-3
26,(1;12),1,20,100,0;7/0;6/0;5/1;5/1;4/1;3/2;3/2;2/3;2/3;1/3;0/3;-1/3;-2/2;-2/2;-3/2;-4/1;-4/1;-5/1;-6/0;-6
24,(3;8),1,20,100,0;7/0;6/0;5/1;5/1;4/1;3/2;3/2;2/3;2/3;1/3;0/3;-1/3;-2/2;-2/2;-3/2;-4/1;-4/1;-5/1;-6/0;-6
22,(10;14),0,15,-100,0;7/0;6/0;5/1;5/1;4/1;3/2;3/2;2/3;2/3;1/3;0/3;-1/3;-2/2;-2/2;-3
22,(9;14),0,13,-100,0;7/0;6/0;5/1;5/1;4/1;3/2;3/2;2/3;2/3;1/3;0/3;-1/3;-2
32,(0;0),1,20,100,0;7/0;6/0;5/1;5/1;4/1;3/2;3/2;2/3;2/3;1/3;0/3;-1/3;-2/2;-2/2;-3/2;-4/1;-4/1;-5/1;-6/0;-6
23,(10;14),0,12,-100,0;7/0;6/0;5/1;5/1;4/1;3/2;3/2;2/3;2/3;1/3;0/3;-1
25,(3;8),1,20,100,0;7/0;6/0;5/1;5/1;4/1;3/2;3/2;2/3;2/3;1/3;0/3;-1/3;-2/2;-2/2;-3/2;-4/1;-4/1;-5/1;-6/0;-6
27,(1;12),1,20,100,0;7/0;6/0;5/1;5/1;4/1;3/2;3/2;2/3;2/3;1/3;0/3;-1/3;-2/2;-2/2;-3/2;-4/1;-4/1;-5/1;-6/0;-6
33,(0;0),0,7,-100,0;7/0;6/0;5/1;5/1;4/1;3/2;3
23,(9;14),0,13,-100,0;7/0;6/0;5/1;5/1;4/1;3/2;3/2;2/3;2/3;1/3;0/3;-1/3;-2
34,(0;0),0,19,-100,0;7/0;6/0;5/1;5/1;4/1;3/2;3/2;2/3;2/3;1/3;0/3;-1/3;-2/2;-2/2;-3/2;-4/1;-4/1;-5/1;-6
26,(3;8),1,20,100,0;7/0;6/0;5/1;5/1;4/1;3/2;3/2;2/3;2/3;1/3;0/3;-1/3;-2/2;-2/2;-3/2;-4/1;-4/1;-5/1;-6/0;-6
28,(1;12),1,20,100,0;7/0;6/0;5/1;5/1;4/1;3/2;3/2;2/3;2/3;1/3;0/3;-1/3;-2/2;-2/2;-3/2;-4/1;-4/1;-5/1;-6/0;-6
24,(10;14),1,20,100,0;7/0;6/0;5/1;5/1;4/1;3/2;3/2;2/3;2/3;1/3;0/3;-1/3;-2/2;-2/2;-3/2;-4/1;-4/1;-5/1;-6/0;-6
24,(9;14),0,18,-100,0;7/0;6/0;5/1;5/1;4/1;3/2;3/2;2/3;2/3;1/3;0/3;-1/3;-2/2;-2/2;-3/2;-4/1;-4/1;-5
35,(0;0),1,20,100,0;7/0;6/0;5/1;5/1;4/1;3/2;3/2;2/3;2/3;1/3;0/3;-1/3;-2/2;-2/2;-3/2;-4/1;-4/1;-5/1;-6/0;-6
27,(3;8),1,20,100,0;7/0;6/0;5/1;5/1;4/1;3/2;3/2;2/3;2/3;1/3;0/3;-1/3;-2/2;-2/2;-3/2;-4/1;-4/1;-5/1;-6/0;-6
29,(1;12),1,20,100,0;7/0;6/0;5/1;5/1;4/1;3/2;3/2;2/3;2/3;1/3;0/3;-1/3;-2/2;-2/2;-3/2;-4/1;-4/1;-5/1;-6/0;-6
25,(10;14),0,18,-100,0;7/0;6/0;5/1;5/1;4/1;3/2;3/2;2/3;2/3;1/3;0/3;-1/3;-2/2;-2/2;-3/2;-4/1;-4/1;-5
25,(9;14),0,15,-100,0;7/0;6/0;5/1;5/1;4/1;3/2;3/2;2/3;2/3;1/3;0/3;-1/3;-2/2;-2/2;-3
36,(0;0),1,20,100,0;7/0;6/0;5/1;5/1;4/1;3/2;3/2;2/3;2/3;1/3;0/3;-1/3;-2/2;-2/2;-3/2;-4/1;-4/1;-5/1;-6/0;-6
28,(3;8),1,20,100,0;7/0;6/0;5/1;5/1;4/1;3/2;3/2;2/3;2/3;1/3;0/3;-1/3;-2/2;-2/2;-3/2;-4/1;-4/1;-5/1;-6/0;-6
30,(1;12),1,20,100,0;7/0;6/0;5/1;5/1;4/1;3/2;3/2;2/3;2/3;1/3;0/3;-1/3;-2/2;-2/2;-3/2;-4/1;-4/1;-5/1;-6/0;-6
37,(0;0),0,18,-100,0;7/0;6/0;5/1;5/1;4/1;3/2;3/2;2/3;2/3;1/3;0/3;-1/3;-2/2;-2/2;-3/2;-4/1;-4/1;-5
26,(10;14),0,14,-100,0;7/0;6/0;5/1;5/1;4/1;3/2;3/2;2/3;2/3;1/3;0/3;-1/3;-2/2;-2
26,(9;14),1,22,100,0;7/0;6/0;5/1;5/1;4/1;3/2;3/2;2/3;2/3;1/3;0/3;-1/3;-2/2;-2/2;-3/2;-2/2;-3/2;-4/1;-4/1;-5/1;-6/0;-6
31,(1;12),1,20,100,0;7/0;6/0;5/1;5/1;4/1;3/2;3/2;2/3;2/3;1/3;0/3;-1/3;-2/2;-2/2;-3/2;-4/1;-4/1;-5/1;-6/0;-6
29,(3;8),1,20,100,0;7/0;6/0;5/1;5/1;4/1;3/2;3/2;2/3;2/3;1/3;0/3;-1/3;-2/2;-2/2;-3/2;-4/1;-4/1;-5/1;-6/0;-6
38,(0;0),1,20,100,0;7/0;6/0;5/1;5/1;4/1;3/2;3/2;2/3;2/3;1/3;0/3;-1/3;-2/2;-2/2;-3/2;-4/1;-4/1;-5/1;-6/0;-6
27,(10;14),1,20,100,0;7/0;6/0;5/1;5/1;4/1;3/2;3/2;2/3;2/3;1/3;0/3;-1/3;-2/2;-2/2;-3/2;-4/1;-4/1;-5/1;-6/0;-6
32,(1;12),1,20,100,0;7/0;6/0;5/1;5/1;4/1;3/2;3/2;2/3;2/3;1/3;0/3;-1/3;-2/2;-2/2;-3/2;-4/1;-4/1;-5/1;-6/0;-6
27,(9;14),0,20,-100,0;7/0;6/0;5/1;5/1;4/1;3/2;3/2;2/3;2/3;1/3;0/3;-1/3;-2/2;-2/2;-3/2;-4/1;-4/1;-5/1;-6/0;-6
30,(3;8),1,20,100,0;7/0;6/0;5/1;5/1;4/1;3/2;3/2;2/3;2/3;1/3;0/3;-1/3;-2/2;-2/2;-3/2;-4/1;-4/1;-5/1;-6/0;-6
39,(0;0),1,20,100,0;7/0;6/0;5/1;5/1;4/1;3/2;3/2;2/3;2/3;1/3;0/3;-1/3;-2/2;-2/2;-3/2;-4/1;-4/1;-5/1;-6/0;-6
33,(1;12),1,20,100,0;7/0;6/0;5/1;5/1;4/1;3/2;3/2;2/3;2/3;1/3;0/3;-1/3;-2/2;-2/2;-3/2;-4/1;-4/1;-5/1;-6/0;-6
40,(0;0),0,11,-100,0;7/0;6/0;5/1;5/1;4/1;3/2;3/2;2/3;2/3;1/3;0
28,(10;14),0,15,-100,0;7/0;6/0;5/1;5/1;4/1;3/2;3/2;2/3;2/3;1/3;0/3;-1/3;-2/2;-2/2;-3
28,(9;14),0,16,-100,0;7/0;6/0;5/1;5/1;4/1;3/2;3/2;2/3;2/3;1/3;0/3;-1/3;-2/2;-2/2;-3/2;-4
31,(3;8),1,20,100,0;7/0;6/0;5/1;5/1;4/1;3/2;3/2;2/3;2/3;1/3;0/3;-1/3;-2/2;-2/2;-3/2;-4/1;-4/1;-5/1;-6/0;-6
29,(10;14),0,12,-100,0;7/0;6/0;5/1;5/1;4/1;3/2;3/2;2/3;2/3;1/3;0/3;-1
41,(0;0),1,20,100,0;7/0;6/0;5/1;5/1;4/1;3/2;3/2;2/3;2/3;1/3;0/3;-1/3;-2/2;-2/2;-3/2;-4/1;-4/1;-5/1;-6/0;-6
34,(1;12),1,20,100,0;7/0;6/0;5/1;5/1;4/1;3/2;3/2;2/3;2/3;1/3;0/3;-1/3;-2/2;-2/2;-3/2;-4/1;-4/1;-5/1;-6/0;-6
32,(3;8),0,18,-100,0;7/0;6/0;5/1;5/1;4/1;3/2;3/2;2/3;2/3;1/3;0/3;-1/3;-2/2;-2/2;-3/2;-4/1;-4/1;-5
42,(0;0),1,20,100,0;7/0;6/0;5/1;5/1;4/1;3/2;3/2;2/3;2/3;1/3;0/3;-1/3;-2/2;-2/2;-3/2;-4/1;-4/1;-5/1;-6/0;-6
30,(10;14),0,14,-100,0;7/0;6/0;5/1;5/1;4/1;3/2;3/2;2/3;2/3;1/3;0/3;-1/3;-2/2;-2
29,(9;14),0,15,-100,0;7/0;6/0;5/1;5/1;4/1;3/2;3/2;2/3;2/3;1/3;0/3;-1/3;-2/2;-2/2;-3
35,(1;12),1,20,100,0;7/0;6/0;5/1;5/1;4/1;3/2;3/2;2/3;2/3;1/3;0/3;-1/3;-2/2;-2/2;-3/2;-4/1;-4/1;-5/1;-6/0;-6
43,(0;0),1,20,100,0;7/0;6/0;5/1;5/1;4/1;3/2;3/2;2/3;2/3;1/3;0/3;-1/3;-2/2;-2/2;-3/2;-4/1;-4/1;-5/1;-6/0;-6
33,(3;8),1,20,100,0;7/0;6/0;5/1;5/1;4/1;3/2;3/2;2/3;2/3;1/3;0/3;-1/3;-2/2;-2/2;-3/2;-4/1;-4/1;-5/1;-6/0;-6
31,(10;14),0,17,-100,0;7/0;6/0;5/1;5/1;4/1;3/2;3/2;2/3;2/3;1/3;0/3;-1/3;-2/2;-2/2;-3/2;-4/1;-4
30,(9;14),0,15,-100,0;7/0;6/0;5/1;5/1;4/1;3/2;3/2;2/3;2/3;1/3;0/3;-1/3;-2/2;-2/2;-3
36,(1;12),1,20,100,0;7/0;6/0;5/1;5/1;4/1;3/2;3/2;2/3;2/3;1/3;0/3;-1/3;-2/2;-2/2;-3/2;-4/1;-4/1;-5/1;-6/0;-6
34,(3;8),1,20,100,0;7/0;6/0;5/1;5/1;4/1;3/2;3/2;2/3;2/3;1/3;0/3;-1/3;-2/2;-2/2;-3/2;-4/1;-4/1;-5/1;-6/0;-6
44,(0;0),1,20,100,0;7/0;6/0;5/1;5/1;4/1;3/2;3/2;2/3;2/3;1/3;0/3;-1/3;-2/2;-2/2;-3/2;-4/1;-4/1;-5/1;-6/0;-6
31,(9;14),0,12,-100,0;7/0;6/0;5/1;5/1;4/1;3/2;3/2;2/3;2/3;1/3;0/3;-1
32,(10;14),0,12,-100,0;7/0;6/0;5/1;5/1;4/1;3/2;3/2;2/3;2/3;1/3;0/3;-1
45,(0;0),0,9,-100,0;7/0;6/0;5/1;5/1;4/1;3/2;3/2;2/3;2
37,(1;12),1,20,100,0;7/0;6/0;5/1;5/1;4/1;3/2;3/2;2/3;2/3;1/3;0/3;-1/3;-2/2;-2/2;-3/2;-4/1;-4/1;-5/1;-6/0;-6
35,(3;8),1,20,100,0;7/0;6/0;5/1;5/1;4/1;3/2;3/2;2/3;2/3;1/3;0/3;-1/3;-2/2;-2/2;-3/2;-4/1;-4/1;-5/1;-6/0;-6
46,(0;0),1,20,100,0;7/0;6/0;5/1;5/1;4/1;3/2;3/2;2/3;2/3;1/3;0/3;-1/3;-2/2;-2/2;-3/2;-4/1;-4/1;-5/1;-6/0;-6
32,(9;14),0,15,-100,0;7/0;6/0;5/1;5/1;4/1;3/2;3/2;2/3;2/3;1/3;0/3;-1/3;-2/2;-2/2;-3
33,(10;14),0,14,-100,0;7/0;6/0;5/1;5/1;4/1;3/2;3/2;2/3;2/3;1/3;0/3;-1/3;-2/2;-2
47,(0;0),0,9,-100,0;7/0;6/0;5/1;5/1;4/1;3/2;3/2;2/3;2
38,(1;12),1,20,100,0;7/0;6/0;5/1;5/1;4/1;3/2;3/2;2/3;2/3;1/3;0/3;-1/3;-2/2;-2/2;-3/2;-4/1;-4/1;-5/1;-6/0;-6
36,(3;8),1,20,100,0;7/0;6/0;5/1;5/1;4/1;3/2;3/2;2/3;2/3;1/3;0/3;-1/3;-2/2;-2/2;-3/2;-4/1;-4/1;-5/1;-6/0;-6
34,(10;14),1,20,100,0;7/0;6/0;5/1;5/1;4/1;3/2;3/2;2/3;2/3;1/3;0/3;-1/3;-2/2;-2/2;-3/2;-4/1;-4/1;-5/1;-6/0;-6
48,(0;0),0,18,-100,0;7/0;6/0;5/1;5/1;4/1;3/2;3/2;2/3;2/3;1/3;0/3;-1/3;-2/2;-2/2;-3/2;-4/1;-4/1;-5
33,(9;14),0,17,-100,0;7/0;6/0;5/1;5/1;4/1;3/2;3/2;2/3;2/3;1/3;0/3;-1/3;-2/2;-2/2;-3/2;-4/1;-4
39,(1;12),1,20,100,0;7/0;6/0;5/1;5/1;4/1;3/2;3/2;2/3;2/3;1/3;0/3;-1/3;-2/2;-2/2;-3/2;-4/1;-4/1;-5/1;-6/0;-6
37,(3;8),1,20,100,0;7/0;6/0;5/1;5/1;4/1;3/2;3/2;2/3;2/3;1/3;0/3;-1/3;-2/2;-2/2;-3/2;-4/1;-4/1;-5/1;-6/0;-6
35,(10;14),0,11,-100,0;7/0;6/0;5/1;5/1;4/1;3/2;3/2;2/3;2/3;1/3;0
34,(9;14),1,20,100,0;7/0;6/0;5/1;5/1;4/1;3/2;3/2;2/3;2/3;1/3;0/3;-1/3;-2/2;-2/2;-3/2;-4/1;-4/1;-5/1;-6/0;-6
49,(0;0),1,20,100,0;7/0;6/0;5/1;5/1;4/1;3/2;3/2;2/3;2/3;1/3;0/3;-1/3;-2/2;-2/2;-3/2;-4/1;-4/1;-5/1;-6/0;-6
40,(1;12),1,20,100,0;7/0;6/0;5/1;5/1;4/1;3/2;3/2;2/3;2/3;1/3;0/3;-1/3;-2/2;-2/2;-3/2;-4/1;-4/1;-5/1;-6/0;-6
36,(10;14),0,14,-100,0;7/0;6/0;5/1;5/1;4/1;3/2;3/2;2/3;2/3;1/3;0/3;-1/3;-2/2;-2
38,(3;8),1,20,100,0;7/0;6/0;5/1;5/1;4/1;3/2;3/2;2/3;2/3;1/3;0/3;-1/3;-2/2;-2/2;-3/2;-4/1;-4/1;-5/1;-6/0;-6
50,(0;0),1,20,100,0;7/0;6/0;5/1;5/1;4/1;3/2;3/2;2/3;2/3;1/3;0/3;-1/3;-2/2;-2/2;-3/2;-4/1;-4/1;-5/1;-6/0;-6
35,(9;14),0,15,-100,0;7/0;6/0;5/1;5/1;4/1;3/2;3/2;2/3;2/3;1/3;0/3;-1/3;-2/2;-2/2;-3
41,(1;12),1,20,100,0;7/0;6/0;5/1;5/1;4/1;3/2;3/2;2/3;2/3;1/3;0/3;-1/3;-2/2;-2/2;-3/2;-4/1;-4/1;-5/1;-6/0;-6
39,(3;8),1,20,100,0;7/0;6/0;5/1;5/1;4/1;3/2;3/2;2/3;2/3;1/3;0/3;-1/3;-2/2;-2/2;-3/2;-4/1;-4/1;-5/1;-6/0;-6
37,(10;14),1,20,100,0;7/0;6/0;5/1;5/1;4/1;3/2;3/2;2/3;2/3;1/3;0/3;-1/3;-2/2;-2/2;-3/2;-4/1;-4/1;-5/1;-6/0;-6
36,(9;14),1,20,100,0;7/0;6/0;5/1;5/1;4/1;3/2;3/2;2/3;2/3;1/3;0/3;-1/3;-2/2;-2/2;-3/2;-4/1;-4/1;-5/1;-6/0;-6
42,(1;12),1,20,100,0;7/0;6/0;5/1;5/1;4/1;3/2;3/2;2/3;2/3;1/3;0/3;-1/3;-2/2;-2/2;-3/2;-4/1;-4/1;-5/1;-6/0;-6
38,(10;14),0,12,-100,0;7/0;6/0;5/1;5/1;4/1;3/2;3/2;2/3;2/3;1/3;0/3;-1
40,(3;8),1,20,100,0;7/0;6/0;5/1;5/1;4/1;3/2;3/2;2/3;2/3;1/3;0/3;-1/3;-2/2;-2/2;-3/2;-4/1;-4/1;-5/1;-6/0;-6
43,(1;12),1,20,100,0;7/0;6/0;5/1;5/1;4/1;3/2;3/2;2/3;2/3;1/3;0/3;-1/3;-2/2;-2/2;-3/2;-4/1;-4/1;-5/1;-6/0;-6
37,(9;14),1,20,100,0;7/0;6/0;5/1;5/1;4/1;3/2;3/2;2/3;2/3;1/3;0/3;-1/3;-2/2;-2/2;-3/2;-4/1;-4/1;-5/1;-6/0;-6
39,(10;14),0,13,-100,0;7/0;6/0;5/1;5/1;4/1;3/2;3/2;2/3;2/3;1/3;0/3;-1/3;-2
41,(3;8),1,20,100,0;7/0;6/0;5/1;5/1;4/1;3/2;3/2;2/3;2/3;1/3;0/3;-1/3;-2/2;-2/2;-3/2;-4/1;-4/1;-5/1;-6/0;-6
44,(1;12),0,17,-100,0;7/0;6/0;5/1;5/1;4/1;3/2;3/2;2/3;2/3;1/3;0/3;-1/3;-2/2;-2/2;-3/2;-4/1;-4
38,(9;14),0,17,-100,0;7/0;6/0;5/1;5/1;4/1;3/2;3/2;2/3;2/3;1/3;0/3;-1/3;-2/2;-2/2;-3/2;-4/1;-4
40,(10;14),0,13,-100,0;7/0;6/0;5/1;5/1;4/1;3/2;3/2;2/3;2/3;1/3;0/3;-1/3;-2
45,(1;12),1,20,100,0;7/0;6/0;5/1;5/1;4/1;3/2;3/2;2/3;2/3;1/3;0/3;-1/3;-2/2;-2/2;-3/2;-4/1;-4/1;-5/1;-6/0;-6
42,(3;8),1,20,100,0;7/0;6/0;5/1;5/1;4/1;3/2;3/2;2/3;2/3;1/3;0/3;-1/3;-2/2;-2/2;-3/2;-4/1;-4/1;-5/1;-6/0;-6
46,(1;12),0,10,-100,0;7/0;6/0;5/1;5/1;4/1;3/2;3/2;2/3;2/3;1
39,(9;14),1,20,100,0;7/0;6/0;5/1;5/1;4/1;3/2;3/2;2/3;2/3;1/3;0/3;-1/3;-2/2;-2/2;-3/2;-4/1;-4/1;-5/1;-6/0;-6
41,(10;14),0,14,-100,0;7/0;6/0;5/1;5/1;4/1;3/2;3/2;2/3;2/3;1/3;0/3;-1/3;-2/2;-2
43,(3;8),1,20,100,0;7/0;6/0;5/1;5/1;4/1;3/2;3/2;2/3;2/3;1/3;0/3;-1/3;-2/2;-2/2;-3/2;-4/1;-4/1;-5/1;-6/0;-6
47,(1;12),1,20,100,0;7/0;6/0;5/1;5/1;4/1;3/2;3/2;2/3;2/3;1/3;0/3;-1/3;-2/2;-2/2;-3/2;-4/1;-4/1;-5/1;-6/0;-6
40,(9;14),0,15,-100,0;7/0;6/0;5/1;5/1;4/1;3/2;3/2;2/3;2/3;1/3;0/3;-1/3;-2/2;-2/2;-3
42,(10;14),1,20,100,0;7/0;6/0;5/1;5/1;4/1;3/2;3/2;2/3;2/3;1/3;0/3;-1/3;-2/2;-2/2;-3/2;-4/1;-4/1;-5/1;-6/0;-6
44,(3;8),1,20,100,0;7/0;6/0;5/1;5/1;4/1;3/2;3/2;2/3;2/3;1/3;0/3;-1/3;-2/2;-2/2;-3/2;-4/1;-4/1;-5/1;-6/0;-6
48,(1;12),1,20,100,0;7/0;6/0;5/1;5/1;4/1;3/2;3/2;2/3;2/3;1/3;0/3;-1/3;-2/2;-2/2;-3/2;-4/1;-4/1;-5/1;-6/0;-6
45,(3;8),1,20,100,0;7/0;6/0;5/1;5/1;4/1;3/2;3/2;2/3;2/3;1/3;0/3;-1/3;-2/2;-2/2;-3/2;-4/1;-4/1;-5/1;-6/0;-6
41,(9;14),0,18,-100,0;7/0;6/0;5/1;5/1;4/1;3/2;3/2;2/3;2/3;1/3;0/3;-1/3;-2/2;-2/2;-3/2;-4/1;-4/1;-5
43,(10;14),1,20,100,0;7/0;6/0;5/1;5/1;4/1;3/2;3/2;2/3;2/3;1/3;0/3;-1/3;-2/2;-2/2;-3/2;-4/1;-4/1;-5/1;-6/0;-6
49,(1;12),1,20,100,0;7/0;6/0;5/1;5/1;4/1;3/2;3/2;2/3;2/3;1/3;0/3;-1/3;-2/2;-2/2;-3/2;-4/1;-4/1;-5/1;-6/0;-6
42,(9;14),0,15,-100,0;7/0;6/0;5/1;5/1;4/1;3/2;3/2;2/3;2/3;1/3;0/3;-1/3;-2/2;-2/2;-3
46,(3;8),1,20,100,0;7/0;6/0;5/1;5/1;4/1;3/2;3/2;2/3;2/3;1/3;0/3;-1/3;-2/2;-2/2;-3/2;-4/1;-4/1;-5/1;-6/0;-6
44,(10;14),0,15,-100,0;7/0;6/0;5/1;5/1;4/1;3/2;3/2;2/3;2/3;1/3;0/3;-1/3;-2/2;-2/2;-3
50,(1;12),1,20,100,0;7/0;6/0;5/1;5/1;4/1;3/2;3/2;2/3;2/3;1/3;0/3;-1/3;-2/2;-2/2;-3/2;-4/1;-4/1;-5/1;-6/0;-6
47,(3;8),1,20,100,0;7/0;6/0;5/1;5/1;4/1;3/2;3/2;2/3;2/3;1/3;0/3;-1/3;-2/2;-2/2;-3/2;-4/1;-4/1;-5/1;-6/0;-6
43,(9;14),1,20,100,0;7/0;6/0;5/1;5/1;4/1;3/2;3/2;2/3;2/3;1/3;0/3;-1/3;-2/2;-2/2;-3/2;-4/1;-4/1;-5/1;-6/0;-6
45,(10;14),1,20,100,0;7/0;6/0;5/1;5/1;4/1;3/2;3/2;2/3;2/3;1/3;0/3;-1/3;-2/2;-2/2;-3/2;-4/1;-4/1;-5/1;-6/0;-6
48,(3;8),1,20,100,0;7/0;6/0;5/1;5/1;4/1;3/2;3/2;2/3;2/3;1/3;0/3;-1/3;-2/2;-2/2;-3/2;-4/1;-4/1;-5/1;-6/0;-6
46,(10;14),0,17,-100,0;7/0;6/0;5/1;5/1;4/1;3/2;3/2;2/3;2/3;1/3;0/3;-1/3;-2/2;-2/2;-3/2;-4/1;-4
44,(9;14),0,15,-100,0;7/0;6/0;5/1;5/1;4/1;3/2;3/2;2/3;2/3;1/3;0/3;-1/3;-2/2;-2/2;-3
49,(3;8),1,20,100,0;7/0;6/0;5/1;5/1;4/1;3/2;3/2;2/3;2/3;1/3;0/3;-1/3;-2/2;-2/2;-3/2;-4/1;-4/1;-5/1;-6/0;-6
45,(9;14),0,12,-100,0;7/0;6/0;5/1;5/1;4/1;3/2;3/2;2/3;2/3;1/3;0/3;-1
47,(10;14),0,12,-100,0;7/0;6/0;5/1;5/1;4/1;3/2;3/2;2/3;2/3;1/3;0/3;-1
50,(3;8),1,20,100,0;7/0;6/0;5/1;5/1;4/1;3/2;3/2;2/3;2/3;1/3;0/3;-1/3;-2/2;-2/2;-3/2;-4/1;-4/1;-5/1;-6/0;-6
46,(9;14),0,17,-100,0;7/0;6/0;5/1;5/1;4/1;3/2;3/2;2/3;2/3;1/3;0/3;-1/3;-2/2;-2/2;-3/2;-4/1;-4
48,(10;14),0,19,-100,0;7/0;6/0;5/1;5/1;4/1;3/2;3/2;2/3;2/3;1/3;0/3;-1/3;-2/2;-2/2;-3/2;-4/1;-4/1;-5/1;-6
47,(9;14),0,13,-100,0;7/0;6/0;5/1;5/1;4/1;3/2;3/2;2/3;2/3;1/3;0/3;-1/3;-2
49,(10;14),1,20,100,0;7/0;6/0;5/1;5/1;4/1;3/2;3/2;2/3;2/3;1/3;0/3;-1/3;-2/2;-2/2;-3/2;-4/1;-4/1;-5/1;-6/0;-6
48,(9;14),0,15,-100,0;7/0;6/0;5/1;5/1;4/1;3/2;3/2;2/3;2/3;1/3;0/3;-1/3;-2/2;-2/2;-3
50,(10;14),1,20,100,0;7/0;6/0;5/1;5/1;4/1;3/2;3/2;2/3;2/3;1/3;0/3;-1/3;-2/2;-2/2;-3/2;-4/1;-4/1;-5/1;-6/0;-6
49,(9;14),0,14,-100,0;7/0;6/0;5/1;5/1;4/1;3/2;3/2;2/3;2/3;1/3;0/3;-1/3;-2/2;-2
50,(9;14),0,14,-100,0;7/0;6/0;5/1;5/1;4/1;3/2;3/2;2/3;2/3;1/3;0/3;-1/3;-2/2;-2
