seed, starting_position, habit_result, habit_len, habit_reward, trajectory
1,(1;8),0,14,-100,0;7/1;7/0;7/0;6/1;6/2;6/2;7/2;6/2;5/2;4/1;4/1;3/1;2/1;1
1,(6;7),1,22,100,0;7/1;7/0;7/0;6/1;6/2;6/2;7/2;6/2;5/2;4/1;4/1;3/1;2/1;1/1;0/1;-1/1;-2/1;-3/1;-4/1;-5/1;-6/0;-6
1,(0;7),0,14,-100,0;7/1;7/0;7/0;6/1;6/2;6/2;7/2;6/2;5/2;4/1;4/1;3/1;2/1;1
1,(0;0),1,22,100,0;7/1;7/0;7/0;6/1;6/2;6/2;7/2;6/2;5/2;4/1;4/1;3/1;2/1;1/1;0/1;-1/1;-2/1;-3/1;-4/1;-5/1;-6/0;-6
1,(1;1),1,22,100,0;7/1;7/0;7/0;6/1;6/2;6/2;7/2;6/2;5/2;4/1;4/1;3/1;2/1;1/1;0/1;-1/1;-2/1;-3/1;-4/1;-5/1;-6/0;-6
2,(1;8),0,20,-100,0;7/-1;7/-1;6/-2;6/-1;6/-1;7/-1;6/-2;6/-1;6/0;6/1;6/0;6/1;6/2;6/2;5/2;4/1;4/1;3/1;2/1;1
2,(6;7),0,18,-100,0;7/-1;7/-1;6/-2;6/-1;6/-1;7/-1;6/-2;6/-1;6/0;6/1;6/0;6/1;6/2;6/2;5/2;4/1;4/1;3
2,(0;7),0,20,-100,0;7/-1;7/-1;6/-2;6/-1;6/-1;7/-1;6/-2;6/-1;6/0;6/1;6/0;6/1;6/2;6/2;5/2;4/1;4/1;3/1;2/1;1
2,(0;0),1,28,100,0;7/-1;7/-1;6/-2;6/-1;6/-1;7/-1;6/-2;6/-1;6/0;6/1;6/0;6/1;6/2;6/2;5/2;4/1;4/1;3/1;2/1;1/1;0/1;-1/1;-2/1;-3/1;-4/1;-5/1;-6/0;-6
2,(1;1),1,28,100,0;7/-1;7/-1;6/-2;6/-1;6/-1;7/-1;6/-2;6/-1;6/0;6/1;6/0;6/1;6/2;6/2;5/2;4/1;4/1;3/1;2/1;1/1;0/1;-1/1;-2/1;-3/1;-4/1;-5/1;-6/0;-6
3,(6;7),0,18,-100,0;7/1;7/1;6/1;7/1;6/0;6/1;6/0;6/1;6/2;6/2;5/2;4/1;4/1;3/1;2/1;1/1;0/1;-1
3,(1;8),1,24,100,0;7/1;7/1;6/1;7/1;6/0;6/1;6/0;6/1;6/2;6/2;5/2;4/1;4/1;3/1;2/1;1/1;0/1;-1/1;-2/1;-3/1;-4/1;-5/1;-6/0;-6
3,(0;7),1,24,100,0;7/1;7/1;6/1;7/1;6/0;6/1;6/0;6/1;6/2;6/2;5/2;4/1;4/1;3/1;2/1;1/1;0/1;-1/1;-2/1;-3/1;-4/1;-5/1;-6/0;-6
3,(0;0),1,24,100,0;7/1;7/1;6/1;7/1;6/0;6/1;6/0;6/1;6/2;6/2;5/2;4/1;4/1;3/1;2/1;1/1;0/1;-1/1;-2/1;-3/1;-4/1;-5/1;-6/0;-6
3,(1;1),1,24,100,0;7/1;7/1;6/1;7/1;6/0;6/1;6/0;6/1;6/2;6/2;5/2;4/1;4/1;3/1;2/1;1/1;0/1;-1/1;-2/1;-3/1;-4/1;-5/1;-6/0;-6
4,(1;8),0,24,-100,0;7/1;7/0;7/1;7/0;7/-1;7/-1;6/-2;6/-1;6/0;6/1;6/0;6/1;6/1;7/2;7/2;6/2;5/2;4/1;4/1;3/1;2/1;1/1;0/1;-1
4,(6;7),1,30,100,0;7/1;7/0;7/1;7/0;7/-1;7/-1;6/-2;6/-1;6/0;6/1;6/0;6/1;6/1;7/2;7/2;6/2;5/2;4/1;4/1;3/1;2/1;1/1;0/1;-1/1;-2/1;-3/1;-4/1;-5/1;-6/0;-6
4,(0;7),0,24,-100,0;7/1;7/0;7/1;7/0;7/-1;7/-1;6/-2;6/-1;6/0;6/1;6/0;6/1;6/1;7/2;7/2;6/2;5/2;4/1;4/1;3/1;2/1;1/1;0/1;-1
5,(1;8),0,15,-100,0;7/1;7/0;7/-1;7/0;7/0;6/1;6/1;7/1;6/2;6/2;5/2;4/1;4/1;3/1;2
5,(6;7),1,24,100,0;7/1;7/0;7/-1;7/0;7/0;6/1;6/1;7/1;6/2;6/2;5/2;4/1;4/1;3/1;2/1;1/1;0/1;-1/1;-2/1;-3/1;-4/1;-5/1;-6/0;-6
4,(0;0),1,30,100,0;7/1;7/0;7/1;7/0;7/-1;7/-1;6/-2;6/-1;6/0;6/1;6/0;6/1;6/1;7/2;7/2;6/2;5/2;4/1;4/1;3/1;2/1;1/1;0/1;-1/1;-2/1;-3/1;-4/1;-5/1;-6/0;-6
4,(1;1),1,30,100,0;7/1;7/0;7/1;7/0;7/-1;7/-1;6/-2;6/-1;6/0;6/1;6/0;6/1;6/1;7/2;7/2;6/2;5/2;4/1;4/1;3/1;2/1;1/1;0/1;-1/1;-2/1;-3/1;-4/1;-5/1;-6/0;-6
5,(0;7),0,15,-100,0;7/1;7/0;7/-1;7/0;7/0;6/1;6/1;7/1;6/2;6/2;5/2;4/1;4/1;3/1;2
5,(1;1),1,24,100,0;7/1;7/0;7/-1;7/0;7/0;6/1;6/1;7/1;6/2;6/2;5/2;4/1;4/1;3/1;2/1;1/1;0/1;-1/1;-2/1;-3/1;-4/1;-5/1;-6/0;-6
6,(6;7),0,24,-100,0;7/-1;7/-1;6/-1;7/-1;6/0;6/-1;6/-1;7/-1;6/-1;7/-1;6/0;6/1;6/0;6/1;6/0;6/1;6/1;7/1;6/2;6/2;5/2;4/1;4/1;3
6,(1;8),0,25,-100,0;7/-1;7/-1;6/-1;7/-1;6/0;6/-1;6/-1;7/-1;6/-1;7/-1;6/0;6/1;6/0;6/1;6/0;6/1;6/1;7/1;6/2;6/2;5/2;4/1;4/1;3/1;2
5,(0;0),1,24,100,0;7/1;7/0;7/-1;7/0;7/0;6/1;6/1;7/1;6/2;6/2;5/2;4/1;4/1;3/1;2/1;1/1;0/1;-1/1;-2/1;-3/1;-4/1;-5/1;-6/0;-6
6,(0;7),0,34,-100,0;7/-1;7/-1;6/-1;7/-1;6/0;6/-1;6/-1;7/-1;6/-1;7/-1;6/0;6/1;6/0;6/1;6/0;6/1;6/1;7/1;6/2;6/2;5/2;4/1;4/1;3/1;2/1;1/1;0/1;-1/1;-2/1;-3/1;-4/1;-5/1;-6/0;-6
7,(6;7),0,19,-100,0;7/-1;7/0;7/0;6/1;6/0;6/1;6/1;7/2;7/2;6/2;5/2;4/1;4/1;3/1;2/1;1/1;0/1;-1/1;-2
7,(1;8),0,15,-100,0;7/-1;7/0;7/0;6/1;6/0;6/1;6/1;7/2;7/2;6/2;5/2;4/1;4/1;3/1;2
7,(0;7),1,24,100,0;7/-1;7/0;7/0;6/1;6/0;6/1;6/1;7/2;7/2;6/2;5/2;4/1;4/1;3/1;2/1;1/1;0/1;-1/1;-2/1;-3/1;-4/1;-5/1;-6/0;-6
6,(1;1),1,34,100,0;7/-1;7/-1;6/-1;7/-1;6/0;6/-1;6/-1;7/-1;6/-1;7/-1;6/0;6/1;6/0;6/1;6/0;6/1;6/1;7/1;6/2;6/2;5/2;4/1;4/1;3/1;2/1;1/1;0/1;-1/1;-2/1;-3/1;-4/1;-5/1;-6/0;-6
6,(0;0),1,34,100,0;7/-1;7/-1;6/-1;7/-1;6/0;6/-1;6/-1;7/-1;6/-1;7/-1;6/0;6/1;6/0;6/1;6/0;6/1;6/1;7/1;6/2;6/2;5/2;4/1;4/1;3/1;2/1;1/1;0/1;-1/1;-2/1;-3/1;-4/1;-5/1;-6/0;-6
7,(1;1),1,24,100,0;7/-1;7/0;7/0;6/1;6/0;6/1;6/1;7/2;7/2;6/2;5/2;4/1;4/1;3/1;2/1;1/1;0/1;-1/1;-2/1;-3/1;-4/1;-5/1;-6/0;-6
8,(6;7),0,32,-100,0;7/0;6/0;7/0;6/0;7/0;6/-1;6/-1;7/0;7/1;7/1;6/1;7/1;6/0;6/-1;6/-1;7/0;7/-1;7/-1;6/-1;7/-1;6/-1;7/0;7/0;6/1;6/2;6/2;5/2;4/1;4/1;3/1;2/1;1
8,(1;8),1,40,100,0;7/0;6/0;7/0;6/0;7/0;6/-1;6/-1;7/0;7/1;7/1;6/1;7/1;6/0;6/-1;6/-1;7/0;7/-1;7/-1;6/-1;7/-1;6/-1;7/0;7/0;6/1;6/2;6/2;5/2;4/1;4/1;3/1;2/1;1/1;0/1;-1/1;-2/1;-3/1;-4/1;-5/1;-6/0;-6
7,(0;0),1,24,100,0;7/-1;7/0;7/0;6/1;6/0;6/1;6/1;7/2;7/2;6/2;5/2;4/1;4/1;3/1;2/1;1/1;0/1;-1/1;-2/1;-3/1;-4/1;-5/1;-6/0;-6
8,(0;7),1,40,100,0;7/0;6/0;7/0;6/0;7/0;6/-1;6/-1;7/0;7/1;7/1;6/1;7/1;6/0;6/-1;6/-1;7/0;7/-1;7/-1;6/-1;7/-1;6/-1;7/0;7/0;6/1;6/2;6/2;5/2;4/1;4/1;3/1;2/1;1/1;0/1;-1/1;-2/1;-3/1;-4/1;-5/1;-6/0;-6
9,(6;7),0,29,-100,0;7/0;6/1;6/0;6/0;7/0;6/-1;6/0;6/1;6/0;6/0;7/0;6/1;6/1;7/0;7/0;6/1;6/0;6/-1;6/-1;7/0;7/1;7/0;7/0;6/1;6/2;6/2;5/2;4/1;4
8,(1;1),1,40,100,0;7/0;6/0;7/0;6/0;7/0;6/-1;6/-1;7/0;7/1;7/1;6/1;7/1;6/0;6/-1;6/-1;7/0;7/-1;7/-1;6/-1;7/-1;6/-1;7/0;7/0;6/1;6/2;6/2;5/2;4/1;4/1;3/1;2/1;1/1;0/1;-1/1;-2/1;-3/1;-4/1;-5/1;-6/0;-6
9,(1;8),1,40,100,0;7/0;6/1;6/0;6/0;7/0;6/-1;6/0;6/1;6/0;6/0;7/0;6/1;6/1;7/0;7/0;6/1;6/0;6/-1;6/-1;7/0;7/1;7/0;7/0;6/1;6/2;6/2;5/2;4/1;4/1;3/1;2/1;1/1;0/1;-1/1;-2/1;-3/1;-4/1;-5/1;-6/0;-6
8,(0;0),1,40,100,0;7/0;6/0;7/0;6/0;7/0;6/-1;6/-1;7/0;7/1;7/1;6/1;7/1;6/0;6/-1;6/-1;7/0;7/-1;7/-1;6/-1;7/-1;6/-1;7/0;7/0;6/1;6/2;6/2;5/2;4/1;4/1;3/1;2/1;1/1;0/1;-1/1;-2/1;-3/1;-4/1;-5/1;-6/0;-6
9,(0;7),1,40,100,0;7/0;6/1;6/0;6/0;7/0;6/-1;6/0;6/1;6/0;6/0;7/0;6/1;6/1;7/0;7/0;6/1;6/0;6/-1;6/-1;7/0;7/1;7/0;7/0;6/1;6/2;6/2;5/2;4/1;4/1;3/1;2/1;1/1;0/1;-1/1;-2/1;-3/1;-4/1;-5/1;-6/0;-6
10,(6;7),0,20,-100,0;7/0;6/0;7/-1;7/-1;6/-1;7/0;7/0;6/0;7/1;7/0;7/1;7/2;7/1;7/0;7/-1;7/-1;6/0;6/-1;6/0;6
10,(1;8),1,28,100,0;7/0;6/0;7/-1;7/-1;6/-1;7/0;7/0;6/0;7/1;7/0;7/1;7/2;7/2;6/2;5/2;4/1;4/1;3/1;2/1;1/1;0/1;-1/1;-2/1;-3/1;-4/1;-5/1;-6/0;-6
10,(0;7),0,19,-100,0;7/0;6/0;7/-1;7/-1;6/-1;7/0;7/0;6/0;7/1;7/0;7/1;7/2;7/2;6/2;5/2;4/1;4/1;3/1;2
9,(1;1),1,40,100,0;7/0;6/1;6/0;6/0;7/0;6/-1;6/0;6/1;6/0;6/0;7/0;6/1;6/1;7/0;7/0;6/1;6/0;6/-1;6/-1;7/0;7/1;7/0;7/0;6/1;6/2;6/2;5/2;4/1;4/1;3/1;2/1;1/1;0/1;-1/1;-2/1;-3/1;-4/1;-5/1;-6/0;-6
9,(0;0),1,40,100,0;7/0;6/1;6/0;6/0;7/0;6/-1;6/0;6/1;6/0;6/0;7/0;6/1;6/1;7/0;7/0;6/1;6/0;6/-1;6/-1;7/0;7/1;7/0;7/0;6/1;6/2;6/2;5/2;4/1;4/1;3/1;2/1;1/1;0/1;-1/1;-2/1;-3/1;-4/1;-5/1;-6/0;-6
11,(6;7),0,44,-100,0;7/-1;7/0;7/-1;7/0;7/-1;7/-1;6/0;6/1;6/1;7/0;7/-1;7/-1;6/0;6/0;7/-1;7/0;7/-1;7/0;7/1;7/0;7/0;6/1;6/1;7/1;6/1;7/0;7/-1;7/0;7/0;6/0;7/0;6/1;6/2;6/2;5/2;4/1;4/1;3/1;2/1;1/1;0/1;-1/1;-2/1;-3
10,(1;1),1,28,100,0;7/0;6/0;7/-1;7/-1;6/-1;7/0;7/0;6/0;7/1;7/0;7/1;7/2;7/2;6/2;5/2;4/1;4/1;3/1;2/1;1/1;0/1;-1/1;-2/1;-3/1;-4/1;-5/1;-6/0;-6
12,(6;7),0,20,-100,0;7/-1;7/0;7/-1;7/0;7/1;7/2;7/2;6/2;5/2;4/1;4/1;3/1;2/1;1/1;0/1;-1/1;-2/1;-3/1;-4/1;-5
11,(1;8),0,44,-100,0;7/-1;7/0;7/-1;7/0;7/-1;7/-1;6/0;6/1;6/1;7/0;7/-1;7/-1;6/0;6/0;7/-1;7/0;7/-1;7/0;7/1;7/0;7/0;6/1;6/1;7/1;6/1;7/0;7/-1;7/0;7/0;6/0;7/0;6/1;6/2;6/2;5/2;4/1;4/1;3/1;2/1;1/1;0/1;-1/1;-2/1;-3
10,(0;0),1,28,100,0;7/0;6/0;7/-1;7/-1;6/-1;7/0;7/0;6/0;7/1;7/0;7/1;7/2;7/2;6/2;5/2;4/1;4/1;3/1;2/1;1/1;0/1;-1/1;-2/1;-3/1;-4/1;-5/1;-6/0;-6
11,(0;7),0,44,-100,0;7/-1;7/0;7/-1;7/0;7/-1;7/-1;6/0;6/1;6/1;7/0;7/-1;7/-1;6/0;6/0;7/-1;7/0;7/-1;7/0;7/1;7/0;7/0;6/1;6/1;7/1;6/1;7/0;7/-1;7/0;7/0;6/0;7/0;6/1;6/2;6/2;5/2;4/1;4/1;3/1;2/1;1/1;0/1;-1/1;-2/1;-3
13,(6;7),0,11,-100,0;7/-1;7/-1;6/-1;7/-1;6/0;6/1;6/2;6/2;5/2;4/1;4
14,(6;7),0,11,-100,0;7/-1;7/0;7/1;7/0;7/0;6/1;6/2;6/2;5/2;4/1;4
12,(1;8),1,22,100,0;7/-1;7/0;7/-1;7/0;7/1;7/2;7/2;6/2;5/2;4/1;4/1;3/1;2/1;1/1;0/1;-1/1;-2/1;-3/1;-4/1;-5/1;-6/0;-6
12,(0;7),1,22,100,0;7/-1;7/0;7/-1;7/0;7/1;7/2;7/2;6/2;5/2;4/1;4/1;3/1;2/1;1/1;0/1;-1/1;-2/1;-3/1;-4/1;-5/1;-6/0;-6
15,(6;7),0,9,-100,0;7/0;6/0;7/0;6/1;6/2;6/2;5/2;4/1;4
11,(1;1),1,48,100,0;7/-1;7/0;7/-1;7/0;7/-1;7/-1;6/0;6/1;6/1;7/0;7/-1;7/-1;6/0;6/0;7/-1;7/0;7/-1;7/0;7/1;7/0;7/0;6/1;6/1;7/1;6/1;7/0;7/-1;7/0;7/0;6/0;7/0;6/1;6/2;6/2;5/2;4/1;4/1;3/1;2/1;1/1;0/1;-1/1;-2/1;-3/1;-4/1;-5/1;-6/0;-6
13,(1;8),1,22,100,0;7/-1;7/-1;6/-1;7/-1;6/0;6/1;6/2;6/2;5/2;4/1;4/1;3/1;2/1;1/1;0/1;-1/1;-2/1;-3/1;-4/1;-5/1;-6/0;-6
11,(0;0),0,41,-100,0;7/-1;7/0;7/-1;7/0;7/-1;7/-1;6/0;6/1;6/1;7/0;7/-1;7/-1;6/0;6/0;7/-1;7/0;7/-1;7/0;7/1;7/0;7/0;6/1;6/1;7/1;6/1;7/0;7/-1;7/0;7/0;6/0;7/0;6/1;6/2;6/2;5/2;4/1;4/1;3/1;2/1;1/1;0
16,(6;7),0,14,-100,0;7/-1;7/0;7/-1;7/0;7/1;7/2;7/1;7/2;7/2;6/2;5/2;4/1;4/1;3
13,(0;7),1,22,100,0;7/-1;7/-1;6/-1;7/-1;6/0;6/1;6/2;6/2;5/2;4/1;4/1;3/1;2/1;1/1;0/1;-1/1;-2/1;-3/1;-4/1;-5/1;-6/0;-6
12,(1;1),1,22,100,0;7/-1;7/0;7/-1;7/0;7/1;7/2;7/2;6/2;5/2;4/1;4/1;3/1;2/1;1/1;0/1;-1/1;-2/1;-3/1;-4/1;-5/1;-6/0;-6
14,(1;8),1,22,100,0;7/-1;7/0;7/1;7/0;7/0;6/1;6/2;6/2;5/2;4/1;4/1;3/1;2/1;1/1;0/1;-1/1;-2/1;-3/1;-4/1;-5/1;-6/0;-6
12,(0;0),1,22,100,0;7/-1;7/0;7/-1;7/0;7/1;7/2;7/2;6/2;5/2;4/1;4/1;3/1;2/1;1/1;0/1;-1/1;-2/1;-3/1;-4/1;-5/1;-6/0;-6
14,(0;7),1,22,100,0;7/-1;7/0;7/1;7/0;7/0;6/1;6/2;6/2;5/2;4/1;4/1;3/1;2/1;1/1;0/1;-1/1;-2/1;-3/1;-4/1;-5/1;-6/0;-6
15,(1;8),0,12,-100,0;7/0;6/0;7/0;6/1;6/2;6/2;5/2;4/1;4/1;3/1;2/1;1
13,(1;1),1,22,100,0;7/-1;7/-1;6/-1;7/-1;6/0;6/1;6/2;6/2;5/2;4/1;4/1;3/1;2/1;1/1;0/1;-1/1;-2/1;-3/1;-4/1;-5/1;-6/0;-6
13,(0;0),1,22,100,0;7/-1;7/-1;6/-1;7/-1;6/0;6/1;6/2;6/2;5/2;4/1;4/1;3/1;2/1;1/1;0/1;-1/1;-2/1;-3/1;-4/1;-5/1;-6/0;-6
15,(0;7),1,20,100,0;7/0;6/0;7/0;6/1;6/2;6/2;5/2;4/1;4/1;3/1;2/1;1/1;0/1;-1/1;-2/1;-3/1;-4/1;-5/1;-6/0;-6
17,(6;7),0,39,-100,0;7/1;7/1;6/0;6/-1;6/-1;7/0;7/0;6/-1;6/0;6/-1;6/0;6/1;6/1;7/0;7/0;6/-1;6/-1;7/-1;6/-1;7/0;7/0;6/-1;6/-1;7/-1;6/0;6/0;7/1;7/2;7/1;7/0;7/-1;7/-1;6/-1;7/-1;6/-1;7/-1;6/-1;7/-1;6
16,(1;8),1,24,100,0;7/-1;7/0;7/-1;7/0;7/1;7/2;7/1;7/2;7/2;6/2;5/2;4/1;4/1;3/1;2/1;1/1;0/1;-1/1;-2/1;-3/1;-4/1;-5/1;-6/0;-6
14,(1;1),1,22,100,0;7/-1;7/0;7/1;7/0;7/0;6/1;6/2;6/2;5/2;4/1;4/1;3/1;2/1;1/1;0/1;-1/1;-2/1;-3/1;-4/1;-5/1;-6/0;-6
16,(0;7),1,24,100,0;7/-1;7/0;7/-1;7/0;7/1;7/2;7/1;7/2;7/2;6/2;5/2;4/1;4/1;3/1;2/1;1/1;0/1;-1/1;-2/1;-3/1;-4/1;-5/1;-6/0;-6
14,(0;0),1,22,100,0;7/-1;7/0;7/1;7/0;7/0;6/1;6/2;6/2;5/2;4/1;4/1;3/1;2/1;1/1;0/1;-1/1;-2/1;-3/1;-4/1;-5/1;-6/0;-6
18,(6;7),0,26,-100,0;7/1;7/1;6/1;7/0;7/1;7/0;7/0;6/1;6/1;7/2;7/2;6/2;5/2;4/1;4/1;3/1;2/1;1/1;0/1;-1/1;-2/1;-3/1;-4/1;-5/1;-6/0;-6
15,(1;1),1,20,100,0;7/0;6/0;7/0;6/1;6/2;6/2;5/2;4/1;4/1;3/1;2/1;1/1;0/1;-1/1;-2/1;-3/1;-4/1;-5/1;-6/0;-6
15,(0;0),1,20,100,0;7/0;6/0;7/0;6/1;6/2;6/2;5/2;4/1;4/1;3/1;2/1;1/1;0/1;-1/1;-2/1;-3/1;-4/1;-5/1;-6/0;-6
17,(1;8),0,42,-100,0;7/1;7/1;6/0;6/-1;6/-1;7/0;7/0;6/-1;6/0;6/-1;6/0;6/1;6/1;7/0;7/0;6/-1;6/-1;7/-1;6/-1;7/0;7/0;6/-1;6/-1;7/-1;6/0;6/0;7/1;7/2;7/1;7/2;7/2;6/2;5/2;4/1;4/1;3/1;2/1;1/1;0/1;-1/1;-2/1;-3
16,(1;1),1,24,100,0;7/-1;7/0;7/-1;7/0;7/1;7/2;7/1;7/2;7/2;6/2;5/2;4/1;4/1;3/1;2/1;1/1;0/1;-1/1;-2/1;-3/1;-4/1;-5/1;-6/0;-6
19,(6;7),1,36,100,0;7/-1;7/-1;6/-1;7/-1;6/0;6/1;6/1;7/0;7/0;6/-1;6/-2;6/-1;6/-1;7/0;7/0;6/-1;6/-2;6/-1;6/0;6/1;6/2;6/2;5/2;4/1;4/1;3/1;2/1;1/1;0/1;-1/1;-2/1;-3/1;-4/1;-5/1;-6/0;-6
17,(0;7),0,37,-100,0;7/1;7/1;6/0;6/-1;6/-1;7/0;7/0;6/-1;6/0;6/-1;6/0;6/1;6/1;7/0;7/0;6/-1;6/-1;7/-1;6/-1;7/0;7/0;6/-1;6/-1;7/-1;6/0;6/0;7/1;7/2;7/1;7/2;7/2;6/2;5/2;4/1;4/1;3/1;2
16,(0;0),1,24,100,0;7/-1;7/0;7/-1;7/0;7/1;7/2;7/1;7/2;7/2;6/2;5/2;4/1;4/1;3/1;2/1;1/1;0/1;-1/1;-2/1;-3/1;-4/1;-5/1;-6/0;-6
20,(6;7),0,10,-100,0;7/0;6/1;6/0;6/1;6/2;6/2;5/2;4/1;4/1;3
18,(1;8),1,26,100,0;7/1;7/1;6/1;7/0;7/1;7/0;7/0;6/1;6/1;7/2;7/2;6/2;5/2;4/1;4/1;3/1;2/1;1/1;0/1;-1/1;-2/1;-3/1;-4/1;-5/1;-6/0;-6
18,(0;7),1,26,100,0;7/1;7/1;6/1;7/0;7/1;7/0;7/0;6/1;6/1;7/2;7/2;6/2;5/2;4/1;4/1;3/1;2/1;1/1;0/1;-1/1;-2/1;-3/1;-4/1;-5/1;-6/0;-6
21,(6;7),0,23,-100,0;7/-1;7/0;7/1;7/1;6/0;6/1;6/1;7/0;7/-1;7/0;7/0;6/1;6/1;7/2;7/2;6/2;5/2;4/1;4/1;3/1;2/1;1/1;0
17,(1;1),1,46,100,0;7/1;7/1;6/0;6/-1;6/-1;7/0;7/0;6/-1;6/0;6/-1;6/0;6/1;6/1;7/0;7/0;6/-1;6/-1;7/-1;6/-1;7/0;7/0;6/-1;6/-1;7/-1;6/0;6/0;7/1;7/2;7/1;7/2;7/2;6/2;5/2;4/1;4/1;3/1;2/1;1/1;0/1;-1/1;-2/1;-3/1;-4/1;-5/1;-6/0;-6
19,(1;8),0,30,-100,0;7/-1;7/-1;6/-1;7/-1;6/0;6/1;6/1;7/0;7/0;6/-1;6/-2;6/-1;6/-1;7/0;7/0;6/-1;6/-2;6/-1;6/0;6/1;6/2;6/2;5/2;4/1;4/1;3/1;2/1;1/1;0/1;-1
17,(0;0),1,46,100,0;7/1;7/1;6/0;6/-1;6/-1;7/0;7/0;6/-1;6/0;6/-1;6/0;6/1;6/1;7/0;7/0;6/-1;6/-1;7/-1;6/-1;7/0;7/0;6/-1;6/-1;7/-1;6/0;6/0;7/1;7/2;7/1;7/2;7/2;6/2;5/2;4/1;4/1;3/1;2/1;1/1;0/1;-1/1;-2/1;-3/1;-4/1;-5/1;-6/0;-6
19,(0;7),0,30,-100,0;7/-1;7/-1;6/-1;7/-1;6/0;6/1;6/1;7/0;7/0;6/-1;6/-2;6/-1;6/-1;7/0;7/0;6/-1;6/-2;6/-1;6/0;6/1;6/2;6/2;5/2;4/1;4/1;3/1;2/1;1/1;0/1;-1
20,(1;8),1,20,100,0;7/0;6/1;6/0;6/1;6/2;6/2;5/2;4/1;4/1;3/1;2/1;1/1;0/1;-1/1;-2/1;-3/1;-4/1;-5/1;-6/0;-6
18,(1;1),1,26,100,0;7/1;7/1;6/1;7/0;7/1;7/0;7/0;6/1;6/1;7/2;7/2;6/2;5/2;4/1;4/1;3/1;2/1;1/1;0/1;-1/1;-2/1;-3/1;-4/1;-5/1;-6/0;-6
18,(0;0),1,26,100,0;7/1;7/1;6/1;7/0;7/1;7/0;7/0;6/1;6/1;7/2;7/2;6/2;5/2;4/1;4/1;3/1;2/1;1/1;0/1;-1/1;-2/1;-3/1;-4/1;-5/1;-6/0;-6
20,(0;7),1,20,100,0;7/0;6/1;6/0;6/1;6/2;6/2;5/2;4/1;4/1;3/1;2/1;1/1;0/1;-1/1;-2/1;-3/1;-4/1;-5/1;-6/0;-6
22,(6;7),0,35,-100,0;7/0;6/1;6/1;7/0;7/1;7/0;7/-1;7/0;7/0;6/-1;6/-1;7/-1;6/-1;7/-1;6/-1;7/-1;6/0;6/0;7/0;6/-1;6/-2;6/-1;6/-2;6/-1;6/-2;6/-1;6/-2;6/-1;6/0;6/1;6/2;6/2;5/2;4/1;4
21,(1;8),1,30,100,0;7/-1;7/0;7/1;7/1;6/0;6/1;6/1;7/0;7/-1;7/0;7/0;6/1;6/1;7/2;7/2;6/2;5/2;4/1;4/1;3/1;2/1;1/1;0/1;-1/1;-2/1;-3/1;-4/1;-5/1;-6/0;-6
23,(6;7),1,26,100,0;7/1;7/0;7/-1;7/0;7/-1;7/0;7/0;6/0;7/0;6/1;6/2;6/2;5/2;4/1;4/1;3/1;2/1;1/1;0/1;-1/1;-2/1;-3/1;-4/1;-5/1;-6/0;-6
19,(1;1),1,36,100,0;7/-1;7/-1;6/-1;7/-1;6/0;6/1;6/1;7/0;7/0;6/-1;6/-2;6/-1;6/-1;7/0;7/0;6/-1;6/-2;6/-1;6/0;6/1;6/2;6/2;5/2;4/1;4/1;3/1;2/1;1/1;0/1;-1/1;-2/1;-3/1;-4/1;-5/1;-6/0;-6
19,(0;0),1,36,100,0;7/-1;7/-1;6/-1;7/-1;6/0;6/1;6/1;7/0;7/0;6/-1;6/-2;6/-1;6/-1;7/0;7/0;6/-1;6/-2;6/-1;6/0;6/1;6/2;6/2;5/2;4/1;4/1;3/1;2/1;1/1;0/1;-1/1;-2/1;-3/1;-4/1;-5/1;-6/0;-6
21,(0;7),1,30,100,0;7/-1;7/0;7/1;7/1;6/0;6/1;6/1;7/0;7/-1;7/0;7/0;6/1;6/1;7/2;7/2;6/2;5/2;4/1;4/1;3/1;2/1;1/1;0/1;-1/1;-2/1;-3/1;-4/1;-5/1;-6/0;-6
24,(6;7),0,23,-100,0;7/-1;7/-1;6/0;6/-1;6/0;6/-1;6/-1;7/-1;6/-1;7/-1;6/0;6/1;6/0;6/1;6/0;6/1;6/2;6/2;5/2;4/1;4/1;3/1;2
20,(1;1),1,20,100,0;7/0;6/1;6/0;6/1;6/2;6/2;5/2;4/1;4/1;3/1;2/1;1/1;0/1;-1/1;-2/1;-3/1;-4/1;-5/1;-6/0;-6
20,(0;0),1,20,100,0;7/0;6/1;6/0;6/1;6/2;6/2;5/2;4/1;4/1;3/1;2/1;1/1;0/1;-1/1;-2/1;-3/1;-4/1;-5/1;-6/0;-6
22,(1;8),1,46,100,0;7/0;6/1;6/1;7/0;7/1;7/0;7/-1;7/0;7/0;6/-1;6/-1;7/-1;6/-1;7/-1;6/-1;7/-1;6/0;6/0;7/0;6/-1;6/-2;6/-1;6/-2;6/-1;6/-2;6/-1;6/-2;6/-1;6/0;6/1;6/2;6/2;5/2;4/1;4/1;3/1;2/1;1/1;0/1;-1/1;-2/1;-3/1;-4/1;-5/1;-6/0;-6
25,(6;7),0,25,-100,0;7/-1;7/-1;6/-2;6/-1;6/-1;7/0;7/0;6/-1;6/-2;6/-1;6/-1;7/-1;6/-1;7/0;7/0;6/1;6/0;6/1;6/0;6/1;6/2;6/2;5/2;4/1;4
21,(0;0),1,30,100,0;7/-1;7/0;7/1;7/1;6/0;6/1;6/1;7/0;7/-1;7/0;7/0;6/1;6/1;7/2;7/2;6/2;5/2;4/1;4/1;3/1;2/1;1/1;0/1;-1/1;-2/1;-3/1;-4/1;-5/1;-6/0;-6
21,(1;1),1,30,100,0;7/-1;7/0;7/1;7/1;6/0;6/1;6/1;7/0;7/-1;7/0;7/0;6/1;6/1;7/2;7/2;6/2;5/2;4/1;4/1;3/1;2/1;1/1;0/1;-1/1;-2/1;-3/1;-4/1;-5/1;-6/0;-6
22,(0;7),1,46,100,0;7/0;6/1;6/1;7/0;7/1;7/0;7/-1;7/0;7/0;6/-1;6/-1;7/-1;6/-1;7/-1;6/-1;7/-1;6/0;6/0;7/0;6/-1;6/-2;6/-1;6/-2;6/-1;6/-2;6/-1;6/-2;6/-1;6/0;6/1;6/2;6/2;5/2;4/1;4/1;3/1;2/1;1/1;0/1;-1/1;-2/1;-3/1;-4/1;-5/1;-6/0;-6
26,(6;7),0,6,-100,0;7/1;7/2;7/2;6/2;5/2;4
23,(1;8),0,18,-100,0;7/1;7/0;7/-1;7/0;7/-1;7/0;7/0;6/0;7/0;6/1;6/2;6/2;5/2;4/1;4/1;3/1;2/1;1
27,(6;7),0,8,-100,0;7/-1;7/0;7/0;6/1;6/2;6/2;5/2;4
23,(0;7),0,21,-100,0;7/1;7/0;7/-1;7/0;7/-1;7/0;7/0;6/0;7/0;6/1;6/2;6/2;5/2;4/1;4/1;3/1;2/1;1/1;0/1;-1/1;-2
28,(6;7),0,21,-100,0;7/0;6/0;7/0;6/-1;6/-1;7/-1;6/0;6/1;6/1;7/0;7/-1;7/0;7/1;7/1;6/2;6/2;5/2;4/1;4/1;3/1;2
24,(1;8),1,32,100,0;7/-1;7/-1;6/0;6/-1;6/0;6/-1;6/-1;7/-1;6/-1;7/-1;6/0;6/1;6/0;6/1;6/0;6/1;6/2;6/2;5/2;4/1;4/1;3/1;2/1;1/1;0/1;-1/1;-2/1;-3/1;-4/1;-5/1;-6/0;-6
22,(0;0),1,46,100,0;7/0;6/1;6/1;7/0;7/1;7/0;7/-1;7/0;7/0;6/-1;6/-1;7/-1;6/-1;7/-1;6/-1;7/-1;6/0;6/0;7/0;6/-1;6/-2;6/-1;6/-2;6/-1;6/-2;6/-1;6/-2;6/-1;6/0;6/1;6/2;6/2;5/2;4/1;4/1;3/1;2/1;1/1;0/1;-1/1;-2/1;-3/1;-4/1;-5/1;-6/0;-6
22,(1;1),1,46,100,0;7/0;6/1;6/1;7/0;7/1;7/0;7/-1;7/0;7/0;6/-1;6/-1;7/-1;6/-1;7/-1;6/-1;7/-1;6/0;6/0;7/0;6/-1;6/-2;6/-1;6/-2;6/-1;6/-2;6/-1;6/-2;6/-1;6/0;6/1;6/2;6/2;5/2;4/1;4/1;3/1;2/1;1/1;0/1;-1/1;-2/1;-3/1;-4/1;-5/1;-6/0;-6
24,(0;7),1,32,100,0;7/-1;7/-1;6/0;6/-1;6/0;6/-1;6/-1;7/-1;6/-1;7/-1;6/0;6/1;6/0;6/1;6/0;6/1;6/2;6/2;5/2;4/1;4/1;3/1;2/1;1/1;0/1;-1/1;-2/1;-3/1;-4/1;-5/1;-6/0;-6
29,(6;7),0,19,-100,0;7/-1;7/0;7/-1;7/-1;6/-1;7/-1;6/-1;7/-1;6/-1;7/0;7/1;7/1;6/1;7/1;6/2;6/2;5/2;4/1;4
25,(1;8),1,36,100,0;7/-1;7/-1;6/-2;6/-1;6/-1;7/0;7/0;6/-1;6/-2;6/-1;6/-1;7/-1;6/-1;7/0;7/0;6/1;6/0;6/1;6/0;6/1;6/2;6/2;5/2;4/1;4/1;3/1;2/1;1/1;0/1;-1/1;-2/1;-3/1;-4/1;-5/1;-6/0;-6
23,(1;1),1,26,100,0;7/1;7/0;7/-1;7/0;7/-1;7/0;7/0;6/0;7/0;6/1;6/2;6/2;5/2;4/1;4/1;3/1;2/1;1/1;0/1;-1/1;-2/1;-3/1;-4/1;-5/1;-6/0;-6
23,(0;0),1,26,100,0;7/1;7/0;7/-1;7/0;7/-1;7/0;7/0;6/0;7/0;6/1;6/2;6/2;5/2;4/1;4/1;3/1;2/1;1/1;0/1;-1/1;-2/1;-3/1;-4/1;-5/1;-6/0;-6
26,(1;8),1,18,100,0;7/1;7/2;7/2;6/2;5/2;4/1;4/1;3/1;2/1;1/1;0/1;-1/1;-2/1;-3/1;-4/1;-5/1;-6/0;-6
30,(6;7),0,24,-100,0;7/0;6/0;7/-1;7/-1;6/-1;7/0;7/0;6/-1;6/-1;7/0;7/0;6/0;7/-1;7/-1;6/0;6/-1;6/0;6/1;6/2;6/2;5/2;4/1;4/1;3
24,(0;0),0,21,-100,0;7/-1;7/-1;6/0;6/-1;6/0;6/-1;6/-1;7/-1;6/-1;7/-1;6/0;6/1;6/0;6/1;6/0;6/1;6/2;6/2;5/2;4/1;4
27,(1;8),0,11,-100,0;7/-1;7/0;7/0;6/1;6/2;6/2;5/2;4/1;4/1;3/1;2
25,(0;7),1,36,100,0;7/-1;7/-1;6/-2;6/-1;6/-1;7/0;7/0;6/-1;6/-2;6/-1;6/-1;7/-1;6/-1;7/0;7/0;6/1;6/0;6/1;6/0;6/1;6/2;6/2;5/2;4/1;4/1;3/1;2/1;1/1;0/1;-1/1;-2/1;-3/1;-4/1;-5/1;-6/0;-6
31,(6;7),1,22,100,0;7/-1;7/-1;6/-2;6/-1;6/0;6/1;6/2;6/2;5/2;4/1;4/1;3/1;2/1;1/1;0/1;-1/1;-2/1;-3/1;-4/1;-5/1;-6/0;-6
24,(1;1),1,32,100,0;7/-1;7/-1;6/0;6/-1;6/0;6/-1;6/-1;7/-1;6/-1;7/-1;6/0;6/1;6/0;6/1;6/0;6/1;6/2;6/2;5/2;4/1;4/1;3/1;2/1;1/1;0/1;-1/1;-2/1;-3/1;-4/1;-5/1;-6/0;-6
26,(0;7),1,18,100,0;7/1;7/2;7/2;6/2;5/2;4/1;4/1;3/1;2/1;1/1;0/1;-1/1;-2/1;-3/1;-4/1;-5/1;-6/0;-6
28,(1;8),0,22,-100,0;7/0;6/0;7/0;6/-1;6/-1;7/-1;6/0;6/1;6/1;7/0;7/-1;7/0;7/1;7/1;6/2;6/2;5/2;4/1;4/1;3/1;2/1;1
25,(0;0),0,30,-100,0;7/-1;7/-1;6/-2;6/-1;6/-1;7/0;7/0;6/-1;6/-2;6/-1;6/-1;7/-1;6/-1;7/0;7/0;6/1;6/0;6/1;6/0;6/1;6/2;6/2;5/2;4/1;4/1;3/1;2/1;1/1;0/1;-1
27,(0;7),1,20,100,0;7/-1;7/0;7/0;6/1;6/2;6/2;5/2;4/1;4/1;3/1;2/1;1/1;0/1;-1/1;-2/1;-3/1;-4/1;-5/1;-6/0;-6
25,(1;1),0,30,-100,0;7/-1;7/-1;6/-2;6/-1;6/-1;7/0;7/0;6/-1;6/-2;6/-1;6/-1;7/-1;6/-1;7/0;7/0;6/1;6/0;6/1;6/0;6/1;6/2;6/2;5/2;4/1;4/1;3/1;2/1;1/1;0/1;-1
26,(0;0),1,18,100,0;7/1;7/2;7/2;6/2;5/2;4/1;4/1;3/1;2/1;1/1;0/1;-1/1;-2/1;-3/1;-4/1;-5/1;-6/0;-6
29,(1;8),0,22,-100,0;7/-1;7/0;7/-1;7/-1;6/-1;7/-1;6/-1;7/-1;6/-1;7/0;7/1;7/1;6/1;7/1;6/2;6/2;5/2;4/1;4/1;3/1;2/1;1
32,(6;7),1,54,100,0;7/-1;7/-1;6/-2;6/-1;6/-1;7/-1;6/-1;7/0;7/0;6/-1;6/-1;7/0;7/0;6/0;7/0;6/0;7/0;6/1;6/0;6/-1;6/-2;6/-1;6/-1;7/-1;6/-1;7/0;7/-1;7/0;7/-1;7/-1;6/0;6/-1;6/-2;6/-1;6/-1;7/-1;6/0;6/1;6/2;6/2;5/2;4/1;4/1;3/1;2/1;1/1;0/1;-1/1;-2/1;-3/1;-4/1;-5/1;-6/0;-6
26,(1;1),1,18,100,0;7/1;7/2;7/2;6/2;5/2;4/1;4/1;3/1;2/1;1/1;0/1;-1/1;-2/1;-3/1;-4/1;-5/1;-6/0;-6
27,(0;0),1,20,100,0;7/-1;7/0;7/0;6/1;6/2;6/2;5/2;4/1;4/1;3/1;2/1;1/1;0/1;-1/1;-2/1;-3/1;-4/1;-5/1;-6/0;-6
28,(0;7),0,24,-100,0;7/0;6/0;7/0;6/-1;6/-1;7/-1;6/0;6/1;6/1;7/0;7/-1;7/0;7/1;7/1;6/2;6/2;5/2;4/1;4/1;3/1;2/1;1/1;0/1;-1
27,(1;1),1,20,100,0;7/-1;7/0;7/0;6/1;6/2;6/2;5/2;4/1;4/1;3/1;2/1;1/1;0/1;-1/1;-2/1;-3/1;-4/1;-5/1;-6/0;-6
30,(1;8),0,32,-100,0;7/0;6/0;7/-1;7/-1;6/-1;7/0;7/0;6/-1;6/-1;7/0;7/0;6/0;7/-1;7/-1;6/0;6/-1;6/0;6/1;6/2;6/2;5/2;4/1;4/1;3/1;2/1;1/1;0/1;-1/1;-2/1;-3/1;-4/1;-5
33,(6;7),0,17,-100,0;7/1;7/0;7/0;6/-1;6/-1;7/-1;6/-1;7/0;7/-1;7/-1;6/-2;6/-1;6/0;6/1;6/2;6/2;5
29,(0;7),0,23,-100,0;7/-1;7/0;7/-1;7/-1;6/-1;7/-1;6/-1;7/-1;6/-1;7/0;7/1;7/1;6/1;7/1;6/2;6/2;5/2;4/1;4/1;3/1;2/1;1/1;0
31,(1;8),0,13,-100,0;7/-1;7/-1;6/-2;6/-1;6/0;6/1;6/2;6/2;5/2;4/1;4/1;3/1;2
28,(0;0),1,30,100,0;7/0;6/0;7/0;6/-1;6/-1;7/-1;6/0;6/1;6/1;7/0;7/-1;7/0;7/1;7/1;6/2;6/2;5/2;4/1;4/1;3/1;2/1;1/1;0/1;-1/1;-2/1;-3/1;-4/1;-5/1;-6/0;-6
34,(6;7),0,18,-100,0;7/-1;7/0;7/-1;7/0;7/0;6/-1;6/-1;7/-1;6/-2;6/-1;6/-1;7/-1;6/-1;7/0;7/0;6/1;6/2;6
28,(1;1),1,30,100,0;7/0;6/0;7/0;6/-1;6/-1;7/-1;6/0;6/1;6/1;7/0;7/-1;7/0;7/1;7/1;6/2;6/2;5/2;4/1;4/1;3/1;2/1;1/1;0/1;-1/1;-2/1;-3/1;-4/1;-5/1;-6/0;-6
30,(0;7),0,32,-100,0;7/0;6/0;7/-1;7/-1;6/-1;7/0;7/0;6/-1;6/-1;7/0;7/0;6/0;7/-1;7/-1;6/0;6/-1;6/0;6/1;6/2;6/2;5/2;4/1;4/1;3/1;2/1;1/1;0/1;-1/1;-2/1;-3/1;-4/1;-5
29,(0;0),1,30,100,0;7/-1;7/0;7/-1;7/-1;6/-1;7/-1;6/-1;7/-1;6/-1;7/0;7/1;7/1;6/1;7/1;6/2;6/2;5/2;4/1;4/1;3/1;2/1;1/1;0/1;-1/1;-2/1;-3/1;-4/1;-5/1;-6/0;-6
35,(6;7),0,19,-100,0;7/1;7/0;7/-1;7/-1;6/-1;7/0;7/-1;7/-1;6/-2;6/-1;6/0;6/1;6/2;6/2;5/2;4/1;4/1;3/1;2
29,(1;1),1,30,100,0;7/-1;7/0;7/-1;7/-1;6/-1;7/-1;6/-1;7/-1;6/-1;7/0;7/1;7/1;6/1;7/1;6/2;6/2;5/2;4/1;4/1;3/1;2/1;1/1;0/1;-1/1;-2/1;-3/1;-4/1;-5/1;-6/0;-6
31,(0;7),1,22,100,0;7/-1;7/-1;6/-2;6/-1;6/0;6/1;6/2;6/2;5/2;4/1;4/1;3/1;2/1;1/1;0/1;-1/1;-2/1;-3/1;-4/1;-5/1;-6/0;-6
36,(6;7),0,11,-100,0;7/1;7/2;7/2;6/1;6/1;7/1;6/2;6/2;5/2;4/1;4
32,(1;8),1,54,100,0;7/-1;7/-1;6/-2;6/-1;6/-1;7/-1;6/-1;7/0;7/0;6/-1;6/-1;7/0;7/0;6/0;7/0;6/0;7/0;6/1;6/0;6/-1;6/-2;6/-1;6/-1;7/-1;6/-1;7/0;7/-1;7/0;7/-1;7/-1;6/0;6/-1;6/-2;6/-1;6/-1;7/-1;6/0;6/1;6/2;6/2;5/2;4/1;4/1;3/1;2/1;1/1;0/1;-1/1;-2/1;-3/1;-4/1;-5/1;-6/0;-6
37,(6;7),0,11,-100,0;7/1;7/0;7/0;6/1;6/2;6/2;5/2;4/1;4/1;3/1;2
30,(0;0),1,34,100,0;7/0;6/0;7/-1;7/-1;6/-1;7/0;7/0;6/-1;6/-1;7/0;7/0;6/0;7/-1;7/-1;6/0;6/-1;6/0;6/1;6/2;6/2;5/2;4/1;4/1;3/1;2/1;1/1;0/1;-1/1;-2/1;-3/1;-4/1;-5/1;-6/0;-6
38,(6;7),0,11,-100,0;7/-1;7/0;7/1;7/2;7/2;6/2;5/2;4/1;4/1;3/1;2
30,(1;1),0,22,-100,0;7/0;6/0;7/-1;7/-1;6/-1;7/0;7/0;6/-1;6/-1;7/0;7/0;6/0;7/-1;7/-1;6/0;6/-1;6/0;6/1;6/2;6/2;5/2;4
33,(1;8),0,24,-100,0;7/1;7/0;7/0;6/-1;6/-1;7/-1;6/-1;7/0;7/-1;7/-1;6/-2;6/-1;6/0;6/1;6/2;6/2;5/2;4/1;4/1;3/1;2/1;1/1;0/1;-1
31,(0;0),1,22,100,0;7/-1;7/-1;6/-2;6/-1;6/0;6/1;6/2;6/2;5/2;4/1;4/1;3/1;2/1;1/1;0/1;-1/1;-2/1;-3/1;-4/1;-5/1;-6/0;-6
31,(1;1),1,22,100,0;7/-1;7/-1;6/-2;6/-1;6/0;6/1;6/2;6/2;5/2;4/1;4/1;3/1;2/1;1/1;0/1;-1/1;-2/1;-3/1;-4/1;-5/1;-6/0;-6
39,(6;7),0,24,-100,0;7/1;7/2;7/1;7/0;7/0;6/0;7/0;6/0;7/-1;7/-1;6/-1;7/-1;6/0;6/1;6/2;6/2;5/2;4/1;4/1;3/1;2/1;1/1;0/1;-1
32,(0;7),0,45,-100,0;7/-1;7/-1;6/-2;6/-1;6/-1;7/-1;6/-1;7/0;7/0;6/-1;6/-1;7/0;7/0;6/0;7/0;6/0;7/0;6/1;6/0;6/-1;6/-2;6/-1;6/-1;7/-1;6/-1;7/0;7/-1;7/0;7/-1;7/-1;6/0;6/-1;6/-2;6/-1;6/-1;7/-1;6/0;6/1;6/2;6/2;5/2;4/1;4/1;3/1;2
34,(1;8),0,27,-100,0;7/-1;7/0;7/-1;7/0;7/0;6/-1;6/-1;7/-1;6/-2;6/-1;6/-1;7/-1;6/-1;7/0;7/0;6/1;6/2;6/2;5/2;4/1;4/1;3/1;2/1;1/1;0/1;-1/1;-2
33,(0;7),0,24,-100,0;7/1;7/0;7/0;6/-1;6/-1;7/-1;6/-1;7/0;7/-1;7/-1;6/-2;6/-1;6/0;6/1;6/2;6/2;5/2;4/1;4/1;3/1;2/1;1/1;0/1;-1
35,(1;8),0,22,-100,0;7/1;7/0;7/-1;7/-1;6/-1;7/0;7/-1;7/-1;6/-2;6/-1;6/0;6/1;6/2;6/2;5/2;4/1;4/1;3/1;2/1;1/1;0/1;-1
32,(0;0),1,54,100,0;7/-1;7/-1;6/-2;6/-1;6/-1;7/-1;6/-1;7/0;7/0;6/-1;6/-1;7/0;7/0;6/0;7/0;6/0;7/0;6/1;6/0;6/-1;6/-2;6/-1;6/-1;7/-1;6/-1;7/0;7/-1;7/0;7/-1;7/-1;6/0;6/-1;6/-2;6/-1;6/-1;7/-1;6/0;6/1;6/2;6/2;5/2;4/1;4/1;3/1;2/1;1/1;0/1;-1/1;-2/1;-3/1;-4/1;-5/1;-6/0;-6
32,(1;1),0,54,-100,0;7/-1;7/-1;6/-2;6/-1;6/-1;7/-1;6/-1;7/0;7/0;6/-1;6/-1;7/0;7/0;6/0;7/0;6/0;7/0;6/1;6/0;6/-1;6/-2;6/-1;6/-1;7/-1;6/-1;7/0;7/-1;7/0;7/-1;7/-1;6/0;6/-1;6/-2;6/-1;6/-1;7/-1;6/0;6/1;6/2;6/2;5/2;4/1;4/1;3/1;2/1;1/1;0/1;-1/1;-2/1;-3/1;-4/1;-5/1;-6/0;-6
36,(1;8),0,15,-100,0;7/1;7/2;7/2;6/1;6/1;7/1;6/2;6/2;5/2;4/1;4/1;3/1;2/1;1/1;0
40,(6;7),0,50,-100,0;7/0;6/-1;6/-1;7/-1;6/-1;7/-1;6/0;6/-1;6/0;6/1;6/1;7/0;7/0;6/-1;6/-1;7/0;7/-1;7/0;7/1;7/1;6/1;7/0;7/-1;7/0;7/-1;7/0;7/-1;7/0;7/1;7/0;7/0;6/0;7/0;6/-1;6/-1;7/0;7/-1;7/-1;6/-1;7/-1;6/0;6/1;6/2;6/2;5/2;4/1;4/1;3/1;2/1;1
34,(0;7),1,32,100,0;7/-1;7/0;7/-1;7/0;7/0;6/-1;6/-1;7/-1;6/-2;6/-1;6/-1;7/-1;6/-1;7/0;7/0;6/1;6/2;6/2;5/2;4/1;4/1;3/1;2/1;1/1;0/1;-1/1;-2/1;-3/1;-4/1;-5/1;-6/0;-6
41,(6;7),1,18,100,0;7/0;6/1;6/2;6/2;5/2;4/1;4/1;3/1;2/1;1/1;0/1;-1/1;-2/1;-3/1;-4/1;-5/1;-6/0;-6
37,(1;8),1,20,100,0;7/1;7/0;7/0;6/1;6/2;6/2;5/2;4/1;4/1;3/1;2/1;1/1;0/1;-1/1;-2/1;-3/1;-4/1;-5/1;-6/0;-6
33,(0;0),1,30,100,0;7/1;7/0;7/0;6/-1;6/-1;7/-1;6/-1;7/0;7/-1;7/-1;6/-2;6/-1;6/0;6/1;6/2;6/2;5/2;4/1;4/1;3/1;2/1;1/1;0/1;-1/1;-2/1;-3/1;-4/1;-5/1;-6/0;-6
35,(0;7),0,22,-100,0;7/1;7/0;7/-1;7/-1;6/-1;7/0;7/-1;7/-1;6/-2;6/-1;6/0;6/1;6/2;6/2;5/2;4/1;4/1;3/1;2/1;1/1;0/1;-1
33,(1;1),1,30,100,0;7/1;7/0;7/0;6/-1;6/-1;7/-1;6/-1;7/0;7/-1;7/-1;6/-2;6/-1;6/0;6/1;6/2;6/2;5/2;4/1;4/1;3/1;2/1;1/1;0/1;-1/1;-2/1;-3/1;-4/1;-5/1;-6/0;-6
42,(6;7),0,19,-100,0;7/-1;7/0;7/-1;7/-1;6/-1;7/-1;6/-1;7/-1;6/-1;7/-1;6/0;6/1;6/2;6/2;5/2;4/1;4/1;3/1;2
38,(1;8),0,14,-100,0;7/-1;7/0;7/1;7/2;7/2;6/2;5/2;4/1;4/1;3/1;2/1;1/1;0/1;-1
36,(0;7),0,15,-100,0;7/1;7/2;7/2;6/1;6/1;7/1;6/2;6/2;5/2;4/1;4/1;3/1;2/1;1/1;0
43,(6;7),0,12,-100,0;7/0;6/-1;6/0;6/1;6/0;6/0;7/-1;7/0;7/0;6/1;6/2;6
37,(0;7),0,15,-100,0;7/1;7/0;7/0;6/1;6/2;6/2;5/2;4/1;4/1;3/1;2/1;1/1;0/1;-1/1;-2
34,(0;0),1,32,100,0;7/-1;7/0;7/-1;7/0;7/0;6/-1;6/-1;7/-1;6/-2;6/-1;6/-1;7/-1;6/-1;7/0;7/0;6/1;6/2;6/2;5/2;4/1;4/1;3/1;2/1;1/1;0/1;-1/1;-2/1;-3/1;-4/1;-5/1;-6/0;-6
34,(1;1),1,32,100,0;7/-1;7/0;7/-1;7/0;7/0;6/-1;6/-1;7/-1;6/-2;6/-1;6/-1;7/-1;6/-1;7/0;7/0;6/1;6/2;6/2;5/2;4/1;4/1;3/1;2/1;1/1;0/1;-1/1;-2/1;-3/1;-4/1;-5/1;-6/0;-6
39,(1;8),1,30,100,0;7/1;7/2;7/1;7/0;7/0;6/0;7/0;6/0;7/-1;7/-1;6/-1;7/-1;6/0;6/1;6/2;6/2;5/2;4/1;4/1;3/1;2/1;1/1;0/1;-1/1;-2/1;-3/1;-4/1;-5/1;-6/0;-6
38,(0;7),1,20,100,0;7/-1;7/0;7/1;7/2;7/2;6/2;5/2;4/1;4/1;3/1;2/1;1/1;0/1;-1/1;-2/1;-3/1;-4/1;-5/1;-6/0;-6
44,(6;7),0,25,-100,0;7/1;7/0;7/-1;7/-1;6/-1;7/-1;6/-1;7/-1;6/-1;7/-1;6/0;6/1;6/0;6/1;6/1;7/1;6/1;7/0;7/-1;7/0;7/-1;7/-1;6/-1;7/0;7
35,(0;0),1,28,100,0;7/1;7/0;7/-1;7/-1;6/-1;7/0;7/-1;7/-1;6/-2;6/-1;6/0;6/1;6/2;6/2;5/2;4/1;4/1;3/1;2/1;1/1;0/1;-1/1;-2/1;-3/1;-4/1;-5/1;-6/0;-6
35,(1;1),1,28,100,0;7/1;7/0;7/-1;7/-1;6/-1;7/0;7/-1;7/-1;6/-2;6/-1;6/0;6/1;6/2;6/2;5/2;4/1;4/1;3/1;2/1;1/1;0/1;-1/1;-2/1;-3/1;-4/1;-5/1;-6/0;-6
45,(6;7),0,9,-100,0;7/-1;7/0;7/1;7/1;6/2;6/2;5/2;4/1;4
39,(0;7),1,30,100,0;7/1;7/2;7/1;7/0;7/0;6/0;7/0;6/0;7/-1;7/-1;6/-1;7/-1;6/0;6/1;6/2;6/2;5/2;4/1;4/1;3/1;2/1;1/1;0/1;-1/1;-2/1;-3/1;-4/1;-5/1;-6/0;-6
36,(0;0),1,22,100,0;7/1;7/2;7/2;6/1;6/1;7/1;6/2;6/2;5/2;4/1;4/1;3/1;2/1;1/1;0/1;-1/1;-2/1;-3/1;-4/1;-5/1;-6/0;-6
36,(1;1),1,22,100,0;7/1;7/2;7/2;6/1;6/1;7/1;6/2;6/2;5/2;4/1;4/1;3/1;2/1;1/1;0/1;-1/1;-2/1;-3/1;-4/1;-5/1;-6/0;-6
37,(1;1),1,20,100,0;7/1;7/0;7/0;6/1;6/2;6/2;5/2;4/1;4/1;3/1;2/1;1/1;0/1;-1/1;-2/1;-3/1;-4/1;-5/1;-6/0;-6
40,(1;8),0,50,-100,0;7/0;6/-1;6/-1;7/-1;6/-1;7/-1;6/0;6/-1;6/0;6/1;6/1;7/0;7/0;6/-1;6/-1;7/0;7/-1;7/0;7/1;7/1;6/1;7/0;7/-1;7/0;7/-1;7/0;7/-1;7/0;7/1;7/0;7/0;6/0;7/0;6/-1;6/-1;7/0;7/-1;7/-1;6/-1;7/-1;6/0;6/1;6/2;6/2;5/2;4/1;4/1;3/1;2/1;1
37,(0;0),1,20,100,0;7/1;7/0;7/0;6/1;6/2;6/2;5/2;4/1;4/1;3/1;2/1;1/1;0/1;-1/1;-2/1;-3/1;-4/1;-5/1;-6/0;-6
41,(1;8),0,10,-100,0;7/0;6/1;6/2;6/2;5/2;4/1;4/1;3/1;2/1;1
38,(0;0),1,20,100,0;7/-1;7/0;7/1;7/2;7/2;6/2;5/2;4/1;4/1;3/1;2/1;1/1;0/1;-1/1;-2/1;-3/1;-4/1;-5/1;-6/0;-6
38,(1;1),1,20,100,0;7/-1;7/0;7/1;7/2;7/2;6/2;5/2;4/1;4/1;3/1;2/1;1/1;0/1;-1/1;-2/1;-3/1;-4/1;-5/1;-6/0;-6
42,(1;8),0,20,-100,0;7/-1;7/0;7/-1;7/-1;6/-1;7/-1;6/-1;7/-1;6/-1;7/-1;6/0;6/1;6/2;6/2;5/2;4/1;4/1;3/1;2/1;1
46,(6;7),1,58,100,0;7/0;6/0;7/0;6/1;6/0;6/-1;6/0;6/0;7/-1;7/0;7/0;6/0;7/-1;7/0;7/0;6/-1;6/-1;7/0;7/1;7/0;7/-1;7/0;7/-1;7/-1;6/-1;7/-1;6/0;6/0;7/-1;7/-1;6/-2;6/-1;6/0;6/1;6/1;7/1;6/0;6/1;6/1;7/1;6/1;7/2;7/2;6/2;5/2;4/1;4/1;3/1;2/1;1/1;0/1;-1/1;-2/1;-3/1;-4/1;-5/1;-6/0;-6
40,(0;7),0,50,-100,0;7/0;6/-1;6/-1;7/-1;6/-1;7/-1;6/0;6/-1;6/0;6/1;6/1;7/0;7/0;6/-1;6/-1;7/0;7/-1;7/0;7/1;7/1;6/1;7/0;7/-1;7/0;7/-1;7/0;7/-1;7/0;7/1;7/0;7/0;6/0;7/0;6/-1;6/-1;7/0;7/-1;7/-1;6/-1;7/-1;6/0;6/1;6/2;6/2;5/2;4/1;4/1;3/1;2/1;1
39,(0;0),1,30,100,0;7/1;7/2;7/1;7/0;7/0;6/0;7/0;6/0;7/-1;7/-1;6/-1;7/-1;6/0;6/1;6/2;6/2;5/2;4/1;4/1;3/1;2/1;1/1;0/1;-1/1;-2/1;-3/1;-4/1;-5/1;-6/0;-6
39,(1;1),1,30,100,0;7/1;7/2;7/1;7/0;7/0;6/0;7/0;6/0;7/-1;7/-1;6/-1;7/-1;6/0;6/1;6/2;6/2;5/2;4/1;4/1;3/1;2/1;1/1;0/1;-1/1;-2/1;-3/1;-4/1;-5/1;-6/0;-6
41,(0;7),1,18,100,0;7/0;6/1;6/2;6/2;5/2;4/1;4/1;3/1;2/1;1/1;0/1;-1/1;-2/1;-3/1;-4/1;-5/1;-6/0;-6
43,(1;8),1,26,100,0;7/0;6/-1;6/0;6/1;6/0;6/0;7/-1;7/0;7/0;6/1;6/2;6/2;5/2;4/1;4/1;3/1;2/1;1/1;0/1;-1/1;-2/1;-3/1;-4/1;-5/1;-6/0;-6
47,(6;7),1,30,100,0;7/0;6/-1;6/0;6/-1;6/-2;6/-1;6/-1;7/-1;6/-2;6/-1;6/0;6/-1;6/0;6/1;6/2;6/2;5/2;4/1;4/1;3/1;2/1;1/1;0/1;-1/1;-2/1;-3/1;-4/1;-5/1;-6/0;-6
42,(0;7),0,23,-100,0;7/-1;7/0;7/-1;7/-1;6/-1;7/-1;6/-1;7/-1;6/-1;7/-1;6/0;6/1;6/2;6/2;5/2;4/1;4/1;3/1;2/1;1/1;0/1;-1/1;-2
48,(6;7),0,14,-100,0;7/0;6/0;7/-1;7/0;7/0;6/-1;6/-1;7/-1;6/0;6/1;6/2;6/2;5/2;4
44,(1;8),0,33,-100,0;7/1;7/0;7/-1;7/-1;6/-1;7/-1;6/-1;7/-1;6/-1;7/-1;6/0;6/1;6/0;6/1;6/1;7/1;6/1;7/0;7/-1;7/0;7/-1;7/-1;6/-1;7/0;7/0;6/0;7/-1;7/-1;6/0;6/1;6/2;6/2;5
49,(6;7),0,11,-100,0;7/0;6/-1;6/0;6/1;6/2;6/2;5/2;4/1;4/1;3/1;2
43,(0;7),1,26,100,0;7/0;6/-1;6/0;6/1;6/0;6/0;7/-1;7/0;7/0;6/1;6/2;6/2;5/2;4/1;4/1;3/1;2/1;1/1;0/1;-1/1;-2/1;-3/1;-4/1;-5/1;-6/0;-6
40,(0;0),1,58,100,0;7/0;6/-1;6/-1;7/-1;6/-1;7/-1;6/0;6/-1;6/0;6/1;6/1;7/0;7/0;6/-1;6/-1;7/0;7/-1;7/0;7/1;7/1;6/1;7/0;7/-1;7/0;7/-1;7/0;7/-1;7/0;7/1;7/0;7/0;6/0;7/0;6/-1;6/-1;7/0;7/-1;7/-1;6/-1;7/-1;6/0;6/1;6/2;6/2;5/2;4/1;4/1;3/1;2/1;1/1;0/1;-1/1;-2/1;-3/1;-4/1;-5/1;-6/0;-6
45,(1;8),0,14,-100,0;7/-1;7/0;7/1;7/1;6/2;6/2;5/2;4/1;4/1;3/1;2/1;1/1;0/1;-1
40,(1;1),1,58,100,0;7/0;6/-1;6/-1;7/-1;6/-1;7/-1;6/0;6/-1;6/0;6/1;6/1;7/0;7/0;6/-1;6/-1;7/0;7/-1;7/0;7/1;7/1;6/1;7/0;7/-1;7/0;7/-1;7/0;7/-1;7/0;7/1;7/0;7/0;6/0;7/0;6/-1;6/-1;7/0;7/-1;7/-1;6/-1;7/-1;6/0;6/1;6/2;6/2;5/2;4/1;4/1;3/1;2/1;1/1;0/1;-1/1;-2/1;-3/1;-4/1;-5/1;-6/0;-6
41,(0;0),1,18,100,0;7/0;6/1;6/2;6/2;5/2;4/1;4/1;3/1;2/1;1/1;0/1;-1/1;-2/1;-3/1;-4/1;-5/1;-6/0;-6
41,(1;1),1,18,100,0;7/0;6/1;6/2;6/2;5/2;4/1;4/1;3/1;2/1;1/1;0/1;-1/1;-2/1;-3/1;-4/1;-5/1;-6/0;-6
50,(6;7),0,38,-100,0;7/-1;7/-1;6/-1;7/-1;6/-1;7/0;7/0;6/0;7/-1;7/0;7/0;6/0;7/0;6/0;7/1;7/0;7/1;7/0;7/0;6/1;6/1;7/0;7/-1;7/0;7/0;6/1;6/0;6/1;6/1;7/1;6/1;7/1;6/2;6/2;5/2;4/1;4/1;3
42,(0;0),1,28,100,0;7/-1;7/0;7/-1;7/-1;6/-1;7/-1;6/-1;7/-1;6/-1;7/-1;6/0;6/1;6/2;6/2;5/2;4/1;4/1;3/1;2/1;1/1;0/1;-1/1;-2/1;-3/1;-4/1;-5/1;-6/0;-6
42,(1;1),1,28,100,0;7/-1;7/0;7/-1;7/-1;6/-1;7/-1;6/-1;7/-1;6/-1;7/-1;6/0;6/1;6/2;6/2;5/2;4/1;4/1;3/1;2/1;1/1;0/1;-1/1;-2/1;-3/1;-4/1;-5/1;-6/0;-6
44,(0;7),1,46,100,0;7/1;7/0;7/-1;7/-1;6/-1;7/-1;6/-1;7/-1;6/-1;7/-1;6/0;6/1;6/0;6/1;6/1;7/1;6/1;7/0;7/-1;7/0;7/-1;7/-1;6/-1;7/0;7/0;6/0;7/-1;7/-1;6/0;6/1;6/2;6/2;5/2;4/1;4/1;3/1;2/1;1/1;0/1;-1/1;-2/1;-3/1;-4/1;-5/1;-6/0;-6
46,(1;8),0,50,-100,0;7/0;6/0;7/0;6/1;6/0;6/-1;6/0;6/0;7/-1;7/0;7/0;6/0;7/-1;7/0;7/0;6/-1;6/-1;7/0;7/1;7/0;7/-1;7/0;7/-1;7/-1;6/-1;7/-1;6/0;6/0;7/-1;7/-1;6/-2;6/-1;6/0;6/1;6/1;7/1;6/0;6/1;6/1;7/1;6/1;7/2;7/2;6/2;5/2;4/1;4/1;3/1;2/1;1
43,(0;0),1,26,100,0;7/0;6/-1;6/0;6/1;6/0;6/0;7/-1;7/0;7/0;6/1;6/2;6/2;5/2;4/1;4/1;3/1;2/1;1/1;0/1;-1/1;-2/1;-3/1;-4/1;-5/1;-6/0;-6
45,(0;7),1,20,100,0;7/-1;7/0;7/1;7/1;6/2;6/2;5/2;4/1;4/1;3/1;2/1;1/1;0/1;-1/1;-2/1;-3/1;-4/1;-5/1;-6/0;-6
43,(1;1),1,26,100,0;7/0;6/-1;6/0;6/1;6/0;6/0;7/-1;7/0;7/0;6/1;6/2;6/2;5/2;4/1;4/1;3/1;2/1;1/1;0/1;-1/1;-2/1;-3/1;-4/1;-5/1;-6/0;-6
47,(1;8),0,23,-100,0;7/0;6/-1;6/0;6/-1;6/-2;6/-1;6/-1;7/-1;6/-2;6/-1;6/0;6/-1;6/0;6/1;6/2;6/2;5/2;4/1;4/1;3/1;2/1;1/1;0
48,(1;8),1,26,100,0;7/0;6/0;7/-1;7/0;7/0;6/-1;6/-1;7/-1;6/0;6/1;6/2;6/2;5/2;4/1;4/1;3/1;2/1;1/1;0/1;-1/1;-2/1;-3/1;-4/1;-5/1;-6/0;-6
44,(0;0),1,46,100,0;7/1;7/0;7/-1;7/-1;6/-1;7/-1;6/-1;7/-1;6/-1;7/-1;6/0;6/1;6/0;6/1;6/1;7/1;6/1;7/0;7/-1;7/0;7/-1;7/-1;6/-1;7/0;7/0;6/0;7/-1;7/-1;6/0;6/1;6/2;6/2;5/2;4/1;4/1;3/1;2/1;1/1;0/1;-1/1;-2/1;-3/1;-4/1;-5/1;-6/0;-6
44,(1;1),1,46,100,0;7/1;7/0;7/-1;7/-1;6/-1;7/-1;6/-1;7/-1;6/-1;7/-1;6/0;6/1;6/0;6/1;6/1;7/1;6/1;7/0;7/-1;7/0;7/-1;7/-1;6/-1;7/0;7/0;6/0;7/-1;7/-1;6/0;6/1;6/2;6/2;5/2;4/1;4/1;3/1;2/1;1/1;0/1;-1/1;-2/1;-3/1;-4/1;-5/1;-6/0;-6
46,(0;7),0,50,-100,0;7/0;6/0;7/0;6/1;6/0;6/-1;6/0;6/0;7/-1;7/0;7/0;6/0;7/-1;7/0;7/0;6/-1;6/-1;7/0;7/1;7/0;7/-1;7/0;7/-1;7/-1;6/-1;7/-1;6/0;6/0;7/-1;7/-1;6/-2;6/-1;6/0;6/1;6/1;7/1;6/0;6/1;6/1;7/1;6/1;7/2;7/2;6/2;5/2;4/1;4/1;3/1;2/1;1
49,(1;8),0,20,-100,0;7/0;6/-1;6/0;6/1;6/2;6/2;5/2;4/1;4/1;3/1;2/1;1/1;0/1;-1/1;-2/1;-3/1;-4/1;-5/1;-6/0;-6
45,(0;0),1,20,100,0;7/-1;7/0;7/1;7/1;6/2;6/2;5/2;4/1;4/1;3/1;2/1;1/1;0/1;-1/1;-2/1;-3/1;-4/1;-5/1;-6/0;-6
45,(1;1),1,20,100,0;7/-1;7/0;7/1;7/1;6/2;6/2;5/2;4/1;4/1;3/1;2/1;1/1;0/1;-1/1;-2/1;-3/1;-4/1;-5/1;-6/0;-6
47,(0;7),1,30,100,0;7/0;6/-1;6/0;6/-1;6/-2;6/-1;6/-1;7/-1;6/-2;6/-1;6/0;6/-1;6/0;6/1;6/2;6/2;5/2;4/1;4/1;3/1;2/1;1/1;0/1;-1/1;-2/1;-3/1;-4/1;-5/1;-6/0;-6
50,(1;8),0,42,-100,0;7/-1;7/-1;6/-1;7/-1;6/-1;7/0;7/0;6/0;7/-1;7/0;7/0;6/0;7/0;6/0;7/1;7/0;7/1;7/0;7/0;6/1;6/1;7/0;7/-1;7/0;7/0;6/1;6/0;6/1;6/1;7/1;6/1;7/1;6/2;6/2;5/2;4/1;4/1;3/1;2/1;1/1;0/1;-1
48,(0;7),1,26,100,0;7/0;6/0;7/-1;7/0;7/0;6/-1;6/-1;7/-1;6/0;6/1;6/2;6/2;5/2;4/1;4/1;3/1;2/1;1/1;0/1;-1/1;-2/1;-3/1;-4/1;-5/1;-6/0;-6
46,(0;0),1,58,100,0;7/0;6/0;7/0;6/1;6/0;6/-1;6/0;6/0;7/-1;7/0;7/0;6/0;7/-1;7/0;7/0;6/-1;6/-1;7/0;7/1;7/0;7/-1;7/0;7/-1;7/-1;6/-1;7/-1;6/0;6/0;7/-1;7/-1;6/-2;6/-1;6/0;6/1;6/1;7/1;6/0;6/1;6/1;7/1;6/1;7/2;7/2;6/2;5/2;4/1;4/1;3/1;2/1;1/1;0/1;-1/1;-2/1;-3/1;-4/1;-5/1;-6/0;-6
49,(0;7),0,20,-100,0;7/0;6/-1;6/0;6/1;6/2;6/2;5/2;4/1;4/1;3/1;2/1;1/1;0/1;-1/1;-2/1;-3/1;-4/1;-5/1;-6/0;-6
46,(1;1),1,58,100,0;7/0;6/0;7/0;6/1;6/0;6/-1;6/0;6/0;7/-1;7/0;7/0;6/0;7/-1;7/0;7/0;6/-1;6/-1;7/0;7/1;7/0;7/-1;7/0;7/-1;7/-1;6/-1;7/-1;6/0;6/0;7/-1;7/-1;6/-2;6/-1;6/0;6/1;6/1;7/1;6/0;6/1;6/1;7/1;6/1;7/2;7/2;6/2;5/2;4/1;4/1;3/1;2/1;1/1;0/1;-1/1;-2/1;-3/1;-4/1;-5/1;-6/0;-6
47,(0;0),1,30,100,0;7/0;6/-1;6/0;6/-1;6/-2;6/-1;6/-1;7/-1;6/-2;6/-1;6/0;6/-1;6/0;6/1;6/2;6/2;5/2;4/1;4/1;3/1;2/1;1/1;0/1;-1/1;-2/1;-3/1;-4/1;-5/1;-6/0;-6
47,(1;1),1,30,100,0;7/0;6/-1;6/0;6/-1;6/-2;6/-1;6/-1;7/-1;6/-2;6/-1;6/0;6/-1;6/0;6/1;6/2;6/2;5/2;4/1;4/1;3/1;2/1;1/1;0/1;-1/1;-2/1;-3/1;-4/1;-5/1;-6/0;-6
50,(0;7),1,48,100,0;7/-1;7/-1;6/-1;7/-1;6/-1;7/0;7/0;6/0;7/-1;7/0;7/0;6/0;7/0;6/0;7/1;7/0;7/1;7/0;7/0;6/1;6/1;7/0;7/-1;7/0;7/0;6/1;6/0;6/1;6/1;7/1;6/1;7/1;6/2;6/2;5/2;4/1;4/1;3/1;2/1;1/1;0/1;-1/1;-2/1;-3/1;-4/1;-5/1;-6/0;-6
48,(0;0),1,26,100,0;7/0;6/0;7/-1;7/0;7/0;6/-1;6/-1;7/-1;6/0;6/1;6/2;6/2;5/2;4/1;4/1;3/1;2/1;1/1;0/1;-1/1;-2/1;-3/1;-4/1;-5/1;-6/0;-6
48,(1;1),1,26,100,0;7/0;6/0;7/-1;7/0;7/0;6/-1;6/-1;7/-1;6/0;6/1;6/2;6/2;5/2;4/1;4/1;3/1;2/1;1/1;0/1;-1/1;-2/1;-3/1;-4/1;-5/1;-6/0;-6
49,(0;0),1,20,100,0;7/0;6/-1;6/0;6/1;6/2;6/2;5/2;4/1;4/1;3/1;2/1;1/1;0/1;-1/1;-2/1;-3/1;-4/1;-5/1;-6/0;-6
49,(1;1),1,20,100,0;7/0;6/-1;6/0;6/1;6/2;6/2;5/2;4/1;4/1;3/1;2/1;1/1;0/1;-1/1;-2/1;-3/1;-4/1;-5/1;-6/0;-6
50,(0;0),1,48,100,0;7/-1;7/-1;6/-1;7/-1;6/-1;7/0;7/0;6/0;7/-1;7/0;7/0;6/0;7/0;6/0;7/1;7/0;7/1;7/0;7/0;6/1;6/1;7/0;7/-1;7/0;7/0;6/1;6/0;6/1;6/1;7/1;6/1;7/1;6/2;6/2;5/2;4/1;4/1;3/1;2/1;1/1;0/1;-1/1;-2/1;-3/1;-4/1;-5/1;-6/0;-6
50,(1;1),1,48,100,0;7/-1;7/-1;6/-1;7/-1;6/-1;7/0;7/0;6/0;7/-1;7/0;7/0;6/0;7/0;6/0;7/1;7/0;7/1;7/0;7/0;6/1;6/1;7/0;7/-1;7/0;7/0;6/1;6/0;6/1;6/1;7/1;6/1;7/1;6/2;6/2;5/2;4/1;4/1;3/1;2/1;1/1;0/1;-1/1;-2/1;-3/1;-4/1;-5/1;-6/0;-6
