{ 'result_set_name': '/home/german/simulation/results/shortest_00_new', 'code_version': { 'hexaworld_commit': '50106242eaf7f476b3671cb8070f5569e37c2d34', 'cellworld_commit': '584743ba34995c5b5e51b238cda0983f51b6f31c' }, 'episodes': [
{ 'seed': 1, 'predator_start_location': {'x': 6,'y': 2},'result': { 'result': 0, 'lenght': 3, 'reward': -100, 'trajectories': [[{ 'x': 0, 'y': 7 },{ 'x': 1, 'y': 7 },{ 'x': 0, 'y': 7 },{ 'x': 0, 'y': 6 }],[{ 'x': -1, 'y': 5 },{ 'x': 1, 'y': 5 },{ 'x': 0, 'y': 5 },{ 'x': 0, 'y': 6 }]], 'estimated_rewards': [ -100, -100, -100]} },
{ 'seed': 2, 'predator_start_location': {'x': 6,'y': 2},'result': { 'result': 0, 'lenght': 2, 'reward': -100, 'trajectories': [[{ 'x': 0, 'y': 7 },{ 'x': 0, 'y': 6 },{ 'x': 0, 'y': 5 }],[{ 'x': -1, 'y': 5 },{ 'x': 0, 'y': 5 },{ 'x': 0, 'y': 5 }]], 'estimated_rewards': [ -100, -100]} },
{ 'seed': 3, 'predator_start_location': {'x': 6,'y': 2},'result': { 'result': 0, 'lenght': 1, 'reward': -100, 'trajectories': [[{ 'x': 0, 'y': 7 },{ 'x': -1, 'y': 7 }],[{ 'x': -1, 'y': 5 },{ 'x': -1, 'y': 7 }]], 'estimated_rewards': [ -100]} },
{ 'seed': 4, 'predator_start_location': {'x': 6,'y': 2},'result': { 'result': 0, 'lenght': 1, 'reward': -100, 'trajectories': [[{ 'x': 0, 'y': 7 },{ 'x': 0, 'y': 6 }],[{ 'x': -1, 'y': 5 },{ 'x': 0, 'y': 6 }]], 'estimated_rewards': [ -100]} },
{ 'seed': 5, 'predator_start_location': {'x': 6,'y': 2},'result': { 'result': 0, 'lenght': 4, 'reward': -100, 'trajectories': [[{ 'x': 0, 'y': 7 },{ 'x': 1, 'y': 7 },{ 'x': 1, 'y': 6 },{ 'x': 1, 'y': 7 },{ 'x': 1, 'y': 6 }],[{ 'x': -1, 'y': 5 },{ 'x': 0, 'y': 5 },{ 'x': 1, 'y': 5 },{ 'x': 1, 'y': 6 },{ 'x': 1, 'y': 6 }]], 'estimated_rewards': [ -100, -100, -100, -100]} },
{ 'seed': 6, 'predator_start_location': {'x': 6,'y': 2},'result': { 'result': 0, 'lenght': 2, 'reward': -100, 'trajectories': [[{ 'x': 0, 'y': 7 },{ 'x': -1, 'y': 7 },{ 'x': -1, 'y': 6 }],[{ 'x': -1, 'y': 5 },{ 'x': -1, 'y': 6 },{ 'x': -1, 'y': 6 }]], 'estimated_rewards': [ -100, -100]} },
{ 'seed': 7, 'predator_start_location': {'x': 6,'y': 2},'result': { 'result': 0, 'lenght': 2, 'reward': -100, 'trajectories': [[{ 'x': 0, 'y': 7 },{ 'x': 1, 'y': 7 },{ 'x': 1, 'y': 6 }],[{ 'x': -1, 'y': 5 },{ 'x': 1, 'y': 5 },{ 'x': 1, 'y': 6 }]], 'estimated_rewards': [ -100, -100]} },
{ 'seed': 8, 'predator_start_location': {'x': 6,'y': 2},'result': { 'result': 0, 'lenght': 1, 'reward': -100, 'trajectories': [[{ 'x': 0, 'y': 7 },{ 'x': 0, 'y': 6 }],[{ 'x': -1, 'y': 5 },{ 'x': 0, 'y': 6 }]], 'estimated_rewards': [ -100]} },
{ 'seed': 9, 'predator_start_location': {'x': 6,'y': 2},'result': { 'result': 0, 'lenght': 1, 'reward': -100, 'trajectories': [[{ 'x': 0, 'y': 7 },{ 'x': -1, 'y': 7 }],[{ 'x': -1, 'y': 5 },{ 'x': -1, 'y': 7 }]], 'estimated_rewards': [ -100]} },
{ 'seed': 10, 'predator_start_location': {'x': 6,'y': 2},'result': { 'result': 0, 'lenght': 1, 'reward': -100, 'trajectories': [[{ 'x': 0, 'y': 7 },{ 'x': 0, 'y': 6 }],[{ 'x': -1, 'y': 5 },{ 'x': 0, 'y': 6 }]], 'estimated_rewards': [ -100]} },
{ 'seed': 11, 'predator_start_location': {'x': 6,'y': 2},'result': { 'result': 0, 'lenght': 1, 'reward': -100, 'trajectories': [[{ 'x': 0, 'y': 7 },{ 'x': 0, 'y': 6 }],[{ 'x': -1, 'y': 5 },{ 'x': 0, 'y': 6 }]], 'estimated_rewards': [ -100]} },
{ 'seed': 12, 'predator_start_location': {'x': 6,'y': 2},'result': { 'result': 0, 'lenght': 2, 'reward': -100, 'trajectories': [[{ 'x': 0, 'y': 7 },{ 'x': 0, 'y': 6 },{ 'x': 0, 'y': 7 }],[{ 'x': -1, 'y': 5 },{ 'x': 0, 'y': 5 },{ 'x': 0, 'y': 7 }]], 'estimated_rewards': [ -100, -100]} },
{ 'seed': 13, 'predator_start_location': {'x': 6,'y': 2},'result': { 'result': 0, 'lenght': 1, 'reward': -100, 'trajectories': [[{ 'x': 0, 'y': 7 },{ 'x': 0, 'y': 6 }],[{ 'x': -1, 'y': 5 },{ 'x': 0, 'y': 6 }]], 'estimated_rewards': [ -100]} },
{ 'seed': 14, 'predator_start_location': {'x': 6,'y': 2},'result': { 'result': 0, 'lenght': 3, 'reward': -100, 'trajectories': [[{ 'x': 0, 'y': 7 },{ 'x': 1, 'y': 7 },{ 'x': 2, 'y': 7 },{ 'x': 1, 'y': 7 }],[{ 'x': -1, 'y': 5 },{ 'x': 0, 'y': 5 },{ 'x': 1, 'y': 5 },{ 'x': 1, 'y': 7 }]], 'estimated_rewards': [ -100, -100, -100]} },
{ 'seed': 15, 'predator_start_location': {'x': 6,'y': 2},'result': { 'result': 0, 'lenght': 3, 'reward': -100, 'trajectories': [[{ 'x': 0, 'y': 7 },{ 'x': 1, 'y': 7 },{ 'x': 0, 'y': 7 },{ 'x': 0, 'y': 6 }],[{ 'x': -1, 'y': 5 },{ 'x': 1, 'y': 5 },{ 'x': 0, 'y': 5 },{ 'x': 0, 'y': 6 }]], 'estimated_rewards': [ -100, -100, -100]} },
{ 'seed': 16, 'predator_start_location': {'x': 6,'y': 2},'result': { 'result': 0, 'lenght': 1, 'reward': -100, 'trajectories': [[{ 'x': 0, 'y': 7 },{ 'x': 0, 'y': 6 }],[{ 'x': -1, 'y': 5 },{ 'x': 0, 'y': 6 }]], 'estimated_rewards': [ -100]} },
{ 'seed': 17, 'predator_start_location': {'x': 6,'y': 2},'result': { 'result': 0, 'lenght': 3, 'reward': -100, 'trajectories': [[{ 'x': 0, 'y': 7 },{ 'x': 0, 'y': 6 },{ 'x': 0, 'y': 5 },{ 'x': 0, 'y': 4 }],[{ 'x': -1, 'y': 5 },{ 'x': 0, 'y': 5 },{ 'x': 0, 'y': 6 },{ 'x': 0, 'y': 4 }]], 'estimated_rewards': [ -100, -100, -100]} },
{ 'seed': 18, 'predator_start_location': {'x': 6,'y': 2},'result': { 'result': 0, 'lenght': 2, 'reward': -100, 'trajectories': [[{ 'x': 0, 'y': 7 },{ 'x': 0, 'y': 6 },{ 'x': 0, 'y': 5 }],[{ 'x': -1, 'y': 5 },{ 'x': 0, 'y': 5 },{ 'x': 0, 'y': 5 }]], 'estimated_rewards': [ -100, -100]} },
{ 'seed': 19, 'predator_start_location': {'x': 6,'y': 2},'result': { 'result': 0, 'lenght': 4, 'reward': -100, 'trajectories': [[{ 'x': 0, 'y': 7 },{ 'x': 0, 'y': 6 },{ 'x': 1, 'y': 6 },{ 'x': 2, 'y': 6 },{ 'x': 1, 'y': 6 }],[{ 'x': -1, 'y': 5 },{ 'x': 0, 'y': 5 },{ 'x': 1, 'y': 5 },{ 'x': 1, 'y': 6 },{ 'x': 1, 'y': 6 }]], 'estimated_rewards': [ -100, -100, -99.2308, -100]} },
{ 'seed': 20, 'predator_start_location': {'x': 6,'y': 2},'result': { 'result': 0, 'lenght': 2, 'reward': -100, 'trajectories': [[{ 'x': 0, 'y': 7 },{ 'x': 0, 'y': 6 },{ 'x': 0, 'y': 5 }],[{ 'x': -1, 'y': 5 },{ 'x': 0, 'y': 5 },{ 'x': 0, 'y': 5 }]], 'estimated_rewards': [ -100, -100]} },
{ 'seed': 21, 'predator_start_location': {'x': 6,'y': 2},'result': { 'result': 0, 'lenght': 2, 'reward': -100, 'trajectories': [[{ 'x': 0, 'y': 7 },{ 'x': 0, 'y': 6 },{ 'x': 0, 'y': 5 }],[{ 'x': -1, 'y': 5 },{ 'x': 0, 'y': 5 },{ 'x': 0, 'y': 5 }]], 'estimated_rewards': [ -100, -100]} },
{ 'seed': 22, 'predator_start_location': {'x': 6,'y': 2},'result': { 'result': 0, 'lenght': 1, 'reward': -100, 'trajectories': [[{ 'x': 0, 'y': 7 },{ 'x': -1, 'y': 7 }],[{ 'x': -1, 'y': 5 },{ 'x': -1, 'y': 7 }]], 'estimated_rewards': [ -100]} },
{ 'seed': 23, 'predator_start_location': {'x': 6,'y': 2},'result': { 'result': 0, 'lenght': 2, 'reward': -100, 'trajectories': [[{ 'x': 0, 'y': 7 },{ 'x': 0, 'y': 6 },{ 'x': 0, 'y': 5 }],[{ 'x': -1, 'y': 5 },{ 'x': 0, 'y': 5 },{ 'x': 0, 'y': 5 }]], 'estimated_rewards': [ -100, -100]} },
{ 'seed': 24, 'predator_start_location': {'x': 6,'y': 2},'result': { 'result': 0, 'lenght': 4, 'reward': -100, 'trajectories': [[{ 'x': 0, 'y': 7 },{ 'x': 0, 'y': 6 },{ 'x': 0, 'y': 7 },{ 'x': 1, 'y': 7 },{ 'x': 1, 'y': 6 }],[{ 'x': -1, 'y': 5 },{ 'x': 0, 'y': 5 },{ 'x': 0, 'y': 6 },{ 'x': 1, 'y': 6 },{ 'x': 1, 'y': 6 }]], 'estimated_rewards': [ -100, -100, -100, -100]} },
{ 'seed': 25, 'predator_start_location': {'x': 6,'y': 2},'result': { 'result': 0, 'lenght': 1, 'reward': -100, 'trajectories': [[{ 'x': 0, 'y': 7 },{ 'x': 0, 'y': 6 }],[{ 'x': -1, 'y': 5 },{ 'x': 0, 'y': 6 }]], 'estimated_rewards': [ -100]} },
{ 'seed': 26, 'predator_start_location': {'x': 6,'y': 2},'result': { 'result': 0, 'lenght': 1, 'reward': -100, 'trajectories': [[{ 'x': 0, 'y': 7 },{ 'x': -1, 'y': 7 }],[{ 'x': -1, 'y': 5 },{ 'x': -1, 'y': 7 }]], 'estimated_rewards': [ -100]} },
{ 'seed': 27, 'predator_start_location': {'x': 6,'y': 2},'result': { 'result': 0, 'lenght': 3, 'reward': -100, 'trajectories': [[{ 'x': 0, 'y': 7 },{ 'x': 1, 'y': 7 },{ 'x': 0, 'y': 7 },{ 'x': 0, 'y': 6 }],[{ 'x': -1, 'y': 5 },{ 'x': 1, 'y': 5 },{ 'x': 0, 'y': 6 },{ 'x': 0, 'y': 6 }]], 'estimated_rewards': [ -100, -100, -100]} },
{ 'seed': 28, 'predator_start_location': {'x': 6,'y': 2},'result': { 'result': 0, 'lenght': 2, 'reward': -100, 'trajectories': [[{ 'x': 0, 'y': 7 },{ 'x': 0, 'y': 6 },{ 'x': 0, 'y': 5 }],[{ 'x': -1, 'y': 5 },{ 'x': 0, 'y': 5 },{ 'x': 0, 'y': 5 }]], 'estimated_rewards': [ -100, -100]} },
{ 'seed': 29, 'predator_start_location': {'x': 6,'y': 2},'result': { 'result': 0, 'lenght': 2, 'reward': -100, 'trajectories': [[{ 'x': 0, 'y': 7 },{ 'x': 1, 'y': 7 },{ 'x': 0, 'y': 7 }],[{ 'x': -1, 'y': 5 },{ 'x': 0, 'y': 5 },{ 'x': 0, 'y': 7 }]], 'estimated_rewards': [ -100, -100]} },
{ 'seed': 30, 'predator_start_location': {'x': 6,'y': 2},'result': { 'result': 0, 'lenght': 1, 'reward': -100, 'trajectories': [[{ 'x': 0, 'y': 7 },{ 'x': 0, 'y': 6 }],[{ 'x': -1, 'y': 5 },{ 'x': 0, 'y': 6 }]], 'estimated_rewards': [ -100]} },
{ 'seed': 31, 'predator_start_location': {'x': 6,'y': 2},'result': { 'result': 0, 'lenght': 2, 'reward': -100, 'trajectories': [[{ 'x': 0, 'y': 7 },{ 'x': 0, 'y': 6 },{ 'x': 0, 'y': 5 }],[{ 'x': -1, 'y': 5 },{ 'x': 0, 'y': 5 },{ 'x': 0, 'y': 5 }]], 'estimated_rewards': [ -100, -100]} },
{ 'seed': 32, 'predator_start_location': {'x': 6,'y': 2},'result': { 'result': 0, 'lenght': 1, 'reward': -100, 'trajectories': [[{ 'x': 0, 'y': 7 },{ 'x': 0, 'y': 6 }],[{ 'x': -1, 'y': 5 },{ 'x': 0, 'y': 6 }]], 'estimated_rewards': [ -100]} },
{ 'seed': 33, 'predator_start_location': {'x': 6,'y': 2},'result': { 'result': 0, 'lenght': 2, 'reward': -100, 'trajectories': [[{ 'x': 0, 'y': 7 },{ 'x': 0, 'y': 6 },{ 'x': -1, 'y': 6 }],[{ 'x': -1, 'y': 5 },{ 'x': 0, 'y': 5 },{ 'x': -1, 'y': 6 }]], 'estimated_rewards': [ -100, -100]} },
{ 'seed': 34, 'predator_start_location': {'x': 6,'y': 2},'result': { 'result': 0, 'lenght': 2, 'reward': -100, 'trajectories': [[{ 'x': 0, 'y': 7 },{ 'x': 1, 'y': 7 },{ 'x': 1, 'y': 6 }],[{ 'x': -1, 'y': 5 },{ 'x': 0, 'y': 5 },{ 'x': 1, 'y': 6 }]], 'estimated_rewards': [ -100, -100]} },
{ 'seed': 35, 'predator_start_location': {'x': 6,'y': 2},'result': { 'result': 0, 'lenght': 1, 'reward': -100, 'trajectories': [[{ 'x': 0, 'y': 7 },{ 'x': 0, 'y': 6 }],[{ 'x': -1, 'y': 5 },{ 'x': 0, 'y': 6 }]], 'estimated_rewards': [ -100]} },
{ 'seed': 36, 'predator_start_location': {'x': 6,'y': 2},'result': { 'result': 0, 'lenght': 1, 'reward': -100, 'trajectories': [[{ 'x': 0, 'y': 7 },{ 'x': 0, 'y': 6 }],[{ 'x': -1, 'y': 5 },{ 'x': 0, 'y': 6 }]], 'estimated_rewards': [ -100]} },
{ 'seed': 37, 'predator_start_location': {'x': 6,'y': 2},'result': { 'result': 0, 'lenght': 2, 'reward': -100, 'trajectories': [[{ 'x': 0, 'y': 7 },{ 'x': 0, 'y': 6 },{ 'x': 0, 'y': 5 }],[{ 'x': -1, 'y': 5 },{ 'x': 0, 'y': 5 },{ 'x': 0, 'y': 5 }]], 'estimated_rewards': [ -100, -100]} },
{ 'seed': 38, 'predator_start_location': {'x': 6,'y': 2},'result': { 'result': 0, 'lenght': 2, 'reward': -100, 'trajectories': [[{ 'x': 0, 'y': 7 },{ 'x': 0, 'y': 6 },{ 'x': 0, 'y': 5 }],[{ 'x': -1, 'y': 5 },{ 'x': 0, 'y': 5 },{ 'x': 0, 'y': 5 }]], 'estimated_rewards': [ -100, -100]} },
{ 'seed': 39, 'predator_start_location': {'x': 6,'y': 2},'result': { 'result': 0, 'lenght': 3, 'reward': -100, 'trajectories': [[{ 'x': 0, 'y': 7 },{ 'x': 1, 'y': 7 },{ 'x': 0, 'y': 7 },{ 'x': 0, 'y': 6 }],[{ 'x': -1, 'y': 5 },{ 'x': 0, 'y': 5 },{ 'x': 0, 'y': 6 },{ 'x': 0, 'y': 6 }]], 'estimated_rewards': [ -100, -100, -100]} },
{ 'seed': 40, 'predator_start_location': {'x': 6,'y': 2},'result': { 'result': 0, 'lenght': 3, 'reward': -100, 'trajectories': [[{ 'x': 0, 'y': 7 },{ 'x': 1, 'y': 7 },{ 'x': 0, 'y': 7 },{ 'x': 0, 'y': 6 }],[{ 'x': -1, 'y': 5 },{ 'x': 1, 'y': 5 },{ 'x': 0, 'y': 5 },{ 'x': 0, 'y': 6 }]], 'estimated_rewards': [ -100, -100, -100]} },
{ 'seed': 41, 'predator_start_location': {'x': 6,'y': 2},'result': { 'result': 0, 'lenght': 2, 'reward': -100, 'trajectories': [[{ 'x': 0, 'y': 7 },{ 'x': 0, 'y': 6 },{ 'x': 0, 'y': 5 }],[{ 'x': -1, 'y': 5 },{ 'x': 0, 'y': 5 },{ 'x': 0, 'y': 5 }]], 'estimated_rewards': [ -100, -100]} },
{ 'seed': 42, 'predator_start_location': {'x': 6,'y': 2},'result': { 'result': 0, 'lenght': 2, 'reward': -100, 'trajectories': [[{ 'x': 0, 'y': 7 },{ 'x': 1, 'y': 7 },{ 'x': 0, 'y': 7 }],[{ 'x': -1, 'y': 5 },{ 'x': 0, 'y': 5 },{ 'x': 0, 'y': 7 }]], 'estimated_rewards': [ -100, -100]} },
{ 'seed': 43, 'predator_start_location': {'x': 6,'y': 2},'result': { 'result': 0, 'lenght': 2, 'reward': -100, 'trajectories': [[{ 'x': 0, 'y': 7 },{ 'x': 0, 'y': 6 },{ 'x': 0, 'y': 5 }],[{ 'x': -1, 'y': 5 },{ 'x': 0, 'y': 5 },{ 'x': 0, 'y': 5 }]], 'estimated_rewards': [ -100, -100]} },
{ 'seed': 44, 'predator_start_location': {'x': 6,'y': 2},'result': { 'result': 0, 'lenght': 1, 'reward': -100, 'trajectories': [[{ 'x': 0, 'y': 7 },{ 'x': 0, 'y': 6 }],[{ 'x': -1, 'y': 5 },{ 'x': 0, 'y': 6 }]], 'estimated_rewards': [ -100]} },
{ 'seed': 45, 'predator_start_location': {'x': 6,'y': 2},'result': { 'result': 0, 'lenght': 3, 'reward': -100, 'trajectories': [[{ 'x': 0, 'y': 7 },{ 'x': -1, 'y': 7 },{ 'x': 0, 'y': 7 },{ 'x': -1, 'y': 7 }],[{ 'x': -1, 'y': 5 },{ 'x': -1, 'y': 6 },{ 'x': 0, 'y': 6 },{ 'x': -1, 'y': 7 }]], 'estimated_rewards': [ -100, -100, -100]} },
{ 'seed': 46, 'predator_start_location': {'x': 6,'y': 2},'result': { 'result': 0, 'lenght': 1, 'reward': -100, 'trajectories': [[{ 'x': 0, 'y': 7 },{ 'x': 0, 'y': 6 }],[{ 'x': -1, 'y': 5 },{ 'x': 0, 'y': 6 }]], 'estimated_rewards': [ -100]} },
{ 'seed': 47, 'predator_start_location': {'x': 6,'y': 2},'result': { 'result': 0, 'lenght': 1, 'reward': -100, 'trajectories': [[{ 'x': 0, 'y': 7 },{ 'x': -1, 'y': 7 }],[{ 'x': -1, 'y': 5 },{ 'x': -1, 'y': 7 }]], 'estimated_rewards': [ -100]} },
{ 'seed': 48, 'predator_start_location': {'x': 6,'y': 2},'result': { 'result': 0, 'lenght': 2, 'reward': -100, 'trajectories': [[{ 'x': 0, 'y': 7 },{ 'x': 0, 'y': 6 },{ 'x': 0, 'y': 5 }],[{ 'x': -1, 'y': 5 },{ 'x': 0, 'y': 5 },{ 'x': 0, 'y': 5 }]], 'estimated_rewards': [ -100, -100]} },
{ 'seed': 49, 'predator_start_location': {'x': 6,'y': 2},'result': { 'result': 0, 'lenght': 2, 'reward': -100, 'trajectories': [[{ 'x': 0, 'y': 7 },{ 'x': 0, 'y': 6 },{ 'x': 0, 'y': 5 }],[{ 'x': -1, 'y': 5 },{ 'x': 0, 'y': 5 },{ 'x': 0, 'y': 5 }]], 'estimated_rewards': [ -100, -100]} },
{ 'seed': 50, 'predator_start_location': {'x': 6,'y': 2},'result': { 'result': 0, 'lenght': 3, 'reward': -100, 'trajectories': [[{ 'x': 0, 'y': 7 },{ 'x': 1, 'y': 7 },{ 'x': 0, 'y': 7 },{ 'x': -1, 'y': 7 }],[{ 'x': -1, 'y': 5 },{ 'x': 0, 'y': 5 },{ 'x': 0, 'y': 6 },{ 'x': -1, 'y': 7 }]], 'estimated_rewards': [ -100, -100, -100]} },
]}
