terminate called after throwing an instance of 'std::bad_alloc'
  what():  std::bad_alloc
FAILED: ./habit world_18_5 -seed 1 -pi 100 -k 100 -slx 6 -sly 0 -pr 25 -path euclidean
terminate called after throwing an instance of 'std::bad_alloc'
  what():  std::bad_alloc
FAILED: ./habit world_4_6 -seed 1 -pi 100 -k 100 -slx 3 -sly 1 -pr 25 -path euclidean
terminate called after throwing an instance of 'std::bad_alloc'
  what():  std::bad_alloc
FAILED: ./habit world_5_6 -seed 1 -pi 100 -k 100 -slx -6 -sly -5 -pr 25 -path euclidean
FAILED: ./habit world_7_6 -seed 1 -pi 100 -k 100 -slx 4 -sly 3 -pr 25 -path euclidean
FAILED: ./habit world_16_6 -seed 1 -pi 100 -k 100 -slx -7 -sly 7 -pr 25 -path euclidean
terminate called after throwing an instance of 'std::bad_alloc'
  what():  std::bad_alloc
FAILED: ./habit world_0_7 -seed 1 -pi 100 -k 100 -slx -5 -sly -2 -pr 25 -path euclidean
terminate called after throwing an instance of 'std::bad_alloc'
  what():  std::bad_alloc
FAILED: ./habit world_1_7 -seed 1 -pi 100 -k 100 -slx 7 -sly -7 -pr 25 -path euclidean
terminate called after throwing an instance of 'std::bad_alloc'
  what():  std::bad_alloc
FAILED: ./habit world_18_6 -seed 1 -pi 100 -k 100 -slx 5 -sly 7 -pr 25 -path euclidean
FAILED: ./habit world_9_7 -seed 1 -pi 100 -k 100 -slx 1 -sly -12 -pr 25 -path euclidean
terminate called after throwing an instance of 'std::bad_alloc'
  what():  std::bad_alloc
FAILED: ./habit world_8_7 -seed 1 -pi 100 -k 100 -slx -1 -sly 5 -pr 25 -path euclidean
terminate called after throwing an instance of 'std::bad_alloc'
  what():  std::bad_alloc
FAILED: ./habit world_5_7 -seed 1 -pi 100 -k 100 -slx -5 -sly 4 -pr 25 -path euclidean
terminate called after throwing an instance of 'std::bad_alloc'
  what():  std::bad_alloc
FAILED: ./habit world_17_7 -seed 1 -pi 100 -k 100 -slx -7 -sly 7 -pr 25 -path euclidean
FAILED: ./habit world_1_8 -seed 1 -pi 100 -k 100 -slx 7 -sly 7 -pr 25 -path euclidean
FAILED: ./habit world_15_7 -seed 1 -pi 100 -k 100 -slx 1 -sly -1 -pr 25 -path euclidean
FAILED: ./habit world_3_8 -seed 1 -pi 100 -k 100 -slx -2 -sly 5 -pr 25 -path euclidean
FAILED: ./habit world_3_8 -seed 1 -pi 100 -k 100 -slx -6 -sly 5 -pr 25 -path euclidean
FAILED: ./habit world_0_8 -seed 1 -pi 100 -k 100 -slx 7 -sly 0 -pr 25 -path euclidean
FAILED: ./habit world_7_8 -seed 1 -pi 100 -k 100 -slx -2 -sly 6 -pr 25 -path euclidean
FAILED: ./habit world_14_8 -seed 1 -pi 100 -k 100 -slx -2 -sly 1 -pr 25 -path euclidean
FAILED: ./habit world_10_8 -seed 1 -pi 100 -k 100 -slx -7 -sly 2 -pr 25 -path euclidean
FAILED: ./habit world_0_9 -seed 1 -pi 100 -k 100 -slx -7 -sly 7 -pr 25 -path euclidean
FAILED: ./habit world_1_9 -seed 1 -pi 100 -k 100 -slx 7 -sly 7 -pr 25 -path euclidean
FAILED: ./habit world_3_9 -seed 1 -pi 100 -k 100 -slx -7 -sly -7 -pr 25 -path euclidean
FAILED: ./habit world_5_9 -seed 1 -pi 100 -k 100 -slx -7 -sly 7 -pr 25 -path euclidean
FAILED: ./habit world_3_9 -seed 1 -pi 100 -k 100 -slx -2 -sly 5 -pr 25 -path euclidean
FAILED: ./habit world_2_9 -seed 1 -pi 100 -k 100 -slx -5 -sly -5 -pr 25 -path euclidean
FAILED: ./habit world_4_9 -seed 1 -pi 100 -k 100 -slx 7 -sly -5 -pr 25 -path euclidean
FAILED: ./habit world_0_9 -seed 1 -pi 100 -k 100 -slx -4 -sly 4 -pr 25 -path euclidean
FAILED: ./habit world_9_9 -seed 1 -pi 100 -k 100 -slx -7 -sly 7 -pr 25 -path euclidean
FAILED: ./habit world_9_9 -seed 1 -pi 100 -k 100 -slx 1 -sly -12 -pr 25 -path euclidean
FAILED: ./habit world_9_9 -seed 1 -pi 100 -k 100 -slx -4 -sly 3 -pr 25 -path euclidean
FAILED: ./habit world_17_8 -seed 1 -pi 100 -k 100 -slx -5 -sly -4 -pr 25 -path euclidean
FAILED: ./habit world_5_9 -seed 1 -pi 100 -k 100 -slx -7 -sly 0 -pr 25 -path euclidean
FAILED: ./habit world_12_9 -seed 1 -pi 100 -k 100 -slx -7 -sly 7 -pr 25 -path euclidean
FAILED: ./habit world_5_9 -seed 1 -pi 100 -k 100 -slx -5 -sly 4 -pr 25 -path euclidean
FAILED: ./habit world_13_9 -seed 1 -pi 100 -k 100 -slx -7 -sly 7 -pr 25 -path euclidean
FAILED: ./habit world_14_9 -seed 1 -pi 100 -k 100 -slx -2 -sly 1 -pr 25 -path euclidean
FAILED: ./habit world_11_9 -seed 1 -pi 100 -k 100 -slx -1 -sly 1 -pr 25 -path euclidean
FAILED: ./habit world_12_9 -seed 1 -pi 100 -k 100 -slx 4 -sly 3 -pr 25 -path euclidean
