seed, starting_position, habit_result, habit_len, habit_reward, prey_trajectory, predator_trajectory
1,(11;4),0,4,-100,0;7/0;6/0;5/0;4/0;3,4;3/4;4/3;4/2;4/1;4
1,(0;8),0,5,-100,0;7/0;6/0;5/0;4/0;3/0;2,-7;-1/-7;0/-6;0/-4;0/-3;1/-1;1
1,(4;11),0,10,-100,0;7/1;7/2;7/3;7/4;7/4;6/4;5/4;4/4;3/4;2/4;1,-3;-4/-3;-3/-3;-2/-3;-1/-3;0/-2;1/-1;2/0;3/1;3/2;3/4;3
2,(11;4),0,5,-100,0;7/0;6/0;5/-1;5/0;5/1;5,4;3/4;2/3;3/2;3/0;3/0;4
1,(0;0),0,7,-100,0;7/0;6/0;5/0;4/0;3/0;2/0;1/0;0,-7;7/-6;7/-5;7/-3;7/-2;6/-1;5/-1;3/0;2
2,(0;8),0,14,-100,0;7/1;7/1;6/2;6/3;6/4;6/4;5/4;4/4;3/4;2/4;1/4;0/4;-1/4;-2/4;-3,-7;-1/-6;0/-5;1/-3;1/-2;1/-1;2/-1;3/0;3/1;3/0;3/2;3/3;3/3;1/4;0/4;-1
3,(11;4),0,4,-100,0;7/0;6/0;5/0;4/0;3,4;3/4;2/3;3/2;3/1;3
1,(10;14),0,7,-100,0;7/0;6/0;5/0;4/0;3/0;2/0;1/0;0,3;-7/3;-6/3;-4/3;-3/3;-2/3;-1/2;-1/1;0
2,(0;0),0,11,-100,0;7/0;6/0;5/0;4/0;3/0;2/0;1/0;0/0;-1/0;-2/0;-3/0;-4,-7;7/-5;7/-4;7/-2;7/-2;6/-2;5/-1;4/-1;3/-1;2/-1;1/-1;-1/0;-2
4,(11;4),0,7,-100,0;7/0;6/0;5/0;4/0;3/0;2/0;1/0;0,4;3/5;3/4;3/4;4/2;4/0;4/0;3/0;2
2,(4;11),0,23,-100,0;7/0;6/0;5/0;6/1;6/2;6/3;6/4;6/4;5/4;4/4;3/4;2/4;1/4;0/4;-1/4;-2/4;-3/4;-4/3;-4/3;-5/2;-5/2;-6/1;-6/0;-6,-3;-4/-3;-2/-3;-1/-3;0/-3;2/-2;3/-1;3/1;3/1;4/2;5/3;6/3;7/3;6/3;7/3;6/2;6/2;5/2;6/2;4/2;2/2;0/2;-2/2;-4/1;-5
5,(11;4),0,3,-100,0;7/0;6/0;5/0;4,4;3/4;4/3;4/1;4
2,(10;14),0,15,-100,0;7/0;6/0;5/-1;5/-1;4/-1;3/-1;4/-2;4/-3;4/-4;4/-5;4/-6;4/-6;3/-6;2/-5;2/-5;1,3;-7/3;-5/3;-3/3;-1/3;0/2;1/2;0/1;1/0;1/-1;2/-3;2/-3;3/-4;3/-4;4/-4;3/-4;2
3,(0;8),0,6,-100,0;7/0;6/0;5/1;5/1;4/1;3/1;2,-7;-1/-6;0/-5;0/-4;0/-3;1/-1;1/0;2
3,(4;11),0,8,-100,0;7/0;6/0;5/0;6/0;5/0;6/1;6/2;6/2;5,-3;-4/-3;-2/-3;0/-3;1/-3;3/-1;3/-1;5/0;5/1;5
6,(11;4),0,6,-100,0;7/0;6/0;5/0;6/1;6/2;6/2;5,4;3/5;3/5;2/4;2/3;2/3;3/2;4
4,(0;8),0,11,-100,0;7/0;6/-1;6/-1;5/0;5/0;4/0;3/0;2/0;1/0;0/0;-1/0;-2,-7;-1/-7;0/-5;0/-5;1/-4;2/-3;2/-1;2/0;2/-1;2/0;2/0;1/0;0
3,(0;0),0,14,-100,0;7/0;6/0;5/0;4/0;3/0;2/0;1/0;0/0;-1/0;-2/0;-3/0;-4/0;-5/0;-6/0;-7,-7;7/-5;7/-3;7/-2;7/-2;6/-3;6/-2;5/-2;4/-2;2/-1;1/-1;-1/-1;-2/-1;-3/-1;-4/0;-5
4,(4;11),0,12,-100,0;7/-1;7/-1;6/0;6/1;6/2;6/3;6/4;6/4;5/4;4/4;3/4;2/4;1,-3;-4/-3;-3/-3;-2/-3;-1/-3;0/-3;1/-2;1/-1;2/-1;1/-1;2/1;2/2;2/2;1
5,(0;8),0,8,-100,0;7/1;7/2;7/3;7/4;7/4;6/4;5/4;4/4;3,-7;-1/-6;0/-5;0/-4;1/-2;1/-2;2/-1;2/0;3/2;3
4,(0;0),0,11,-100,0;7/0;6/0;5/0;4/0;3/0;2/0;1/0;0/0;-1/0;-2/0;-3/0;-4,-7;7/-7;6/-6;6/-4;6/-3;6/-2;6/-2;4/-2;3/-1;2/-1;0/-1;-1/0;-2
7,(11;4),0,7,-100,0;7/0;6/0;5/0;6/0;5/0;4/0;3/0;2,4;3/5;3/5;2/3;2/3;3/2;3/0;3/-1;3
5,(4;11),0,11,-100,0;7/1;7/2;7/3;7/4;7/5;7/4;7/4;6/4;5/4;4/3;4/2;4,-3;-4/-3;-2/-3;0/-3;2/-2;2/0;2/1;3/0;3/1;3/2;4/3;4/4;4
5,(0;0),0,5,-100,0;7/0;6/0;5/0;4/0;3/0;2,-7;7/-5;7/-3;7/-1;7/-1;5/0;4
3,(10;14),1,26,100,0;7/-1;7/-2;7/-3;7/-4;7/-5;7/-6;7/-6;6/-6;5/-6;4/-6;3/-6;2/-5;2/-5;1/-5;0/-5;-1/-5;-2/-5;-3/-5;-4/-5;-5/-4;-5/-4;-6/-4;-7/-3;-7/-2;-7/-1;-7/0;-7,3;-7/3;-5/3;-3/3;-1/3;1/1;1/0;1/-1;1/-2;2/-3;2/-4;2/-4;3/-5;4/-6;5/-6;6/-7;6/-7;4/-7;3/-7;2/-6;1/-5;0/-5;-1/-5;-3/-5;-2/-5;-4/-4;-5/-3;-5
6,(0;8),0,8,-100,0;7/0;6/0;7/1;7/1;6/2;6/2;5/2;4/2;3,-7;-1/-6;0/-5;1/-5;2/-4;2/-3;2/-2;2/0;2/1;3
6,(4;11),0,7,-100,0;7/0;6/1;6/2;6/2;5/2;4/2;3/2;2,-3;-4/-3;-2/-3;0/-3;1/-2;2/-1;2/0;2/1;2
6,(0;0),0,11,-100,0;7/0;6/0;5/0;4/0;3/0;2/0;1/0;0/0;-1/0;-2/0;-3/0;-4,-7;7/-5;7/-4;7/-3;7/-2;6/-2;5/-2;4/-2;3/-1;2/-1;0/-1;-1/0;-2
8,(11;4),0,6,-100,0;7/0;6/0;5/0;4/0;3/0;2/0;1,4;3/3;3/4;3/2;3/0;3/0;4/0;3
4,(10;14),0,13,-100,0;7/0;6/-1;6/-1;5/-1;4/-2;4/-3;4/-4;4/-5;4/-6;4/-6;3/-7;3/-6;3/-6;2,3;-7/3;-6/3;-5/3;-3/2;-3/2;-1/2;0/1;0/0;0/-2;0/-3;1/-4;1/-5;1/-5;2
7,(4;11),0,6,-100,0;7/0;6/0;5/0;4/1;4/1;3/0;3,-3;-4/-3;-2/-3;-1/-3;0/-3;1/-1;1/0;1
7,(0;8),0,10,-100,0;7/1;7/1;6/2;6/2;5/2;4/2;5/2;4/2;3/2;2/2;1,-7;-1/-6;0/-5;0/-4;1/-3;1/-1;1/0;2/0;3/2;3/1;3/2;3
7,(0;0),0,9,-100,0;7/0;6/0;5/0;4/0;3/0;2/0;1/0;0/0;-1/0;-2,-7;7/-5;7/-4;7/-3;7/-2;7/-2;5/-1;4/-1;2/0;1/0;0
8,(4;11),0,7,-100,0;7/0;6/0;5/0;4/0;3/1;3/1;2/1;1,-3;-4/-3;-3/-3;-1/-3;1/-2;1/-2;2/-1;2/0;2
8,(0;8),1,14,100,0;7/0;6/0;5/0;4/0;3/0;2/0;1/0;0/0;-1/0;-2/0;-3/0;-4/0;-5/0;-6/0;-7,-7;-1/-7;0/-7;1/-5;1/-5;0/-5;1/-3;1/-2;1/0;1/0;0/0;-1/-1;-1/-1;-2/-1;-4/-1;-5
8,(0;0),0,7,-100,0;7/0;6/0;5/0;4/0;3/0;2/0;1/0;0,-7;7/-6;7/-4;7/-3;7/-2;6/-1;5/-1;3/0;2
9,(4;11),0,6,-100,0;7/0;6/0;5/0;4/0;3/0;2/0;1,-3;-4/-3;-3/-2;-3/-2;-2/-2;0/-2;1/-1;1
5,(10;14),1,26,100,0;7/-1;7/-2;7/-3;7/-4;7/-5;7/-6;7/-6;6/-6;5/-6;4/-6;3/-6;2/-5;2/-5;1/-5;0/-5;-1/-5;-2/-5;-3/-5;-4/-5;-5/-4;-5/-4;-6/-4;-7/-3;-7/-2;-7/-1;-7/0;-7,3;-7/3;-5/3;-6/3;-4/3;-2/3;-1/2;0/0;0/-1;1/-3;1/-4;2/-4;3/-5;4/-6;4/-7;5/-7;4/-7;3/-7;1/-6;1/-6;0/-5;-1/-5;-3/-5;-4/-5;-5/-4;-5/-3;-5/-2;-6
9,(11;4),0,4,-100,0;7/0;6/0;5/0;4/0;3,4;3/4;4/3;4/2;4/1;4
9,(0;8),0,10,-100,0;7/0;6/0;5/0;4/0;3/0;2/0;1/0;0/0;-1/0;-2/0;-3,-7;-1/-7;0/-6;0/-5;0/-4;0/-3;0/-2;0/-1;0/-1;1/0;0/0;-1
10,(11;4),0,4,-100,0;7/0;6/0;5/0;4/0;3,4;3/4;4/4;3/3;3/2;3
10,(0;8),0,6,-100,0;7/0;6/0;5/0;4/0;3/0;2/0;1,-7;-1/-7;0/-6;0/-5;0/-3;0/-2;0/-1;1
10,(4;11),0,11,-100,0;7/0;6/1;6/1;5/1;4/1;3/1;4/1;5/1;4/1;5/1;4/1;3,-3;-4/-3;-3/-3;-2/-3;-3/-3;-1/-2;0/-1;0/-1;2/0;2/0;3/1;4/1;5
9,(0;0),1,14,100,0;7/0;6/0;5/0;4/0;3/0;2/0;1/0;0/0;-1/0;-2/0;-3/0;-4/0;-5/0;-6/0;-7,-7;7/-6;7/-4;7/-2;7/-1;7/-1;6/-1;5/-1;4/-1;2/-1;1/-1;0/-1;1/-1;0/-1;-1/-1;-2
11,(11;4),0,9,-100,0;7/0;6/0;5/0;4/0;3/0;2/0;1/0;0/0;-1/0;-2,4;3/4;4/4;3/2;3/0;3/0;2/0;1/0;0/-1;0/0;0
10,(0;0),0,11,-100,0;7/0;6/0;5/0;4/0;3/0;2/0;1/0;0/0;-1/0;-2/0;-3/0;-4,-7;7/-6;7/-4;7/-2;7/-2;6/-2;5/-2;4/-1;3/-1;1/-1;0/-1;-1/0;-2
11,(0;8),0,20,-100,0;7/0;6/0;5/0;4/0;5/0;6/1;6/2;6/3;6/4;6/4;5/4;4/4;3/4;2/4;1/4;0/4;-1/4;-2/4;-3/4;-4/3;-4,-7;-1/-7;0/-5;0/-4;0/-3;1/-3;2/-2;3/-1;3/0;3/1;4/1;5/2;5/2;6/1;6/2;5/2;4/2;2/3;1/3;-1/4;-2/4;-3
11,(4;11),0,15,-100,0;7/1;7/2;7/3;7/4;7/5;7/4;7/4;6/4;5/4;4/3;4/2;4/2;3/2;2/2;1/2;0,-3;-4/-3;-3/-3;-2/-3;-1/-3;1/-1;1/0;1/0;2/1;3/1;4/3;4/2;4/2;3/2;2/1;2/2;2
12,(11;4),0,3,-100,0;7/0;6/0;5/0;4,4;3/3;3/2;4/1;4
6,(10;14),0,24,-100,0;7/-1;7/-2;7/-3;7/-4;7/-5;7/-6;7/-6;6/-6;5/-6;4/-6;3/-6;2/-6;1/-5;1/-5;0/-5;-1/-5;-2/-5;-3/-5;-4/-5;-5/-4;-5/-4;-6/-4;-7/-3;-7/-2;-7,3;-7/3;-5/3;-4/3;-2/3;0/2;1/1;1/0;1/-2;1/-2;2/-3;3/-4;4/-5;4/-6;5/-7;6/-7;4/-7;2/-6;1/-6;0/-5;-1/-5;-3/-4;-4/-4;-5/-4;-6/-3;-6
11,(0;0),1,14,100,0;7/0;6/0;5/0;4/0;3/0;2/0;1/0;0/0;-1/0;-2/0;-3/0;-4/0;-5/0;-6/0;-7,-7;7/-6;7/-4;7/-2;7/-1;6/-1;4/-1;3/-2;3/-2;2/-1;2/-1;0/-1;-1/-1;-2/-1;-3/-1;-2
12,(4;11),0,9,-100,0;7/1;7/2;7/3;7/4;7/4;6/4;5/4;4/4;3/4;2,-3;-4/-3;-3/-3;-1/-3;1/-2;1/-2;2/-1;2/-1;3/1;3/3;3
12,(0;0),0,11,-100,0;7/0;6/0;5/0;4/0;3/0;2/0;1/0;0/0;-1/0;-2/0;-3/0;-4,-7;7/-6;7/-5;7/-3;7/-2;7/-2;5/-1;4/-1;3/-1;1/-1;0/-1;-1/0;-2
13,(11;4),0,4,-100,0;7/0;6/0;5/0;4/1;4,4;3/4;2/3;2/2;2/1;3
12,(0;8),0,8,-100,0;7/0;6/0;5/0;4/0;3/0;2/0;1/0;0/0;-1,-7;-1/-7;0/-5;0/-4;0/-3;0/-2;1/0;1/1;1/0;1
13,(0;0),0,8,-100,0;7/0;6/0;5/0;4/0;3/0;2/0;1/0;0/0;-1,-7;7/-5;7/-4;7/-3;7/-2;6/-1;5/-1;3/-1;2/0;1
13,(4;11),0,13,-100,0;7/0;6/1;6/2;6/3;6/4;6/4;5/4;4/4;3/4;2/4;1/4;0/4;-1/4;-2,-3;-4/-3;-2/-3;-1/-3;0/-2;1/-2;2/-1;3/-2;3/-1;3/1;3/2;3/3;3/3;1/4;0
14,(11;4),0,9,-100,0;7/0;6/0;5/0;4/0;3/0;2/0;1/0;0/0;-1/0;-2,4;3/4;4/5;4/5;3/3;3/2;3/1;3/0;2/0;1/0;0
13,(0;8),0,5,-100,0;7/0;6/0;5/0;4/0;3/0;2,-7;-1/-6;0/-5;1/-4;1/-2;1/-1;1
7,(10;14),0,21,-100,0;7/0;6/-1;6/-1;5/0;5/0;4/-1;4/-2;4/-3;4/-4;4/-5;4/-6;4/-6;3/-7;3/-6;3/-6;2/-6;1/-5;1/-5;0/-5;-1/-5;-2/-5;-3,3;-7/3;-5/3;-4/3;-3/3;-2/3;-1/4;-1/3;-1/2;0/1;0/-1;0/-1;1/-2;2/-3;2/-4;3/-4;4/-4;5/-4;4/-4;3/-4;2/-4;0/-5;-1
15,(11;4),0,4,-100,0;7/0;6/0;5/0;4/0;3,4;3/5;3/5;2/3;2/1;2
14,(4;11),0,18,-100,0;7/0;6/0;5/0;6/1;6/2;6/3;6/4;6/4;5/4;4/4;3/4;2/4;1/4;0/4;-1/4;-2/4;-3/4;-4/3;-4,-3;-4/-3;-3/-3;-2/-3;0/-3;2/-2;3/0;3/0;4/1;4/2;5/2;6/1;6/2;5/2;3/2;2/3;1/3;-1/3;-2/3;-3
14,(0;0),0,12,-100,0;7/0;6/0;5/0;4/0;3/0;2/0;1/0;0/0;-1/0;-2/0;-3/0;-4/0;-5,-7;7/-6;7/-5;7/-3;7/-2;7/-2;6/-2;5/-2;3/-1;2/-1;1/-1;-1/0;-2/0;-3
14,(0;8),0,9,-100,0;7/0;6/1;6/1;5/1;4/1;3/1;2/0;2/0;1/0;0,-7;-1/-7;0/-6;0/-5;0/-4;0/-3;0/-2;0/-1;0/0;1/1;1
15,(0;0),0,8,-100,0;7/0;6/0;5/0;4/0;3/0;2/0;1/0;0/0;-1,-7;7/-6;7/-4;7/-2;7/-1;6/-1;4/0;4/0;3/0;1
16,(11;4),0,3,-100,0;7/0;6/0;5/0;4,4;3/3;3/2;4/1;4
16,(0;0),0,9,-100,0;7/0;6/0;5/0;4/0;3/0;2/0;1/0;0/0;-1/0;-2,-7;7/-5;7/-3;7/-2;7/-1;6/-1;4/-1;3/-1;2/0;1/0;0
15,(4;11),0,22,-100,0;7/0;6/0;5/0;4/0;5/0;6/1;6/2;6/3;6/4;6/4;5/4;4/4;3/4;2/4;1/4;0/4;-1/4;-2/4;-3/4;-4/4;-5/4;-6/4;-7,-3;-4/-3;-3/-3;-1/-4;-1/-3;0/-3;1/-3;2/-2;2/-1;2/-1;3/0;4/1;5/2;5/1;6/2;5/2;4/2;2/3;1/3;-1/3;-2/4;-3/4;-4/4;-5
8,(10;14),0,27,-100,0;7/0;6/-1;6/-1;5/0;5/0;4/-1;4/-2;4/-3;4/-4;4/-5;4/-6;4/-6;3/-7;3/-6;3/-6;2/-5;2/-5;1/-5;0/-5;-1/-5;-2/-5;-3/-5;-4/-5;-5/-4;-5/-4;-6/-4;-7/-3;-7,3;-7/3;-6/3;-4/3;-3/3;-1/3;1/2;1/1;1/0;2/0;1/-1;1/-3;1/-3;2/-4;2/-4;3/-4;4/-5;4/-4;4/-5;4/-6;4/-6;2/-6;0/-5;0/-5;-1/-5;-2/-5;-3/-5;-5/-4;-6
17,(11;4),0,10,-100,0;7/0;6/0;5/0;4/0;3/0;2/0;1/0;0/0;-1/0;-2/0;-3,4;3/5;3/5;4/5;5/4;5/4;4/3;4/2;3/1;2/1;0/0;-1
17,(0;0),0,12,-100,0;7/0;6/0;5/0;4/0;3/0;2/0;1/0;0/0;-1/0;-2/0;-3/0;-4/0;-5,-7;7/-5;7/-3;7/-2;7/-2;6/-1;5/-1;4/-1;2/-1;1/-1;0/-1;-1/-1;-2/0;-3
18,(11;4),0,4,-100,0;7/0;6/0;5/0;4/0;3,4;3/4;2/3;2/2;2/1;3
15,(0;8),1,26,100,0;7/1;7/2;7/3;7/4;7/4;6/3;6/4;6/5;6/4;6/4;5/4;4/4;3/4;2/4;1/4;0/4;-1/4;-2/4;-3/4;-4/3;-4/3;-5/2;-5/2;-6/1;-6/0;-6/0;-7,-7;-1/-7;0/-5;0/-4;0/-3;1/-1;1/0;2/0;3/1;4/2;5/3;6/3;7/2;7/3;7/3;7/3;7/3;7/3;7/3;7/3;7/3;7/4;7/4;6/4;5/4;4/4;3/4;2
18,(0;0),1,14,100,0;7/0;6/0;5/0;4/0;3/0;2/0;1/0;0/0;-1/0;-2/0;-3/0;-4/0;-5/0;-6/0;-7,-7;7/-6;7/-5;7/-3;7/-2;7/-2;6/-2;5/-2;4/-2;2/-2;1/-1;0/-1;-1/-1;-2/-2;-2/-1;-2
9,(10;14),0,28,-100,0;7/0;6/0;5/0;4/-1;4/-2;4/-3;4/-4;4/-5;4/-6;4/-6;3/-7;3/-6;3/-6;2/-6;1/-5;1/-5;0/-5;-1/-5;-2/-5;-3/-4;-3/-4;-4/-4;-5/-4;-6/-4;-7/-3;-7/-2;-7/-1;-7/0;-7,3;-7/3;-6/3;-4/3;-2/3;-1/2;0/1;1/0;1/-2;1/-2;2/-3;3/-4;4/-4;5/-5;5/-5;6/-4;6/-4;5/-4;6/-3;6/-3;5/-3;3/-3;2/-3;1/-3;0/-3;-2/-3;-4/-3;-5/-3;-6/-1;-6
16,(4;11),0,24,-100,0;7/0;6/0;5/0;6/1;6/1;5/1;6/2;6/3;6/4;6/4;5/4;4/4;3/4;2/4;1/4;0/4;-1/4;-2/4;-3/4;-4/4;-5/4;-6/4;-7/3;-7/2;-7,-3;-4/-3;-2/-3;-1/-3;0/-3;1/-2;2/-1;3/-1;4/0;4/1;4/2;5/3;6/2;6/3;6/3;7/4;7/4;5/4;4/4;2/4;1/4;-1/4;-2/4;-4/3;-4/3;-6
19,(0;0),1,14,100,0;7/0;6/0;5/0;4/0;3/0;2/0;1/0;0/0;-1/0;-2/0;-3/0;-4/0;-5/0;-6/0;-7,-7;7/-6;7/-6;6/-4;6/-2;6/-2;5/-2;4/-1;4/-1;3/-1;2/-1;0/-1;-1/-1;-2/-1;-1/-1;-3
19,(11;4),1,26,100,0;7/0;6/0;5/0;4/-1;4/-2;4/-3;4/-4;4/-5;4/-6;4/-6;3/-6;2/-5;2/-5;1/-5;0/-5;-1/-5;-2/-5;-3/-5;-4/-5;-5/-4;-5/-4;-6/-4;-7/-3;-7/-2;-7/-1;-7/0;-7,4;3/5;3/4;3/3;3/2;3/1;3/0;3/-1;3/0;3/-1;3/-3;3/-4;3/-5;4/-7;4/-7;3/-6;2/-6;1/-5;0/-5;-2/-5;-3/-5;-4/-5;-5/-5;-5/-4;-5/-5;-5/-4;-5/-3;-5
10,(10;14),0,7,-100,0;7/0;6/0;5/0;4/-1;4/-1;3/-1;2/0;2,3;-7/3;-6/3;-4/3;-3/3;-1/3;0/1;0/0;0
17,(4;11),0,9,-100,0;7/1;7/1;6/2;6/3;6/4;6/4;5/4;4/4;3/4;2,-3;-4/-3;-2/-3;-1/-3;0/-3;1/-3;0/-2;1/-1;2/0;2/2;2
20,(0;0),0,8,-100,0;7/0;6/0;5/0;4/0;3/0;2/0;1/0;0/0;-1,-7;7/-6;7/-4;7/-2;7/-1;6/-1;4/0;3/0;2/0;1
16,(0;8),0,19,-100,0;7/1;7/1;6/2;6/3;6/4;6/4;5/4;4/4;3/4;2/4;1/4;0/4;-1/4;-2/4;-3/4;-4/4;-5/4;-6/4;-7/3;-7,-7;-1/-6;0/-5;1/-4;1/-2;1/-2;2/-1;2/-1;3/-2;3/0;3/-1;3/0;3/2;3/2;2/2;0/3;-1/3;-2/3;-4/4;-5/4;-6
20,(11;4),1,14,100,0;7/0;6/0;5/0;4/0;3/0;2/0;1/0;0/0;-1/0;-2/0;-3/0;-4/0;-5/0;-6/0;-7,4;3/4;4/5;4/5;3/4;3/2;3/1;3/1;2/2;2/1;1/1;-1/1;-2/1;-3/0;-3/0;-4
21,(0;0),0,7,-100,0;7/0;6/0;5/0;4/0;3/0;2/0;1/0;0,-7;7/-5;7/-3;7/-1;7/-1;6/-1;4/0;3/0;2
11,(10;14),0,11,-100,0;7/-1;7/-1;6/-2;6/-3;6/-4;6/-4;5/-5;5/-6;5/-6;4/-6;3/-6;2,3;-7/3;-6/3;-4/3;-2/3;0/2;0/1;1/-1;1/-2;2/-4;2/-4;3/-4;2
21,(11;4),0,4,-100,0;7/0;6/-1;6/0;6/0;5,4;3/3;3/2;3/1;4/1;5
18,(4;11),0,11,-100,0;7/0;6/1;6/2;6/2;7/3;7/4;7/4;6/4;5/4;4/4;3/5;3,-3;-4/-3;-3/-3;-2/-3;0/-3;1/-3;2/-2;2/-2;1/-1;1/0;2/2;2/4;2
17,(0;8),0,10,-100,0;7/1;7/2;7/3;7/4;7/4;6/4;5/5;5/4;5/4;6/4;5,-7;-1/-6;0/-5;0/-4;0/-3;1/-1;1/0;2/1;3/3;3/4;4/4;3
22,(0;0),1,14,100,0;7/0;6/0;5/0;4/0;3/0;2/0;1/0;0/0;-1/0;-2/0;-3/0;-4/0;-5/0;-6/0;-7,-7;7/-6;7/-4;7/-3;7/-2;7/-2;6/-2;5/-2;3/-2;2/-1;1/-1;0/-1;-1/-1;-3/0;-4/0;-5
22,(11;4),0,7,-100,0;7/0;6/1;6/2;6/2;5/2;6/2;5/2;4,4;3/4;2/3;2/3;4/2;5/2;6/1;6/2;6
18,(0;8),0,16,-100,0;7/0;6/1;6/2;6/2;5/2;4/2;5/2;6/3;6/4;6/4;5/4;4/4;3/4;2/4;1/4;0/4;-1,-7;-1/-7;0/-6;0/-4;0/-3;1/-2;1/0;1/0;3/0;4/2;4/2;5/3;6/4;6/4;5/4;3/4;2/4;1
12,(10;14),0,17,-100,0;7/-1;7/-2;7/-3;7/-4;7/-5;7/-6;7/-6;6/-6;5/-6;4/-7;4/-7;5/-7;4/-7;3/-7;2/-7;1/-7;0/-6;0,3;-7/3;-6/3;-5/3;-4/3;-3/3;-1/2;0/0;0/-1;1/-1;0/-2;0/-3;1/-2;1/-3;1/-5;1/-7;1/-6;1/-7;1
19,(4;11),0,21,-100,0;7/0;6/1;6/2;6/2;7/3;7/4;7/4;6/4;5/4;4/4;3/4;2/4;1/4;0/4;-1/4;-2/4;-3/4;-4/4;-5/4;-6/4;-7/3;-7,-3;-4/-3;-3/-3;-1/-3;0/-3;1/-2;1/-1;2/-1;3/0;3/0;4/1;4/0;4/2;4/3;3/2;3/2;1/2;0/3;-1/3;-3/3;-4/3;-5/3;-6
23,(11;4),0,4,-100,0;7/0;6/1;6/1;5/0;5,4;3/4;2/3;3/2;4/1;4
23,(0;0),1,14,100,0;7/0;6/0;5/0;4/0;3/0;2/0;1/0;0/0;-1/0;-2/0;-3/0;-4/0;-5/0;-6/0;-7,-7;7/-6;7/-5;7/-4;7/-2;7/-3;7/-3;6/-3;4/-3;3/-3;2/-2;1/-2;-1/-1;-1/-1;-2/-1;-3
19,(0;8),0,5,-100,0;7/0;6/0;5/0;4/0;3/0;2,-7;-1/-7;0/-5;0/-4;1/-2;1/-1;2
24,(11;4),0,7,-100,0;7/0;6/0;5/0;4/0;3/0;2/0;1/0;0,4;3/5;3/5;2/3;2/1;2/0;2/1;2/0;2
13,(10;14),0,6,-100,0;7/0;6/0;5/0;4/0;3/0;2/0;1,3;-7/3;-5/3;-4/3;-2/3;-1/2;0/1;1
20,(4;11),0,13,-100,0;7/0;6/1;6/1;5/1;4/1;5/2;5/2;6/3;6/4;6/4;5/4;4/4;5/4;4,-3;-4/-3;-3/-3;-2/-3;-1/-3;1/-2;1/-2;2/-1;2/-2;2/-1;2/0;2/1;3/2;3/4;3
24,(0;0),0,6,-100,0;7/0;6/0;5/0;4/0;3/0;2/0;1,-7;7/-5;7/-4;7/-2;7/-1;6/-1;4/0;3
20,(0;8),0,7,-100,0;7/0;6/0;5/0;4/0;3/0;2/0;1/0;0,-7;-1/-7;0/-6;0/-5;0/-3;0/-2;1/0;1/1;1
14,(10;14),0,7,-100,0;7/0;6/0;5/0;4/0;5/0;4/0;3/0;2,3;-7/3;-6/3;-4/3;-2/3;0/3;1/2;2/1;2
25,(11;4),0,9,-100,0;7/0;6/0;5/0;4/0;3/0;2/0;1/0;0/0;-1/0;-2,4;3/5;3/5;2/6;2/4;2/3;2/2;2/1;2/1;1/0;0
21,(4;11),0,12,-100,0;7/1;7/2;7/3;7/4;7/4;6/4;5/4;4/4;3/4;2/4;1/4;0/4;-1,-3;-4/-3;-2/-3;-1/-3;1/-2;2/0;2/1;3/1;4/3;4/4;4/4;3/4;2/4;1
21,(0;8),0,9,-100,0;7/0;6/0;5/0;4/0;3/0;2/-1;2/0;2/0;1/0;0,-7;-1/-6;0/-5;1/-4;1/-3;1/-1;1/0;1/-1;1/0;1/-1;1
25,(0;0),0,6,-100,0;7/0;6/0;5/0;4/0;3/0;2/0;1,-7;7/-6;7/-4;7/-2;7/-1;6/-1;4/0;3
26,(11;4),0,12,-100,0;7/0;6/0;5/0;4/0;3/0;2/0;1/0;0/0;-1/0;-2/0;-3/0;-4/0;-5,4;3/5;3/5;2/5;3/4;3/3;3/2;3/1;3/1;2/1;1/1;-1/0;-2/0;-3
15,(10;14),0,18,-100,0;7/0;6/0;5/0;4/-1;4/-2;4/-3;4/-4;4/-5;4/-6;4/-6;3/-6;2/-6;1/-6;0/-5;0/-5;-1/-5;-2/-5;-3/-5;-4,3;-7/3;-6/3;-5/3;-4/3;-2/3;-1/3;-2/2;-2/1;-1/-1;-1/-2;0/-2;-1/-3;-1/-4;-1/-5;0/-4;0/-5;0/-5;-1/-5;-2
22,(4;11),0,25,-100,0;7/1;7/1;6/1;5/1;6/2;6/3;6/3;7/4;7/4;6/4;5/4;4/4;3/4;2/4;1/4;0/4;-1/4;-2/4;-3/4;-4/3;-4/3;-5/2;-5/2;-6/1;-6/1;-7,-3;-4/-3;-3/-3;-2/-3;0/-2;1/-2;2/-1;2/0;3/0;4/1;4/2;5/2;6/1;6/3;6/4;7/4;5/4;3/4;2/4;1/4;-1/4;-2/4;-3/4;-4/3;-4/3;-5/1;-5
27,(11;4),0,6,-100,0;7/0;6/0;5/0;4/0;3/0;2/0;1,4;3/5;3/4;3/2;3/0;3/0;2/0;3
26,(0;0),1,14,100,0;7/0;6/0;5/0;4/0;3/0;2/0;1/0;0/0;-1/0;-2/0;-3/0;-4/0;-5/0;-6/0;-7,-7;7/-6;7/-4;7/-5;7/-3;7/-3;6/-3;5/-2;4/-2;2/-2;1/-1;0/-1;-1/-1;-3/-1;-4/-1;-5
16,(10;14),0,7,-100,0;7/0;6/0;5/0;4/-1;4/-1;3/-1;2/0;2,3;-7/3;-5/3;-4/3;-3/3;-2/3;0/1;0/0;1
22,(0;8),0,16,-100,0;7/0;6/1;6/1;5/1;4/1;3/1;2/1;1/1;0/1;-1/1;-2/1;-3/1;-4/1;-5/1;-6/0;-6/0;-7,-7;-1/-7;0/-7;1/-6;1/-5;1/-3;1/-3;2/-1;2/0;2/1;1/2;1/2;-1/2;-2/2;-3/1;-4/1;-5/0;-5
23,(4;11),0,7,-100,0;7/0;6/0;5/0;4/-1;4/-1;3/-1;2/0;2,-3;-4/-3;-5/-3;-4/-3;-3/-3;-1/-3;1/-2;1/-1;1
28,(11;4),0,3,-100,0;7/0;6/0;5/0;4,4;3/4;4/3;4/1;4
27,(0;0),0,9,-100,0;7/0;6/0;5/0;4/0;3/0;2/0;1/0;0/0;-1/0;-2,-7;7/-6;7/-4;7/-2;7/-1;6/-1;5/-1;3/-1;2/-1;1/0;0
23,(0;8),0,10,-100,0;7/0;6/0;5/0;4/0;3/0;2/0;1/0;0/0;-1/0;-2/0;-3,-7;-1/-7;-2/-7;-1/-6;0/-4;0/-2;0/-1;0/0;0/0;-1/0;0/0;-1
28,(0;0),0,8,-100,0;7/0;6/0;5/0;4/0;3/0;2/0;1/0;0/0;-1,-7;7/-5;7/-3;7/-1;7/-1;5/-1;4/-1;3/-1;2/0;1
17,(10;14),0,13,-100,0;7/0;6/0;5/-1;5/-2;5/-3;5/-4;5/-5;5/-6;5/-6;4/-6;3/-7;3/-6;3/-6;2,3;-7/3;-5/2;-5/2;-3/2;-1/2;0/1;1/0;1/-1;1/-3;1/-4;2/-4;4/-5;4/-6;4
29,(11;4),0,6,-100,0;7/0;6/0;5/-1;5/-1;6/-1;5/0;5,4;3/4;4/4;3/5;3/3;3/1;3/0;4
30,(11;4),0,5,-100,0;7/0;6/0;5/0;4/0;3/0;2,4;3/5;3/5;4/4;4/2;4/0;4
29,(0;0),0,10,-100,0;7/0;6/0;5/0;4/0;3/0;2/0;1/0;0/0;-1/0;-2/0;-3,-7;7/-5;7/-3;7/-2;7/-2;6/-2;5/-2;4/-1;3/-1;1/-1;0/0;-1
24,(0;8),0,13,-100,0;7/1;7/1;6/2;6/2;5/2;4/2;5/2;6/3;6/4;6/4;5/4;4/4;3/4;2,-7;-1/-6;0/-5;1/-5;0/-4;0/-3;0/-1;0/-1;2/-1;3/1;3/1;4/2;4/3;4/4;4
24,(4;11),0,27,-100,0;7/1;7/2;7/3;7/4;7/4;6/4;5/4;4/4;5/5;5/4;5/4;6/3;6/2;6/3;6/2;6/3;6/4;6/4;5/4;4/4;3/4;2/4;1/4;0/4;-1/4;-2/4;-3/4;-4,-3;-4/-3;-2/-3;-1/-3;-2/-3;-1/-3;1/-2;1/-1;2/0;2/2;2/1;2/2;2/3;3/3;2/3;3/2;4/2;5/2;6/1;6/3;6/3;6/4;6/4;4/4;3/4;2/4;1/4;-1/4;-2
18,(10;14),0,13,-100,0;7/-1;7/-1;6/-2;6/-2;5/-1;5/0;5/0;4/0;3/0;2/0;1/0;0/0;-1/0;-2,3;-7/3;-6/3;-4/3;-3/3;-1/2;0/2;2/2;3/0;3/1;3/1;4/1;3/1;1/0;0
31,(11;4),0,4,-100,0;7/0;6/0;5/0;6/-1;6,4;3/3;3/2;3/1;4/0;5
25,(0;8),0,6,-100,0;7/0;6/0;5/0;4/0;3/0;2/0;1,-7;-1/-7;0/-5;0/-4;1/-3;1/-2;1/-1;1
30,(0;0),1,14,100,0;7/0;6/0;5/0;4/0;3/0;2/0;1/0;0/0;-1/0;-2/0;-3/0;-4/0;-5/0;-6/0;-7,-7;7/-5;7/-4;7/-5;7/-4;7/-5;7/-4;6/-4;5/-3;4/-3;2/-2;1/-2;0/-2;-1/-2;-2/-2;-3
32,(11;4),0,4,-100,0;7/0;6/0;5/0;4/0;3,4;3/4;2/3;2/2;3/1;3
25,(4;11),0,8,-100,0;7/0;6/0;5/0;6/0;5/0;6/0;5/0;6/0;5,-3;-4/-3;-3/-3;-1/-3;0/-3;2/-2;2/-2;3/-1;4/-1;5
19,(10;14),0,8,-100,0;7/0;6/-1;6/-1;5/0;5/0;6/1;6/2;6/2;5,3;-7/3;-6/3;-5/3;-3/3;-2/3;0/3;1/3;3/2;4
31,(0;0),0,8,-100,0;7/0;6/0;5/0;4/0;3/0;2/0;1/0;0/0;-1,-7;7/-6;7/-4;7/-2;7/-1;6/-1;5/-1;3/-1;2/0;1
26,(0;8),0,11,-100,0;7/1;7/2;7/3;7/4;7/4;6/4;5/4;4/4;3/4;2/4;1/4;0,-7;-1/-7;0/-6;0/-5;0/-3;0/-2;1/-1;2/0;3/1;3/2;3/3;3/4;2
33,(11;4),0,4,-100,0;7/0;6/0;5/0;4/0;3,4;3/4;4/3;4/2;4/1;4
20,(10;14),0,12,-100,0;7/-1;7/-2;7/-3;7/-4;7/-5;7/-6;7/-6;6/-6;5/-6;4/-6;3/-6;2/-5;2,3;-7/3;-6/3;-4/3;-3/3;-2/3;-1/2;0/0;0/-1;1/0;1/-2;1/-3;1/-4;1
26,(4;11),0,11,-100,0;7/1;7/2;7/3;7/4;7/4;6/4;5/4;4/4;3/4;2/4;1/4;0,-3;-4/-3;-3/-3;-2/-2;-2/-2;-1/-3;-1/-3;0/-3;1/-1;1/1;1/2;1/3;1
32,(0;0),0,13,-100,0;7/0;6/0;5/0;4/0;3/0;2/0;1/0;0/0;-1/0;-2/0;-3/0;-4/0;-5/0;-6,-7;7/-6;7/-4;7/-3;7/-2;6/-2;5/-1;4/-1;3/-1;2/-1;1/-1;-1/0;-2/0;-3/0;-4
34,(11;4),0,15,-100,0;7/0;6/-1;6/-1;7/-2;7/-3;7/-4;7/-5;7/-6;7/-6;6/-6;5/-6;4/-6;3/-6;2/-5;2/-5;1,4;3/4;2/3;3/2;3/2;4/2;3/1;3/0;3/0;4/-2;4/-3;4/-4;4/-4;5/-6;5/-6;3/-6;2
27,(0;8),1,14,100,0;7/0;6/0;5/0;4/0;3/0;2/0;1/0;0/0;-1/0;-2/0;-3/0;-4/0;-5/0;-6/0;-7,-7;-1/-7;0/-5;0/-4;0/-3;1/-2;1/0;1/0;2/1;2/1;3/1;1/1;-1/1;-2/1;-3/1;-5
35,(11;4),0,6,-100,0;7/0;6/0;5/0;4/0;3/0;2/0;1,4;3/3;3/2;3/1;3/0;3/-1;3/0;3
27,(4;11),0,16,-100,0;7/0;6/0;5/0;6/0;7/0;6/1;6/2;6/3;6/4;6/4;5/4;4/4;5/4;4/4;3/4;4/4;3,-3;-4/-3;-3/-3;-2/-3;0/-3;1/-3;2/-3;3/-2;3/-1;3/-1;2/0;3/1;3/3;3/4;4/5;4/4;4/4;5
21,(10;14),0,8,-100,0;7/0;6/0;5/-1;5/0;5/-1;5/0;5/-1;5/0;5,3;-7/3;-5/3;-3/3;-1/3;1/2;2/1;3/1;4/0;4
33,(0;0),0,13,-100,0;7/0;6/0;5/0;4/0;3/0;2/0;1/0;0/0;-1/0;-2/0;-3/0;-4/0;-5/0;-6,-7;7/-7;6/-6;6/-6;5/-4;5/-3;5/-2;4/-2;3/-1;2/-1;0/-1;-1/-1;-2/0;-3/0;-4
36,(11;4),0,3,-100,0;7/0;6/0;5/0;4,4;3/3;3/2;4/1;4
28,(4;11),0,14,-100,0;7/0;6/0;5/0;6/0;5/0;6/0;5/0;4/0;3/0;2/0;1/0;0/0;-1/0;-2/0;-3,-3;-4/-3;-2/-3;0/-3;1/-3;2/-2;3/-1;4/0;4/1;4/0;4/0;3/-1;3/-1;1/-1;0/0;-1
28,(0;8),0,24,-100,0;7/-1;7/-1;6/-1;5/-1;6/0;6/1;6/2;6/3;6/4;6/4;5/4;4/4;3/4;2/4;1/4;0/4;-1/4;-2/4;-3/4;-4/3;-4/3;-5/2;-5/2;-6/1;-6,-7;-1/-6;0/-6;1/-5;2/-3;2/-3;4/-1;4/0;5/2;5/1;6/3;6/3;6/3;6/4;6/4;5/5;5/5;4/5;3/5;1/5;0/4;-1/4;-2/4;-3/3;-4/2;-5
34,(0;0),0,14,-100,0;7/0;6/0;5/0;4/0;3/0;2/0;1/0;0/0;-1/0;-2/0;-3/0;-4/0;-5/0;-6/0;-7,-7;7/-6;7/-5;7/-3;7/-2;6/-1;5/-1;4/-2;4/-2;3/-2;1/-1;0/-1;-1/-1;-3/0;-4/0;-5
37,(11;4),0,3,-100,0;7/0;6/0;5/0;4,4;3/4;4/3;4/1;4
22,(10;14),0,18,-100,0;7/0;6/0;5/0;4/0;5/0;4/-1;4/-2;4/-3;4/-4;4/-5;4/-6;4/-6;3/-6;2/-5;2/-5;1/-5;0/-5;-1/-5;-2,3;-7/3;-6/3;-4/3;-2/3;-1/4;-1/4;0/3;0/1;0/0;1/-1;1/-3;1/-4;2/-4;4/-5;4/-4;4/-4;3/-4;1/-5;0
29,(0;8),0,9,-100,0;7/0;6/0;5/0;6/0;5/0;4/0;5/0;6/1;6/1;5,-7;-1/-6;0/-5;1/-5;0/-4;1/-3;1/-2;2/-2;3/-2;4/0;4
35,(0;0),0,9,-100,0;7/0;6/0;5/0;4/0;3/0;2/0;1/0;0/0;-1/0;-2,-7;7/-5;7/-3;7/-2;7/-2;6/-2;5/-1;4/-1;2/0;1/0;0
29,(4;11),0,14,-100,0;7/0;6/0;5/0;6/1;6/2;6/3;6/4;6/4;5/4;4/4;3/4;2/4;1/4;0/4;-1,-3;-4/-3;-2/-3;-1/-3;1/-3;3/-2;3/-1;3/1;3/1;4/2;5/3;6/4;6/4;4/4;2/4;1
38,(11;4),0,4,-100,0;7/0;6/0;5/0;6/0;5,4;3/3;3/2;4/1;4/1;5
30,(4;11),0,5,-100,0;7/0;6/-1;6/0;6/0;5/0;4,-3;-4/-3;-2/-3;0/-3;1/-3;3/-1;3
39,(11;4),0,7,-100,0;7/0;6/0;5/0;4/0;3/0;2/0;1/0;0,4;3/3;3/2;4/0;4/0;5/0;6/0;4/0;2
30,(0;8),0,21,-100,0;7/0;6/0;5/0;6/1;6/2;6/2;5/2;6/3;6/4;6/4;5/4;4/4;3/4;2/4;1/4;0/4;-1/4;-2/4;-3/4;-4/4;-5/3;-5,-7;-1/-6;0/-5;0/-4;0/-4;2/-3;2/-1;2/0;2/0;3/1;4/1;5/2;5/2;6/2;5/3;4/3;3/3;1/3;0/3;-1/4;-2/4;-3/4;-4
31,(4;11),0,10,-100,0;7/0;6/0;5/0;4/1;4/2;4/2;3/2;4/2;5/2;4/2;3,-3;-4/-3;-3/-3;-1/-3;0/-2;1/-1;2/0;2/1;2/2;3/2;4/2;5
36,(0;0),1,14,100,0;7/0;6/0;5/0;4/0;3/0;2/0;1/0;0/0;-1/0;-2/0;-3/0;-4/0;-5/0;-6/0;-7,-7;7/-6;7/-4;7/-3;7/-2;7/-2;6/-2;5/-2;4/-2;2/-2;1/-1;0/-1;-2/0;-3/0;-4/0;-5
23,(10;14),1,30,100,0;7/-1;7/-1;6/-1;5/0;5/-1;5/-2;5/-1;5/-2;5/-3;5/-4;5/-5;5/-6;5/-6;4/-6;3/-6;2/-5;2/-5;1/-5;0/-5;-1/-5;-2/-5;-3/-5;-4/-5;-5/-4;-5/-4;-6/-4;-7/-3;-7/-2;-7/-1;-7/0;-7,3;-7/2;-7/2;-6/2;-5/2;-3/2;-1/2;0/2;1/3;1/2;1/0;1/-1;1/-1;2/-3;2/-4;2/-4;4/-6;4/-7;5/-6;5/-6;4/-6;3/-7;3/-7;1/-6;0/-5;0/-5;-2/-5;-3/-5;-5/-4;-6/-3;-6/-2;-6
32,(4;11),0,5,-100,0;7/0;6/0;5/0;4/0;3/-1;3,-3;-4/-3;-3/-3;-2/-3;0/-2;1/-1;1
40,(11;4),0,6,-100,0;7/0;6/1;6/2;6/2;5/2;4/2;5,4;3/4;2/3;2/3;4/2;5/2;4/1;4
31,(0;8),0,19,-100,0;7/0;6/1;6/2;6/2;5/2;4/2;5/2;6/3;6/4;6/4;5/4;4/4;3/4;2/4;1/4;0/4;-1/4;-2/4;-3/4;-4,-7;-1/-7;0/-6;0/-4;0/-3;0/-2;0/-1;1/-1;2/0;3/0;2/0;3/1;4/2;4/1;4/3;4/3;2/3;1/3;0/4;-1/4;-2
37,(0;0),1,14,100,0;7/0;6/0;5/0;4/0;3/0;2/0;1/0;0/0;-1/0;-2/0;-3/0;-4/0;-5/0;-6/0;-7,-7;7/-5;7/-3;7/-2;7/-2;6/-1;5/-1;4/-1;3/-1;1/-2;1/-2;0/-1;-1/-1;-2/-1;-4/0;-4
24,(10;14),0,8,-100,0;7/0;6/0;5/-1;5/-1;4/-1;3/-1;2/0;2/0;1,3;-7/3;-5/3;-3/3;-2/3;-1/2;-1/2;0/1;0/1;1
32,(0;8),0,11,-100,0;7/0;6/1;6/1;5/1;4/1;3/1;2/1;3/1;2/0;2/0;1/0;0,-7;-1/-7;0/-6;0/-5;0/-4;0/-2;0/-1;0/0;1/1;2/0;2/0;3/0;2
33,(4;11),0,8,-100,0;7/0;6/0;5/0;6/-1;6/0;6/0;5/0;4/0;3,-3;-4/-2;-4/-2;-3/-2;-2/-2;0/-2;2/-2;4/0;4/1;4
38,(0;0),1,14,100,0;7/0;6/0;5/0;4/0;3/0;2/0;1/0;0/0;-1/0;-2/0;-3/0;-4/0;-5/0;-6/0;-7,-7;7/-6;7/-5;7/-4;7/-2;7/-2;5/-1;4/-1;3/-1;2/-1;1/-2;1/-2;-1/-2;-2/-2;-3/-2;-4
41,(11;4),0,4,-100,0;7/0;6/0;5/0;4/-1;4,4;3/5;3/4;3/2;3/0;3
33,(0;8),0,8,-100,0;7/0;6/0;5/0;4/0;3/0;2/0;1/0;0/0;-1,-7;-1/-7;0/-5;0/-5;1/-3;1/-2;1/0;1/1;1/0;1
25,(10;14),0,8,-100,0;7/0;6/0;5/0;4/0;3/0;2/0;1/0;0/0;-1,3;-7/3;-6/3;-4/3;-2/3;-1/3;0/1;0/0;0/1;0
42,(11;4),0,5,-100,0;7/0;6/1;6/0;6/1;6/1;5,4;3/4;2/3;3/2;4/3;4/2;4
39,(0;0),1,14,100,0;7/0;6/0;5/0;4/0;3/0;2/0;1/0;0/0;-1/0;-2/0;-3/0;-4/0;-5/0;-6/0;-7,-7;7/-6;7/-5;7/-4;7/-2;7/-2;5/-2;4/-2;3/-2;2/-2;1/-2;0/-1;-1/-1;-3/0;-4/-1;-4
34,(4;11),0,14,-100,0;7/0;6/0;5/0;6/0;5/0;4/0;3/0;2/0;3/0;4/0;3/0;2/0;1/0;0/0;-1,-3;-4/-3;-3/-3;-2/-4;-2/-4;-3/-4;-2/-5;-2/-4;-1/-2;-1/-2;1/-1;2/0;2/0;3/0;2/0;1
43,(11;4),0,4,-100,0;7/0;6/0;5/-1;5/-1;6,4;3/3;3/2;3/1;4/-1;4
34,(0;8),0,9,-100,0;7/1;7/2;7/3;7/4;7/4;6/4;5/4;4/4;3/4;2,-7;-1/-7;0/-6;0/-4;0/-3;0/-3;1/-2;2/-1;2/0;2/2;2
44,(11;4),0,5,-100,0;7/0;6/0;5/0;4/0;3/0;2,4;3/5;3/4;3/2;3/2;4/0;4
40,(0;0),1,14,100,0;7/0;6/0;5/0;4/0;3/0;2/0;1/0;0/0;-1/0;-2/0;-3/0;-4/0;-5/0;-6/0;-7,-7;7/-7;6/-6;6/-4;6/-3;6/-2;6/-3;6/-3;4/-3;5/-3;4/-3;3/-3;2/-3;0/-3;1/-3;-1
26,(10;14),0,11,-100,0;7/0;6/0;5/0;4/0;3/0;2/0;1/0;0/0;-1/0;-2/0;-3/0;-4,3;-7/3;-6/3;-5/3;-4/3;-2/3;-1/4;-1/2;-1/0;-1/1;-1/0;-1/0;-2
35,(0;8),0,7,-100,0;7/0;6/0;5/0;4/0;3/0;2/0;1/0;0,-7;-1/-6;0/-5;0/-4;0/-3;1/-1;1/0;1/0;2
35,(4;11),0,8,-100,0;7/1;7/2;7/3;7/4;7/4;6/4;5/4;4/4;3,-3;-4/-3;-2/-3;0/-3;2/-3;1/-1;1/0;2/1;3/2;3
41,(0;0),0,7,-100,0;7/0;6/0;5/0;4/0;3/0;2/0;1/0;0,-7;7/-6;7/-4;7/-2;7/-1;6/-1;4/0;3/0;2
45,(11;4),0,16,-100,0;7/0;6/1;6/2;6/2;5/2;6/2;5/2;6/3;6/4;6/4;5/4;4/5;4/5;3/5;4/5;3/5;2,4;3/4;2/3;2/3;3/3;2/3;4/4;4/2;4/2;5/1;6/3;6/4;6/4;5/5;5/5;4/5;3/5;4
36,(0;8),0,5,-100,0;7/0;6/0;5/0;4/0;3/0;2,-7;-1/-7;0/-5;0/-4;1/-3;1/-1;1
42,(0;0),0,13,-100,0;7/0;6/0;5/0;4/0;3/0;2/0;1/0;0/0;-1/0;-2/0;-3/0;-4/0;-5/0;-6,-7;7/-6;7/-5;7/-4;7/-2;7/-3;7/-3;5/-3;4/-2;3/-2;1/-1;0/-1;-2/0;-3/0;-4
36,(4;11),0,6,-100,0;7/0;6/0;5/0;4/0;3/0;2/0;1,-3;-4/-3;-3/-3;-2/-3;-1/-3;0/-3;1/-1;1
46,(11;4),1,14,100,0;7/0;6/0;5/0;4/0;3/0;2/0;1/0;0/0;-1/0;-2/0;-3/0;-4/0;-5/0;-6/0;-7,4;3/5;3/5;4/5;5/6;5/4;5/4;4/3;4/3;3/2;2/2;1/2;0/2;-1/2;-3/1;-4
37,(0;8),0,8,-100,0;7/0;6/1;6/2;6/2;5/2;4/2;3/3;3/3;2,-7;-1/-6;0/-5;1/-5;2/-3;2/-1;2/0;2/1;2/2;2
27,(10;14),1,28,100,0;7/-1;7/-2;7/-3;7/-4;7/-5;7/-6;7/-6;6/-6;5/-6;4/-6;3/-7;3/-6;3/-6;2/-5;2/-5;1/-5;0/-5;-1/-5;-2/-5;-3/-5;-4/-5;-5/-4;-5/-4;-6/-4;-7/-3;-7/-2;-7/-1;-7/0;-7,3;-7/3;-6/3;-4/3;-2/3;-1/2;0/1;1/-1;1/-2;1/-3;1/-3;2/-3;3/-4;3/-4;4/-5;4/-5;5/-6;6/-5;6/-6;6/-6;7/-7;7/-6;7/-5;7/-5;6/-5;7/-4;7/-4;6/-4;4/-4;3
43,(0;0),1,14,100,0;7/0;6/0;5/0;4/0;3/0;2/0;1/0;0/0;-1/0;-2/0;-3/0;-4/0;-5/0;-6/0;-7,-7;7/-5;7/-4;7/-3;7/-2;7/-1;7/-1;6/-1;4/-1;3/-2;3/-2;2/-2;0/-2;-2/-2;-3/-2;-4
47,(11;4),0,7,-100,0;7/0;6/0;5/0;4/0;3/0;2/0;1/0;0,4;3/4;2/3;2/2;3/0;3/1;3/0;3/0;2
37,(4;11),0,12,-100,0;7/1;7/2;7/3;7/4;7/4;6/4;5/5;5/6;5/5;5/5;4/5;3/5;2,-3;-4/-3;-2/-3;-1/-3;0/-3;1/-4;1/-2;1/-1;1/0;1/1;1/2;2/3;2/4;2
38,(0;8),0,6,-100,0;7/0;6/0;5/0;4/0;3/0;2/0;1,-7;-1/-7;0/-6;0/-5;0/-4;0/-3;0/-1;0
28,(10;14),0,12,-100,0;7/-1;7/-2;7/-3;7/-4;7/-5;7/-6;7/-6;6/-6;5/-6;4/-6;3/-6;2/-5;2,3;-7/3;-5/3;-4/3;-2/3;0/3;1/2;1/1;1/0;1/-1;1/-2;1/-3;1/-5;1
44,(0;0),0,9,-100,0;7/0;6/0;5/0;4/0;3/0;2/0;1/0;0/0;-1/0;-2,-7;7/-6;7/-4;7/-2;7/-2;6/-1;5/-1;3/0;2/0;1/0;0
38,(4;11),0,10,-100,0;7/0;6/0;7/0;6/0;5/0;6/1;6/1;5/1;4/1;3/1;2,-3;-4/-3;-3/-3;-1/-3;0/-3;1/-2;2/-2;4/0;4/1;4/1;3/0;3
48,(11;4),0,9,-100,0;7/0;6/0;5/0;4/0;3/0;2/0;1/0;0/0;-1/0;-2,4;3/4;4/5;4/4;4/3;4/1;4/1;3/0;3/0;2/0;0
39,(0;8),0,8,-100,0;7/1;7/1;6/1;5/1;4/1;3/0;3/0;2/0;1,-7;-1/-7;0/-7;-1/-6;0/-5;0/-4;0/-2;0/-2;1/-1;1
49,(11;4),0,7,-100,0;7/0;6/0;5/0;4/0;5/0;4/0;3/0;2,4;3/3;3/2;3/1;3/0;3/0;4/1;4/0;4
40,(0;8),0,6,-100,0;7/0;6/0;5/0;4/0;3/0;2/0;1,-7;-1/-7;0/-7;1/-5;1/-3;1/-2;1/-1;1
29,(10;14),0,15,-100,0;7/-1;7/-2;7/-3;7/-4;7/-5;7/-6;7/-6;6/-6;5/-6;4/-6;3/-6;2/-5;2/-5;1/-5;0/-5;-1,3;-7/3;-5/3;-4/3;-2/3;-1/3;0/2;0/0;0/-1;1/-2;1/-2;2/-2;1/-4;1/-4;2/-5;2/-5;1
39,(4;11),0,5,-100,0;7/0;6/0;5/0;4/0;3/0;2,-3;-4/-3;-3/-3;-2/-3;0/-2;1/-1;1
45,(0;0),0,13,-100,0;7/0;6/0;5/0;4/0;3/0;2/0;1/0;0/0;-1/0;-2/0;-3/0;-4/0;-5/0;-6,-7;7/-5;7/-4;7/-3;7/-4;7/-3;7/-3;5/-2;4/-2;2/-1;1/-1;-1/0;-2/0;-3/0;-4
41,(0;8),0,7,-100,0;7/0;6/1;6/2;6/2;5/2;4/2;3/2;2,-7;-1/-7;0/-6;0/-4;0/-3;1/-1;1/0;1/1;1
50,(11;4),0,18,-100,0;7/0;6/1;6/2;6/3;6/4;6/4;5/4;4/4;3/4;2/4;1/4;0/4;-1/4;-2/4;-3/4;-4/4;-5/4;-6/4;-7,4;3/4;2/3;2/3;3/2;4/2;5/1;6/0;6/-1;6/0;6/1;5/1;4/2;3/2;1/2;0/3;-1/3;-3/4;-4/4;-5
30,(10;14),0,6,-100,0;7/0;6/0;5/0;4/0;3/0;2/0;1,3;-7/3;-5/3;-4/3;-2/3;-1/2;0/1;1
42,(0;8),0,11,-100,0;7/0;6/0;5/0;6/0;5/0;4/0;3/0;2/0;1/0;0/0;-1/0;-2,-7;-1/-7;0/-6;0/-5;0/-5;1/-4;1/-2;1/-2;0/-1;0/0;0/0;-1/-1;-1
40,(4;11),0,13,-100,0;7/0;6/1;6/0;6/1;6/2;6/3;6/4;6/4;5/4;4/4;5/4;6/3;6/4;6,-3;-4/-2;-4/-2;-2/-2;0/-2;1/-2;3/-2;2/-1;2/0;2/1;3/2;3/4;3/4;4/4;5
46,(0;0),0,7,-100,0;7/0;6/0;5/0;4/0;3/0;2/0;1/0;0,-7;7/-5;7/-4;7/-3;7/-2;6/-1;5/-1;3/0;2
43,(0;8),0,11,-100,0;7/0;6/0;5/0;4/0;5/0;6/1;6/2;6/3;6/2;6/3;6/4;6,-7;-1/-6;0/-5;0/-4;0/-3;0/-3;2/-3;3/-1;3/0;3/0;4/1;5/2;6
47,(0;0),0,14,-100,0;7/0;6/0;5/0;4/0;3/0;2/0;1/0;0/0;-1/0;-2/0;-3/0;-4/0;-5/0;-6/0;-7,-7;7/-5;7/-3;7/-2;7/-2;6/-1;5/-1;4/-1;2/-1;1/-1;0/0;0/0;-1/0;-2/0;-3/0;-5
31,(10;14),0,27,-100,0;7/0;6/0;5/0;4/0;5/-1;5/0;5/-1;5/-1;4/-2;4/-3;4/-4;4/-5;4/-6;4/-6;3/-6;2/-5;2/-5;1/-5;0/-5;-1/-5;-2/-5;-3/-5;-4/-5;-5/-4;-5/-4;-6/-4;-7/-3;-7,3;-7/3;-6/3;-5/3;-4/3;-2/3;0/3;1/3;2/3;1/2;1/0;1/-1;1/-2;2/-3;2/-4;2/-4;3/-4;4/-5;4/-6;4/-6;2/-5;2/-4;2/-4;0/-5;0/-5;-2/-5;-3/-5;-5/-4;-6
48,(0;0),0,7,-100,0;7/0;6/0;5/0;4/0;3/0;2/0;1/0;0,-7;7/-5;7/-4;7/-2;7/-2;6/-1;5/-1;3/0;2
41,(4;11),1,26,100,0;7/0;6/-1;6/0;6/0;5/0;6/1;6/2;6/3;6/4;6/4;5/4;4/4;3/4;2/4;1/4;0/4;-1/4;-2/4;-3/4;-4/4;-5/4;-6/4;-7/3;-7/2;-7/1;-7/0;-7,-3;-4/-3;-3/-3;-2/-3;0/-3;1/-3;2/-2;3/-1;4/1;4/1;5/2;6/2;5/2;6/3;6/2;6/3;6/4;6/4;4/4;3/4;2/4;0/4;-2/4;-3/4;-5/4;-6/3;-6/1;-6
44,(0;8),0,18,-100,0;7/0;6/0;5/0;6/1;6/2;6/3;6/4;6/5;6/4;6/4;5/4;4/4;3/4;2/4;1/4;0/4;-1/4;-2/4;-3,-7;-1/-7;0/-5;0/-4;1/-3;2/-2;2/-1;2/-1;3/0;4/1;5/2;6/2;5/1;5/2;4/2;5/2;3/3;2/3;0/4;-1
49,(0;0),0,8,-100,0;7/0;6/0;5/0;4/0;3/0;2/0;1/0;0/0;-1,-7;7/-5;7/-4;7/-2;7/-1;6/-1;5/-1;4/-1;2/0;1
32,(10;14),1,14,100,0;7/0;6/0;5/0;4/0;3/0;2/0;1/0;0/0;-1/0;-2/0;-3/0;-4/0;-5/0;-6/0;-7,3;-7/3;-6/3;-4/3;-2/3;0/2;0/1;0/0;0/0;1/-1;1/-1;0/-1;-1/-1;-3/-1;-4/-1;-5
45,(0;8),0,10,-100,0;7/0;6/1;6/2;6/3;6/4;6/4;5/4;4/4;5/4;4/5;4,-7;-1/-6;0/-5;1/-4;1/-3;1/-2;1/-1;1/0;2/2;2/2;3/4;3
50,(0;0),0,13,-100,0;7/0;6/0;5/0;4/0;3/0;2/0;1/0;0/0;-1/0;-2/0;-3/0;-4/0;-5/0;-6,-7;7/-6;7/-5;7/-4;7/-2;7/-2;6/-2;4/-1;3/-1;1/-1;0/0;-1/0;-2/0;-3/0;-4
42,(4;11),0,12,-100,0;7/0;6/1;6/1;5/2;5/2;6/3;6/4;6/4;5/4;4/4;3/4;2/4;1,-3;-4/-3;-3/-3;-2/-3;0/-2;1/-1;1/-1;2/-1;3/0;3/0;4/1;4/3;4/4;3
46,(0;8),0,7,-100,0;7/0;6/0;5/0;4/0;3/0;2/0;1/0;0,-7;-1/-6;0/-5;0/-4;1/-3;1/-2;1/0;1/-1;1
33,(10;14),0,9,-100,0;7/0;6/0;5/0;4/0;3/0;4/-1;4/-1;3/-2;3/-1;3,3;-7/2;-7/2;-6/2;-4/2;-3/2;-2/2;-1/2;0/1;1/-1;1
43,(4;11),0,13,-100,0;7/1;7/2;7/3;7/4;7/4;6/4;5/4;4/4;5/4;4/3;4/2;4/2;3/2;2,-3;-4/-3;-2/-3;-1/-3;0/-2;1/-2;2/-1;2/0;3/2;3/4;3/5;3/4;3/2;3/3;3
47,(0;8),0,8,-100,0;7/0;6/0;5/0;4/0;3/0;2/0;1/0;0/0;-1,-7;-1/-6;0/-5;0/-4;0/-3;1/-2;1/0;1/0;2/0;1
48,(0;8),0,7,-100,0;7/0;6/0;5/0;4/0;3/0;2/0;1/0;0,-7;-1/-6;0/-5;1/-4;1/-2;1/-1;1/0;1/-1;1
44,(4;11),0,14,-100,0;7/0;6/1;6/0;6/1;6/2;6/3;6/2;6/3;6/4;6/4;5/4;4/4;3/4;2/4;1,-3;-4/-3;-3/-3;-1/-3;1/-3;3/-2;3/0;3/0;4/1;4/2;5/2;6/2;5/2;4/3;4/4;3
45,(4;11),0,6,-100,0;7/0;6/0;5/0;6/0;5/0;4/0;3,-3;-4/-3;-2/-3;0/-3;1/-3;3/-2;3/-1;3
34,(10;14),0,29,-100,0;7/-1;7/-2;7/-3;7/-4;7/-3;7/-4;7/-5;7/-6;7/-6;6/-6;5/-6;4/-6;3/-7;3/-6;3/-6;2/-5;2/-5;1/-5;0/-5;-1/-5;-2/-5;-3/-5;-4/-5;-5/-4;-5/-4;-6/-4;-7/-3;-7/-2;-7/-1;-7,3;-7/3;-6/3;-7/3;-6/3;-5/3;-4/3;-2/3;-1/3;-2/2;-1/0;-1/-1;0/-2;1/-3;2/-4;3/-5;4/-5;5/-6;5/-6;6/-6;5/-6;4/-6;3/-6;1/-5;0/-5;-2/-5;-3/-5;-4/-4;-5/-4;-6/-2;-6
49,(0;8),0,25,-100,0;7/0;6/0;5/0;6/0;5/0;6/1;6/2;6/3;6/4;6/4;5/4;4/4;3/4;2/4;1/4;0/4;-1/4;-2/4;-3/4;-4/4;-5/4;-6/4;-7/3;-7/2;-7/1;-7,-7;-1/-6;0/-5;1/-4;1/-3;2/-2;2/-2;3/-1;3/0;4/1;4/2;4/2;6/3;6/2;6/1;6/1;5/1;4/1;3/1;2/1;0/2;-1/2;-2/2;-4/2;-5/3;-6/2;-6
35,(10;14),0,20,-100,0;7/0;6/-1;6/-2;6/-2;5/-3;5/-4;5/-5;5/-6;5/-6;4/-6;3/-6;2/-5;2/-5;1/-5;0/-5;-1/-5;-2/-5;-3/-4;-3/-4;-4/-4;-5,3;-7/3;-5/3;-3/3;-2/3;-1/2;0/1;1/-1;1/-2;1/-2;2/-3;2/-4;3/-5;4/-5;5/-4;5/-4;4/-4;2/-4;1/-4;-1/-4;-2/-4;-3
50,(0;8),0,6,-100,0;7/0;6/0;5/0;4/0;3/0;2/0;1,-7;-1/-7;-2/-7;-1/-6;0/-5;0/-3;0/-1;0
46,(4;11),1,26,100,0;7/0;6/1;6/1;5/1;6/2;6/2;5/2;6/3;6/4;6/4;5/4;4/4;3/4;2/4;1/4;0/4;-1/4;-2/4;-3/4;-4/4;-5/4;-6/4;-7/3;-7/2;-7/1;-7/0;-7,-3;-4/-3;-2/-3;-1/-3;0/-2;1/-2;3/-1;3/0;3/0;4/2;4/2;5/3;6/2;6/1;6/1;5/0;5/0;4/1;3/1;1/2;0/2;-2/2;-3/2;-4/2;-5/2;-4/2;-5/2;-6
36,(10;14),0,6,-100,0;7/0;6/0;5/0;4/0;3/0;2/0;1,3;-7/3;-6/3;-4/3;-3/3;-1/2;0/1;0
47,(4;11),0,23,-100,0;7/1;7/1;6/2;6/3;6/3;7/4;7/4;6/4;5/4;4/4;3/4;2/4;1/4;0/4;-1/4;-2/4;-3/4;-4/3;-4/3;-5/2;-5/2;-6/1;-6/0;-6,-3;-4/-3;-2/-3;-1/-3;1/-2;1/-2;2/-1;2/-1;3/0;4/1;4/3;4/2;4/3;4/3;2/3;3/4;3/4;2/4;1/4;-1/4;-2/4;-3/3;-4/2;-5/1;-5
37,(10;14),1,28,100,0;7/-1;7/-2;7/-3;7/-4;7/-5;7/-6;7/-6;6/-6;5/-6;4/-7;4/-7;3/-6;3/-6;2/-5;2/-5;1/-5;0/-5;-1/-5;-2/-5;-3/-5;-4/-5;-5/-4;-5/-4;-6/-4;-7/-3;-7/-2;-7/-1;-7/0;-7,3;-7/3;-5/3;-4/3;-2/3;0/2;0/1;1/1;0/-1;0/-2;1/-3;2/-4;2/-4;3/-5;4/-6;5/-7;6/-7;5/-7;3/-7;1/-6;1/-5;0/-5;-2/-5;-1/-4;-1/-3;-1/-3;-2/-3;-4/-3;-6/-2;-6
48,(4;11),0,17,-100,0;7/0;6/1;6/1;5/1;6/2;6/3;6/4;6/4;5/4;4/4;3/4;2/4;1/4;0/4;-1/4;-2/4;-3/4;-4,-3;-4/-3;-2/-3;-1/-3;1/-2;1/-2;2/-1;3/-1;4/1;4/2;5/3;6/4;6/4;4/4;2/4;1/4;0/4;-1/4;-2
49,(4;11),0,9,-100,0;7/0;6/0;5/0;6/1;6/2;6/3;6/4;6/4;5/4;4,-3;-4/-3;-2/-3;-1/-3;0/-3;2/-2;3/-1;3/0;3/1;4/2;4
38,(10;14),0,10,-100,0;7/0;6/0;5/0;4/0;3/0;2/0;1/0;0/0;-1/0;-2/0;-3,3;-7/3;-6/4;-6/4;-5/4;-3/4;-1/3;-1/2;-1/3;-1/1;-1/0;-1
50,(4;11),0,9,-100,0;7/0;6/0;5/0;4/0;5/0;4/0;3/0;4/0;3/1;3,-3;-4/-3;-5/-3;-3/-3;-1/-3;0/-3;1/-2;1/-1;1/-1;2/0;2
39,(10;14),0,22,-100,0;7/-1;7/-1;6/-1;5/0;5/0;4/-1;4/-2;4/-3;4/-4;4/-5;4/-6;4/-6;3/-6;2/-5;2/-5;1/-5;0/-5;-1/-5;-2/-5;-3/-5;-4/-5;-5/-4;-5,3;-7/3;-6/3;-4/3;-3/3;-1/3;0/2;1/1;1/0;2/-1;2/-3;2/-3;3/-4;4/-4;5/-3;5/-2;5/-3;4/-3;3/-3;1/-4;0/-4;-2/-4;-3/-5;-4
40,(10;14),0,9,-100,0;7/0;6/0;5/0;4/0;3/0;2/0;1/0;0/0;-1/0;-2,3;-7/4;-7/4;-5/4;-4/4;-3/4;-4/3;-4/3;-3/2;-3/1;-3
41,(10;14),0,14,-100,0;7/-1;7/-2;7/-3;7/-4;7/-5;7/-6;7/-6;6/-6;5/-6;4/-6;3/-6;2/-6;3/-7;3/-6;3,3;-7/3;-6/3;-5/3;-4/3;-2/3;-1/2;-1/1;-1/0;-1/0;0/-1;0/-1;1/-2;1/-4;1/-6;1
42,(10;14),1,26,100,0;7/-1;7/-1;6/-1;5/-1;4/-2;4/-3;4/-4;4/-5;4/-6;4/-6;3/-6;2/-5;2/-5;1/-5;0/-5;-1/-5;-2/-5;-3/-5;-4/-5;-5/-4;-5/-4;-6/-4;-7/-3;-7/-2;-7/-1;-7/0;-7,3;-7/3;-6/3;-4/3;-2/3;-1/2;0/1;1/0;1/-2;1/-2;2/-3;2/-3;3/-4;4/-5;4/-5;5/-5;6/-5;7/-5;6/-4;6/-4;7/-3;7/-3;6/-3;5/-3;3/-3;1/-3;-1/-3;-2
43,(10;14),0,15,-100,0;7/0;6/0;5/0;4/-1;4/-2;4/-3;4/-4;4/-5;4/-6;4/-5;4/-6;4/-6;3/-6;2/-6;1/-6;0,3;-7/3;-5/3;-4/3;-2/3;-1/2;0/1;0/0;0/-1;1/-3;1/-4;2/-4;3/-5;4/-6;4/-6;3/-6;2
44,(10;14),0,7,-100,0;7/0;6/-1;6/-1;5/0;5/0;6/0;5/0;4,3;-7/3;-6/3;-4/3;-3/3;-1/3;1/3;3/1;3
45,(10;14),1,26,100,0;7/-1;7/-2;7/-3;7/-4;7/-5;7/-6;7/-6;6/-6;5/-6;4/-6;3/-6;2/-5;2/-5;1/-5;0/-5;-1/-5;-2/-5;-3/-5;-4/-5;-5/-4;-5/-4;-6/-4;-7/-3;-7/-2;-7/-1;-7/0;-7,3;-7/3;-5/3;-4/3;-3/3;-1/2;0/1;1/-1;1/-2;2/-4;2/-4;3/-4;4/-6;4/-6;5/-5;5/-4;5/-3;5/-3;4/-3;5/-3;4/-3;3/-3;1/-3;0/-3;-2/-3;-3/-3;-5/-2;-5
46,(10;14),0,16,-100,0;7/0;6/0;5/0;4/-1;4/-2;4/-3;4/-4;4/-5;4/-6;4/-6;3/-6;2/-6;3/-6;2/-5;2/-5;1/-5;0,3;-7/3;-5/3;-4/3;-3/3;-1/3;0/1;0/0;0/-1;1/-3;1/-3;2/-4;2/-5;2/-6;2/-7;2/-6;2/-5;2
47,(10;14),0,22,-100,0;7/0;6/-1;6/-2;6/-2;5/-3;5/-4;5/-5;5/-6;5/-6;4/-6;3/-6;2/-5;2/-5;1/-5;0/-5;-1/-5;-2/-5;-3/-4;-3/-4;-4/-4;-5/-4;-6/-4;-7,3;-7/3;-5/3;-4/3;-2/3;0/2;1/1;1/-1;1/-2;2/-3;2/-4;3/-5;4/-6;4/-5;4/-6;4/-6;3/-6;2/-6;1/-5;0/-5;-2/-4;-3/-4;-4/-4;-5
48,(10;14),0,8,-100,0;7/0;6/0;5/-1;5/0;5/-1;5/0;5/0;6/0;5,3;-7/3;-5/3;-3/2;-3/2;-1/2;0/2;1/2;3/1;4
49,(10;14),0,13,-100,0;7/0;6/0;5/0;4/0;3/0;2/-1;2/0;2/0;1/0;0/0;-1/0;-2/0;-3/0;-4,3;-7/3;-5/3;-4/3;-2/3;-1/3;0/1;0/0;0/0;1/0;2/-1;2/-1;0/-1;-1/0;-2
50,(10;14),0,25,-100,0;7/-1;7/-1;6/-1;5/-1;4/-2;4/-1;4/-2;4/-3;4/-4;4/-5;4/-6;4/-6;3/-6;2/-5;2/-5;1/-5;0/-5;-1/-5;-2/-5;-3/-5;-4/-5;-5/-4;-5/-4;-6/-4;-7/-3;-7,3;-7/2;-7/2;-6/2;-5/2;-3/2;-2/2;0/1;1/0;1/-1;1/-2;2/-1;2/-3;2/-4;2/-5;2/-6;2/-5;2/-5;1/-6;1/-6;0/-5;0/-5;-1/-5;-2/-5;-4/-4;-5/-4;-6
